8.5427 	EXP 	Created window1 = Window(allowGUI=True, allowStencil=False, autoLog=True, backendConf=UNKNOWN, backgroundFit=<method-wrapper '__getattribute__' of attributeSetter object at 0x7f89496691c0>, backgroundImage=<method-wrapper '__getattribute__' of attributeSetter object at 0x7f8949669160>, bitsMode=UNKNOWN, blendMode='avg', bpc=(8, 8, 8), color=array([0, 0, 0]), colorSpace='rgb', depthBits=8, fullscr=<method-wrapper '__getattribute__' of attributeSetter object at 0x7f89496087f0>, gamma=None, gammaErrorPolicy='raise', lms=UNKNOWN, monitor=<psychopy.monitors.calibTools.Monitor object at 0x7f89497be040>, multiSample=False, name='window1', numSamples=2, pos=[448.0, 280.0], screen=0, size=array([3584, 2240]), stencilBits=0, stereo=False, title='PsychoPy', units='deg', useFBO=True, useRetina=True, viewOri=0.0, viewPos=None, viewScale=None, waitBlanking=True, winType='pyglet')
8.5429 	EXP 	window1: mouseVisible = True
8.5429 	EXP 	window1: backgroundImage = ''
8.5430 	EXP 	window1: backgroundFit = 'none'
8.5458 	EXP 	window1: Attempting to measure frame rate of screen (0) ...
8.5458 	EXP 	window1: recordFrameIntervals = False
8.7091 	EXP 	window1: recordFrameIntervals = True
8.9260 	EXP 	Screen (0) actual frame rate measured at 59.87Hz
8.9261 	EXP 	window1: recordFrameIntervals = False
8.9272 	EXP 	window1: mouseVisible = False
12.1994 	EXP 	replicate_nsd: status = STARTED
12.7943 	EXP 	window1: mouseVisible = True
12.8256 	EXP 	Created text_3 = TextStim(__class__=<class 'psychopy.visual.text.TextStim'>, alignHoriz=method-wrapper(...), alignText='center', alignVert=method-wrapper(...), anchorHoriz='center', anchorVert='center', antialias=True, autoDraw=False, autoLog=True, bold=False, color=array([1., 1., 1.]), colorSpace='rgb', contrast=1.0, depth=-1.0, draggable=False, flipHoriz=False, flipVert=False, font='Open Sans', fontFiles=[], height=0.5000000000000002, italic=False, languageStyle='LTR', name='text_3', opacity=1.0, ori=0.0, pos=array([0., 0.]), rgb=UNKNOWN, text='waiting for scanner…', units='deg', win=Window(...), wrapWidth=15.0)
12.8258 	EXP 	window1: mouseVisible = True
12.8442 	EXP 	Created image = ImageStim(__class__=<class 'psychopy.visual.image.ImageStim'>, anchor=('center', 'center'), autoLog=True, color=array([1., 1., 1.]), colorSpace='rgb', contrast=1.0, depth=0.0, draggable=False, flipHoriz=False, flipVert=False, image='default.png', interpolate=True, mask=None, maskParams=None, name='image', opacity=1.0, ori=0.0, pos=array([0., 0.]), size=array([8.4, 8.4]), texRes=128.0, units='deg', win=Window(...))
13.4317 	EXP 	window1: mouseVisible = True
13.4348 	EXP 	Created polygon = ShapeStim(__class__=<class 'psychopy.visual.shape.ShapeStim'>, anchor=('center', 'center'), autoDraw=False, autoLog=True, closeShape=True, color=method-wrapper(...), colorSpace='rgb', contrast=None, depth=-3.0, draggable=False, fillColor=array([ 1., -1., -1.]), fillColorSpace='rgb', fillRGB=array([ 1., -1., -1.]), interpolate=True, lineColor=array([-1., -1., -1.]), lineColorSpace='rgb', lineRGB=array([-1., -1., -1.]), lineWidth=3.0, name='polygon', opacity=0.3, ori=0.0, pos=array([0., 0.]), size=array([0.2, 0.2]), units='deg', vertices=ndarray(...), win=Window(...), windingRule=None)
14.0070 	EXP 	window1: mouseVisible = True
14.0098 	EXP 	Created polygon_2 = ShapeStim(__class__=<class 'psychopy.visual.shape.ShapeStim'>, anchor=('center', 'center'), autoDraw=False, autoLog=True, closeShape=True, color=method-wrapper(...), colorSpace='rgb', contrast=None, depth=-1.0, draggable=False, fillColor=array([ 1., -1., -1.]), fillColorSpace='rgb', fillRGB=array([ 1., -1., -1.]), interpolate=True, lineColor=array([-1., -1., -1.]), lineColorSpace='rgb', lineRGB=array([-1., -1., -1.]), lineWidth=3.0, name='polygon_2', opacity=0.3, ori=0.0, pos=array([0., 0.]), size=array([0.2, 0.2]), units='deg', vertices=ndarray(...), win=Window(...), windingRule=None)
14.5855 	EXP 	window1: mouseVisible = True
14.5956 	EXP 	Created text_5 = TextStim(__class__=<class 'psychopy.visual.text.TextStim'>, alignHoriz=method-wrapper(...), alignText='center', alignVert=method-wrapper(...), anchorHoriz='center', anchorVert='center', antialias=True, autoDraw=False, autoLog=True, bold=False, color=array([1., 1., 1.]), colorSpace='rgb', contrast=1.0, depth=-1.0, draggable=False, flipHoriz=False, flipVert=False, font='Open Sans', fontFiles=[], height=0.5000000000000002, italic=False, languageStyle='LTR', name='text_5', opacity=1.0, ori=0.0, pos=array([0., 0.]), rgb=UNKNOWN, text=str(...), units='deg', win=Window(...), wrapWidth=15.0)
15.1632 	EXP 	window1: mouseVisible = True
15.1665 	EXP 	Created text_4 = TextStim(__class__=<class 'psychopy.visual.text.TextStim'>, alignHoriz=method-wrapper(...), alignText='center', alignVert=method-wrapper(...), anchorHoriz='center', anchorVert='center', antialias=True, autoDraw=False, autoLog=True, bold=False, color=array([1., 1., 1.]), colorSpace='rgb', contrast=1.0, depth=-1.0, draggable=False, flipHoriz=False, flipVert=False, font='Open Sans', fontFiles=[], height=0.5000000000000002, italic=False, languageStyle='LTR', name='text_4', opacity=1.0, ori=0.0, pos=array([0., 0.]), rgb=UNKNOWN, text='waiting for scanner…', units='deg', win=Window(...), wrapWidth=15.0)
0.0008 	DATA 	Mouse: Left button down, pos=(867,599)
0.0016 	DATA 	Mouse:  Left button up, pos=(867,599)
0.0332 	EXP 	text_3: autoDraw = True
0.9777 	DATA 	Mouse: Left button down, pos=(863,599)
1.1278 	DATA 	Mouse:  Left button up, pos=(863,599)
1.7300 	EXP 	Imported conditions_files/participant1_.csv as conditions, 1152 conditions, 7 params
1.7341 	EXP 	Created sequence: sequential, trialTypes=1152, nReps=1, seed=None
1.7343 	EXP 	New trial (rep=0, index=0): OrderedDict([('current_image', 'images/6_28 copy 2.jpg'), ('is_repeat', 0), ('trial_index', 0), ('is_blank_trial', 0), ('is_new_run', 0), ('run_num', 0), ('all_blanks_list', [9, 19, 29, 39, 49, 59, 68, 69, 70, 71])])
1.7488 	DATA 	Keypress: 5
1.7723 	EXP 	text_3: autoDraw = False
1.7723 	EXP 	image: image = 'images/6_28 copy 2.jpg'
1.7723 	EXP 	polygon: autoDraw = True
2.7593 	EXP 	image: autoDraw = True
5.7592 	EXP 	image: autoDraw = False
5.7592 	EXP 	polygon: autoDraw = False
5.7592 	EXP 	image: autoDraw = False
5.7592 	EXP 	polygon: autoDraw = False
5.7592 	EXP 	polygon_2: autoDraw = True
9.7593 	EXP 	polygon_2: autoDraw = False
9.7593 	EXP 	polygon_2: autoDraw = False
9.7593 	EXP 	text_5: autoDraw = True
17.3112 	EXP 	New trial (rep=0, index=1): OrderedDict([('current_image', 'images/10_40 copy 4.jpg'), ('is_repeat', 0), ('trial_index', 1), ('is_blank_trial', 0), ('is_new_run', 0), ('run_num', 0), ('all_blanks_list', [9, 19, 29, 39, 49, 59, 68, 69, 70, 71])])
17.3165 	DATA 	Keypress: space
17.3258 	EXP 	text_5: autoDraw = False
17.3258 	EXP 	text_4: autoDraw = False
17.3258 	EXP 	image: image = 'images/10_40 copy 4.jpg'
17.3258 	EXP 	polygon: autoDraw = True
18.3260 	EXP 	image: autoDraw = True
19.4624 	DATA 	Keypress: escape
19.5763 	EXP 	replicate_nsd: status = STOPPED
19.5925 	EXP 	image: autoDraw = False
19.5925 	EXP 	polygon: autoDraw = False
19.5926 	EXP 	replicate_nsd: status = STOPPED
20.2513 	EXP 	window1: mouseVisible = True
