10.0417 	EXP 	Created window1 = Window(allowGUI=True, allowStencil=False, autoLog=True, backendConf=UNKNOWN, backgroundFit=<method-wrapper '__getattribute__' of attributeSetter object at 0x7fa0e3c7a1f0>, backgroundImage=<method-wrapper '__getattribute__' of attributeSetter object at 0x7fa0e3c7a190>, bitsMode=UNKNOWN, blendMode='avg', bpc=(8, 8, 8), color=array([127, 127, 127]), colorSpace='rgb', depthBits=8, fullscr=<method-wrapper '__getattribute__' of attributeSetter object at 0x7fa0e3c19b50>, gamma=None, gammaErrorPolicy='raise', lms=UNKNOWN, monitor=<psychopy.monitors.calibTools.Monitor object at 0x7fa0e3d1dd60>, multiSample=False, name='window1', numSamples=2, pos=(448, 280), screen=0, size=array([3584, 2240]), stencilBits=0, stereo=False, title='PsychoPy', units='height', useFBO=True, useRetina=True, viewOri=0.0, viewPos=None, viewScale=None, waitBlanking=True, winType='pyglet')
10.0419 	EXP 	window1: mouseVisible = True
10.0419 	EXP 	window1: backgroundImage = ''
10.0419 	EXP 	window1: backgroundFit = 'none'
10.0440 	EXP 	window1: Attempting to measure frame rate of screen (0) ...
10.0440 	EXP 	window1: recordFrameIntervals = False
10.2067 	EXP 	window1: recordFrameIntervals = True
10.3899 	EXP 	Screen (0) actual frame rate measured at 60.12Hz
10.3899 	EXP 	window1: recordFrameIntervals = False
10.3900 	EXP 	window1: mouseVisible = True
14.1824 	EXP 	replicate_nsd: status = STARTED
14.7829 	EXP 	window1: mouseVisible = True
14.8526 	EXP 	Created text_3 = TextStim(__class__=<class 'psychopy.visual.text.TextStim'>, alignHoriz=method-wrapper(...), alignText='center', alignVert=method-wrapper(...), anchorHoriz='center', anchorVert='center', antialias=True, autoDraw=False, autoLog=True, bold=False, color=array([1., 1., 1.]), colorSpace='rgb', contrast=1.0, depth=-1.0, draggable=False, flipHoriz=False, flipVert=False, font='Open Sans', fontFiles=[], height=0.05, italic=False, languageStyle='LTR', name='text_3', opacity=1.0, ori=0.0, pos=array([0., 0.]), rgb=UNKNOWN, text='waiting for scanner…', units='height', win=Window(...), wrapWidth=1)
14.8528 	EXP 	window1: mouseVisible = True
14.8603 	EXP 	Created text = TextStim(__class__=<class 'psychopy.visual.text.TextStim'>, alignHoriz=method-wrapper(...), alignText='center', alignVert=method-wrapper(...), anchorHoriz='center', anchorVert='center', antialias=True, autoDraw=False, autoLog=True, bold=False, color=array([1., 1., 1.]), colorSpace='rgb', contrast=1.0, depth=0.0, draggable=False, flipHoriz=False, flipVert=False, font='Open Sans', fontFiles=[], height=0.05, italic=False, languageStyle='LTR', name='text', opacity=1.0, ori=0.0, pos=array([0., 0.]), rgb=UNKNOWN, text='put instructions here. press spacebar.', units='height', win=Window(...), wrapWidth=1)
15.4735 	EXP 	window1: mouseVisible = True
15.5125 	EXP 	Created image = ImageStim(__class__=<class 'psychopy.visual.image.ImageStim'>, anchor=('center', 'center'), autoLog=True, color=array([1., 1., 1.]), colorSpace='rgb', contrast=1.0, depth=0.0, draggable=False, flipHoriz=False, flipVert=False, image='default.png', interpolate=True, mask=None, maskParams=None, name='image', opacity=1.0, ori=0.0, pos=array([0., 0.]), size=array([8.4, 8.4]), texRes=128.0, units='deg', win=Window(...))
16.1188 	EXP 	window1: mouseVisible = True
16.1238 	EXP 	Created polygon = ShapeStim(__class__=<class 'psychopy.visual.shape.ShapeStim'>, anchor=('center', 'center'), autoDraw=False, autoLog=True, closeShape=True, color=method-wrapper(...), colorSpace='rgb', contrast=None, depth=-3.0, draggable=False, fillColor=array([ 1., -1., -1.]), fillColorSpace='rgb', fillRGB=array([ 1., -1., -1.]), interpolate=True, lineColor=array([-1., -1., -1.]), lineColorSpace='rgb', lineRGB=array([-1., -1., -1.]), lineWidth=3.0, name='polygon', opacity=0.3, ori=0.0, pos=array([0., 0.]), size=array([0.2, 0.2]), units='deg', vertices=ndarray(...), win=Window(...), windingRule=None)
16.7602 	EXP 	window1: mouseVisible = True
16.7632 	EXP 	Created polygon_2 = ShapeStim(__class__=<class 'psychopy.visual.shape.ShapeStim'>, anchor=('center', 'center'), autoDraw=False, autoLog=True, closeShape=True, color=method-wrapper(...), colorSpace='rgb', contrast=None, depth=-1.0, draggable=False, fillColor=array([ 1., -1., -1.]), fillColorSpace='rgb', fillRGB=array([ 1., -1., -1.]), interpolate=True, lineColor=array([-1., -1., -1.]), lineColorSpace='rgb', lineRGB=array([-1., -1., -1.]), lineWidth=3.0, name='polygon_2', opacity=0.3, ori=0.0, pos=array([0., 0.]), size=array([0.2, 0.2]), units='deg', vertices=ndarray(...), win=Window(...), windingRule=None)
16.7633 	EXP 	window1: mouseVisible = True
16.7682 	EXP 	Created text_2 = TextStim(__class__=<class 'psychopy.visual.text.TextStim'>, alignHoriz=method-wrapper(...), alignText='center', alignVert=method-wrapper(...), anchorHoriz='center', anchorVert='center', antialias=True, autoDraw=False, autoLog=True, bold=False, color=array([1., 1., 1.]), colorSpace='rgb', contrast=1.0, depth=-2.0, draggable=False, flipHoriz=False, flipVert=False, font='Open Sans', fontFiles=[], height=0.05, italic=False, languageStyle='LTR', name='text_2', opacity=1.0, ori=0.0, pos=array([0., 0.]), rgb=UNKNOWN, text='end of run. take a break.', units='height', win=Window(...), wrapWidth=1)
0.0498 	EXP 	text_3: autoDraw = True
31.6585 	DATA 	Mouse: Left button down, pos=(629,884)
31.7903 	DATA 	Mouse:  Left button up, pos=(630,884)
32.5736 	DATA 	Mouse: Left button down, pos=(719,479)
32.7075 	DATA 	Mouse:  Left button up, pos=(719,479)
36.5083 	DATA 	Mouse: Left button down, pos=(971,352)
36.6247 	DATA 	Mouse:  Left button up, pos=(971,352)
36.7594 	DATA 	Keypress: space
37.5403 	DATA 	Mouse: Left button down, pos=(971,352)
37.6911 	DATA 	Mouse:  Left button up, pos=(971,352)
38.1433 	DATA 	Keypress: space
39.5747 	DATA 	Mouse: Left button down, pos=(595,243)
39.6744 	DATA 	Mouse:  Left button up, pos=(595,243)
39.9072 	DATA 	Keypress: space
62.0584 	DATA 	Mouse: Left button down, pos=(242,1019)
62.1917 	DATA 	Mouse:  Left button up, pos=(242,1019)
62.8904 	DATA 	Keypress: escape
63.0382 	EXP 	replicate_nsd: status = STOPPED
63.0572 	EXP 	text_3: autoDraw = False
63.0572 	EXP 	replicate_nsd: status = STOPPED
63.0774 	EXP 	window1: mouseVisible = True
