9.0108 	EXP 	Created window1 = Window(allowGUI=True, allowStencil=False, autoLog=True, backendConf=UNKNOWN, backgroundFit=<method-wrapper '__getattribute__' of attributeSetter object at 0x7fbcd866d0d0>, backgroundImage=<method-wrapper '__getattribute__' of attributeSetter object at 0x7fbcd866d070>, bitsMode=UNKNOWN, blendMode='avg', bpc=(8, 8, 8), color=array([0, 0, 0]), colorSpace='rgb', depthBits=8, fullscr=<method-wrapper '__getattribute__' of attributeSetter object at 0x7fbcd860ef40>, gamma=None, gammaErrorPolicy='raise', lms=UNKNOWN, monitor=<psychopy.monitors.calibTools.Monitor object at 0x7fbcd872ee20>, multiSample=False, name='window1', numSamples=2, pos=[448.0, 280.0], screen=0, size=array([3584, 2240]), stencilBits=0, stereo=False, title='PsychoPy', units='deg', useFBO=True, useRetina=True, viewOri=0.0, viewPos=None, viewScale=None, waitBlanking=True, winType='pyglet')
9.0109 	EXP 	window1: mouseVisible = True
9.0110 	EXP 	window1: backgroundImage = ''
9.0110 	EXP 	window1: backgroundFit = 'none'
9.0125 	EXP 	window1: Attempting to measure frame rate of screen (0) ...
9.0125 	EXP 	window1: recordFrameIntervals = False
9.1773 	EXP 	window1: recordFrameIntervals = True
9.3605 	EXP 	Screen (0) actual frame rate measured at 60.14Hz
9.3605 	EXP 	window1: recordFrameIntervals = False
9.3614 	EXP 	window1: mouseVisible = False
12.9754 	EXP 	replicate_nsd: status = STARTED
13.5790 	EXP 	window1: mouseVisible = True
13.6245 	EXP 	Created text_3 = TextStim(__class__=<class 'psychopy.visual.text.TextStim'>, alignHoriz=method-wrapper(...), alignText='center', alignVert=method-wrapper(...), anchorHoriz='center', anchorVert='center', antialias=True, autoDraw=False, autoLog=True, bold=False, color=array([1., 1., 1.]), colorSpace='rgb', contrast=1.0, depth=-1.0, draggable=False, flipHoriz=False, flipVert=False, font='Open Sans', fontFiles=[], height=0.05, italic=False, languageStyle='LTR', name='text_3', opacity=1.0, ori=0.0, pos=array([0., 0.]), rgb=UNKNOWN, text='waiting for scanner…', units='deg', win=Window(...), wrapWidth=15.0)
13.6246 	EXP 	window1: mouseVisible = True
13.6315 	EXP 	Created text = TextStim(__class__=<class 'psychopy.visual.text.TextStim'>, alignHoriz=method-wrapper(...), alignText='center', alignVert=method-wrapper(...), anchorHoriz='center', anchorVert='center', antialias=True, autoDraw=False, autoLog=True, bold=False, color=array([1., 1., 1.]), colorSpace='rgb', contrast=1.0, depth=0.0, draggable=False, flipHoriz=False, flipVert=False, font='Open Sans', fontFiles=[], height=0.05, italic=False, languageStyle='LTR', name='text', opacity=1.0, ori=0.0, pos=array([0., 0.]), rgb=UNKNOWN, text='put instructions here. press spacebar.', units='deg', win=Window(...), wrapWidth=15.0)
14.2227 	EXP 	window1: mouseVisible = True
14.2481 	EXP 	Created image = ImageStim(__class__=<class 'psychopy.visual.image.ImageStim'>, anchor=('center', 'center'), autoLog=True, color=array([1., 1., 1.]), colorSpace='rgb', contrast=1.0, depth=0.0, draggable=False, flipHoriz=False, flipVert=False, image='default.png', interpolate=True, mask=None, maskParams=None, name='image', opacity=1.0, ori=0.0, pos=array([0., 0.]), size=array([8.4, 8.4]), texRes=128.0, units='deg', win=Window(...))
14.8314 	EXP 	window1: mouseVisible = True
14.8344 	EXP 	Created polygon = ShapeStim(__class__=<class 'psychopy.visual.shape.ShapeStim'>, anchor=('center', 'center'), autoDraw=False, autoLog=True, closeShape=True, color=method-wrapper(...), colorSpace='rgb', contrast=None, depth=-3.0, draggable=False, fillColor=array([ 1., -1., -1.]), fillColorSpace='rgb', fillRGB=array([ 1., -1., -1.]), interpolate=True, lineColor=array([-1., -1., -1.]), lineColorSpace='rgb', lineRGB=array([-1., -1., -1.]), lineWidth=3.0, name='polygon', opacity=0.3, ori=0.0, pos=array([0., 0.]), size=array([0.2, 0.2]), units='deg', vertices=ndarray(...), win=Window(...), windingRule=None)
15.4205 	EXP 	window1: mouseVisible = True
15.4234 	EXP 	Created polygon_2 = ShapeStim(__class__=<class 'psychopy.visual.shape.ShapeStim'>, anchor=('center', 'center'), autoDraw=False, autoLog=True, closeShape=True, color=method-wrapper(...), colorSpace='rgb', contrast=None, depth=-1.0, draggable=False, fillColor=array([ 1., -1., -1.]), fillColorSpace='rgb', fillRGB=array([ 1., -1., -1.]), interpolate=True, lineColor=array([-1., -1., -1.]), lineColorSpace='rgb', lineRGB=array([-1., -1., -1.]), lineWidth=3.0, name='polygon_2', opacity=0.3, ori=0.0, pos=array([0., 0.]), size=array([0.2, 0.2]), units='deg', vertices=ndarray(...), win=Window(...), windingRule=None)
15.4235 	EXP 	window1: mouseVisible = True
15.4278 	EXP 	Created text_2 = TextStim(__class__=<class 'psychopy.visual.text.TextStim'>, alignHoriz=method-wrapper(...), alignText='center', alignVert=method-wrapper(...), anchorHoriz='center', anchorVert='center', antialias=True, autoDraw=False, autoLog=True, bold=False, color=array([1., 1., 1.]), colorSpace='rgb', contrast=1.0, depth=-2.0, draggable=False, flipHoriz=False, flipVert=False, font='Open Sans', fontFiles=[], height=0.05, italic=False, languageStyle='LTR', name='text_2', opacity=1.0, ori=0.0, pos=array([0., 0.]), rgb=UNKNOWN, text='end of run. take a break.', units='deg', win=Window(...), wrapWidth=15.0)
0.0009 	DATA 	Mouse: Left button down, pos=(853,616)
0.0016 	DATA 	Mouse:  Left button up, pos=(853,616)
0.0040 	DATA 	Keypress: space
0.0049 	DATA 	Mouse: Left button down, pos=(857,620)
0.0055 	DATA 	Mouse:  Left button up, pos=(858,619)
0.0061 	DATA 	Mouse: Left button down, pos=(954,529)
0.0064 	DATA 	Mouse:  Left button up, pos=(954,529)
0.0409 	EXP 	text_3: autoDraw = True
1.0881 	DATA 	Keypress: space
2.1863 	DATA 	Mouse: Left button down, pos=(957,531)
2.3193 	DATA 	Mouse:  Left button up, pos=(957,531)
2.9528 	DATA 	Mouse: Left button down, pos=(940,558)
3.1194 	DATA 	Mouse:  Left button up, pos=(940,558)
3.2521 	DATA 	Keypress: space
3.5182 	DATA 	Keypress: space
3.7184 	DATA 	Keypress: space
4.5683 	DATA 	Keypress: space
4.8027 	DATA 	Keypress: space
5.0038 	DATA 	Keypress: space
5.7368 	DATA 	Keypress: space
6.6571 	DATA 	Keypress: space
7.1528 	DATA 	Mouse: Left button down, pos=(803,596)
7.3187 	DATA 	Mouse:  Left button up, pos=(803,596)
7.4367 	DATA 	Keypress: space
7.7033 	DATA 	Keypress: space
7.9350 	DATA 	Keypress: space
8.1867 	DATA 	Keypress: space
8.4025 	DATA 	Keypress: space
8.7346 	DATA 	Keypress: space
9.2351 	DATA 	Keypress: space
9.4709 	DATA 	Keypress: space
9.6865 	DATA 	Keypress: space
9.7717 	DATA 	Keypress: space
9.8871 	DATA 	Keypress: space
9.9705 	DATA 	Keypress: space
10.2371 	DATA 	Keypress: space
11.4373 	DATA 	Keypress: 5
11.4493 	EXP 	text_3: autoDraw = False
11.4493 	EXP 	text: autoDraw = True
12.9180 	EXP 	Imported conditions_files/participant1_.csv as conditions, 900 conditions, 6 params
12.9220 	EXP 	Created sequence: sequential, trialTypes=900, nReps=1, seed=None
12.9221 	EXP 	New trial (rep=0, index=0): OrderedDict([('current_image', 'images/blank.jpg'), ('is_repeat', 0), ('trial_index', 0), ('is_blank_trial', 1), ('is_new_run', 0), ('run_num', 0)])
12.9384 	DATA 	Keypress: space
12.9624 	EXP 	text: autoDraw = False
12.9624 	EXP 	image: image = 'images/blank.jpg'
12.9624 	EXP 	image: autoDraw = False
12.9624 	EXP 	polygon: autoDraw = False
12.9624 	EXP 	polygon_2: autoDraw = True
16.9165 	EXP 	New trial (rep=0, index=1): OrderedDict([('current_image', 'images/blank.jpg'), ('is_repeat', 0), ('trial_index', 1), ('is_blank_trial', 1), ('is_new_run', 0), ('run_num', 0)])
16.9324 	EXP 	polygon_2: autoDraw = False
16.9324 	EXP 	text_2: autoDraw = False
16.9324 	EXP 	image: image = 'images/blank.jpg'
16.9324 	EXP 	image: autoDraw = False
16.9324 	EXP 	polygon: autoDraw = False
16.9324 	EXP 	polygon_2: autoDraw = True
20.9175 	EXP 	New trial (rep=0, index=2): OrderedDict([('current_image', 'images/blank.jpg'), ('is_repeat', 0), ('trial_index', 2), ('is_blank_trial', 1), ('is_new_run', 0), ('run_num', 0)])
20.9334 	EXP 	polygon_2: autoDraw = False
20.9334 	EXP 	polygon_2: autoDraw = False
20.9334 	EXP 	text_2: autoDraw = False
20.9334 	EXP 	image: image = 'images/blank.jpg'
20.9334 	EXP 	image: autoDraw = False
20.9334 	EXP 	polygon: autoDraw = False
20.9334 	EXP 	polygon_2: autoDraw = True
24.6688 	DATA 	Mouse: Left button down, pos=(938,508)
24.8018 	DATA 	Mouse:  Left button up, pos=(938,508)
24.9175 	EXP 	New trial (rep=0, index=3): OrderedDict([('current_image', 'images/11_12.jpg'), ('is_repeat', 0), ('trial_index', 3), ('is_blank_trial', 0), ('is_new_run', 0), ('run_num', 0)])
24.9331 	EXP 	polygon_2: autoDraw = False
24.9331 	EXP 	polygon_2: autoDraw = False
24.9331 	EXP 	text_2: autoDraw = False
24.9331 	EXP 	image: image = 'images/11_12.jpg'
24.9331 	EXP 	polygon: autoDraw = True
25.9331 	EXP 	image: autoDraw = True
28.0192 	DATA 	Keypress: escape
28.2005 	EXP 	replicate_nsd: status = STOPPED
28.2193 	EXP 	image: autoDraw = False
28.2193 	EXP 	polygon: autoDraw = False
28.2194 	EXP 	replicate_nsd: status = STOPPED
28.8975 	EXP 	window1: mouseVisible = True
