8.5299 	EXP 	Created window1 = Window(allowGUI=True, allowStencil=False, autoLog=True, backendConf=UNKNOWN, backgroundFit=<method-wrapper '__getattribute__' of attributeSetter object at 0x7f7d87d5c1f0>, backgroundImage=<method-wrapper '__getattribute__' of attributeSetter object at 0x7f7d87d5c190>, bitsMode=UNKNOWN, blendMode='avg', bpc=(8, 8, 8), color=array([0, 0, 0]), colorSpace='rgb', depthBits=8, fullscr=<method-wrapper '__getattribute__' of attributeSetter object at 0x7f7d87cfbb50>, gamma=None, gammaErrorPolicy='raise', lms=UNKNOWN, monitor=<psychopy.monitors.calibTools.Monitor object at 0x7f7d87e26d60>, multiSample=False, name='window1', numSamples=2, pos=(448, 280), screen=0, size=array([3584, 2240]), stencilBits=0, stereo=False, title='PsychoPy', units='deg', useFBO=True, useRetina=True, viewOri=0.0, viewPos=None, viewScale=None, waitBlanking=True, winType='pyglet')
8.5301 	EXP 	window1: mouseVisible = True
8.5301 	EXP 	window1: backgroundImage = ''
8.5301 	EXP 	window1: backgroundFit = 'none'
8.5320 	EXP 	window1: Attempting to measure frame rate of screen (0) ...
8.5320 	EXP 	window1: recordFrameIntervals = False
8.6963 	EXP 	window1: recordFrameIntervals = True
8.8792 	EXP 	Screen (0) actual frame rate measured at 60.17Hz
8.8792 	EXP 	window1: recordFrameIntervals = False
8.8793 	EXP 	window1: mouseVisible = True
12.3337 	EXP 	replicate_nsd: status = STARTED
12.9258 	EXP 	window1: mouseVisible = True
12.9689 	EXP 	Created text_3 = TextStim(__class__=<class 'psychopy.visual.text.TextStim'>, alignHoriz=method-wrapper(...), alignText='center', alignVert=method-wrapper(...), anchorHoriz='center', anchorVert='center', antialias=True, autoDraw=False, autoLog=True, bold=False, color=array([1., 1., 1.]), colorSpace='rgb', contrast=1.0, depth=-1.0, draggable=False, flipHoriz=False, flipVert=False, font='Open Sans', fontFiles=[], height=0.05, italic=False, languageStyle='LTR', name='text_3', opacity=1.0, ori=0.0, pos=array([0., 0.]), rgb=UNKNOWN, text='waiting for scanner…', units='deg', win=Window(...), wrapWidth=15.0)
12.9691 	EXP 	window1: mouseVisible = True
12.9759 	EXP 	Created text = TextStim(__class__=<class 'psychopy.visual.text.TextStim'>, alignHoriz=method-wrapper(...), alignText='center', alignVert=method-wrapper(...), anchorHoriz='center', anchorVert='center', antialias=True, autoDraw=False, autoLog=True, bold=False, color=array([1., 1., 1.]), colorSpace='rgb', contrast=1.0, depth=0.0, draggable=False, flipHoriz=False, flipVert=False, font='Open Sans', fontFiles=[], height=0.05, italic=False, languageStyle='LTR', name='text', opacity=1.0, ori=0.0, pos=array([0., 0.]), rgb=UNKNOWN, text='put instructions here. press spacebar.', units='deg', win=Window(...), wrapWidth=15.0)
13.5747 	EXP 	window1: mouseVisible = True
13.5991 	EXP 	Created image = ImageStim(__class__=<class 'psychopy.visual.image.ImageStim'>, anchor=('center', 'center'), autoLog=True, color=array([1., 1., 1.]), colorSpace='rgb', contrast=1.0, depth=0.0, draggable=False, flipHoriz=False, flipVert=False, image='default.png', interpolate=True, mask=None, maskParams=None, name='image', opacity=1.0, ori=0.0, pos=array([0., 0.]), size=array([8.4, 8.4]), texRes=128.0, units='deg', win=Window(...))
14.1840 	EXP 	window1: mouseVisible = True
14.1871 	EXP 	Created polygon = ShapeStim(__class__=<class 'psychopy.visual.shape.ShapeStim'>, anchor=('center', 'center'), autoDraw=False, autoLog=True, closeShape=True, color=method-wrapper(...), colorSpace='rgb', contrast=None, depth=-3.0, draggable=False, fillColor=array([ 1., -1., -1.]), fillColorSpace='rgb', fillRGB=array([ 1., -1., -1.]), interpolate=True, lineColor=array([-1., -1., -1.]), lineColorSpace='rgb', lineRGB=array([-1., -1., -1.]), lineWidth=3.0, name='polygon', opacity=0.3, ori=0.0, pos=array([0., 0.]), size=array([0.2, 0.2]), units='deg', vertices=ndarray(...), win=Window(...), windingRule=None)
14.7558 	EXP 	window1: mouseVisible = True
14.7587 	EXP 	Created polygon_2 = ShapeStim(__class__=<class 'psychopy.visual.shape.ShapeStim'>, anchor=('center', 'center'), autoDraw=False, autoLog=True, closeShape=True, color=method-wrapper(...), colorSpace='rgb', contrast=None, depth=-1.0, draggable=False, fillColor=array([ 1., -1., -1.]), fillColorSpace='rgb', fillRGB=array([ 1., -1., -1.]), interpolate=True, lineColor=array([-1., -1., -1.]), lineColorSpace='rgb', lineRGB=array([-1., -1., -1.]), lineWidth=3.0, name='polygon_2', opacity=0.3, ori=0.0, pos=array([0., 0.]), size=array([0.2, 0.2]), units='deg', vertices=ndarray(...), win=Window(...), windingRule=None)
14.7588 	EXP 	window1: mouseVisible = True
14.7631 	EXP 	Created text_2 = TextStim(__class__=<class 'psychopy.visual.text.TextStim'>, alignHoriz=method-wrapper(...), alignText='center', alignVert=method-wrapper(...), anchorHoriz='center', anchorVert='center', antialias=True, autoDraw=False, autoLog=True, bold=False, color=array([1., 1., 1.]), colorSpace='rgb', contrast=1.0, depth=-2.0, draggable=False, flipHoriz=False, flipVert=False, font='Open Sans', fontFiles=[], height=0.05, italic=False, languageStyle='LTR', name='text_2', opacity=1.0, ori=0.0, pos=array([0., 0.]), rgb=UNKNOWN, text='end of run. take a break.', units='deg', win=Window(...), wrapWidth=15.0)
0.0079 	DATA 	Mouse: Left button down, pos=(903,698)
0.0082 	DATA 	Mouse:  Left button up, pos=(970,698)
0.0121 	DATA 	Mouse: Left button down, pos=(1052,554)
0.0126 	DATA 	Mouse:  Left button up, pos=(1052,554)
0.0574 	EXP 	text_3: autoDraw = True
3.6861 	DATA 	Mouse: Left button down, pos=(872,557)
3.8018 	DATA 	Mouse:  Left button up, pos=(872,557)
4.1378 	DATA 	Keypress: space
4.8529 	DATA 	Mouse: Left button down, pos=(890,562)
5.0026 	DATA 	Mouse:  Left button up, pos=(890,562)
5.3899 	DATA 	Keypress: space
5.9529 	DATA 	Mouse: Left button down, pos=(895,561)
6.1197 	DATA 	Mouse:  Left button up, pos=(895,561)
6.4691 	DATA 	Keypress: space
6.7349 	DATA 	Keypress: space
6.9685 	DATA 	Keypress: space
7.1689 	DATA 	Keypress: space
7.3889 	DATA 	Keypress: space
7.6197 	DATA 	Keypress: space
22.8197 	DATA 	Mouse: Left button down, pos=(620,789)
22.9847 	DATA 	Mouse:  Left button up, pos=(620,789)
23.1687 	DATA 	Keypress: space
23.4855 	DATA 	Keypress: space
23.7335 	DATA 	Keypress: space
23.9856 	DATA 	Mouse: Left button down, pos=(994,811)
24.1188 	DATA 	Mouse:  Left button up, pos=(994,811)
24.3009 	DATA 	Keypress: space
24.7189 	DATA 	Mouse: Left button down, pos=(854,550)
24.8881 	DATA 	Mouse:  Left button up, pos=(854,550)
25.0185 	DATA 	Keypress: space
25.2852 	DATA 	Keypress: space
25.5363 	DATA 	Keypress: space
25.7695 	DATA 	Keypress: space
26.0183 	DATA 	Keypress: space
26.2518 	DATA 	Keypress: space
27.4359 	DATA 	Mouse: Left button down, pos=(919,766)
27.6023 	DATA 	Mouse:  Left button up, pos=(919,766)
27.6850 	DATA 	Keypress: space
27.9347 	DATA 	Keypress: space
28.1516 	DATA 	Keypress: space
28.3697 	DATA 	Keypress: space
28.5678 	DATA 	Keypress: space
66.3354 	DATA 	Mouse: Left button down, pos=(609,845)
66.4692 	DATA 	Mouse:  Left button up, pos=(609,845)
66.5180 	DATA 	Keypress: lcommand
67.0693 	DATA 	Keypress: space
67.3186 	DATA 	Keypress: space
75.8690 	DATA 	Keypress: escape
76.0004 	EXP 	replicate_nsd: status = STOPPED
76.0187 	EXP 	text_3: autoDraw = False
76.0188 	EXP 	replicate_nsd: status = STOPPED
76.0391 	EXP 	window1: mouseVisible = True
