14.5734 	EXP 	Created window1 = Window(allowGUI=True, allowStencil=False, autoLog=True, backendConf=UNKNOWN, backgroundFit=<method-wrapper '__getattribute__' of attributeSetter object at 0x7fd179d4b160>, backgroundImage=<method-wrapper '__getattribute__' of attributeSetter object at 0x7fd179d4b100>, bitsMode=UNKNOWN, blendMode='avg', bpc=(8, 8, 8), color=array([0, 0, 0]), colorSpace='rgb', depthBits=8, fullscr=<method-wrapper '__getattribute__' of attributeSetter object at 0x7fd179cebfd0>, gamma=None, gammaErrorPolicy='raise', lms=UNKNOWN, monitor=<psychopy.monitors.calibTools.Monitor object at 0x7fd179e69e50>, multiSample=False, name='window1', numSamples=2, pos=[448.0, 280.0], screen=0, size=array([3584, 2240]), stencilBits=0, stereo=False, title='PsychoPy', units='deg', useFBO=True, useRetina=True, viewOri=0.0, viewPos=None, viewScale=None, waitBlanking=True, winType='pyglet')
14.5736 	EXP 	window1: mouseVisible = True
14.5737 	EXP 	window1: backgroundImage = ''
14.5737 	EXP 	window1: backgroundFit = 'none'
14.5764 	EXP 	window1: Attempting to measure frame rate of screen (0) ...
14.5764 	EXP 	window1: recordFrameIntervals = False
14.7396 	EXP 	window1: recordFrameIntervals = True
14.8596 	DATA 	Mouse: Left button down, pos=(633,538)
14.9232 	EXP 	Screen (0) actual frame rate measured at 59.95Hz
14.9233 	EXP 	window1: recordFrameIntervals = False
14.9244 	EXP 	window1: mouseVisible = False
18.3117 	EXP 	replicate_nsd: status = STARTED
18.9080 	EXP 	window1: mouseVisible = True
18.9453 	EXP 	Created text_3 = TextStim(__class__=<class 'psychopy.visual.text.TextStim'>, alignHoriz=method-wrapper(...), alignText='center', alignVert=method-wrapper(...), anchorHoriz='center', anchorVert='center', antialias=True, autoDraw=False, autoLog=True, bold=False, color=array([1., 1., 1.]), colorSpace='rgb', contrast=1.0, depth=-1.0, draggable=False, flipHoriz=False, flipVert=False, font='Open Sans', fontFiles=[], height=0.5000000000000002, italic=False, languageStyle='LTR', name='text_3', opacity=1.0, ori=0.0, pos=array([0., 0.]), rgb=UNKNOWN, text='waiting for scanner…', units='deg', win=Window(...), wrapWidth=15.0)
18.9455 	EXP 	window1: mouseVisible = True
18.9679 	EXP 	Created image = ImageStim(__class__=<class 'psychopy.visual.image.ImageStim'>, anchor=('center', 'center'), autoLog=True, color=array([1., 1., 1.]), colorSpace='rgb', contrast=1.0, depth=0.0, draggable=False, flipHoriz=False, flipVert=False, image='default.png', interpolate=True, mask=None, maskParams=None, name='image', opacity=1.0, ori=0.0, pos=array([0., 0.]), size=array([8.4, 8.4]), texRes=128.0, units='deg', win=Window(...))
19.5738 	EXP 	window1: mouseVisible = True
19.5768 	EXP 	Created polygon = ShapeStim(__class__=<class 'psychopy.visual.shape.ShapeStim'>, anchor=('center', 'center'), autoDraw=False, autoLog=True, closeShape=True, color=method-wrapper(...), colorSpace='rgb', contrast=None, depth=-3.0, draggable=False, fillColor=array([ 1., -1., -1.]), fillColorSpace='rgb', fillRGB=array([ 1., -1., -1.]), interpolate=True, lineColor=array([-1., -1., -1.]), lineColorSpace='rgb', lineRGB=array([-1., -1., -1.]), lineWidth=3.0, name='polygon', opacity=0.3, ori=0.0, pos=array([0., 0.]), size=array([0.2, 0.2]), units='deg', vertices=ndarray(...), win=Window(...), windingRule=None)
20.1522 	EXP 	window1: mouseVisible = True
20.1551 	EXP 	Created polygon_2 = ShapeStim(__class__=<class 'psychopy.visual.shape.ShapeStim'>, anchor=('center', 'center'), autoDraw=False, autoLog=True, closeShape=True, color=method-wrapper(...), colorSpace='rgb', contrast=None, depth=-1.0, draggable=False, fillColor=array([ 1., -1., -1.]), fillColorSpace='rgb', fillRGB=array([ 1., -1., -1.]), interpolate=True, lineColor=array([-1., -1., -1.]), lineColorSpace='rgb', lineRGB=array([-1., -1., -1.]), lineWidth=3.0, name='polygon_2', opacity=0.3, ori=0.0, pos=array([0., 0.]), size=array([0.2, 0.2]), units='deg', vertices=ndarray(...), win=Window(...), windingRule=None)
20.7249 	EXP 	window1: mouseVisible = True
20.7348 	EXP 	Created text_5 = TextStim(__class__=<class 'psychopy.visual.text.TextStim'>, alignHoriz=method-wrapper(...), alignText='center', alignVert=method-wrapper(...), anchorHoriz='center', anchorVert='center', antialias=True, autoDraw=False, autoLog=True, bold=False, color=array([1., 1., 1.]), colorSpace='rgb', contrast=1.0, depth=-1.0, draggable=False, flipHoriz=False, flipVert=False, font='Open Sans', fontFiles=[], height=0.5000000000000002, italic=False, languageStyle='LTR', name='text_5', opacity=1.0, ori=0.0, pos=array([0., 0.]), rgb=UNKNOWN, text=str(...), units='deg', win=Window(...), wrapWidth=15.0)
21.3113 	EXP 	window1: mouseVisible = True
21.3144 	EXP 	Created text_4 = TextStim(__class__=<class 'psychopy.visual.text.TextStim'>, alignHoriz=method-wrapper(...), alignText='center', alignVert=method-wrapper(...), anchorHoriz='center', anchorVert='center', antialias=True, autoDraw=False, autoLog=True, bold=False, color=array([1., 1., 1.]), colorSpace='rgb', contrast=1.0, depth=-1.0, draggable=False, flipHoriz=False, flipVert=False, font='Open Sans', fontFiles=[], height=0.5000000000000002, italic=False, languageStyle='LTR', name='text_4', opacity=1.0, ori=0.0, pos=array([0., 0.]), rgb=UNKNOWN, text='waiting for scanner…', units='deg', win=Window(...), wrapWidth=15.0)
0.0012 	DATA 	Mouse:  Left button up, pos=(634,538)
0.0025 	DATA 	Mouse: Left button down, pos=(1187,367)
0.0030 	DATA 	Mouse:  Left button up, pos=(1187,367)
0.0410 	EXP 	text_3: autoDraw = True
1.5451 	EXP 	Imported conditions_files/participant1_.csv as conditions, 1152 conditions, 7 params
1.5486 	EXP 	Created sequence: sequential, trialTypes=1152, nReps=1, seed=None
1.5487 	EXP 	New trial (rep=0, index=0): OrderedDict([('current_image', 'images/6_28 copy 2.jpg'), ('is_repeat', 0), ('trial_index', 0), ('is_blank_trial', 0), ('is_new_run', 0), ('run_num', 0), ('all_blanks_list', [9, 19, 29, 39, 49, 59, 68, 69, 70, 71])])
1.5725 	DATA 	Keypress: 5
1.5986 	EXP 	text_3: autoDraw = False
1.5986 	EXP 	image: image = 'images/6_28 copy 2.jpg'
1.5986 	EXP 	polygon: autoDraw = True
2.4609 	DATA 	Mouse: Left button down, pos=(1187,363)
2.5743 	EXP 	image: autoDraw = True
2.6268 	DATA 	Mouse:  Left button up, pos=(1187,363)
5.5744 	EXP 	image: autoDraw = False
5.5744 	EXP 	polygon: autoDraw = False
5.5744 	EXP 	image: autoDraw = False
5.5744 	EXP 	polygon: autoDraw = False
5.5744 	EXP 	polygon_2: autoDraw = True
8.6610 	DATA 	Mouse: Left button down, pos=(1187,363)
8.8091 	DATA 	Mouse:  Left button up, pos=(1187,363)
9.5744 	EXP 	polygon_2: autoDraw = False
9.5744 	EXP 	polygon_2: autoDraw = False
9.5744 	EXP 	text_5: autoDraw = True
10.6781 	EXP 	New trial (rep=0, index=1): OrderedDict([('current_image', 'images/10_40 copy 4.jpg'), ('is_repeat', 0), ('trial_index', 1), ('is_blank_trial', 0), ('is_new_run', 0), ('run_num', 0), ('all_blanks_list', [9, 19, 29, 39, 49, 59, 68, 69, 70, 71])])
10.6831 	DATA 	Keypress: space
10.6912 	EXP 	text_5: autoDraw = False
10.6912 	EXP 	text_4: autoDraw = False
10.6912 	EXP 	image: image = 'images/10_40 copy 4.jpg'
10.6912 	EXP 	polygon: autoDraw = True
11.6782 	DATA 	Keypress: escape
11.6911 	EXP 	image: autoDraw = True
13.4951 	DATA 	Mouse: Left button down, pos=(1232,407)
13.6619 	DATA 	Mouse:  Left button up, pos=(1232,407)
14.4431 	DATA 	Mouse: Left button down, pos=(1232,407)
14.5927 	DATA 	Mouse:  Left button up, pos=(1232,407)
14.6755 	EXP 	New trial (rep=0, index=2): OrderedDict([('current_image', 'images/5_40 copy 5.jpg'), ('is_repeat', 0), ('trial_index', 2), ('is_blank_trial', 0), ('is_new_run', 0), ('run_num', 0), ('all_blanks_list', [9, 19, 29, 39, 49, 59, 68, 69, 70, 71])])
14.6912 	EXP 	image: autoDraw = False
14.6912 	EXP 	polygon: autoDraw = False
14.6912 	EXP 	image: autoDraw = False
14.6912 	EXP 	polygon: autoDraw = False
14.6912 	EXP 	polygon_2: autoDraw = False
14.6912 	EXP 	text_5: autoDraw = False
14.6912 	EXP 	text_4: autoDraw = False
14.6912 	EXP 	image: image = 'images/5_40 copy 5.jpg'
14.6912 	EXP 	polygon: autoDraw = True
14.7637 	DATA 	Keypress: escape
14.8931 	EXP 	replicate_nsd: status = STOPPED
14.9081 	EXP 	polygon: autoDraw = False
14.9081 	EXP 	replicate_nsd: status = STOPPED
15.5543 	EXP 	window1: mouseVisible = True
