8.3844 	EXP 	Created window1 = Window(allowGUI=True, allowStencil=False, autoLog=True, backendConf=UNKNOWN, backgroundFit=<method-wrapper '__getattribute__' of attributeSetter object at 0x7f9bc856d130>, backgroundImage=<method-wrapper '__getattribute__' of attributeSetter object at 0x7f9bc856d0d0>, bitsMode=UNKNOWN, blendMode='avg', bpc=(8, 8, 8), color=array([0, 0, 0]), colorSpace='rgb', depthBits=8, fullscr=<method-wrapper '__getattribute__' of attributeSetter object at 0x7f9bc850dfa0>, gamma=None, gammaErrorPolicy='raise', lms=UNKNOWN, monitor=<psychopy.monitors.calibTools.Monitor object at 0x7f9bc8631e80>, multiSample=False, name='window1', numSamples=2, pos=[448.0, 280.0], screen=0, size=array([3584, 2240]), stencilBits=0, stereo=False, title='PsychoPy', units='deg', useFBO=True, useRetina=True, viewOri=0.0, viewPos=None, viewScale=None, waitBlanking=True, winType='pyglet')
8.3845 	EXP 	window1: mouseVisible = True
8.3846 	EXP 	window1: backgroundImage = ''
8.3846 	EXP 	window1: backgroundFit = 'none'
8.3861 	EXP 	window1: Attempting to measure frame rate of screen (0) ...
8.3861 	EXP 	window1: recordFrameIntervals = False
8.5501 	EXP 	window1: recordFrameIntervals = True
8.7022 	DATA 	Mouse: Left button down, pos=(900,563)
8.7340 	EXP 	Screen (0) actual frame rate measured at 60.24Hz
8.7341 	EXP 	window1: recordFrameIntervals = False
8.7348 	EXP 	window1: mouseVisible = False
12.4225 	EXP 	replicate_nsd: status = STARTED
13.0692 	EXP 	window1: mouseVisible = True
13.1271 	EXP 	Created text_3 = TextStim(__class__=<class 'psychopy.visual.text.TextStim'>, alignHoriz=method-wrapper(...), alignText='center', alignVert=method-wrapper(...), anchorHoriz='center', anchorVert='center', antialias=True, autoDraw=False, autoLog=True, bold=False, color=array([1., 1., 1.]), colorSpace='rgb', contrast=1.0, depth=-1.0, draggable=False, flipHoriz=False, flipVert=False, font='Open Sans', fontFiles=[], height=5.0, italic=False, languageStyle='LTR', name='text_3', opacity=1.0, ori=0.0, pos=array([0., 0.]), rgb=UNKNOWN, text='waiting for scanner…', units='deg', win=Window(...), wrapWidth=15.0)
13.1272 	EXP 	window1: mouseVisible = True
13.1359 	EXP 	Created text = TextStim(__class__=<class 'psychopy.visual.text.TextStim'>, alignHoriz=method-wrapper(...), alignText='center', alignVert=method-wrapper(...), anchorHoriz='center', anchorVert='center', antialias=True, autoDraw=False, autoLog=True, bold=False, color=array([1., 1., 1.]), colorSpace='rgb', contrast=1.0, depth=0.0, draggable=False, flipHoriz=False, flipVert=False, font='Open Sans', fontFiles=[], height=5.0, italic=False, languageStyle='LTR', name='text', opacity=1.0, ori=0.0, pos=array([0., 0.]), rgb=UNKNOWN, text='put instructions here. press spacebar.', units='deg', win=Window(...), wrapWidth=15.0)
13.7457 	EXP 	window1: mouseVisible = True
13.7731 	EXP 	Created image = ImageStim(__class__=<class 'psychopy.visual.image.ImageStim'>, anchor=('center', 'center'), autoLog=True, color=array([1., 1., 1.]), colorSpace='rgb', contrast=1.0, depth=0.0, draggable=False, flipHoriz=False, flipVert=False, image='default.png', interpolate=True, mask=None, maskParams=None, name='image', opacity=1.0, ori=0.0, pos=array([0., 0.]), size=array([8.4, 8.4]), texRes=128.0, units='deg', win=Window(...))
14.3854 	EXP 	window1: mouseVisible = True
14.3889 	EXP 	Created polygon = ShapeStim(__class__=<class 'psychopy.visual.shape.ShapeStim'>, anchor=('center', 'center'), autoDraw=False, autoLog=True, closeShape=True, color=method-wrapper(...), colorSpace='rgb', contrast=None, depth=-3.0, draggable=False, fillColor=array([ 1., -1., -1.]), fillColorSpace='rgb', fillRGB=array([ 1., -1., -1.]), interpolate=True, lineColor=array([-1., -1., -1.]), lineColorSpace='rgb', lineRGB=array([-1., -1., -1.]), lineWidth=3.0, name='polygon', opacity=0.3, ori=0.0, pos=array([0., 0.]), size=array([0.2, 0.2]), units='deg', vertices=ndarray(...), win=Window(...), windingRule=None)
15.0081 	EXP 	window1: mouseVisible = True
15.0114 	EXP 	Created polygon_2 = ShapeStim(__class__=<class 'psychopy.visual.shape.ShapeStim'>, anchor=('center', 'center'), autoDraw=False, autoLog=True, closeShape=True, color=method-wrapper(...), colorSpace='rgb', contrast=None, depth=-1.0, draggable=False, fillColor=array([ 1., -1., -1.]), fillColorSpace='rgb', fillRGB=array([ 1., -1., -1.]), interpolate=True, lineColor=array([-1., -1., -1.]), lineColorSpace='rgb', lineRGB=array([-1., -1., -1.]), lineWidth=3.0, name='polygon_2', opacity=0.3, ori=0.0, pos=array([0., 0.]), size=array([0.2, 0.2]), units='deg', vertices=ndarray(...), win=Window(...), windingRule=None)
15.0115 	EXP 	window1: mouseVisible = True
15.0193 	EXP 	Created text_2 = TextStim(__class__=<class 'psychopy.visual.text.TextStim'>, alignHoriz=method-wrapper(...), alignText='center', alignVert=method-wrapper(...), anchorHoriz='center', anchorVert='center', antialias=True, autoDraw=False, autoLog=True, bold=False, color=array([1., 1., 1.]), colorSpace='rgb', contrast=1.0, depth=-2.0, draggable=False, flipHoriz=False, flipVert=False, font='Open Sans', fontFiles=[], height=0.05, italic=False, languageStyle='LTR', name='text_2', opacity=1.0, ori=0.0, pos=array([0., 0.]), rgb=UNKNOWN, text='end of run. take a break.', units='deg', win=Window(...), wrapWidth=15.0)
0.0006 	DATA 	Mouse:  Left button up, pos=(900,563)
0.0014 	DATA 	Mouse: Left button down, pos=(941,580)
0.0017 	DATA 	Mouse:  Left button up, pos=(941,580)
0.0020 	DATA 	Mouse: Left button down, pos=(732,491)
0.0024 	DATA 	Mouse:  Left button up, pos=(732,491)
0.0355 	EXP 	text_3: autoDraw = True
4.1356 	DATA 	Keypress: 5
4.1480 	EXP 	text_3: autoDraw = False
4.1480 	EXP 	text: autoDraw = True
6.8348 	EXP 	Imported conditions_files/participant1_.csv as conditions, 1152 conditions, 6 params
6.8401 	EXP 	Created sequence: sequential, trialTypes=1152, nReps=1, seed=None
6.8403 	EXP 	New trial (rep=0, index=0): OrderedDict([('current_image', 'images/8_40 copy 3.jpg'), ('is_repeat', 0), ('trial_index', 0), ('is_blank_trial', 0), ('is_new_run', 0), ('run_num', 0)])
6.8585 	DATA 	Keypress: space
6.8780 	EXP 	text: autoDraw = False
6.8780 	EXP 	image: image = 'images/8_40 copy 3.jpg'
6.8780 	EXP 	polygon: autoDraw = True
7.8643 	EXP 	image: autoDraw = True
10.8516 	EXP 	New trial (rep=0, index=1): OrderedDict([('current_image', 'images/pair05 copy 7.jpg'), ('is_repeat', 0), ('trial_index', 1), ('is_blank_trial', 0), ('is_new_run', 0), ('run_num', 0)])
10.8684 	EXP 	image: autoDraw = False
10.8684 	EXP 	polygon: autoDraw = False
10.8684 	EXP 	image: autoDraw = False
10.8684 	EXP 	polygon: autoDraw = False
10.8684 	EXP 	polygon_2: autoDraw = False
10.8684 	EXP 	text_2: autoDraw = False
10.8684 	EXP 	image: image = 'images/pair05 copy 7.jpg'
10.8684 	EXP 	polygon: autoDraw = True
11.8646 	EXP 	image: autoDraw = True
14.8479 	EXP 	New trial (rep=0, index=2): OrderedDict([('current_image', 'images/12_0 copy 2.jpg'), ('is_repeat', 0), ('trial_index', 2), ('is_blank_trial', 0), ('is_new_run', 0), ('run_num', 0)])
14.8639 	EXP 	image: autoDraw = False
14.8639 	EXP 	polygon: autoDraw = False
14.8639 	EXP 	image: autoDraw = False
14.8639 	EXP 	polygon: autoDraw = False
14.8639 	EXP 	polygon_2: autoDraw = False
14.8639 	EXP 	text_2: autoDraw = False
14.8639 	EXP 	image: image = 'images/12_0 copy 2.jpg'
14.8639 	EXP 	polygon: autoDraw = True
15.8647 	EXP 	image: autoDraw = True
16.3498 	DATA 	Keypress: escape
16.5989 	EXP 	replicate_nsd: status = STOPPED
16.6144 	EXP 	image: autoDraw = False
16.6144 	EXP 	polygon: autoDraw = False
16.6145 	EXP 	replicate_nsd: status = STOPPED
17.2799 	EXP 	window1: mouseVisible = True
