7.8826 	WARNING 	User requested fullscreen with size [1792 1120], but screen is actually [1920, 1080]. Using actual size
8.6669 	EXP 	Created window1 = Window(allowGUI=True, allowStencil=False, autoLog=True, backendConf=UNKNOWN, backgroundFit=<method-wrapper '__getattribute__' of attributeSetter object at 0x7f85174b65e0>, backgroundImage=<method-wrapper '__getattribute__' of attributeSetter object at 0x7f85174b6580>, bitsMode=UNKNOWN, blendMode='avg', bpc=(8, 8, 8), color=array([-0.0039, -0.0039, -0.0039]), colorSpace='rgb', depthBits=8, fullscr=<method-wrapper '__getattribute__' of attributeSetter object at 0x7f85174b6400>, gamma=array([[2.5724],
       [2.1906],
       [2.4422]], dtype=float32), gammaErrorPolicy='raise', lms=UNKNOWN, monitor=<psychopy.monitors.calibTools.Monitor object at 0x7f85175c9460>, multiSample=False, name='window1', numSamples=2, pos=[0.0, 0.0], screen=0, size=array([1920, 1080]), stencilBits=0, stereo=False, title='PsychoPy', units='deg', useFBO=True, useRetina=False, viewOri=0.0, viewPos=None, viewScale=None, waitBlanking=True, winType='pyglet')
8.6670 	EXP 	window1: mouseVisible = True
8.6670 	EXP 	window1: backgroundImage = ''
8.6670 	EXP 	window1: backgroundFit = 'none'
8.6685 	EXP 	window1: Attempting to measure frame rate of screen (0) ...
8.6685 	EXP 	window1: recordFrameIntervals = False
8.8331 	EXP 	window1: recordFrameIntervals = True
9.0164 	EXP 	Screen (0) actual frame rate measured at 60.03Hz
9.0164 	EXP 	window1: recordFrameIntervals = False
9.0170 	EXP 	window1: mouseVisible = False
13.3927 	EXP 	replicate_nsd: status = STARTED
13.8774 	EXP 	window1: mouseVisible = True
13.9194 	EXP 	Created text_3 = TextStim(__class__=<class 'psychopy.visual.text.TextStim'>, alignHoriz=method-wrapper(...), alignText='center', alignVert=method-wrapper(...), anchorHoriz='center', anchorVert='center', antialias=True, autoDraw=False, autoLog=True, bold=False, color=array([1., 1., 1.]), colorSpace='rgb', contrast=1.0, depth=-1.0, draggable=False, flipHoriz=False, flipVert=False, font='Open Sans', fontFiles=[], height=0.5000000000000001, italic=False, languageStyle='LTR', name='text_3', opacity=1.0, ori=0.0, pos=array([0., 0.]), rgb=UNKNOWN, text='waiting for scanner…', units='deg', win=Window(...), wrapWidth=15.0)
14.3997 	EXP 	window1: mouseVisible = True
14.4010 	EXP 	Created text_6 = TextStim(__class__=<class 'psychopy.visual.text.TextStim'>, alignHoriz=method-wrapper(...), alignText='center', alignVert=method-wrapper(...), anchorHoriz='center', anchorVert='center', antialias=True, autoDraw=False, autoLog=True, bold=False, color=array([1., 1., 1.]), colorSpace='rgb', contrast=1.0, depth=-1.0, draggable=False, flipHoriz=False, flipVert=False, font='Open Sans', fontFiles=[], height=0.5, italic=False, languageStyle='LTR', name='text_6', opacity=1.0, ori=0.0, pos=array([0., 0.]), rgb=UNKNOWN, text='', units='deg', win=Window(...), wrapWidth=15.0)
14.4011 	EXP 	window1: mouseVisible = True
14.4271 	EXP 	Created image_2 = ImageStim(__class__=<class 'psychopy.visual.image.ImageStim'>, anchor=('center', 'center'), autoLog=True, color=array([1., 1., 1.]), colorSpace='rgb', contrast=1.0, depth=0.0, draggable=False, flipHoriz=False, flipVert=False, image='default.png', interpolate=True, mask=None, maskParams=None, name='image_2', opacity=1.0, ori=0.0, pos=array([0., 0.]), size=array([8.4, 8.4]), texRes=128.0, units='deg', win=Window(...))
14.9129 	EXP 	window1: mouseVisible = True
14.9159 	EXP 	Created polygon_3 = ShapeStim(__class__=<class 'psychopy.visual.shape.ShapeStim'>, anchor=('center', 'center'), autoDraw=False, autoLog=True, closeShape=True, color=method-wrapper(...), colorSpace='rgb', contrast=None, depth=-2.0, draggable=False, fillColor=array([ 1., -1., -1.]), fillColorSpace='rgb', fillRGB=array([ 1., -1., -1.]), interpolate=True, lineColor=array([-1., -1., -1.]), lineColorSpace='rgb', lineRGB=array([-1., -1., -1.]), lineWidth=3.0, name='polygon_3', opacity=0.5, ori=0.0, pos=array([0., 0.]), size=array([0.2, 0.2]), units='deg', vertices=ndarray(...), win=Window(...), windingRule=None)
15.3992 	EXP 	window1: mouseVisible = True
15.4022 	EXP 	Created polygon_4 = ShapeStim(__class__=<class 'psychopy.visual.shape.ShapeStim'>, anchor=('center', 'center'), autoDraw=False, autoLog=True, closeShape=True, color=method-wrapper(...), colorSpace='rgb', contrast=None, depth=0.0, draggable=False, fillColor=array([ 1., -1., -1.]), fillColorSpace='rgb', fillRGB=array([ 1., -1., -1.]), interpolate=True, lineColor=array([-1., -1., -1.]), lineColorSpace='rgb', lineRGB=array([-1., -1., -1.]), lineWidth=3.0, name='polygon_4', opacity=0.5, ori=0.0, pos=array([0., 0.]), size=array([0.2, 0.2]), units='deg', vertices=ndarray(...), win=Window(...), windingRule=None)
15.8789 	EXP 	window1: mouseVisible = True
15.8802 	EXP 	Created text_7 = TextStim(__class__=<class 'psychopy.visual.text.TextStim'>, alignHoriz=method-wrapper(...), alignText='center', alignVert=method-wrapper(...), anchorHoriz='center', anchorVert='center', antialias=True, autoDraw=False, autoLog=True, bold=False, color=array([1., 1., 1.]), colorSpace='rgb', contrast=1.0, depth=-1.0, draggable=False, flipHoriz=False, flipVert=False, font='Open Sans', fontFiles=[], height=0.5, italic=False, languageStyle='LTR', name='text_7', opacity=1.0, ori=0.0, pos=array([0., 0.]), rgb=UNKNOWN, text='', units='deg', win=Window(...), wrapWidth=15.0)
16.3515 	EXP 	window1: mouseVisible = True
16.3546 	EXP 	Created text_3 = TextStim(__class__=<class 'psychopy.visual.text.TextStim'>, alignHoriz=method-wrapper(...), alignText='center', alignVert=method-wrapper(...), anchorHoriz='center', anchorVert='center', antialias=True, autoDraw=False, autoLog=True, bold=False, color=array([1., 1., 1.]), colorSpace='rgb', contrast=1.0, depth=-1.0, draggable=False, flipHoriz=False, flipVert=False, font='Open Sans', fontFiles=[], height=0.5000000000000001, italic=False, languageStyle='LTR', name='text_3', opacity=1.0, ori=0.0, pos=array([0., 0.]), rgb=UNKNOWN, text='waiting for scanner…', units='deg', win=Window(...), wrapWidth=15.0)
16.3548 	EXP 	window1: mouseVisible = True
16.3751 	EXP 	Created image = ImageStim(__class__=<class 'psychopy.visual.image.ImageStim'>, anchor=('center', 'center'), autoLog=True, color=array([1., 1., 1.]), colorSpace='rgb', contrast=1.0, depth=0.0, draggable=False, flipHoriz=False, flipVert=False, image='default.png', interpolate=True, mask=None, maskParams=None, name='image', opacity=1.0, ori=0.0, pos=array([0., 0.]), size=array([8.4, 8.4]), texRes=128.0, units='deg', win=Window(...))
16.8610 	EXP 	window1: mouseVisible = True
16.8638 	EXP 	Created polygon = ShapeStim(__class__=<class 'psychopy.visual.shape.ShapeStim'>, anchor=('center', 'center'), autoDraw=False, autoLog=True, closeShape=True, color=method-wrapper(...), colorSpace='rgb', contrast=None, depth=-2.0, draggable=False, fillColor=array([ 1., -1., -1.]), fillColorSpace='rgb', fillRGB=array([ 1., -1., -1.]), interpolate=True, lineColor=array([-1., -1., -1.]), lineColorSpace='rgb', lineRGB=array([-1., -1., -1.]), lineWidth=3.0, name='polygon', opacity=0.5, ori=0.0, pos=array([0., 0.]), size=array([0.2, 0.2]), units='deg', vertices=ndarray(...), win=Window(...), windingRule=None)
17.8233 	EXP 	window1: mouseVisible = True
17.8263 	EXP 	Created polygon_2 = ShapeStim(__class__=<class 'psychopy.visual.shape.ShapeStim'>, anchor=('center', 'center'), autoDraw=False, autoLog=True, closeShape=True, color=method-wrapper(...), colorSpace='rgb', contrast=None, depth=-1.0, draggable=False, fillColor=array([ 1., -1., -1.]), fillColorSpace='rgb', fillRGB=array([ 1., -1., -1.]), interpolate=True, lineColor=array([-1., -1., -1.]), lineColorSpace='rgb', lineRGB=array([-1., -1., -1.]), lineWidth=3.0, name='polygon_2', opacity=0.5, ori=0.0, pos=array([0., 0.]), size=array([0.2, 0.2]), units='deg', vertices=ndarray(...), win=Window(...), windingRule=None)
18.3018 	EXP 	window1: mouseVisible = True
18.3030 	EXP 	Created text_5 = TextStim(__class__=<class 'psychopy.visual.text.TextStim'>, alignHoriz=method-wrapper(...), alignText='center', alignVert=method-wrapper(...), anchorHoriz='center', anchorVert='center', antialias=True, autoDraw=False, autoLog=True, bold=False, color=array([1., 1., 1.]), colorSpace='rgb', contrast=1.0, depth=-1.0, draggable=False, flipHoriz=False, flipVert=False, font='Open Sans', fontFiles=[], height=0.5, italic=False, languageStyle='LTR', name='text_5', opacity=1.0, ori=0.0, pos=array([0., 0.]), rgb=UNKNOWN, text='', units='deg', win=Window(...), wrapWidth=15.0)
18.7933 	EXP 	window1: mouseVisible = True
18.7966 	EXP 	Created text_4 = TextStim(__class__=<class 'psychopy.visual.text.TextStim'>, alignHoriz=method-wrapper(...), alignText='center', alignVert=method-wrapper(...), anchorHoriz='center', anchorVert='center', antialias=True, autoDraw=False, autoLog=True, bold=False, color=array([1., 1., 1.]), colorSpace='rgb', contrast=1.0, depth=-1.0, draggable=False, flipHoriz=False, flipVert=False, font='Open Sans', fontFiles=[], height=0.5000000000000001, italic=False, languageStyle='LTR', name='text_4', opacity=1.0, ori=0.0, pos=array([0., 0.]), rgb=UNKNOWN, text='waiting for scanner…', units='deg', win=Window(...), wrapWidth=15.0)
0.0201 	EXP 	text_3: autoDraw = True
16.9816 	DATA 	Keypress: equal
16.9855 	EXP 	text_3: autoDraw = False
16.9855 	EXP 	text_6: height = 0.5000000000000001
16.9855 	EXP 	text_6: height = 0.5000000000000001
16.9855 	EXP 	text_6: height = 0.5000000000000001
16.9855 	EXP 	text_6: text = 'Press any button to begin the practice trials.'
16.9855 	EXP 	text_6: autoDraw = True
18.4747 	DATA 	Keypress: equal
19.9707 	DATA 	Keypress: equal
21.4722 	DATA 	Keypress: equal
22.9707 	DATA 	Keypress: equal
24.4723 	DATA 	Keypress: equal
134.5651 	EXP 	Imported practice_conditions_files/practice_participant1_.csv as conditions, 20 conditions, 3 params
134.5657 	EXP 	Created sequence: sequential, trialTypes=20, nReps=1, seed=None
134.5659 	EXP 	New trial (rep=0, index=0): OrderedDict([('current_image', 'practice_images/paired_image_25_1.png'), ('trial_index', 0), ('is_blank_trial', 0)])
134.5875 	DATA 	Keypress: 1
134.5933 	EXP 	text_6: autoDraw = False
134.5933 	EXP 	image_2: image = 'practice_images/paired_image_25_1.png'
134.5933 	EXP 	polygon_3: autoDraw = True
135.5889 	EXP 	image_2: autoDraw = True
138.5736 	EXP 	New trial (rep=0, index=1): OrderedDict([('current_image', 'practice_images/paired_image_24_2.png'), ('trial_index', 1), ('is_blank_trial', 0)])
138.5890 	EXP 	image_2: autoDraw = False
138.5890 	EXP 	polygon_3: autoDraw = False
138.5890 	EXP 	image_2: autoDraw = False
138.5890 	EXP 	polygon_3: autoDraw = False
138.5890 	EXP 	polygon_4: autoDraw = False
138.5890 	EXP 	image_2: image = 'practice_images/paired_image_24_2.png'
138.5890 	EXP 	polygon_3: autoDraw = True
139.5890 	EXP 	image_2: autoDraw = True
142.5754 	EXP 	New trial (rep=0, index=2): OrderedDict([('current_image', 'practice_images/paired_image_3_1.png'), ('trial_index', 2), ('is_blank_trial', 0)])
142.5889 	EXP 	image_2: autoDraw = False
142.5889 	EXP 	polygon_3: autoDraw = False
142.5889 	EXP 	image_2: autoDraw = False
142.5889 	EXP 	polygon_3: autoDraw = False
142.5889 	EXP 	polygon_4: autoDraw = False
142.5889 	EXP 	image_2: image = 'practice_images/paired_image_3_1.png'
142.5889 	EXP 	polygon_3: autoDraw = True
143.5892 	EXP 	image_2: autoDraw = True
146.5753 	EXP 	New trial (rep=0, index=3): OrderedDict([('current_image', 'practice_images/paired_image_18_1.png'), ('trial_index', 3), ('is_blank_trial', 0)])
146.5888 	EXP 	image_2: autoDraw = False
146.5888 	EXP 	polygon_3: autoDraw = False
146.5888 	EXP 	image_2: autoDraw = False
146.5888 	EXP 	polygon_3: autoDraw = False
146.5888 	EXP 	polygon_4: autoDraw = False
146.5888 	EXP 	image_2: image = 'practice_images/paired_image_18_1.png'
146.5888 	EXP 	polygon_3: autoDraw = True
147.5893 	EXP 	image_2: autoDraw = True
150.5754 	EXP 	New trial (rep=0, index=4): OrderedDict([('current_image', 'practice_images/paired_image_15_1.png'), ('trial_index', 4), ('is_blank_trial', 0)])
150.5888 	EXP 	image_2: autoDraw = False
150.5888 	EXP 	polygon_3: autoDraw = False
150.5888 	EXP 	image_2: autoDraw = False
150.5888 	EXP 	polygon_3: autoDraw = False
150.5888 	EXP 	polygon_4: autoDraw = False
150.5888 	EXP 	image_2: image = 'practice_images/paired_image_15_1.png'
150.5888 	EXP 	polygon_3: autoDraw = True
151.5911 	EXP 	image_2: autoDraw = True
154.5764 	EXP 	New trial (rep=0, index=5): OrderedDict([('current_image', 'practice_images/paired_image_29_1.png'), ('trial_index', 5), ('is_blank_trial', 0)])
154.5887 	EXP 	image_2: autoDraw = False
154.5887 	EXP 	polygon_3: autoDraw = False
154.5887 	EXP 	image_2: autoDraw = False
154.5887 	EXP 	polygon_3: autoDraw = False
154.5887 	EXP 	polygon_4: autoDraw = False
154.5887 	EXP 	image_2: image = 'practice_images/paired_image_29_1.png'
154.5887 	EXP 	polygon_3: autoDraw = True
155.5906 	EXP 	image_2: autoDraw = True
158.5754 	EXP 	New trial (rep=0, index=6): OrderedDict([('current_image', 'practice_images/paired_image_21_2.png'), ('trial_index', 6), ('is_blank_trial', 0)])
158.5891 	EXP 	image_2: autoDraw = False
158.5891 	EXP 	polygon_3: autoDraw = False
158.5891 	EXP 	image_2: autoDraw = False
158.5891 	EXP 	polygon_3: autoDraw = False
158.5891 	EXP 	polygon_4: autoDraw = False
158.5891 	EXP 	image_2: image = 'practice_images/paired_image_21_2.png'
158.5891 	EXP 	polygon_3: autoDraw = True
159.5913 	EXP 	image_2: autoDraw = True
162.5740 	EXP 	New trial (rep=0, index=7): OrderedDict([('current_image', 'practice_images/paired_image_16_1.png'), ('trial_index', 7), ('is_blank_trial', 0)])
162.5895 	EXP 	image_2: autoDraw = False
162.5895 	EXP 	polygon_3: autoDraw = False
162.5895 	EXP 	image_2: autoDraw = False
162.5895 	EXP 	polygon_3: autoDraw = False
162.5895 	EXP 	polygon_4: autoDraw = False
162.5895 	EXP 	image_2: image = 'practice_images/paired_image_16_1.png'
162.5895 	EXP 	polygon_3: autoDraw = True
163.5914 	EXP 	image_2: autoDraw = True
166.5766 	EXP 	New trial (rep=0, index=8): OrderedDict([('current_image', 'practice_images/paired_image_33_2.png'), ('trial_index', 8), ('is_blank_trial', 0)])
166.5894 	EXP 	image_2: autoDraw = False
166.5894 	EXP 	polygon_3: autoDraw = False
166.5894 	EXP 	image_2: autoDraw = False
166.5894 	EXP 	polygon_3: autoDraw = False
166.5894 	EXP 	polygon_4: autoDraw = False
166.5894 	EXP 	image_2: image = 'practice_images/paired_image_33_2.png'
166.5894 	EXP 	polygon_3: autoDraw = True
167.5897 	EXP 	image_2: autoDraw = True
170.5741 	EXP 	New trial (rep=0, index=9): OrderedDict([('current_image', 'practice_images/paired_image_26_2.png'), ('trial_index', 9), ('is_blank_trial', 0)])
170.5895 	EXP 	image_2: autoDraw = False
170.5895 	EXP 	polygon_3: autoDraw = False
170.5895 	EXP 	image_2: autoDraw = False
170.5895 	EXP 	polygon_3: autoDraw = False
170.5895 	EXP 	polygon_4: autoDraw = False
170.5895 	EXP 	image_2: image = 'practice_images/paired_image_26_2.png'
170.5895 	EXP 	polygon_3: autoDraw = True
171.5899 	EXP 	image_2: autoDraw = True
174.6270 	EXP 	New trial (rep=0, index=10): OrderedDict([('current_image', 'practice_images/blank.jpg'), ('trial_index', 10), ('is_blank_trial', 1)])
174.6423 	EXP 	image_2: autoDraw = False
174.6423 	EXP 	polygon_3: autoDraw = False
174.6423 	EXP 	image_2: autoDraw = False
174.6423 	EXP 	polygon_3: autoDraw = False
174.6423 	EXP 	polygon_4: autoDraw = False
174.6423 	EXP 	image_2: image = 'practice_images/blank.jpg'
174.6423 	EXP 	image_2: autoDraw = False
174.6423 	EXP 	polygon_3: autoDraw = False
174.6423 	EXP 	polygon_4: autoDraw = True
178.6267 	EXP 	New trial (rep=0, index=11): OrderedDict([('current_image', 'practice_images/paired_image_6_1.png'), ('trial_index', 11), ('is_blank_trial', 0)])
178.6427 	EXP 	polygon_4: autoDraw = False
178.6427 	EXP 	polygon_4: autoDraw = False
178.6427 	EXP 	image_2: image = 'practice_images/paired_image_6_1.png'
178.6427 	EXP 	polygon_3: autoDraw = True
179.6428 	EXP 	image_2: autoDraw = True
182.6271 	EXP 	New trial (rep=0, index=12): OrderedDict([('current_image', 'practice_images/paired_image_11_2.png'), ('trial_index', 12), ('is_blank_trial', 0)])
182.6424 	EXP 	image_2: autoDraw = False
182.6424 	EXP 	polygon_3: autoDraw = False
182.6424 	EXP 	image_2: autoDraw = False
182.6424 	EXP 	polygon_3: autoDraw = False
182.6424 	EXP 	polygon_4: autoDraw = False
182.6424 	EXP 	image_2: image = 'practice_images/paired_image_11_2.png'
182.6424 	EXP 	polygon_3: autoDraw = True
183.6428 	EXP 	image_2: autoDraw = True
186.6274 	EXP 	New trial (rep=0, index=13): OrderedDict([('current_image', 'practice_images/paired_image_28_2.png'), ('trial_index', 13), ('is_blank_trial', 0)])
186.6439 	EXP 	image_2: autoDraw = False
186.6439 	EXP 	polygon_3: autoDraw = False
186.6439 	EXP 	image_2: autoDraw = False
186.6439 	EXP 	polygon_3: autoDraw = False
186.6439 	EXP 	polygon_4: autoDraw = False
186.6439 	EXP 	image_2: image = 'practice_images/paired_image_28_2.png'
186.6439 	EXP 	polygon_3: autoDraw = True
187.6430 	EXP 	image_2: autoDraw = True
190.6276 	EXP 	New trial (rep=0, index=14): OrderedDict([('current_image', 'practice_images/paired_image_22_2.png'), ('trial_index', 14), ('is_blank_trial', 0)])
190.6429 	EXP 	image_2: autoDraw = False
190.6429 	EXP 	polygon_3: autoDraw = False
190.6429 	EXP 	image_2: autoDraw = False
190.6429 	EXP 	polygon_3: autoDraw = False
190.6429 	EXP 	polygon_4: autoDraw = False
190.6429 	EXP 	image_2: image = 'practice_images/paired_image_22_2.png'
190.6429 	EXP 	polygon_3: autoDraw = True
191.6432 	EXP 	image_2: autoDraw = True
194.6278 	EXP 	New trial (rep=0, index=15): OrderedDict([('current_image', 'practice_images/paired_image_35_2.png'), ('trial_index', 15), ('is_blank_trial', 0)])
194.6446 	EXP 	image_2: autoDraw = False
194.6446 	EXP 	polygon_3: autoDraw = False
194.6446 	EXP 	image_2: autoDraw = False
194.6446 	EXP 	polygon_3: autoDraw = False
194.6446 	EXP 	polygon_4: autoDraw = False
194.6446 	EXP 	image_2: image = 'practice_images/paired_image_35_2.png'
194.6446 	EXP 	polygon_3: autoDraw = True
195.6432 	EXP 	image_2: autoDraw = True
198.6278 	EXP 	New trial (rep=0, index=16): OrderedDict([('current_image', 'practice_images/paired_image_34_1.png'), ('trial_index', 16), ('is_blank_trial', 0)])
198.6437 	EXP 	image_2: autoDraw = False
198.6437 	EXP 	polygon_3: autoDraw = False
198.6437 	EXP 	image_2: autoDraw = False
198.6437 	EXP 	polygon_3: autoDraw = False
198.6437 	EXP 	polygon_4: autoDraw = False
198.6437 	EXP 	image_2: image = 'practice_images/paired_image_34_1.png'
198.6437 	EXP 	polygon_3: autoDraw = True
199.6434 	EXP 	image_2: autoDraw = True
202.6278 	EXP 	New trial (rep=0, index=17): OrderedDict([('current_image', 'practice_images/paired_image_35_1.png'), ('trial_index', 17), ('is_blank_trial', 0)])
202.6442 	EXP 	image_2: autoDraw = False
202.6442 	EXP 	polygon_3: autoDraw = False
202.6442 	EXP 	image_2: autoDraw = False
202.6442 	EXP 	polygon_3: autoDraw = False
202.6442 	EXP 	polygon_4: autoDraw = False
202.6442 	EXP 	image_2: image = 'practice_images/paired_image_35_1.png'
202.6442 	EXP 	polygon_3: autoDraw = True
203.6434 	EXP 	image_2: autoDraw = True
206.6280 	EXP 	New trial (rep=0, index=18): OrderedDict([('current_image', 'practice_images/paired_image_33_1.png'), ('trial_index', 18), ('is_blank_trial', 0)])
206.6432 	EXP 	image_2: autoDraw = False
206.6432 	EXP 	polygon_3: autoDraw = False
206.6432 	EXP 	image_2: autoDraw = False
206.6432 	EXP 	polygon_3: autoDraw = False
206.6432 	EXP 	polygon_4: autoDraw = False
206.6432 	EXP 	image_2: image = 'practice_images/paired_image_33_1.png'
206.6432 	EXP 	polygon_3: autoDraw = True
207.6435 	EXP 	image_2: autoDraw = True
210.6279 	EXP 	New trial (rep=0, index=19): OrderedDict([('current_image', 'practice_images/paired_image_4_2.png'), ('trial_index', 19), ('is_blank_trial', 0)])
210.6428 	EXP 	image_2: autoDraw = False
210.6428 	EXP 	polygon_3: autoDraw = False
210.6428 	EXP 	image_2: autoDraw = False
210.6428 	EXP 	polygon_3: autoDraw = False
210.6428 	EXP 	polygon_4: autoDraw = False
210.6428 	EXP 	image_2: image = 'practice_images/paired_image_4_2.png'
210.6428 	EXP 	polygon_3: autoDraw = True
211.6436 	EXP 	image_2: autoDraw = True
214.6472 	EXP 	image_2: autoDraw = False
214.6472 	EXP 	polygon_3: autoDraw = False
214.6472 	EXP 	image_2: autoDraw = False
214.6472 	EXP 	polygon_3: autoDraw = False
214.6472 	EXP 	polygon_4: autoDraw = False
214.6472 	EXP 	text_7: height = 0.5000000000000001
214.6472 	EXP 	text_7: height = 0.5000000000000001
214.6472 	EXP 	text_7: height = 0.5000000000000001
214.6472 	EXP 	text_7: text = 'Good job! You finished the practice trials. Press any button to begin the experiment.'
214.6472 	EXP 	text_7: autoDraw = True
251.9371 	DATA 	Keypress: 1
251.9481 	EXP 	text_7: autoDraw = False
251.9481 	EXP 	text_3: autoDraw = True
254.6181 	EXP 	Imported conditions_files/participant1_.csv as conditions, 1152 conditions, 7 params
254.6214 	EXP 	Created sequence: sequential, trialTypes=1152, nReps=1, seed=None
254.6216 	EXP 	New trial (rep=0, index=0): OrderedDict([('current_image', 'images/image_585_seed_1.png'), ('is_repeat', 0), ('trial_index', 0), ('is_blank_trial', 0), ('is_new_run', 0), ('run_num', 0), ('all_blanks_list', [9, 19, 29, 39, 49, 59, 68, 69, 70, 71])])
254.6314 	DATA 	Keypress: equal
254.6379 	EXP 	text_3: autoDraw = False
254.6379 	EXP 	image: image = 'images/image_585_seed_1.png'
254.6379 	EXP 	polygon: autoDraw = True
255.6279 	EXP 	image: autoDraw = True
258.6168 	EXP 	New trial (rep=0, index=1): OrderedDict([('current_image', 'images/image_252_seed_1.png'), ('is_repeat', 0), ('trial_index', 1), ('is_blank_trial', 0), ('is_new_run', 0), ('run_num', 0), ('all_blanks_list', [9, 19, 29, 39, 49, 59, 68, 69, 70, 71])])
258.6343 	EXP 	image: autoDraw = False
258.6343 	EXP 	polygon: autoDraw = False
258.6343 	EXP 	image: autoDraw = False
258.6343 	EXP 	polygon: autoDraw = False
258.6343 	EXP 	polygon_2: autoDraw = False
258.6343 	EXP 	text_5: text = ''
258.6343 	EXP 	text_5: autoDraw = False
258.6343 	EXP 	text_4: autoDraw = False
258.6343 	EXP 	image: image = 'images/image_252_seed_1.png'
258.6343 	EXP 	polygon: autoDraw = True
259.6281 	EXP 	image: autoDraw = True
262.6234 	EXP 	New trial (rep=0, index=2): OrderedDict([('current_image', 'images/image_118_seed_1.png'), ('is_repeat', 0), ('trial_index', 2), ('is_blank_trial', 0), ('is_new_run', 0), ('run_num', 0), ('all_blanks_list', [9, 19, 29, 39, 49, 59, 68, 69, 70, 71])])
262.6371 	EXP 	image: autoDraw = False
262.6371 	EXP 	polygon: autoDraw = False
262.6371 	EXP 	image: autoDraw = False
262.6371 	EXP 	polygon: autoDraw = False
262.6371 	EXP 	polygon_2: autoDraw = False
262.6371 	EXP 	text_5: height = 0.5000000000000001
262.6371 	EXP 	text_5: height = 0.5000000000000001
262.6371 	EXP 	text_5: height = 0.5000000000000001
262.6371 	EXP 	text_5: text = 'Good job! You succesfully responded to 0 out of 1 trials. Your performance score is now 0.0. Please press any button when you are ready to continue.'
262.6371 	EXP 	text_5: autoDraw = False
262.6371 	EXP 	text_4: autoDraw = False
262.6371 	EXP 	image: image = 'images/image_118_seed_1.png'
262.6371 	EXP 	polygon: autoDraw = True
263.6283 	EXP 	image: autoDraw = True
266.6212 	EXP 	New trial (rep=0, index=3): OrderedDict([('current_image', 'images/image_196_seed_1.png'), ('is_repeat', 0), ('trial_index', 3), ('is_blank_trial', 0), ('is_new_run', 0), ('run_num', 0), ('all_blanks_list', [9, 19, 29, 39, 49, 59, 68, 69, 70, 71])])
266.6330 	EXP 	image: autoDraw = False
266.6330 	EXP 	polygon: autoDraw = False
266.6330 	EXP 	image: autoDraw = False
266.6330 	EXP 	polygon: autoDraw = False
266.6330 	EXP 	polygon_2: autoDraw = False
266.6330 	EXP 	text_5: height = 0.5000000000000001
266.6330 	EXP 	text_5: height = 0.5000000000000001
266.6330 	EXP 	text_5: height = 0.5000000000000001
266.6330 	EXP 	text_5: text = 'Good job! You succesfully responded to 0 out of 2 trials. Your performance score is now 0.0. Please press any button when you are ready to continue.'
266.6330 	EXP 	text_5: autoDraw = False
266.6330 	EXP 	text_4: autoDraw = False
266.6330 	EXP 	image: image = 'images/image_196_seed_1.png'
266.6330 	EXP 	polygon: autoDraw = True
267.6280 	EXP 	image: autoDraw = True
270.6212 	EXP 	New trial (rep=0, index=4): OrderedDict([('current_image', 'images/image_10_seed_1.png'), ('is_repeat', 0), ('trial_index', 4), ('is_blank_trial', 0), ('is_new_run', 0), ('run_num', 0), ('all_blanks_list', [9, 19, 29, 39, 49, 59, 68, 69, 70, 71])])
270.6337 	EXP 	image: autoDraw = False
270.6337 	EXP 	polygon: autoDraw = False
270.6337 	EXP 	image: autoDraw = False
270.6337 	EXP 	polygon: autoDraw = False
270.6337 	EXP 	polygon_2: autoDraw = False
270.6337 	EXP 	text_5: height = 0.5000000000000001
270.6337 	EXP 	text_5: height = 0.5000000000000001
270.6337 	EXP 	text_5: height = 0.5000000000000001
270.6337 	EXP 	text_5: text = 'Good job! You succesfully responded to 0 out of 3 trials. Your performance score is now 0.0. Please press any button when you are ready to continue.'
270.6337 	EXP 	text_5: autoDraw = False
270.6337 	EXP 	text_4: autoDraw = False
270.6337 	EXP 	image: image = 'images/image_10_seed_1.png'
270.6337 	EXP 	polygon: autoDraw = True
271.6281 	EXP 	image: autoDraw = True
274.6210 	EXP 	New trial (rep=0, index=5): OrderedDict([('current_image', 'images/image_318_seed_1.png'), ('is_repeat', 0), ('trial_index', 5), ('is_blank_trial', 0), ('is_new_run', 0), ('run_num', 0), ('all_blanks_list', [9, 19, 29, 39, 49, 59, 68, 69, 70, 71])])
274.6334 	EXP 	image: autoDraw = False
274.6334 	EXP 	polygon: autoDraw = False
274.6334 	EXP 	image: autoDraw = False
274.6334 	EXP 	polygon: autoDraw = False
274.6334 	EXP 	polygon_2: autoDraw = False
274.6334 	EXP 	text_5: height = 0.5000000000000001
274.6334 	EXP 	text_5: height = 0.5000000000000001
274.6334 	EXP 	text_5: height = 0.5000000000000001
274.6334 	EXP 	text_5: text = 'Good job! You succesfully responded to 0 out of 4 trials. Your performance score is now 0.0. Please press any button when you are ready to continue.'
274.6334 	EXP 	text_5: autoDraw = False
274.6334 	EXP 	text_4: autoDraw = False
274.6334 	EXP 	image: image = 'images/image_318_seed_1.png'
274.6334 	EXP 	polygon: autoDraw = True
275.6280 	EXP 	image: autoDraw = True
278.6215 	EXP 	New trial (rep=0, index=6): OrderedDict([('current_image', 'images/image_719_seed_1.png'), ('is_repeat', 0), ('trial_index', 6), ('is_blank_trial', 0), ('is_new_run', 0), ('run_num', 0), ('all_blanks_list', [9, 19, 29, 39, 49, 59, 68, 69, 70, 71])])
278.6335 	EXP 	image: autoDraw = False
278.6335 	EXP 	polygon: autoDraw = False
278.6335 	EXP 	image: autoDraw = False
278.6335 	EXP 	polygon: autoDraw = False
278.6335 	EXP 	polygon_2: autoDraw = False
278.6335 	EXP 	text_5: height = 0.5000000000000001
278.6335 	EXP 	text_5: height = 0.5000000000000001
278.6335 	EXP 	text_5: height = 0.5000000000000001
278.6335 	EXP 	text_5: text = 'Good job! You succesfully responded to 0 out of 5 trials. Your performance score is now 0.0. Please press any button when you are ready to continue.'
278.6335 	EXP 	text_5: autoDraw = False
278.6335 	EXP 	text_4: autoDraw = False
278.6335 	EXP 	image: image = 'images/image_719_seed_1.png'
278.6335 	EXP 	polygon: autoDraw = True
279.6281 	EXP 	image: autoDraw = True
282.6212 	EXP 	New trial (rep=0, index=7): OrderedDict([('current_image', 'images/image_253_seed_1.png'), ('is_repeat', 0), ('trial_index', 7), ('is_blank_trial', 0), ('is_new_run', 0), ('run_num', 0), ('all_blanks_list', [9, 19, 29, 39, 49, 59, 68, 69, 70, 71])])
282.6333 	EXP 	image: autoDraw = False
282.6333 	EXP 	polygon: autoDraw = False
282.6333 	EXP 	image: autoDraw = False
282.6333 	EXP 	polygon: autoDraw = False
282.6333 	EXP 	polygon_2: autoDraw = False
282.6333 	EXP 	text_5: height = 0.5000000000000001
282.6333 	EXP 	text_5: height = 0.5000000000000001
282.6333 	EXP 	text_5: height = 0.5000000000000001
282.6333 	EXP 	text_5: text = 'Good job! You succesfully responded to 0 out of 6 trials. Your performance score is now 0.0. Please press any button when you are ready to continue.'
282.6333 	EXP 	text_5: autoDraw = False
282.6333 	EXP 	text_4: autoDraw = False
282.6333 	EXP 	image: image = 'images/image_253_seed_1.png'
282.6333 	EXP 	polygon: autoDraw = True
283.6282 	EXP 	image: autoDraw = True
286.6225 	EXP 	New trial (rep=0, index=8): OrderedDict([('current_image', 'images/image_458_seed_1.png'), ('is_repeat', 0), ('trial_index', 8), ('is_blank_trial', 0), ('is_new_run', 0), ('run_num', 0), ('all_blanks_list', [9, 19, 29, 39, 49, 59, 68, 69, 70, 71])])
286.6350 	EXP 	image: autoDraw = False
286.6350 	EXP 	polygon: autoDraw = False
286.6350 	EXP 	image: autoDraw = False
286.6350 	EXP 	polygon: autoDraw = False
286.6350 	EXP 	polygon_2: autoDraw = False
286.6350 	EXP 	text_5: height = 0.5000000000000001
286.6350 	EXP 	text_5: height = 0.5000000000000001
286.6350 	EXP 	text_5: height = 0.5000000000000001
286.6350 	EXP 	text_5: text = 'Good job! You succesfully responded to 0 out of 7 trials. Your performance score is now 0.0. Please press any button when you are ready to continue.'
286.6350 	EXP 	text_5: autoDraw = False
286.6350 	EXP 	text_4: autoDraw = False
286.6350 	EXP 	image: image = 'images/image_458_seed_1.png'
286.6350 	EXP 	polygon: autoDraw = True
287.6284 	EXP 	image: autoDraw = True
290.6215 	EXP 	New trial (rep=0, index=9): OrderedDict([('current_image', 'images/blank.jpg'), ('is_repeat', 0), ('trial_index', 9), ('is_blank_trial', 1), ('is_new_run', 0), ('run_num', 0), ('all_blanks_list', [9, 19, 29, 39, 49, 59, 68, 69, 70, 71])])
290.6350 	EXP 	image: autoDraw = False
290.6350 	EXP 	polygon: autoDraw = False
290.6350 	EXP 	image: autoDraw = False
290.6350 	EXP 	polygon: autoDraw = False
290.6350 	EXP 	polygon_2: autoDraw = False
290.6350 	EXP 	text_5: height = 0.5000000000000001
290.6350 	EXP 	text_5: height = 0.5000000000000001
290.6350 	EXP 	text_5: height = 0.5000000000000001
290.6350 	EXP 	text_5: text = 'Good job! You succesfully responded to 0 out of 8 trials. Your performance score is now 0.0. Please press any button when you are ready to continue.'
290.6350 	EXP 	text_5: autoDraw = False
290.6350 	EXP 	text_4: autoDraw = False
290.6350 	EXP 	image: image = 'images/blank.jpg'
290.6350 	EXP 	image: autoDraw = False
290.6350 	EXP 	polygon: autoDraw = False
290.6350 	EXP 	polygon_2: autoDraw = True
294.6212 	EXP 	New trial (rep=0, index=10): OrderedDict([('current_image', 'images/image_545_seed_1.png'), ('is_repeat', 0), ('trial_index', 10), ('is_blank_trial', 0), ('is_new_run', 0), ('run_num', 0), ('all_blanks_list', [9, 19, 29, 39, 49, 59, 68, 69, 70, 71])])
294.6337 	EXP 	polygon_2: autoDraw = False
294.6337 	EXP 	polygon_2: autoDraw = False
294.6337 	EXP 	text_5: height = 0.5000000000000001
294.6337 	EXP 	text_5: height = 0.5000000000000001
294.6337 	EXP 	text_5: height = 0.5000000000000001
294.6337 	EXP 	text_5: text = 'Good job! You succesfully responded to 0 out of 9 trials. Your performance score is now 0.0. Please press any button when you are ready to continue.'
294.6337 	EXP 	text_5: autoDraw = False
294.6337 	EXP 	text_4: autoDraw = False
294.6337 	EXP 	image: image = 'images/image_545_seed_1.png'
294.6337 	EXP 	polygon: autoDraw = True
295.6284 	EXP 	image: autoDraw = True
298.6134 	EXP 	New trial (rep=0, index=11): OrderedDict([('current_image', 'images/image_571_seed_1.png'), ('is_repeat', 0), ('trial_index', 11), ('is_blank_trial', 0), ('is_new_run', 0), ('run_num', 0), ('all_blanks_list', [9, 19, 29, 39, 49, 59, 68, 69, 70, 71])])
298.6282 	EXP 	image: autoDraw = False
298.6282 	EXP 	polygon: autoDraw = False
298.6282 	EXP 	image: autoDraw = False
298.6282 	EXP 	polygon: autoDraw = False
298.6282 	EXP 	polygon_2: autoDraw = False
298.6282 	EXP 	text_5: text = 'Good job! You succesfully responded to 0 out of 9 trials. Your performance score is now 0.0. Please press any button when you are ready to continue.'
298.6282 	EXP 	text_5: autoDraw = False
298.6282 	EXP 	text_4: autoDraw = False
298.6282 	EXP 	image: image = 'images/image_571_seed_1.png'
298.6282 	EXP 	polygon: autoDraw = True
299.6286 	EXP 	image: autoDraw = True
302.6216 	EXP 	New trial (rep=0, index=12): OrderedDict([('current_image', 'images/image_687_seed_1.png'), ('is_repeat', 0), ('trial_index', 12), ('is_blank_trial', 0), ('is_new_run', 0), ('run_num', 0), ('all_blanks_list', [9, 19, 29, 39, 49, 59, 68, 69, 70, 71])])
302.6339 	EXP 	image: autoDraw = False
302.6339 	EXP 	polygon: autoDraw = False
302.6339 	EXP 	image: autoDraw = False
302.6339 	EXP 	polygon: autoDraw = False
302.6339 	EXP 	polygon_2: autoDraw = False
302.6339 	EXP 	text_5: height = 0.5000000000000001
302.6339 	EXP 	text_5: height = 0.5000000000000001
302.6339 	EXP 	text_5: height = 0.5000000000000001
302.6339 	EXP 	text_5: text = 'Good job! You succesfully responded to 0 out of 10 trials. Your performance score is now 0.0. Please press any button when you are ready to continue.'
302.6339 	EXP 	text_5: autoDraw = False
302.6339 	EXP 	text_4: autoDraw = False
302.6339 	EXP 	image: image = 'images/image_687_seed_1.png'
302.6339 	EXP 	polygon: autoDraw = True
303.6289 	EXP 	image: autoDraw = True
306.6211 	EXP 	New trial (rep=0, index=13): OrderedDict([('current_image', 'images/image_276_seed_1.png'), ('is_repeat', 0), ('trial_index', 13), ('is_blank_trial', 0), ('is_new_run', 0), ('run_num', 0), ('all_blanks_list', [9, 19, 29, 39, 49, 59, 68, 69, 70, 71])])
306.6344 	EXP 	image: autoDraw = False
306.6344 	EXP 	polygon: autoDraw = False
306.6344 	EXP 	image: autoDraw = False
306.6344 	EXP 	polygon: autoDraw = False
306.6344 	EXP 	polygon_2: autoDraw = False
306.6344 	EXP 	text_5: height = 0.5000000000000001
306.6344 	EXP 	text_5: height = 0.5000000000000001
306.6344 	EXP 	text_5: height = 0.5000000000000001
306.6344 	EXP 	text_5: text = 'Good job! You succesfully responded to 0 out of 11 trials. Your performance score is now 0.0. Please press any button when you are ready to continue.'
306.6344 	EXP 	text_5: autoDraw = False
306.6344 	EXP 	text_4: autoDraw = False
306.6344 	EXP 	image: image = 'images/image_276_seed_1.png'
306.6344 	EXP 	polygon: autoDraw = True
307.6288 	EXP 	image: autoDraw = True
310.6211 	EXP 	New trial (rep=0, index=14): OrderedDict([('current_image', 'images/image_438_seed_1.png'), ('is_repeat', 0), ('trial_index', 14), ('is_blank_trial', 0), ('is_new_run', 0), ('run_num', 0), ('all_blanks_list', [9, 19, 29, 39, 49, 59, 68, 69, 70, 71])])
310.6350 	EXP 	image: autoDraw = False
310.6350 	EXP 	polygon: autoDraw = False
310.6350 	EXP 	image: autoDraw = False
310.6350 	EXP 	polygon: autoDraw = False
310.6350 	EXP 	polygon_2: autoDraw = False
310.6350 	EXP 	text_5: height = 0.5000000000000001
310.6350 	EXP 	text_5: height = 0.5000000000000001
310.6350 	EXP 	text_5: height = 0.5000000000000001
310.6350 	EXP 	text_5: text = 'Good job! You succesfully responded to 0 out of 12 trials. Your performance score is now 0.0. Please press any button when you are ready to continue.'
310.6350 	EXP 	text_5: autoDraw = False
310.6350 	EXP 	text_4: autoDraw = False
310.6350 	EXP 	image: image = 'images/image_438_seed_1.png'
310.6350 	EXP 	polygon: autoDraw = True
311.6295 	EXP 	image: autoDraw = True
314.6219 	EXP 	New trial (rep=0, index=15): OrderedDict([('current_image', 'images/image_611_seed_1.png'), ('is_repeat', 0), ('trial_index', 15), ('is_blank_trial', 0), ('is_new_run', 0), ('run_num', 0), ('all_blanks_list', [9, 19, 29, 39, 49, 59, 68, 69, 70, 71])])
314.6349 	EXP 	image: autoDraw = False
314.6349 	EXP 	polygon: autoDraw = False
314.6349 	EXP 	image: autoDraw = False
314.6349 	EXP 	polygon: autoDraw = False
314.6349 	EXP 	polygon_2: autoDraw = False
314.6349 	EXP 	text_5: height = 0.5000000000000001
314.6349 	EXP 	text_5: height = 0.5000000000000001
314.6349 	EXP 	text_5: height = 0.5000000000000001
314.6349 	EXP 	text_5: text = 'Good job! You succesfully responded to 0 out of 13 trials. Your performance score is now 0.0. Please press any button when you are ready to continue.'
314.6349 	EXP 	text_5: autoDraw = False
314.6349 	EXP 	text_4: autoDraw = False
314.6349 	EXP 	image: image = 'images/image_611_seed_1.png'
314.6349 	EXP 	polygon: autoDraw = True
315.6294 	EXP 	image: autoDraw = True
318.6224 	EXP 	New trial (rep=0, index=16): OrderedDict([('current_image', 'images/image_615_seed_1.png'), ('is_repeat', 0), ('trial_index', 16), ('is_blank_trial', 0), ('is_new_run', 0), ('run_num', 0), ('all_blanks_list', [9, 19, 29, 39, 49, 59, 68, 69, 70, 71])])
318.6356 	EXP 	image: autoDraw = False
318.6356 	EXP 	polygon: autoDraw = False
318.6356 	EXP 	image: autoDraw = False
318.6356 	EXP 	polygon: autoDraw = False
318.6356 	EXP 	polygon_2: autoDraw = False
318.6356 	EXP 	text_5: height = 0.5000000000000001
318.6356 	EXP 	text_5: height = 0.5000000000000001
318.6356 	EXP 	text_5: height = 0.5000000000000001
318.6356 	EXP 	text_5: text = 'Good job! You succesfully responded to 0 out of 14 trials. Your performance score is now 0.0. Please press any button when you are ready to continue.'
318.6356 	EXP 	text_5: autoDraw = False
318.6356 	EXP 	text_4: autoDraw = False
318.6356 	EXP 	image: image = 'images/image_615_seed_1.png'
318.6356 	EXP 	polygon: autoDraw = True
319.6296 	EXP 	image: autoDraw = True
322.6230 	EXP 	New trial (rep=0, index=17): OrderedDict([('current_image', 'images/image_256_seed_1.png'), ('is_repeat', 0), ('trial_index', 17), ('is_blank_trial', 0), ('is_new_run', 0), ('run_num', 0), ('all_blanks_list', [9, 19, 29, 39, 49, 59, 68, 69, 70, 71])])
322.6360 	EXP 	image: autoDraw = False
322.6360 	EXP 	polygon: autoDraw = False
322.6360 	EXP 	image: autoDraw = False
322.6360 	EXP 	polygon: autoDraw = False
322.6360 	EXP 	polygon_2: autoDraw = False
322.6360 	EXP 	text_5: height = 0.5000000000000001
322.6360 	EXP 	text_5: height = 0.5000000000000001
322.6360 	EXP 	text_5: height = 0.5000000000000001
322.6360 	EXP 	text_5: text = 'Good job! You succesfully responded to 0 out of 15 trials. Your performance score is now 0.0. Please press any button when you are ready to continue.'
322.6360 	EXP 	text_5: autoDraw = False
322.6360 	EXP 	text_4: autoDraw = False
322.6360 	EXP 	image: image = 'images/image_256_seed_1.png'
322.6360 	EXP 	polygon: autoDraw = True
323.6295 	EXP 	image: autoDraw = True
326.6220 	EXP 	New trial (rep=0, index=18): OrderedDict([('current_image', 'images/image_210_seed_1.png'), ('is_repeat', 0), ('trial_index', 18), ('is_blank_trial', 0), ('is_new_run', 0), ('run_num', 0), ('all_blanks_list', [9, 19, 29, 39, 49, 59, 68, 69, 70, 71])])
326.6357 	EXP 	image: autoDraw = False
326.6357 	EXP 	polygon: autoDraw = False
326.6357 	EXP 	image: autoDraw = False
326.6357 	EXP 	polygon: autoDraw = False
326.6357 	EXP 	polygon_2: autoDraw = False
326.6357 	EXP 	text_5: height = 0.5000000000000001
326.6357 	EXP 	text_5: height = 0.5000000000000001
326.6357 	EXP 	text_5: height = 0.5000000000000001
326.6357 	EXP 	text_5: text = 'Good job! You succesfully responded to 0 out of 16 trials. Your performance score is now 0.0. Please press any button when you are ready to continue.'
326.6357 	EXP 	text_5: autoDraw = False
326.6357 	EXP 	text_4: autoDraw = False
326.6357 	EXP 	image: image = 'images/image_210_seed_1.png'
326.6357 	EXP 	polygon: autoDraw = True
327.6293 	EXP 	image: autoDraw = True
330.6218 	EXP 	New trial (rep=0, index=19): OrderedDict([('current_image', 'images/blank.jpg'), ('is_repeat', 0), ('trial_index', 19), ('is_blank_trial', 1), ('is_new_run', 0), ('run_num', 0), ('all_blanks_list', [9, 19, 29, 39, 49, 59, 68, 69, 70, 71])])
330.6347 	EXP 	image: autoDraw = False
330.6347 	EXP 	polygon: autoDraw = False
330.6347 	EXP 	image: autoDraw = False
330.6347 	EXP 	polygon: autoDraw = False
330.6347 	EXP 	polygon_2: autoDraw = False
330.6347 	EXP 	text_5: height = 0.5000000000000001
330.6347 	EXP 	text_5: height = 0.5000000000000001
330.6347 	EXP 	text_5: height = 0.5000000000000001
330.6347 	EXP 	text_5: text = 'Good job! You succesfully responded to 0 out of 17 trials. Your performance score is now 0.0. Please press any button when you are ready to continue.'
330.6347 	EXP 	text_5: autoDraw = False
330.6347 	EXP 	text_4: autoDraw = False
330.6347 	EXP 	image: image = 'images/blank.jpg'
330.6347 	EXP 	image: autoDraw = False
330.6347 	EXP 	polygon: autoDraw = False
330.6347 	EXP 	polygon_2: autoDraw = True
334.6213 	EXP 	New trial (rep=0, index=20): OrderedDict([('current_image', 'images/image_372_seed_1.png'), ('is_repeat', 0), ('trial_index', 20), ('is_blank_trial', 0), ('is_new_run', 0), ('run_num', 0), ('all_blanks_list', [9, 19, 29, 39, 49, 59, 68, 69, 70, 71])])
334.6351 	EXP 	polygon_2: autoDraw = False
334.6351 	EXP 	polygon_2: autoDraw = False
334.6351 	EXP 	text_5: height = 0.5000000000000001
334.6351 	EXP 	text_5: height = 0.5000000000000001
334.6351 	EXP 	text_5: height = 0.5000000000000001
334.6351 	EXP 	text_5: text = 'Good job! You succesfully responded to 0 out of 18 trials. Your performance score is now 0.0. Please press any button when you are ready to continue.'
334.6351 	EXP 	text_5: autoDraw = False
334.6351 	EXP 	text_4: autoDraw = False
334.6351 	EXP 	image: image = 'images/image_372_seed_1.png'
334.6351 	EXP 	polygon: autoDraw = True
335.6294 	EXP 	image: autoDraw = True
338.6144 	EXP 	New trial (rep=0, index=21): OrderedDict([('current_image', 'images/image_444_seed_1.png'), ('is_repeat', 0), ('trial_index', 21), ('is_blank_trial', 0), ('is_new_run', 0), ('run_num', 0), ('all_blanks_list', [9, 19, 29, 39, 49, 59, 68, 69, 70, 71])])
338.6292 	EXP 	image: autoDraw = False
338.6292 	EXP 	polygon: autoDraw = False
338.6292 	EXP 	image: autoDraw = False
338.6292 	EXP 	polygon: autoDraw = False
338.6292 	EXP 	polygon_2: autoDraw = False
338.6292 	EXP 	text_5: text = 'Good job! You succesfully responded to 0 out of 18 trials. Your performance score is now 0.0. Please press any button when you are ready to continue.'
338.6292 	EXP 	text_5: autoDraw = False
338.6292 	EXP 	text_4: autoDraw = False
338.6292 	EXP 	image: image = 'images/image_444_seed_1.png'
338.6292 	EXP 	polygon: autoDraw = True
339.6294 	EXP 	image: autoDraw = True
342.6207 	EXP 	New trial (rep=0, index=22): OrderedDict([('current_image', 'images/image_564_seed_1.png'), ('is_repeat', 0), ('trial_index', 22), ('is_blank_trial', 0), ('is_new_run', 0), ('run_num', 0), ('all_blanks_list', [9, 19, 29, 39, 49, 59, 68, 69, 70, 71])])
342.6350 	EXP 	image: autoDraw = False
342.6350 	EXP 	polygon: autoDraw = False
342.6350 	EXP 	image: autoDraw = False
342.6350 	EXP 	polygon: autoDraw = False
342.6350 	EXP 	polygon_2: autoDraw = False
342.6350 	EXP 	text_5: height = 0.5000000000000001
342.6350 	EXP 	text_5: height = 0.5000000000000001
342.6350 	EXP 	text_5: height = 0.5000000000000001
342.6350 	EXP 	text_5: text = 'Good job! You succesfully responded to 0 out of 19 trials. Your performance score is now 0.0. Please press any button when you are ready to continue.'
342.6350 	EXP 	text_5: autoDraw = False
342.6350 	EXP 	text_4: autoDraw = False
342.6350 	EXP 	image: image = 'images/image_564_seed_1.png'
342.6350 	EXP 	polygon: autoDraw = True
343.6298 	EXP 	image: autoDraw = True
346.6222 	EXP 	New trial (rep=0, index=23): OrderedDict([('current_image', 'images/image_105_seed_1.png'), ('is_repeat', 0), ('trial_index', 23), ('is_blank_trial', 0), ('is_new_run', 0), ('run_num', 0), ('all_blanks_list', [9, 19, 29, 39, 49, 59, 68, 69, 70, 71])])
346.6351 	EXP 	image: autoDraw = False
346.6351 	EXP 	polygon: autoDraw = False
346.6351 	EXP 	image: autoDraw = False
346.6351 	EXP 	polygon: autoDraw = False
346.6351 	EXP 	polygon_2: autoDraw = False
346.6351 	EXP 	text_5: height = 0.5000000000000001
346.6351 	EXP 	text_5: height = 0.5000000000000001
346.6351 	EXP 	text_5: height = 0.5000000000000001
346.6351 	EXP 	text_5: text = 'Good job! You succesfully responded to 0 out of 20 trials. Your performance score is now 0.0. Please press any button when you are ready to continue.'
346.6351 	EXP 	text_5: autoDraw = False
346.6351 	EXP 	text_4: autoDraw = False
346.6351 	EXP 	image: image = 'images/image_105_seed_1.png'
346.6351 	EXP 	polygon: autoDraw = True
347.6300 	EXP 	image: autoDraw = True
350.6222 	EXP 	New trial (rep=0, index=24): OrderedDict([('current_image', 'images/image_422_seed_1.png'), ('is_repeat', 0), ('trial_index', 24), ('is_blank_trial', 0), ('is_new_run', 0), ('run_num', 0), ('all_blanks_list', [9, 19, 29, 39, 49, 59, 68, 69, 70, 71])])
350.6349 	EXP 	image: autoDraw = False
350.6349 	EXP 	polygon: autoDraw = False
350.6349 	EXP 	image: autoDraw = False
350.6349 	EXP 	polygon: autoDraw = False
350.6349 	EXP 	polygon_2: autoDraw = False
350.6349 	EXP 	text_5: height = 0.5000000000000001
350.6349 	EXP 	text_5: height = 0.5000000000000001
350.6349 	EXP 	text_5: height = 0.5000000000000001
350.6349 	EXP 	text_5: text = 'Good job! You succesfully responded to 0 out of 21 trials. Your performance score is now 0.0. Please press any button when you are ready to continue.'
350.6349 	EXP 	text_5: autoDraw = False
350.6349 	EXP 	text_4: autoDraw = False
350.6349 	EXP 	image: image = 'images/image_422_seed_1.png'
350.6349 	EXP 	polygon: autoDraw = True
351.6299 	EXP 	image: autoDraw = True
354.6222 	EXP 	New trial (rep=0, index=25): OrderedDict([('current_image', 'images/image_3_seed_1.png'), ('is_repeat', 0), ('trial_index', 25), ('is_blank_trial', 0), ('is_new_run', 0), ('run_num', 0), ('all_blanks_list', [9, 19, 29, 39, 49, 59, 68, 69, 70, 71])])
354.6352 	EXP 	image: autoDraw = False
354.6352 	EXP 	polygon: autoDraw = False
354.6352 	EXP 	image: autoDraw = False
354.6352 	EXP 	polygon: autoDraw = False
354.6352 	EXP 	polygon_2: autoDraw = False
354.6352 	EXP 	text_5: height = 0.5000000000000001
354.6352 	EXP 	text_5: height = 0.5000000000000001
354.6352 	EXP 	text_5: height = 0.5000000000000001
354.6352 	EXP 	text_5: text = 'Good job! You succesfully responded to 0 out of 22 trials. Your performance score is now 0.0. Please press any button when you are ready to continue.'
354.6352 	EXP 	text_5: autoDraw = False
354.6352 	EXP 	text_4: autoDraw = False
354.6352 	EXP 	image: image = 'images/image_3_seed_1.png'
354.6352 	EXP 	polygon: autoDraw = True
355.6300 	EXP 	image: autoDraw = True
358.6221 	EXP 	New trial (rep=0, index=26): OrderedDict([('current_image', 'images/image_608_seed_1.png'), ('is_repeat', 0), ('trial_index', 26), ('is_blank_trial', 0), ('is_new_run', 0), ('run_num', 0), ('all_blanks_list', [9, 19, 29, 39, 49, 59, 68, 69, 70, 71])])
358.6355 	EXP 	image: autoDraw = False
358.6355 	EXP 	polygon: autoDraw = False
358.6355 	EXP 	image: autoDraw = False
358.6355 	EXP 	polygon: autoDraw = False
358.6355 	EXP 	polygon_2: autoDraw = False
358.6355 	EXP 	text_5: height = 0.5000000000000001
358.6355 	EXP 	text_5: height = 0.5000000000000001
358.6355 	EXP 	text_5: height = 0.5000000000000001
358.6355 	EXP 	text_5: text = 'Good job! You succesfully responded to 0 out of 23 trials. Your performance score is now 0.0. Please press any button when you are ready to continue.'
358.6355 	EXP 	text_5: autoDraw = False
358.6355 	EXP 	text_4: autoDraw = False
358.6355 	EXP 	image: image = 'images/image_608_seed_1.png'
358.6355 	EXP 	polygon: autoDraw = True
359.6301 	EXP 	image: autoDraw = True
362.6236 	EXP 	New trial (rep=0, index=27): OrderedDict([('current_image', 'images/image_326_seed_1.png'), ('is_repeat', 0), ('trial_index', 27), ('is_blank_trial', 0), ('is_new_run', 0), ('run_num', 0), ('all_blanks_list', [9, 19, 29, 39, 49, 59, 68, 69, 70, 71])])
362.6364 	EXP 	image: autoDraw = False
362.6364 	EXP 	polygon: autoDraw = False
362.6364 	EXP 	image: autoDraw = False
362.6364 	EXP 	polygon: autoDraw = False
362.6364 	EXP 	polygon_2: autoDraw = False
362.6364 	EXP 	text_5: height = 0.5000000000000001
362.6364 	EXP 	text_5: height = 0.5000000000000001
362.6364 	EXP 	text_5: height = 0.5000000000000001
362.6364 	EXP 	text_5: text = 'Good job! You succesfully responded to 0 out of 24 trials. Your performance score is now 0.0. Please press any button when you are ready to continue.'
362.6364 	EXP 	text_5: autoDraw = False
362.6364 	EXP 	text_4: autoDraw = False
362.6364 	EXP 	image: image = 'images/image_326_seed_1.png'
362.6364 	EXP 	polygon: autoDraw = True
363.6298 	EXP 	image: autoDraw = True
366.6237 	EXP 	New trial (rep=0, index=28): OrderedDict([('current_image', 'images/image_514_seed_1.png'), ('is_repeat', 0), ('trial_index', 28), ('is_blank_trial', 0), ('is_new_run', 0), ('run_num', 0), ('all_blanks_list', [9, 19, 29, 39, 49, 59, 68, 69, 70, 71])])
366.6370 	EXP 	image: autoDraw = False
366.6370 	EXP 	polygon: autoDraw = False
366.6370 	EXP 	image: autoDraw = False
366.6370 	EXP 	polygon: autoDraw = False
366.6370 	EXP 	polygon_2: autoDraw = False
366.6370 	EXP 	text_5: height = 0.5000000000000001
366.6370 	EXP 	text_5: height = 0.5000000000000001
366.6370 	EXP 	text_5: height = 0.5000000000000001
366.6370 	EXP 	text_5: text = 'Good job! You succesfully responded to 0 out of 25 trials. Your performance score is now 0.0. Please press any button when you are ready to continue.'
366.6370 	EXP 	text_5: autoDraw = False
366.6370 	EXP 	text_4: autoDraw = False
366.6370 	EXP 	image: image = 'images/image_514_seed_1.png'
366.6370 	EXP 	polygon: autoDraw = True
367.6307 	EXP 	image: autoDraw = True
370.6237 	EXP 	New trial (rep=0, index=29): OrderedDict([('current_image', 'images/blank.jpg'), ('is_repeat', 0), ('trial_index', 29), ('is_blank_trial', 1), ('is_new_run', 0), ('run_num', 0), ('all_blanks_list', [9, 19, 29, 39, 49, 59, 68, 69, 70, 71])])
370.6366 	EXP 	image: autoDraw = False
370.6366 	EXP 	polygon: autoDraw = False
370.6366 	EXP 	image: autoDraw = False
370.6366 	EXP 	polygon: autoDraw = False
370.6366 	EXP 	polygon_2: autoDraw = False
370.6366 	EXP 	text_5: height = 0.5000000000000001
370.6366 	EXP 	text_5: height = 0.5000000000000001
370.6366 	EXP 	text_5: height = 0.5000000000000001
370.6366 	EXP 	text_5: text = 'Good job! You succesfully responded to 0 out of 26 trials. Your performance score is now 0.0. Please press any button when you are ready to continue.'
370.6366 	EXP 	text_5: autoDraw = False
370.6366 	EXP 	text_4: autoDraw = False
370.6366 	EXP 	image: image = 'images/blank.jpg'
370.6366 	EXP 	image: autoDraw = False
370.6366 	EXP 	polygon: autoDraw = False
370.6366 	EXP 	polygon_2: autoDraw = True
374.2192 	DATA 	Keypress: escape
374.2971 	EXP 	replicate_nsd: status = STOPPED
374.3140 	EXP 	polygon_2: autoDraw = False
374.3140 	EXP 	replicate_nsd: status = STOPPED
374.9116 	EXP 	window1: mouseVisible = True
