7.5809 	EXP 	Created window1 = Window(allowGUI=True, allowStencil=False, autoLog=True, backendConf=UNKNOWN, backgroundFit=<method-wrapper '__getattribute__' of attributeSetter object at 0x7f92704bf220>, backgroundImage=<method-wrapper '__getattribute__' of attributeSetter object at 0x7f92704bf1c0>, bitsMode=UNKNOWN, blendMode='avg', bpc=(8, 8, 8), color=array([0, 0, 0]), colorSpace='rgb', depthBits=8, fullscr=<method-wrapper '__getattribute__' of attributeSetter object at 0x7f927045cb50>, gamma=None, gammaErrorPolicy='raise', lms=UNKNOWN, monitor=<psychopy.monitors.calibTools.Monitor object at 0x7f92705dbd90>, multiSample=False, name='window1', numSamples=2, pos=[448.0, 280.0], screen=0, size=array([3584, 2240]), stencilBits=0, stereo=False, title='PsychoPy', units='deg', useFBO=True, useRetina=True, viewOri=0.0, viewPos=None, viewScale=None, waitBlanking=True, winType='pyglet')
7.5810 	EXP 	window1: mouseVisible = True
7.5810 	EXP 	window1: backgroundImage = ''
7.5810 	EXP 	window1: backgroundFit = 'none'
7.5825 	EXP 	window1: Attempting to measure frame rate of screen (0) ...
7.5825 	EXP 	window1: recordFrameIntervals = False
7.7473 	EXP 	window1: recordFrameIntervals = True
7.9314 	EXP 	Screen (0) actual frame rate measured at 59.85Hz
7.9315 	EXP 	window1: recordFrameIntervals = False
7.9330 	EXP 	window1: mouseVisible = False
11.4557 	EXP 	replicate_nsd: status = STARTED
12.0733 	EXP 	window1: mouseVisible = True
12.1060 	EXP 	Created text_3 = TextStim(__class__=<class 'psychopy.visual.text.TextStim'>, alignHoriz=method-wrapper(...), alignText='center', alignVert=method-wrapper(...), anchorHoriz='center', anchorVert='center', antialias=True, autoDraw=False, autoLog=True, bold=False, color=array([1., 1., 1.]), colorSpace='rgb', contrast=1.0, depth=-1.0, draggable=False, flipHoriz=False, flipVert=False, font='Open Sans', fontFiles=[], height=0.5000000000000002, italic=False, languageStyle='LTR', name='text_3', opacity=1.0, ori=0.0, pos=array([0., 0.]), rgb=UNKNOWN, text='waiting for scanner…', units='deg', win=Window(...), wrapWidth=15.0)
12.1061 	EXP 	window1: mouseVisible = True
12.1248 	EXP 	Created image = ImageStim(__class__=<class 'psychopy.visual.image.ImageStim'>, anchor=('center', 'center'), autoLog=True, color=array([1., 1., 1.]), colorSpace='rgb', contrast=1.0, depth=0.0, draggable=False, flipHoriz=False, flipVert=False, image='default.png', interpolate=True, mask=None, maskParams=None, name='image', opacity=1.0, ori=0.0, pos=array([0., 0.]), size=array([8.4, 8.4]), texRes=128.0, units='deg', win=Window(...))
12.7250 	EXP 	window1: mouseVisible = True
12.7283 	EXP 	Created polygon = ShapeStim(__class__=<class 'psychopy.visual.shape.ShapeStim'>, anchor=('center', 'center'), autoDraw=False, autoLog=True, closeShape=True, color=method-wrapper(...), colorSpace='rgb', contrast=None, depth=-3.0, draggable=False, fillColor=array([ 1., -1., -1.]), fillColorSpace='rgb', fillRGB=array([ 1., -1., -1.]), interpolate=True, lineColor=array([-1., -1., -1.]), lineColorSpace='rgb', lineRGB=array([-1., -1., -1.]), lineWidth=3.0, name='polygon', opacity=0.3, ori=0.0, pos=array([0., 0.]), size=array([0.2, 0.2]), units='deg', vertices=ndarray(...), win=Window(...), windingRule=None)
13.3397 	EXP 	window1: mouseVisible = True
13.3427 	EXP 	Created polygon_2 = ShapeStim(__class__=<class 'psychopy.visual.shape.ShapeStim'>, anchor=('center', 'center'), autoDraw=False, autoLog=True, closeShape=True, color=method-wrapper(...), colorSpace='rgb', contrast=None, depth=-1.0, draggable=False, fillColor=array([ 1., -1., -1.]), fillColorSpace='rgb', fillRGB=array([ 1., -1., -1.]), interpolate=True, lineColor=array([-1., -1., -1.]), lineColorSpace='rgb', lineRGB=array([-1., -1., -1.]), lineWidth=3.0, name='polygon_2', opacity=0.3, ori=0.0, pos=array([0., 0.]), size=array([0.2, 0.2]), units='deg', vertices=ndarray(...), win=Window(...), windingRule=None)
13.3429 	EXP 	window1: mouseVisible = True
13.3484 	EXP 	Created text_2 = TextStim(__class__=<class 'psychopy.visual.text.TextStim'>, alignHoriz=method-wrapper(...), alignText='center', alignVert=method-wrapper(...), anchorHoriz='center', anchorVert='center', antialias=True, autoDraw=False, autoLog=True, bold=False, color=array([1., 1., 1.]), colorSpace='rgb', contrast=1.0, depth=-2.0, draggable=False, flipHoriz=False, flipVert=False, font='Open Sans', fontFiles=[], height=0.05, italic=False, languageStyle='LTR', name='text_2', opacity=1.0, ori=0.0, pos=array([0., 0.]), rgb=UNKNOWN, text='waiting.', units='deg', win=Window(...), wrapWidth=15.0)
0.0331 	EXP 	text_3: autoDraw = True
124.8321 	EXP 	Imported conditions_files/participant1_.csv as conditions, 1152 conditions, 6 params
124.8363 	EXP 	Created sequence: sequential, trialTypes=1152, nReps=1, seed=None
124.8365 	EXP 	New trial (rep=0, index=0): OrderedDict([('current_image', 'images/8_40 copy 3.jpg'), ('is_repeat', 0), ('trial_index', 0), ('is_blank_trial', 0), ('is_new_run', 0), ('run_num', 0)])
124.8561 	DATA 	Keypress: 5
124.8856 	EXP 	text_3: autoDraw = False
124.8856 	EXP 	image: image = 'images/8_40 copy 3.jpg'
124.8856 	EXP 	polygon: autoDraw = True
125.8655 	EXP 	image: autoDraw = True
128.8504 	EXP 	New trial (rep=0, index=1): OrderedDict([('current_image', 'images/pair05 copy 7.jpg'), ('is_repeat', 0), ('trial_index', 1), ('is_blank_trial', 0), ('is_new_run', 0), ('run_num', 0)])
128.8655 	EXP 	image: autoDraw = False
128.8655 	EXP 	polygon: autoDraw = False
128.8655 	EXP 	image: autoDraw = False
128.8655 	EXP 	polygon: autoDraw = False
128.8655 	EXP 	polygon_2: autoDraw = False
128.8655 	EXP 	text_2: autoDraw = False
128.8655 	EXP 	image: image = 'images/pair05 copy 7.jpg'
128.8655 	EXP 	polygon: autoDraw = True
129.8656 	EXP 	image: autoDraw = True
131.4174 	DATA 	Keypress: escape
131.5489 	EXP 	replicate_nsd: status = STOPPED
131.5682 	EXP 	image: autoDraw = False
131.5682 	EXP 	polygon: autoDraw = False
131.5683 	EXP 	replicate_nsd: status = STOPPED
132.2272 	EXP 	window1: mouseVisible = True
