13.5019 	WARNING 	User requested fullscreen with size [1792 1120], but screen is actually [1920, 1080]. Using actual size
14.2776 	EXP 	Created window1 = Window(allowGUI=True, allowStencil=False, autoLog=True, backendConf=UNKNOWN, backgroundFit=<method-wrapper '__getattribute__' of attributeSetter object at 0x7f8255437580>, backgroundImage=<method-wrapper '__getattribute__' of attributeSetter object at 0x7f8255437520>, bitsMode=UNKNOWN, blendMode='avg', bpc=(8, 8, 8), color=array([-0.0039, -0.0039, -0.0039]), colorSpace='rgb', depthBits=8, fullscr=<method-wrapper '__getattribute__' of attributeSetter object at 0x7f82554373a0>, gamma=array([[2.5724],
       [2.1906],
       [2.4422]], dtype=float32), gammaErrorPolicy='raise', lms=UNKNOWN, monitor=<psychopy.monitors.calibTools.Monitor object at 0x7f82555182b0>, multiSample=False, name='window1', numSamples=2, pos=[0.0, 0.0], screen=0, size=array([1920, 1080]), stencilBits=0, stereo=False, title='PsychoPy', units='deg', useFBO=True, useRetina=False, viewOri=0.0, viewPos=None, viewScale=None, waitBlanking=True, winType='pyglet')
14.2777 	EXP 	window1: mouseVisible = True
14.2777 	EXP 	window1: backgroundImage = ''
14.2777 	EXP 	window1: backgroundFit = 'none'
14.2792 	EXP 	window1: Attempting to measure frame rate of screen (0) ...
14.2793 	EXP 	window1: recordFrameIntervals = False
14.4438 	EXP 	window1: recordFrameIntervals = True
14.6271 	EXP 	Screen (0) actual frame rate measured at 60.00Hz
14.6271 	EXP 	window1: recordFrameIntervals = False
14.6277 	EXP 	window1: mouseVisible = False
19.1132 	EXP 	replicate_nsd: status = STARTED
19.5967 	EXP 	window1: mouseVisible = True
19.6048 	EXP 	Created text_6 = TextStim(__class__=<class 'psychopy.visual.text.TextStim'>, alignHoriz=method-wrapper(...), alignText='center', alignVert=method-wrapper(...), anchorHoriz='center', anchorVert='center', antialias=True, autoDraw=False, autoLog=True, bold=False, color=array([1., 1., 1.]), colorSpace='rgb', contrast=1.0, depth=-1.0, draggable=False, flipHoriz=False, flipVert=False, font='Open Sans', fontFiles=[], height=0.5, italic=False, languageStyle='LTR', name='text_6', opacity=1.0, ori=0.0, pos=array([0., 0.]), rgb=UNKNOWN, text='', units='deg', win=Window(...), wrapWidth=15.0)
19.6049 	EXP 	window1: mouseVisible = True
19.6309 	EXP 	Created image_2 = ImageStim(__class__=<class 'psychopy.visual.image.ImageStim'>, anchor=('center', 'center'), autoLog=True, color=array([1., 1., 1.]), colorSpace='rgb', contrast=1.0, depth=0.0, draggable=False, flipHoriz=False, flipVert=False, image='default.png', interpolate=True, mask=None, maskParams=None, name='image_2', opacity=1.0, ori=0.0, pos=array([0., 0.]), size=array([8.4, 8.4]), texRes=128.0, units='deg', win=Window(...))
20.1158 	EXP 	window1: mouseVisible = True
20.1189 	EXP 	Created polygon_3 = ShapeStim(__class__=<class 'psychopy.visual.shape.ShapeStim'>, anchor=('center', 'center'), autoDraw=False, autoLog=True, closeShape=True, color=method-wrapper(...), colorSpace='rgb', contrast=None, depth=-2.0, draggable=False, fillColor=array([ 1., -1., -1.]), fillColorSpace='rgb', fillRGB=array([ 1., -1., -1.]), interpolate=True, lineColor=array([-1., -1., -1.]), lineColorSpace='rgb', lineRGB=array([-1., -1., -1.]), lineWidth=3.0, name='polygon_3', opacity=0.5, ori=0.0, pos=array([0., 0.]), size=array([0.2, 0.2]), units='deg', vertices=ndarray(...), win=Window(...), windingRule=None)
20.5919 	EXP 	window1: mouseVisible = True
20.5949 	EXP 	Created polygon_4 = ShapeStim(__class__=<class 'psychopy.visual.shape.ShapeStim'>, anchor=('center', 'center'), autoDraw=False, autoLog=True, closeShape=True, color=method-wrapper(...), colorSpace='rgb', contrast=None, depth=0.0, draggable=False, fillColor=array([ 1., -1., -1.]), fillColorSpace='rgb', fillRGB=array([ 1., -1., -1.]), interpolate=True, lineColor=array([-1., -1., -1.]), lineColorSpace='rgb', lineRGB=array([-1., -1., -1.]), lineWidth=3.0, name='polygon_4', opacity=0.5, ori=0.0, pos=array([0., 0.]), size=array([0.2, 0.2]), units='deg', vertices=ndarray(...), win=Window(...), windingRule=None)
21.0680 	EXP 	window1: mouseVisible = True
21.0693 	EXP 	Created text_7 = TextStim(__class__=<class 'psychopy.visual.text.TextStim'>, alignHoriz=method-wrapper(...), alignText='center', alignVert=method-wrapper(...), anchorHoriz='center', anchorVert='center', antialias=True, autoDraw=False, autoLog=True, bold=False, color=array([1., 1., 1.]), colorSpace='rgb', contrast=1.0, depth=-1.0, draggable=False, flipHoriz=False, flipVert=False, font='Open Sans', fontFiles=[], height=0.5, italic=False, languageStyle='LTR', name='text_7', opacity=1.0, ori=0.0, pos=array([0., 0.]), rgb=UNKNOWN, text='', units='deg', win=Window(...), wrapWidth=15.0)
21.5505 	EXP 	window1: mouseVisible = True
21.5861 	EXP 	Created text_3 = TextStim(__class__=<class 'psychopy.visual.text.TextStim'>, alignHoriz=method-wrapper(...), alignText='center', alignVert=method-wrapper(...), anchorHoriz='center', anchorVert='center', antialias=True, autoDraw=False, autoLog=True, bold=False, color=array([1., 1., 1.]), colorSpace='rgb', contrast=1.0, depth=-1.0, draggable=False, flipHoriz=False, flipVert=False, font='Open Sans', fontFiles=[], height=0.5000000000000001, italic=False, languageStyle='LTR', name='text_3', opacity=1.0, ori=0.0, pos=array([0., 0.]), rgb=UNKNOWN, text='waiting for scanner…', units='deg', win=Window(...), wrapWidth=15.0)
21.5862 	EXP 	window1: mouseVisible = True
21.6046 	EXP 	Created image = ImageStim(__class__=<class 'psychopy.visual.image.ImageStim'>, anchor=('center', 'center'), autoLog=True, color=array([1., 1., 1.]), colorSpace='rgb', contrast=1.0, depth=0.0, draggable=False, flipHoriz=False, flipVert=False, image='default.png', interpolate=True, mask=None, maskParams=None, name='image', opacity=1.0, ori=0.0, pos=array([0., 0.]), size=array([8.4, 8.4]), texRes=128.0, units='deg', win=Window(...))
22.0835 	EXP 	window1: mouseVisible = True
22.0865 	EXP 	Created polygon = ShapeStim(__class__=<class 'psychopy.visual.shape.ShapeStim'>, anchor=('center', 'center'), autoDraw=False, autoLog=True, closeShape=True, color=method-wrapper(...), colorSpace='rgb', contrast=None, depth=-2.0, draggable=False, fillColor=array([ 1., -1., -1.]), fillColorSpace='rgb', fillRGB=array([ 1., -1., -1.]), interpolate=True, lineColor=array([-1., -1., -1.]), lineColorSpace='rgb', lineRGB=array([-1., -1., -1.]), lineWidth=3.0, name='polygon', opacity=0.5, ori=0.0, pos=array([0., 0.]), size=array([0.2, 0.2]), units='deg', vertices=ndarray(...), win=Window(...), windingRule=None)
23.0350 	EXP 	window1: mouseVisible = True
23.0379 	EXP 	Created polygon_2 = ShapeStim(__class__=<class 'psychopy.visual.shape.ShapeStim'>, anchor=('center', 'center'), autoDraw=False, autoLog=True, closeShape=True, color=method-wrapper(...), colorSpace='rgb', contrast=None, depth=-1.0, draggable=False, fillColor=array([ 1., -1., -1.]), fillColorSpace='rgb', fillRGB=array([ 1., -1., -1.]), interpolate=True, lineColor=array([-1., -1., -1.]), lineColorSpace='rgb', lineRGB=array([-1., -1., -1.]), lineWidth=3.0, name='polygon_2', opacity=0.5, ori=0.0, pos=array([0., 0.]), size=array([0.2, 0.2]), units='deg', vertices=ndarray(...), win=Window(...), windingRule=None)
23.5139 	EXP 	window1: mouseVisible = True
23.5151 	EXP 	Created text_5 = TextStim(__class__=<class 'psychopy.visual.text.TextStim'>, alignHoriz=method-wrapper(...), alignText='center', alignVert=method-wrapper(...), anchorHoriz='center', anchorVert='center', antialias=True, autoDraw=False, autoLog=True, bold=False, color=array([1., 1., 1.]), colorSpace='rgb', contrast=1.0, depth=-1.0, draggable=False, flipHoriz=False, flipVert=False, font='Open Sans', fontFiles=[], height=0.5, italic=False, languageStyle='LTR', name='text_5', opacity=1.0, ori=0.0, pos=array([0., 0.]), rgb=UNKNOWN, text='', units='deg', win=Window(...), wrapWidth=15.0)
23.9994 	EXP 	window1: mouseVisible = True
24.0029 	EXP 	Created text_4 = TextStim(__class__=<class 'psychopy.visual.text.TextStim'>, alignHoriz=method-wrapper(...), alignText='center', alignVert=method-wrapper(...), anchorHoriz='center', anchorVert='center', antialias=True, autoDraw=False, autoLog=True, bold=False, color=array([1., 1., 1.]), colorSpace='rgb', contrast=1.0, depth=-1.0, draggable=False, flipHoriz=False, flipVert=False, font='Open Sans', fontFiles=[], height=0.5000000000000001, italic=False, languageStyle='LTR', name='text_4', opacity=1.0, ori=0.0, pos=array([0., 0.]), rgb=UNKNOWN, text='waiting for scanner…', units='deg', win=Window(...), wrapWidth=15.0)
0.0307 	EXP 	text_6: height = 0.5000000000000001
0.0307 	EXP 	text_6: height = 0.5000000000000001
0.0307 	EXP 	text_6: height = 0.5000000000000001
0.0307 	EXP 	text_6: text = 'Press any button to begin the practice trials.'
0.0307 	EXP 	text_6: autoDraw = True
2.6796 	DATA 	Keypress: space
3.7648 	EXP 	Imported practice_conditions_files/practice_participant1_.csv as conditions, 20 conditions, 3 params
3.7653 	EXP 	Created sequence: sequential, trialTypes=20, nReps=0, seed=None
3.7770 	DATA 	Keypress: 2
3.7834 	EXP 	text_6: autoDraw = False
3.7834 	EXP 	text_7: height = 0.5000000000000001
3.7834 	EXP 	text_7: height = 0.5000000000000001
3.7834 	EXP 	text_7: height = 0.5000000000000001
3.7834 	EXP 	text_7: text = 'Good job! You finished the practice trials. Press any button to begin the experiment.'
3.7834 	EXP 	text_7: autoDraw = True
6.3947 	DATA 	Keypress: space
7.7280 	DATA 	Keypress: 2
7.7424 	EXP 	text_7: autoDraw = False
7.7424 	EXP 	text_3: autoDraw = True
57.5041 	EXP 	Imported conditions_files/participant1_.csv as conditions, 1152 conditions, 7 params
57.5076 	EXP 	Created sequence: sequential, trialTypes=1152, nReps=1, seed=None
57.5078 	EXP 	New trial (rep=0, index=0): OrderedDict([('current_image', 'images/image_585_seed_1.png'), ('is_repeat', 0), ('trial_index', 0), ('is_blank_trial', 0), ('is_new_run', 0), ('run_num', 0), ('all_blanks_list', [9, 19, 29, 39, 49, 59, 68, 69, 70, 71])])
57.5274 	DATA 	Keypress: equal
57.5355 	EXP 	text_3: autoDraw = False
57.5355 	EXP 	image: image = 'images/image_585_seed_1.png'
57.5355 	EXP 	polygon: autoDraw = True
58.5074 	EXP 	image: autoDraw = True
58.9499 	DATA 	Keypress: equal
60.4454 	DATA 	Keypress: equal
61.4957 	EXP 	New trial (rep=0, index=1): OrderedDict([('current_image', 'images/image_252_seed_1.png'), ('is_repeat', 0), ('trial_index', 1), ('is_blank_trial', 0), ('is_new_run', 0), ('run_num', 0), ('all_blanks_list', [9, 19, 29, 39, 49, 59, 68, 69, 70, 71])])
61.5073 	EXP 	image: autoDraw = False
61.5073 	EXP 	polygon: autoDraw = False
61.5073 	EXP 	image: autoDraw = False
61.5073 	EXP 	polygon: autoDraw = False
61.5073 	EXP 	polygon_2: autoDraw = False
61.5073 	EXP 	text_5: text = ''
61.5073 	EXP 	text_5: autoDraw = False
61.5073 	EXP 	text_4: autoDraw = False
61.5073 	EXP 	image: image = 'images/image_252_seed_1.png'
61.5073 	EXP 	polygon: autoDraw = True
61.9449 	DATA 	Keypress: equal
62.5095 	EXP 	image: autoDraw = True
63.4452 	DATA 	Keypress: equal
64.9452 	DATA 	Keypress: equal
65.5037 	EXP 	New trial (rep=0, index=2): OrderedDict([('current_image', 'images/image_118_seed_1.png'), ('is_repeat', 0), ('trial_index', 2), ('is_blank_trial', 0), ('is_new_run', 0), ('run_num', 0), ('all_blanks_list', [9, 19, 29, 39, 49, 59, 68, 69, 70, 71])])
65.5111 	EXP 	image: autoDraw = False
65.5111 	EXP 	polygon: autoDraw = False
65.5111 	EXP 	image: autoDraw = False
65.5111 	EXP 	polygon: autoDraw = False
65.5111 	EXP 	polygon_2: autoDraw = False
65.5111 	EXP 	text_5: height = 0.5000000000000001
65.5111 	EXP 	text_5: height = 0.5000000000000001
65.5111 	EXP 	text_5: height = 0.5000000000000001
65.5111 	EXP 	text_5: text = 'Good job! You succesfully responded to 0 out of 1 trials. Your performance score is now 0.0. Please press any button when you are ready to continue.'
65.5111 	EXP 	text_5: autoDraw = False
65.5111 	EXP 	text_4: autoDraw = False
65.5111 	EXP 	image: image = 'images/image_118_seed_1.png'
65.5111 	EXP 	polygon: autoDraw = True
66.4434 	DATA 	Keypress: equal
66.5073 	EXP 	image: autoDraw = True
67.9455 	DATA 	Keypress: equal
69.4455 	DATA 	Keypress: equal
69.5018 	EXP 	New trial (rep=0, index=3): OrderedDict([('current_image', 'images/image_196_seed_1.png'), ('is_repeat', 0), ('trial_index', 3), ('is_blank_trial', 0), ('is_new_run', 0), ('run_num', 0), ('all_blanks_list', [9, 19, 29, 39, 49, 59, 68, 69, 70, 71])])
69.5100 	EXP 	image: autoDraw = False
69.5100 	EXP 	polygon: autoDraw = False
69.5100 	EXP 	image: autoDraw = False
69.5100 	EXP 	polygon: autoDraw = False
69.5100 	EXP 	polygon_2: autoDraw = False
69.5100 	EXP 	text_5: height = 0.5000000000000001
69.5100 	EXP 	text_5: height = 0.5000000000000001
69.5100 	EXP 	text_5: height = 0.5000000000000001
69.5100 	EXP 	text_5: text = 'Good job! You succesfully responded to 0 out of 2 trials. Your performance score is now 0.0. Please press any button when you are ready to continue.'
69.5100 	EXP 	text_5: autoDraw = False
69.5100 	EXP 	text_4: autoDraw = False
69.5100 	EXP 	image: image = 'images/image_196_seed_1.png'
69.5100 	EXP 	polygon: autoDraw = True
70.5097 	EXP 	image: autoDraw = True
70.9454 	DATA 	Keypress: equal
72.4456 	DATA 	Keypress: equal
73.5019 	EXP 	New trial (rep=0, index=4): OrderedDict([('current_image', 'images/image_10_seed_1.png'), ('is_repeat', 0), ('trial_index', 4), ('is_blank_trial', 0), ('is_new_run', 0), ('run_num', 0), ('all_blanks_list', [9, 19, 29, 39, 49, 59, 68, 69, 70, 71])])
73.5103 	EXP 	image: autoDraw = False
73.5103 	EXP 	polygon: autoDraw = False
73.5103 	EXP 	image: autoDraw = False
73.5103 	EXP 	polygon: autoDraw = False
73.5103 	EXP 	polygon_2: autoDraw = False
73.5103 	EXP 	text_5: height = 0.5000000000000001
73.5103 	EXP 	text_5: height = 0.5000000000000001
73.5103 	EXP 	text_5: height = 0.5000000000000001
73.5103 	EXP 	text_5: text = 'Good job! You succesfully responded to 0 out of 3 trials. Your performance score is now 0.0. Please press any button when you are ready to continue.'
73.5103 	EXP 	text_5: autoDraw = False
73.5103 	EXP 	text_4: autoDraw = False
73.5103 	EXP 	image: image = 'images/image_10_seed_1.png'
73.5103 	EXP 	polygon: autoDraw = True
73.9451 	DATA 	Keypress: equal
74.5094 	EXP 	image: autoDraw = True
75.4457 	DATA 	Keypress: equal
76.9457 	DATA 	Keypress: equal
77.5357 	EXP 	New trial (rep=0, index=5): OrderedDict([('current_image', 'images/image_318_seed_1.png'), ('is_repeat', 0), ('trial_index', 5), ('is_blank_trial', 0), ('is_new_run', 0), ('run_num', 0), ('all_blanks_list', [9, 19, 29, 39, 49, 59, 68, 69, 70, 71])])
77.5443 	EXP 	image: autoDraw = False
77.5443 	EXP 	polygon: autoDraw = False
77.5443 	EXP 	image: autoDraw = False
77.5443 	EXP 	polygon: autoDraw = False
77.5443 	EXP 	polygon_2: autoDraw = False
77.5443 	EXP 	text_5: height = 0.5000000000000001
77.5443 	EXP 	text_5: height = 0.5000000000000001
77.5443 	EXP 	text_5: height = 0.5000000000000001
77.5443 	EXP 	text_5: text = 'Good job! You succesfully responded to 0 out of 4 trials. Your performance score is now 0.0. Please press any button when you are ready to continue.'
77.5443 	EXP 	text_5: autoDraw = False
77.5443 	EXP 	text_4: autoDraw = False
77.5443 	EXP 	image: image = 'images/image_318_seed_1.png'
77.5443 	EXP 	polygon: autoDraw = True
78.4453 	DATA 	Keypress: equal
78.5430 	EXP 	image: autoDraw = True
79.9452 	DATA 	Keypress: equal
81.4446 	DATA 	Keypress: equal
81.5339 	EXP 	New trial (rep=0, index=6): OrderedDict([('current_image', 'images/image_719_seed_1.png'), ('is_repeat', 0), ('trial_index', 6), ('is_blank_trial', 0), ('is_new_run', 0), ('run_num', 0), ('all_blanks_list', [9, 19, 29, 39, 49, 59, 68, 69, 70, 71])])
81.5431 	EXP 	image: autoDraw = False
81.5431 	EXP 	polygon: autoDraw = False
81.5431 	EXP 	image: autoDraw = False
81.5431 	EXP 	polygon: autoDraw = False
81.5431 	EXP 	polygon_2: autoDraw = False
81.5431 	EXP 	text_5: height = 0.5000000000000001
81.5431 	EXP 	text_5: height = 0.5000000000000001
81.5431 	EXP 	text_5: height = 0.5000000000000001
81.5431 	EXP 	text_5: text = 'Good job! You succesfully responded to 0 out of 5 trials. Your performance score is now 0.0. Please press any button when you are ready to continue.'
81.5431 	EXP 	text_5: autoDraw = False
81.5431 	EXP 	text_4: autoDraw = False
81.5431 	EXP 	image: image = 'images/image_719_seed_1.png'
81.5431 	EXP 	polygon: autoDraw = True
82.5430 	EXP 	image: autoDraw = True
82.9455 	DATA 	Keypress: equal
84.4458 	DATA 	Keypress: equal
85.5356 	EXP 	New trial (rep=0, index=7): OrderedDict([('current_image', 'images/image_253_seed_1.png'), ('is_repeat', 0), ('trial_index', 7), ('is_blank_trial', 0), ('is_new_run', 0), ('run_num', 0), ('all_blanks_list', [9, 19, 29, 39, 49, 59, 68, 69, 70, 71])])
85.5437 	EXP 	image: autoDraw = False
85.5437 	EXP 	polygon: autoDraw = False
85.5437 	EXP 	image: autoDraw = False
85.5437 	EXP 	polygon: autoDraw = False
85.5437 	EXP 	polygon_2: autoDraw = False
85.5437 	EXP 	text_5: height = 0.5000000000000001
85.5437 	EXP 	text_5: height = 0.5000000000000001
85.5437 	EXP 	text_5: height = 0.5000000000000001
85.5437 	EXP 	text_5: text = 'Good job! You succesfully responded to 0 out of 6 trials. Your performance score is now 0.0. Please press any button when you are ready to continue.'
85.5437 	EXP 	text_5: autoDraw = False
85.5437 	EXP 	text_4: autoDraw = False
85.5437 	EXP 	image: image = 'images/image_253_seed_1.png'
85.5437 	EXP 	polygon: autoDraw = True
85.9451 	DATA 	Keypress: equal
86.5431 	EXP 	image: autoDraw = True
87.4457 	DATA 	Keypress: equal
88.9458 	DATA 	Keypress: equal
89.5359 	EXP 	New trial (rep=0, index=8): OrderedDict([('current_image', 'images/image_458_seed_1.png'), ('is_repeat', 0), ('trial_index', 8), ('is_blank_trial', 0), ('is_new_run', 0), ('run_num', 0), ('all_blanks_list', [9, 19, 29, 39, 49, 59, 68, 69, 70, 71])])
89.5443 	EXP 	image: autoDraw = False
89.5443 	EXP 	polygon: autoDraw = False
89.5443 	EXP 	image: autoDraw = False
89.5443 	EXP 	polygon: autoDraw = False
89.5443 	EXP 	polygon_2: autoDraw = False
89.5443 	EXP 	text_5: height = 0.5000000000000001
89.5443 	EXP 	text_5: height = 0.5000000000000001
89.5443 	EXP 	text_5: height = 0.5000000000000001
89.5443 	EXP 	text_5: text = 'Good job! You succesfully responded to 0 out of 7 trials. Your performance score is now 0.0. Please press any button when you are ready to continue.'
89.5443 	EXP 	text_5: autoDraw = False
89.5443 	EXP 	text_4: autoDraw = False
89.5443 	EXP 	image: image = 'images/image_458_seed_1.png'
89.5443 	EXP 	polygon: autoDraw = True
90.4456 	DATA 	Keypress: equal
90.5434 	EXP 	image: autoDraw = True
91.9458 	DATA 	Keypress: equal
93.4457 	DATA 	Keypress: equal
93.5362 	EXP 	New trial (rep=0, index=9): OrderedDict([('current_image', 'images/blank.jpg'), ('is_repeat', 0), ('trial_index', 9), ('is_blank_trial', 1), ('is_new_run', 0), ('run_num', 0), ('all_blanks_list', [9, 19, 29, 39, 49, 59, 68, 69, 70, 71])])
93.5451 	EXP 	image: autoDraw = False
93.5451 	EXP 	polygon: autoDraw = False
93.5451 	EXP 	image: autoDraw = False
93.5451 	EXP 	polygon: autoDraw = False
93.5451 	EXP 	polygon_2: autoDraw = False
93.5451 	EXP 	text_5: height = 0.5000000000000001
93.5451 	EXP 	text_5: height = 0.5000000000000001
93.5451 	EXP 	text_5: height = 0.5000000000000001
93.5451 	EXP 	text_5: text = 'Good job! You succesfully responded to 0 out of 8 trials. Your performance score is now 0.0. Please press any button when you are ready to continue.'
93.5451 	EXP 	text_5: autoDraw = False
93.5451 	EXP 	text_4: autoDraw = False
93.5451 	EXP 	image: image = 'images/blank.jpg'
93.5451 	EXP 	image: autoDraw = False
93.5451 	EXP 	polygon: autoDraw = False
93.5451 	EXP 	polygon_2: autoDraw = True
94.9457 	DATA 	Keypress: equal
96.4453 	DATA 	Keypress: equal
97.5358 	EXP 	New trial (rep=0, index=10): OrderedDict([('current_image', 'images/image_545_seed_1.png'), ('is_repeat', 0), ('trial_index', 10), ('is_blank_trial', 0), ('is_new_run', 0), ('run_num', 0), ('all_blanks_list', [9, 19, 29, 39, 49, 59, 68, 69, 70, 71])])
97.5445 	EXP 	polygon_2: autoDraw = False
97.5445 	EXP 	polygon_2: autoDraw = False
97.5445 	EXP 	text_5: height = 0.5000000000000001
97.5445 	EXP 	text_5: height = 0.5000000000000001
97.5445 	EXP 	text_5: height = 0.5000000000000001
97.5445 	EXP 	text_5: text = 'Good job! You succesfully responded to 0 out of 9 trials. Your performance score is now 0.0. Please press any button when you are ready to continue.'
97.5445 	EXP 	text_5: autoDraw = False
97.5445 	EXP 	text_4: autoDraw = False
97.5445 	EXP 	image: image = 'images/image_545_seed_1.png'
97.5445 	EXP 	polygon: autoDraw = True
97.9457 	DATA 	Keypress: equal
98.5427 	EXP 	image: autoDraw = True
99.4463 	DATA 	Keypress: equal
100.9462 	DATA 	Keypress: equal
101.5281 	EXP 	New trial (rep=0, index=11): OrderedDict([('current_image', 'images/image_571_seed_1.png'), ('is_repeat', 0), ('trial_index', 11), ('is_blank_trial', 0), ('is_new_run', 0), ('run_num', 0), ('all_blanks_list', [9, 19, 29, 39, 49, 59, 68, 69, 70, 71])])
101.5412 	EXP 	image: autoDraw = False
101.5412 	EXP 	polygon: autoDraw = False
101.5412 	EXP 	image: autoDraw = False
101.5412 	EXP 	polygon: autoDraw = False
101.5412 	EXP 	polygon_2: autoDraw = False
101.5412 	EXP 	text_5: text = 'Good job! You succesfully responded to 0 out of 9 trials. Your performance score is now 0.0. Please press any button when you are ready to continue.'
101.5412 	EXP 	text_5: autoDraw = False
101.5412 	EXP 	text_4: autoDraw = False
101.5412 	EXP 	image: image = 'images/image_571_seed_1.png'
101.5412 	EXP 	polygon: autoDraw = True
102.4459 	DATA 	Keypress: equal
102.5436 	EXP 	image: autoDraw = True
103.9460 	DATA 	Keypress: equal
105.4460 	DATA 	Keypress: equal
105.5362 	EXP 	New trial (rep=0, index=12): OrderedDict([('current_image', 'images/image_687_seed_1.png'), ('is_repeat', 0), ('trial_index', 12), ('is_blank_trial', 0), ('is_new_run', 0), ('run_num', 0), ('all_blanks_list', [9, 19, 29, 39, 49, 59, 68, 69, 70, 71])])
105.5462 	EXP 	image: autoDraw = False
105.5462 	EXP 	polygon: autoDraw = False
105.5462 	EXP 	image: autoDraw = False
105.5462 	EXP 	polygon: autoDraw = False
105.5462 	EXP 	polygon_2: autoDraw = False
105.5462 	EXP 	text_5: height = 0.5000000000000001
105.5462 	EXP 	text_5: height = 0.5000000000000001
105.5462 	EXP 	text_5: height = 0.5000000000000001
105.5462 	EXP 	text_5: text = 'Good job! You succesfully responded to 0 out of 10 trials. Your performance score is now 0.0. Please press any button when you are ready to continue.'
105.5462 	EXP 	text_5: autoDraw = False
105.5462 	EXP 	text_4: autoDraw = False
105.5462 	EXP 	image: image = 'images/image_687_seed_1.png'
105.5462 	EXP 	polygon: autoDraw = True
106.5433 	EXP 	image: autoDraw = True
106.9464 	DATA 	Keypress: equal
108.4463 	DATA 	Keypress: equal
109.5358 	EXP 	New trial (rep=0, index=13): OrderedDict([('current_image', 'images/image_276_seed_1.png'), ('is_repeat', 0), ('trial_index', 13), ('is_blank_trial', 0), ('is_new_run', 0), ('run_num', 0), ('all_blanks_list', [9, 19, 29, 39, 49, 59, 68, 69, 70, 71])])
109.5446 	EXP 	image: autoDraw = False
109.5446 	EXP 	polygon: autoDraw = False
109.5446 	EXP 	image: autoDraw = False
109.5446 	EXP 	polygon: autoDraw = False
109.5446 	EXP 	polygon_2: autoDraw = False
109.5446 	EXP 	text_5: height = 0.5000000000000001
109.5446 	EXP 	text_5: height = 0.5000000000000001
109.5446 	EXP 	text_5: height = 0.5000000000000001
109.5446 	EXP 	text_5: text = 'Good job! You succesfully responded to 0 out of 11 trials. Your performance score is now 0.0. Please press any button when you are ready to continue.'
109.5446 	EXP 	text_5: autoDraw = False
109.5446 	EXP 	text_4: autoDraw = False
109.5446 	EXP 	image: image = 'images/image_276_seed_1.png'
109.5446 	EXP 	polygon: autoDraw = True
109.9459 	DATA 	Keypress: equal
110.5438 	EXP 	image: autoDraw = True
111.4461 	DATA 	Keypress: equal
112.9461 	DATA 	Keypress: equal
113.1295 	DATA 	Keypress: 1
113.5368 	EXP 	New trial (rep=0, index=14): OrderedDict([('current_image', 'images/image_438_seed_1.png'), ('is_repeat', 0), ('trial_index', 14), ('is_blank_trial', 0), ('is_new_run', 0), ('run_num', 0), ('all_blanks_list', [9, 19, 29, 39, 49, 59, 68, 69, 70, 71])])
113.5452 	EXP 	image: autoDraw = False
113.5452 	EXP 	polygon: autoDraw = False
113.5452 	EXP 	image: autoDraw = False
113.5452 	EXP 	polygon: autoDraw = False
113.5452 	EXP 	polygon_2: autoDraw = False
113.5452 	EXP 	text_5: height = 0.5000000000000001
113.5452 	EXP 	text_5: height = 0.5000000000000001
113.5452 	EXP 	text_5: height = 0.5000000000000001
113.5452 	EXP 	text_5: text = 'Good job! You succesfully responded to 0 out of 12 trials. Your performance score is now 0.0. Please press any button when you are ready to continue.'
113.5452 	EXP 	text_5: autoDraw = False
113.5452 	EXP 	text_4: autoDraw = False
113.5452 	EXP 	image: image = 'images/image_438_seed_1.png'
113.5452 	EXP 	polygon: autoDraw = True
114.4460 	DATA 	Keypress: equal
114.5441 	EXP 	image: autoDraw = True
114.9793 	DATA 	Keypress: 1
115.0130 	DATA 	Keypress: 2
115.9461 	DATA 	Keypress: equal
115.9781 	DATA 	Keypress: 1
117.4463 	DATA 	Keypress: equal
117.5347 	EXP 	New trial (rep=0, index=15): OrderedDict([('current_image', 'images/image_611_seed_1.png'), ('is_repeat', 0), ('trial_index', 15), ('is_blank_trial', 0), ('is_new_run', 0), ('run_num', 0), ('all_blanks_list', [9, 19, 29, 39, 49, 59, 68, 69, 70, 71])])
117.5451 	EXP 	image: autoDraw = False
117.5451 	EXP 	polygon: autoDraw = False
117.5451 	EXP 	image: autoDraw = False
117.5451 	EXP 	polygon: autoDraw = False
117.5451 	EXP 	polygon_2: autoDraw = False
117.5451 	EXP 	text_5: height = 0.5000000000000001
117.5451 	EXP 	text_5: height = 0.5000000000000001
117.5451 	EXP 	text_5: height = 0.5000000000000001
117.5451 	EXP 	text_5: text = 'Good job! You succesfully responded to 1 out of 13 trials. Your performance score is now 100.0. Please press any button when you are ready to continue.'
117.5451 	EXP 	text_5: autoDraw = False
117.5451 	EXP 	text_4: autoDraw = False
117.5451 	EXP 	image: image = 'images/image_611_seed_1.png'
117.5451 	EXP 	polygon: autoDraw = True
118.5420 	EXP 	image: autoDraw = True
118.9463 	DATA 	Keypress: equal
119.0636 	DATA 	Keypress: 1
120.4448 	DATA 	Keypress: equal
121.5359 	EXP 	New trial (rep=0, index=16): OrderedDict([('current_image', 'images/image_615_seed_1.png'), ('is_repeat', 0), ('trial_index', 16), ('is_blank_trial', 0), ('is_new_run', 0), ('run_num', 0), ('all_blanks_list', [9, 19, 29, 39, 49, 59, 68, 69, 70, 71])])
121.5446 	EXP 	image: autoDraw = False
121.5446 	EXP 	polygon: autoDraw = False
121.5446 	EXP 	image: autoDraw = False
121.5446 	EXP 	polygon: autoDraw = False
121.5446 	EXP 	polygon_2: autoDraw = False
121.5446 	EXP 	text_5: height = 0.5000000000000001
121.5446 	EXP 	text_5: height = 0.5000000000000001
121.5446 	EXP 	text_5: height = 0.5000000000000001
121.5446 	EXP 	text_5: text = 'Good job! You succesfully responded to 2 out of 14 trials. Your performance score is now 200.0. Please press any button when you are ready to continue.'
121.5446 	EXP 	text_5: autoDraw = False
121.5446 	EXP 	text_4: autoDraw = False
121.5446 	EXP 	image: image = 'images/image_615_seed_1.png'
121.5446 	EXP 	polygon: autoDraw = True
121.9461 	DATA 	Keypress: equal
122.5441 	EXP 	image: autoDraw = True
123.0289 	DATA 	Keypress: 1
123.4463 	DATA 	Keypress: equal
124.9464 	DATA 	Keypress: equal
125.5361 	EXP 	New trial (rep=0, index=17): OrderedDict([('current_image', 'images/image_256_seed_1.png'), ('is_repeat', 0), ('trial_index', 17), ('is_blank_trial', 0), ('is_new_run', 0), ('run_num', 0), ('all_blanks_list', [9, 19, 29, 39, 49, 59, 68, 69, 70, 71])])
125.5457 	EXP 	image: autoDraw = False
125.5457 	EXP 	polygon: autoDraw = False
125.5457 	EXP 	image: autoDraw = False
125.5457 	EXP 	polygon: autoDraw = False
125.5457 	EXP 	polygon_2: autoDraw = False
125.5457 	EXP 	text_5: height = 0.5000000000000001
125.5457 	EXP 	text_5: height = 0.5000000000000001
125.5457 	EXP 	text_5: height = 0.5000000000000001
125.5457 	EXP 	text_5: text = 'Good job! You succesfully responded to 3 out of 15 trials. Your performance score is now 300.0. Please press any button when you are ready to continue.'
125.5457 	EXP 	text_5: autoDraw = False
125.5457 	EXP 	text_4: autoDraw = False
125.5457 	EXP 	image: image = 'images/image_256_seed_1.png'
125.5457 	EXP 	polygon: autoDraw = True
126.4447 	DATA 	Keypress: equal
126.5439 	EXP 	image: autoDraw = True
126.9937 	DATA 	Keypress: 1
127.9465 	DATA 	Keypress: equal
129.4464 	DATA 	Keypress: equal
129.5370 	EXP 	New trial (rep=0, index=18): OrderedDict([('current_image', 'images/image_210_seed_1.png'), ('is_repeat', 0), ('trial_index', 18), ('is_blank_trial', 0), ('is_new_run', 0), ('run_num', 0), ('all_blanks_list', [9, 19, 29, 39, 49, 59, 68, 69, 70, 71])])
129.5452 	EXP 	image: autoDraw = False
129.5452 	EXP 	polygon: autoDraw = False
129.5452 	EXP 	image: autoDraw = False
129.5452 	EXP 	polygon: autoDraw = False
129.5452 	EXP 	polygon_2: autoDraw = False
129.5452 	EXP 	text_5: height = 0.5000000000000001
129.5452 	EXP 	text_5: height = 0.5000000000000001
129.5452 	EXP 	text_5: height = 0.5000000000000001
129.5452 	EXP 	text_5: text = 'Good job! You succesfully responded to 4 out of 16 trials. Your performance score is now 400.0. Please press any button when you are ready to continue.'
129.5452 	EXP 	text_5: autoDraw = False
129.5452 	EXP 	text_4: autoDraw = False
129.5452 	EXP 	image: image = 'images/image_210_seed_1.png'
129.5452 	EXP 	polygon: autoDraw = True
130.5445 	EXP 	image: autoDraw = True
130.9298 	DATA 	Keypress: equal
130.9810 	DATA 	Keypress: 1
132.4296 	DATA 	Keypress: equal
133.5370 	EXP 	New trial (rep=0, index=19): OrderedDict([('current_image', 'images/blank.jpg'), ('is_repeat', 0), ('trial_index', 19), ('is_blank_trial', 1), ('is_new_run', 0), ('run_num', 0), ('all_blanks_list', [9, 19, 29, 39, 49, 59, 68, 69, 70, 71])])
133.5454 	EXP 	image: autoDraw = False
133.5454 	EXP 	polygon: autoDraw = False
133.5454 	EXP 	image: autoDraw = False
133.5454 	EXP 	polygon: autoDraw = False
133.5454 	EXP 	polygon_2: autoDraw = False
133.5454 	EXP 	text_5: height = 0.5000000000000001
133.5454 	EXP 	text_5: height = 0.5000000000000001
133.5454 	EXP 	text_5: height = 0.5000000000000001
133.5454 	EXP 	text_5: text = 'Good job! You succesfully responded to 5 out of 17 trials. Your performance score is now 500.0. Please press any button when you are ready to continue.'
133.5454 	EXP 	text_5: autoDraw = False
133.5454 	EXP 	text_4: autoDraw = False
133.5454 	EXP 	image: image = 'images/blank.jpg'
133.5454 	EXP 	image: autoDraw = False
133.5454 	EXP 	polygon: autoDraw = False
133.5454 	EXP 	polygon_2: autoDraw = True
133.6291 	DATA 	Keypress: 1
133.9463 	DATA 	Keypress: equal
135.4459 	DATA 	Keypress: equal
136.9467 	DATA 	Keypress: equal
137.5375 	EXP 	New trial (rep=0, index=20): OrderedDict([('current_image', 'images/image_372_seed_1.png'), ('is_repeat', 0), ('trial_index', 20), ('is_blank_trial', 0), ('is_new_run', 0), ('run_num', 0), ('all_blanks_list', [9, 19, 29, 39, 49, 59, 68, 69, 70, 71])])
137.5456 	EXP 	polygon_2: autoDraw = False
137.5456 	EXP 	polygon_2: autoDraw = False
137.5456 	EXP 	text_5: height = 0.5000000000000001
137.5456 	EXP 	text_5: height = 0.5000000000000001
137.5456 	EXP 	text_5: height = 0.5000000000000001
137.5456 	EXP 	text_5: text = 'Good job! You succesfully responded to 6 out of 18 trials. Your performance score is now 600.0. Please press any button when you are ready to continue.'
137.5456 	EXP 	text_5: autoDraw = False
137.5456 	EXP 	text_4: autoDraw = False
137.5456 	EXP 	image: image = 'images/image_372_seed_1.png'
137.5456 	EXP 	polygon: autoDraw = True
138.4464 	DATA 	Keypress: equal
138.5445 	EXP 	image: autoDraw = True
139.0769 	DATA 	Keypress: 1
139.9471 	DATA 	Keypress: equal
141.4467 	DATA 	Keypress: equal
141.5291 	EXP 	New trial (rep=0, index=21): OrderedDict([('current_image', 'images/image_444_seed_1.png'), ('is_repeat', 0), ('trial_index', 21), ('is_blank_trial', 0), ('is_new_run', 0), ('run_num', 0), ('all_blanks_list', [9, 19, 29, 39, 49, 59, 68, 69, 70, 71])])
141.5420 	EXP 	image: autoDraw = False
141.5420 	EXP 	polygon: autoDraw = False
141.5420 	EXP 	image: autoDraw = False
141.5420 	EXP 	polygon: autoDraw = False
141.5420 	EXP 	polygon_2: autoDraw = False
141.5420 	EXP 	text_5: text = 'Good job! You succesfully responded to 6 out of 18 trials. Your performance score is now 600.0. Please press any button when you are ready to continue.'
141.5420 	EXP 	text_5: autoDraw = False
141.5420 	EXP 	text_4: autoDraw = False
141.5420 	EXP 	image: image = 'images/image_444_seed_1.png'
141.5420 	EXP 	polygon: autoDraw = True
141.8968 	DATA 	Keypress: 1
142.5447 	EXP 	image: autoDraw = True
142.9297 	DATA 	Keypress: equal
142.9626 	DATA 	Keypress: 1
144.4295 	DATA 	Keypress: equal
145.5384 	EXP 	New trial (rep=0, index=22): OrderedDict([('current_image', 'images/image_564_seed_1.png'), ('is_repeat', 0), ('trial_index', 22), ('is_blank_trial', 0), ('is_new_run', 0), ('run_num', 0), ('all_blanks_list', [9, 19, 29, 39, 49, 59, 68, 69, 70, 71])])
145.5453 	EXP 	image: autoDraw = False
145.5453 	EXP 	polygon: autoDraw = False
145.5453 	EXP 	image: autoDraw = False
145.5453 	EXP 	polygon: autoDraw = False
145.5453 	EXP 	polygon_2: autoDraw = False
145.5453 	EXP 	text_5: height = 0.5000000000000001
145.5453 	EXP 	text_5: height = 0.5000000000000001
145.5453 	EXP 	text_5: height = 0.5000000000000001
145.5453 	EXP 	text_5: text = 'Good job! You succesfully responded to 7 out of 19 trials. Your performance score is now 700.0. Please press any button when you are ready to continue.'
145.5453 	EXP 	text_5: autoDraw = False
145.5453 	EXP 	text_4: autoDraw = False
145.5453 	EXP 	image: image = 'images/image_564_seed_1.png'
145.5453 	EXP 	polygon: autoDraw = True
145.9467 	DATA 	Keypress: equal
146.5445 	EXP 	image: autoDraw = True
147.4299 	DATA 	Keypress: equal
147.5448 	DATA 	Keypress: 1
148.9298 	DATA 	Keypress: equal
149.5374 	EXP 	New trial (rep=0, index=23): OrderedDict([('current_image', 'images/image_105_seed_1.png'), ('is_repeat', 0), ('trial_index', 23), ('is_blank_trial', 0), ('is_new_run', 0), ('run_num', 0), ('all_blanks_list', [9, 19, 29, 39, 49, 59, 68, 69, 70, 71])])
149.5462 	EXP 	image: autoDraw = False
149.5462 	EXP 	polygon: autoDraw = False
149.5462 	EXP 	image: autoDraw = False
149.5462 	EXP 	polygon: autoDraw = False
149.5462 	EXP 	polygon_2: autoDraw = False
149.5462 	EXP 	text_5: height = 0.5000000000000001
149.5462 	EXP 	text_5: height = 0.5000000000000001
149.5462 	EXP 	text_5: height = 0.5000000000000001
149.5462 	EXP 	text_5: text = 'Good job! You succesfully responded to 8 out of 20 trials. Your performance score is now 800.0. Please press any button when you are ready to continue.'
149.5462 	EXP 	text_5: autoDraw = False
149.5462 	EXP 	text_4: autoDraw = False
149.5462 	EXP 	image: image = 'images/image_105_seed_1.png'
149.5462 	EXP 	polygon: autoDraw = True
150.4466 	DATA 	Keypress: equal
150.5449 	EXP 	image: autoDraw = True
150.8637 	DATA 	Keypress: 1
151.9293 	DATA 	Keypress: equal
153.4475 	DATA 	Keypress: equal
153.5354 	EXP 	New trial (rep=0, index=24): OrderedDict([('current_image', 'images/image_422_seed_1.png'), ('is_repeat', 0), ('trial_index', 24), ('is_blank_trial', 0), ('is_new_run', 0), ('run_num', 0), ('all_blanks_list', [9, 19, 29, 39, 49, 59, 68, 69, 70, 71])])
153.5460 	EXP 	image: autoDraw = False
153.5460 	EXP 	polygon: autoDraw = False
153.5460 	EXP 	image: autoDraw = False
153.5460 	EXP 	polygon: autoDraw = False
153.5460 	EXP 	polygon_2: autoDraw = False
153.5460 	EXP 	text_5: height = 0.5000000000000001
153.5460 	EXP 	text_5: height = 0.5000000000000001
153.5460 	EXP 	text_5: height = 0.5000000000000001
153.5460 	EXP 	text_5: text = 'Good job! You succesfully responded to 9 out of 21 trials. Your performance score is now 900.0. Please press any button when you are ready to continue.'
153.5460 	EXP 	text_5: autoDraw = False
153.5460 	EXP 	text_4: autoDraw = False
153.5460 	EXP 	image: image = 'images/image_422_seed_1.png'
153.5460 	EXP 	polygon: autoDraw = True
154.5450 	EXP 	image: autoDraw = True
154.8963 	DATA 	Keypress: 1
154.9301 	DATA 	Keypress: equal
156.4299 	DATA 	Keypress: equal
157.5376 	EXP 	New trial (rep=0, index=25): OrderedDict([('current_image', 'images/image_3_seed_1.png'), ('is_repeat', 0), ('trial_index', 25), ('is_blank_trial', 0), ('is_new_run', 0), ('run_num', 0), ('all_blanks_list', [9, 19, 29, 39, 49, 59, 68, 69, 70, 71])])
157.5458 	EXP 	image: autoDraw = False
157.5458 	EXP 	polygon: autoDraw = False
157.5458 	EXP 	image: autoDraw = False
157.5458 	EXP 	polygon: autoDraw = False
157.5458 	EXP 	polygon_2: autoDraw = False
157.5458 	EXP 	text_5: height = 0.5000000000000001
157.5458 	EXP 	text_5: height = 0.5000000000000001
157.5458 	EXP 	text_5: height = 0.5000000000000001
157.5458 	EXP 	text_5: text = 'Good job! You succesfully responded to 10 out of 22 trials. Your performance score is now 1000.0. Please press any button when you are ready to continue.'
157.5458 	EXP 	text_5: autoDraw = False
157.5458 	EXP 	text_4: autoDraw = False
157.5458 	EXP 	image: image = 'images/image_3_seed_1.png'
157.5458 	EXP 	polygon: autoDraw = True
157.9466 	DATA 	Keypress: equal
158.5445 	EXP 	image: autoDraw = True
158.9127 	DATA 	Keypress: 1
159.4473 	DATA 	Keypress: equal
160.9464 	DATA 	Keypress: equal
161.5384 	EXP 	New trial (rep=0, index=26): OrderedDict([('current_image', 'images/image_608_seed_1.png'), ('is_repeat', 0), ('trial_index', 26), ('is_blank_trial', 0), ('is_new_run', 0), ('run_num', 0), ('all_blanks_list', [9, 19, 29, 39, 49, 59, 68, 69, 70, 71])])
161.5469 	EXP 	image: autoDraw = False
161.5469 	EXP 	polygon: autoDraw = False
161.5469 	EXP 	image: autoDraw = False
161.5469 	EXP 	polygon: autoDraw = False
161.5469 	EXP 	polygon_2: autoDraw = False
161.5469 	EXP 	text_5: height = 0.5000000000000001
161.5469 	EXP 	text_5: height = 0.5000000000000001
161.5469 	EXP 	text_5: height = 0.5000000000000001
161.5469 	EXP 	text_5: text = 'Good job! You succesfully responded to 11 out of 23 trials. Your performance score is now 1100.0. Please press any button when you are ready to continue.'
161.5469 	EXP 	text_5: autoDraw = False
161.5469 	EXP 	text_4: autoDraw = False
161.5469 	EXP 	image: image = 'images/image_608_seed_1.png'
161.5469 	EXP 	polygon: autoDraw = True
162.4293 	DATA 	Keypress: equal
162.5452 	EXP 	image: autoDraw = True
162.9816 	DATA 	Keypress: 1
163.9465 	DATA 	Keypress: equal
165.4302 	DATA 	Keypress: equal
165.5375 	EXP 	New trial (rep=0, index=27): OrderedDict([('current_image', 'images/image_326_seed_1.png'), ('is_repeat', 0), ('trial_index', 27), ('is_blank_trial', 0), ('is_new_run', 0), ('run_num', 0), ('all_blanks_list', [9, 19, 29, 39, 49, 59, 68, 69, 70, 71])])
165.5460 	EXP 	image: autoDraw = False
165.5460 	EXP 	polygon: autoDraw = False
165.5460 	EXP 	image: autoDraw = False
165.5460 	EXP 	polygon: autoDraw = False
165.5460 	EXP 	polygon_2: autoDraw = False
165.5460 	EXP 	text_5: height = 0.5000000000000001
165.5460 	EXP 	text_5: height = 0.5000000000000001
165.5460 	EXP 	text_5: height = 0.5000000000000001
165.5460 	EXP 	text_5: text = 'Good job! You succesfully responded to 12 out of 24 trials. Your performance score is now 1200.0. Please press any button when you are ready to continue.'
165.5460 	EXP 	text_5: autoDraw = False
165.5460 	EXP 	text_4: autoDraw = False
165.5460 	EXP 	image: image = 'images/image_326_seed_1.png'
165.5460 	EXP 	polygon: autoDraw = True
166.5451 	EXP 	image: autoDraw = True
166.8811 	DATA 	Keypress: 1
166.9300 	DATA 	Keypress: equal
168.4466 	DATA 	Keypress: equal
169.5360 	EXP 	New trial (rep=0, index=28): OrderedDict([('current_image', 'images/image_514_seed_1.png'), ('is_repeat', 0), ('trial_index', 28), ('is_blank_trial', 0), ('is_new_run', 0), ('run_num', 0), ('all_blanks_list', [9, 19, 29, 39, 49, 59, 68, 69, 70, 71])])
169.5463 	EXP 	image: autoDraw = False
169.5463 	EXP 	polygon: autoDraw = False
169.5463 	EXP 	image: autoDraw = False
169.5463 	EXP 	polygon: autoDraw = False
169.5463 	EXP 	polygon_2: autoDraw = False
169.5463 	EXP 	text_5: height = 0.5000000000000001
169.5463 	EXP 	text_5: height = 0.5000000000000001
169.5463 	EXP 	text_5: height = 0.5000000000000001
169.5463 	EXP 	text_5: text = 'Good job! You succesfully responded to 13 out of 25 trials. Your performance score is now 1300.0. Please press any button when you are ready to continue.'
169.5463 	EXP 	text_5: autoDraw = False
169.5463 	EXP 	text_4: autoDraw = False
169.5463 	EXP 	image: image = 'images/image_514_seed_1.png'
169.5463 	EXP 	polygon: autoDraw = True
169.9294 	DATA 	Keypress: equal
170.5454 	EXP 	image: autoDraw = True
171.1306 	DATA 	Keypress: 1
171.4465 	DATA 	Keypress: equal
172.9294 	DATA 	Keypress: equal
173.5377 	EXP 	New trial (rep=0, index=29): OrderedDict([('current_image', 'images/blank.jpg'), ('is_repeat', 0), ('trial_index', 29), ('is_blank_trial', 1), ('is_new_run', 0), ('run_num', 0), ('all_blanks_list', [9, 19, 29, 39, 49, 59, 68, 69, 70, 71])])
173.5469 	EXP 	image: autoDraw = False
173.5469 	EXP 	polygon: autoDraw = False
173.5469 	EXP 	image: autoDraw = False
173.5469 	EXP 	polygon: autoDraw = False
173.5469 	EXP 	polygon_2: autoDraw = False
173.5469 	EXP 	text_5: height = 0.5000000000000001
173.5469 	EXP 	text_5: height = 0.5000000000000001
173.5469 	EXP 	text_5: height = 0.5000000000000001
173.5469 	EXP 	text_5: text = 'Good job! You succesfully responded to 13 out of 26 trials. Your performance score is now 1300.0. Please press any button when you are ready to continue.'
173.5469 	EXP 	text_5: autoDraw = False
173.5469 	EXP 	text_4: autoDraw = False
173.5469 	EXP 	image: image = 'images/blank.jpg'
173.5469 	EXP 	image: autoDraw = False
173.5469 	EXP 	polygon: autoDraw = False
173.5469 	EXP 	polygon_2: autoDraw = True
174.4294 	DATA 	Keypress: equal
175.5462 	DATA 	Keypress: 1
175.9299 	DATA 	Keypress: equal
177.4298 	DATA 	Keypress: equal
177.5376 	EXP 	New trial (rep=0, index=30): OrderedDict([('current_image', 'images/image_519_seed_1.png'), ('is_repeat', 0), ('trial_index', 30), ('is_blank_trial', 0), ('is_new_run', 0), ('run_num', 0), ('all_blanks_list', [9, 19, 29, 39, 49, 59, 68, 69, 70, 71])])
177.5465 	EXP 	polygon_2: autoDraw = False
177.5465 	EXP 	polygon_2: autoDraw = False
177.5465 	EXP 	text_5: height = 0.5000000000000001
177.5465 	EXP 	text_5: height = 0.5000000000000001
177.5465 	EXP 	text_5: height = 0.5000000000000001
177.5465 	EXP 	text_5: text = 'Good job! You succesfully responded to 14 out of 27 trials. Your performance score is now 1400.0. Please press any button when you are ready to continue.'
177.5465 	EXP 	text_5: autoDraw = False
177.5465 	EXP 	text_4: autoDraw = False
177.5465 	EXP 	image: image = 'images/image_519_seed_1.png'
177.5465 	EXP 	polygon: autoDraw = True
178.5436 	EXP 	image: autoDraw = True
178.9480 	DATA 	Keypress: equal
178.9971 	DATA 	Keypress: 1
180.4302 	DATA 	Keypress: equal
181.5302 	EXP 	New trial (rep=0, index=31): OrderedDict([('current_image', 'images/image_63_seed_1.png'), ('is_repeat', 0), ('trial_index', 31), ('is_blank_trial', 0), ('is_new_run', 0), ('run_num', 0), ('all_blanks_list', [9, 19, 29, 39, 49, 59, 68, 69, 70, 71])])
181.5434 	EXP 	image: autoDraw = False
181.5434 	EXP 	polygon: autoDraw = False
181.5434 	EXP 	image: autoDraw = False
181.5434 	EXP 	polygon: autoDraw = False
181.5434 	EXP 	polygon_2: autoDraw = False
181.5434 	EXP 	text_5: text = 'Good job! You succesfully responded to 14 out of 27 trials. Your performance score is now 1400.0. Please press any button when you are ready to continue.'
181.5434 	EXP 	text_5: autoDraw = False
181.5434 	EXP 	text_4: autoDraw = False
181.5434 	EXP 	image: image = 'images/image_63_seed_1.png'
181.5434 	EXP 	polygon: autoDraw = True
181.9299 	DATA 	Keypress: equal
182.5438 	EXP 	image: autoDraw = True
182.9469 	DATA 	Keypress: 1
183.4470 	DATA 	Keypress: equal
184.9471 	DATA 	Keypress: equal
185.5377 	EXP 	New trial (rep=0, index=32): OrderedDict([('current_image', 'images/image_310_seed_1.png'), ('is_repeat', 0), ('trial_index', 32), ('is_blank_trial', 0), ('is_new_run', 0), ('run_num', 0), ('all_blanks_list', [9, 19, 29, 39, 49, 59, 68, 69, 70, 71])])
185.5462 	EXP 	image: autoDraw = False
185.5462 	EXP 	polygon: autoDraw = False
185.5462 	EXP 	image: autoDraw = False
185.5462 	EXP 	polygon: autoDraw = False
185.5462 	EXP 	polygon_2: autoDraw = False
185.5462 	EXP 	text_5: height = 0.5000000000000001
185.5462 	EXP 	text_5: height = 0.5000000000000001
185.5462 	EXP 	text_5: height = 0.5000000000000001
185.5462 	EXP 	text_5: text = 'Good job! You succesfully responded to 15 out of 28 trials. Your performance score is now 1500.0. Please press any button when you are ready to continue.'
185.5462 	EXP 	text_5: autoDraw = False
185.5462 	EXP 	text_4: autoDraw = False
185.5462 	EXP 	image: image = 'images/image_310_seed_1.png'
185.5462 	EXP 	polygon: autoDraw = True
186.4300 	DATA 	Keypress: equal
186.5438 	EXP 	image: autoDraw = True
186.9144 	DATA 	Keypress: 1
187.9473 	DATA 	Keypress: equal
189.4473 	DATA 	Keypress: equal
189.5389 	EXP 	New trial (rep=0, index=33): OrderedDict([('current_image', 'images/image_326_seed_1.png'), ('is_repeat', 1), ('trial_index', 33), ('is_blank_trial', 0), ('is_new_run', 0), ('run_num', 0), ('all_blanks_list', [9, 19, 29, 39, 49, 59, 68, 69, 70, 71])])
189.5463 	EXP 	image: autoDraw = False
189.5463 	EXP 	polygon: autoDraw = False
189.5463 	EXP 	image: autoDraw = False
189.5463 	EXP 	polygon: autoDraw = False
189.5463 	EXP 	polygon_2: autoDraw = False
189.5463 	EXP 	text_5: height = 0.5000000000000001
189.5463 	EXP 	text_5: height = 0.5000000000000001
189.5463 	EXP 	text_5: height = 0.5000000000000001
189.5463 	EXP 	text_5: text = 'Good job! You succesfully responded to 16 out of 29 trials. Your performance score is now 1600.0. Please press any button when you are ready to continue.'
189.5463 	EXP 	text_5: autoDraw = False
189.5463 	EXP 	text_4: autoDraw = False
189.5463 	EXP 	image: image = 'images/image_326_seed_1.png'
189.5463 	EXP 	polygon: autoDraw = True
190.5463 	EXP 	image: autoDraw = True
190.9308 	DATA 	Keypress: equal
190.9827 	DATA 	Keypress: 1
192.4470 	DATA 	Keypress: equal
193.5390 	EXP 	New trial (rep=0, index=34): OrderedDict([('current_image', 'images/image_96_seed_1.png'), ('is_repeat', 0), ('trial_index', 34), ('is_blank_trial', 0), ('is_new_run', 0), ('run_num', 0), ('all_blanks_list', [9, 19, 29, 39, 49, 59, 68, 69, 70, 71])])
193.5477 	EXP 	image: autoDraw = False
193.5477 	EXP 	polygon: autoDraw = False
193.5477 	EXP 	image: autoDraw = False
193.5477 	EXP 	polygon: autoDraw = False
193.5477 	EXP 	polygon_2: autoDraw = False
193.5477 	EXP 	text_5: height = 0.5000000000000001
193.5477 	EXP 	text_5: height = 0.5000000000000001
193.5477 	EXP 	text_5: height = 0.5000000000000001
193.5477 	EXP 	text_5: text = 'Good job! You succesfully responded to 17 out of 30 trials. Your performance score is now 1700.0. Please press any button when you are ready to continue.'
193.5477 	EXP 	text_5: autoDraw = False
193.5477 	EXP 	text_4: autoDraw = False
193.5477 	EXP 	image: image = 'images/image_96_seed_1.png'
193.5477 	EXP 	polygon: autoDraw = True
193.9304 	DATA 	Keypress: equal
194.5441 	EXP 	image: autoDraw = True
194.8652 	DATA 	Keypress: 1
195.4303 	DATA 	Keypress: equal
196.9304 	DATA 	Keypress: equal
197.5383 	EXP 	New trial (rep=0, index=35): OrderedDict([('current_image', 'images/image_471_seed_1.png'), ('is_repeat', 0), ('trial_index', 35), ('is_blank_trial', 0), ('is_new_run', 0), ('run_num', 0), ('all_blanks_list', [9, 19, 29, 39, 49, 59, 68, 69, 70, 71])])
197.5479 	EXP 	image: autoDraw = False
197.5479 	EXP 	polygon: autoDraw = False
197.5479 	EXP 	image: autoDraw = False
197.5479 	EXP 	polygon: autoDraw = False
197.5479 	EXP 	polygon_2: autoDraw = False
197.5479 	EXP 	text_5: height = 0.5000000000000001
197.5479 	EXP 	text_5: height = 0.5000000000000001
197.5479 	EXP 	text_5: height = 0.5000000000000001
197.5479 	EXP 	text_5: text = 'Good job! You succesfully responded to 18 out of 31 trials. Your performance score is now 1700.0. Please press any button when you are ready to continue.'
197.5479 	EXP 	text_5: autoDraw = False
197.5479 	EXP 	text_4: autoDraw = False
197.5479 	EXP 	image: image = 'images/image_471_seed_1.png'
197.5479 	EXP 	polygon: autoDraw = True
198.4305 	DATA 	Keypress: equal
198.5443 	EXP 	image: autoDraw = True
198.8133 	DATA 	Keypress: 1
199.9308 	DATA 	Keypress: equal
201.4304 	DATA 	Keypress: equal
201.5390 	EXP 	New trial (rep=0, index=36): OrderedDict([('current_image', 'images/image_264_seed_1.png'), ('is_repeat', 0), ('trial_index', 36), ('is_blank_trial', 0), ('is_new_run', 0), ('run_num', 0), ('all_blanks_list', [9, 19, 29, 39, 49, 59, 68, 69, 70, 71])])
201.5470 	EXP 	image: autoDraw = False
201.5470 	EXP 	polygon: autoDraw = False
201.5470 	EXP 	image: autoDraw = False
201.5470 	EXP 	polygon: autoDraw = False
201.5470 	EXP 	polygon_2: autoDraw = False
201.5470 	EXP 	text_5: height = 0.5000000000000001
201.5470 	EXP 	text_5: height = 0.5000000000000001
201.5470 	EXP 	text_5: height = 0.5000000000000001
201.5470 	EXP 	text_5: text = 'Good job! You succesfully responded to 19 out of 32 trials. Your performance score is now 1800.0. Please press any button when you are ready to continue.'
201.5470 	EXP 	text_5: autoDraw = False
201.5470 	EXP 	text_4: autoDraw = False
201.5470 	EXP 	image: image = 'images/image_264_seed_1.png'
201.5470 	EXP 	polygon: autoDraw = True
202.5444 	EXP 	image: autoDraw = True
202.9308 	DATA 	Keypress: equal
202.9653 	DATA 	Keypress: 1
204.4313 	DATA 	Keypress: equal
205.5388 	EXP 	New trial (rep=0, index=37): OrderedDict([('current_image', 'images/image_413_seed_1.png'), ('is_repeat', 0), ('trial_index', 37), ('is_blank_trial', 0), ('is_new_run', 0), ('run_num', 0), ('all_blanks_list', [9, 19, 29, 39, 49, 59, 68, 69, 70, 71])])
205.5479 	EXP 	image: autoDraw = False
205.5479 	EXP 	polygon: autoDraw = False
205.5479 	EXP 	image: autoDraw = False
205.5479 	EXP 	polygon: autoDraw = False
205.5479 	EXP 	polygon_2: autoDraw = False
205.5479 	EXP 	text_5: height = 0.5000000000000001
205.5479 	EXP 	text_5: height = 0.5000000000000001
205.5479 	EXP 	text_5: height = 0.5000000000000001
205.5479 	EXP 	text_5: text = 'Good job! You succesfully responded to 20 out of 33 trials. Your performance score is now 1900.0. Please press any button when you are ready to continue.'
205.5479 	EXP 	text_5: autoDraw = False
205.5479 	EXP 	text_4: autoDraw = False
205.5479 	EXP 	image: image = 'images/image_413_seed_1.png'
205.5479 	EXP 	polygon: autoDraw = True
205.5952 	DATA 	Keypress: 1
205.9311 	DATA 	Keypress: equal
206.5444 	EXP 	image: autoDraw = True
207.4312 	DATA 	Keypress: equal
208.9310 	DATA 	Keypress: equal
209.5147 	DATA 	Keypress: 1
209.5403 	EXP 	New trial (rep=0, index=38): OrderedDict([('current_image', 'images/image_608_seed_1.png'), ('is_repeat', 1), ('trial_index', 38), ('is_blank_trial', 0), ('is_new_run', 0), ('run_num', 0), ('all_blanks_list', [9, 19, 29, 39, 49, 59, 68, 69, 70, 71])])
209.5470 	EXP 	image: autoDraw = False
209.5470 	EXP 	polygon: autoDraw = False
209.5470 	EXP 	image: autoDraw = False
209.5470 	EXP 	polygon: autoDraw = False
209.5470 	EXP 	polygon_2: autoDraw = False
209.5470 	EXP 	text_5: height = 0.5000000000000001
209.5470 	EXP 	text_5: height = 0.5000000000000001
209.5470 	EXP 	text_5: height = 0.5000000000000001
209.5470 	EXP 	text_5: text = 'Good job! You succesfully responded to 21 out of 34 trials. Your performance score is now 2000.0. Please press any button when you are ready to continue.'
209.5470 	EXP 	text_5: autoDraw = False
209.5470 	EXP 	text_4: autoDraw = False
209.5470 	EXP 	image: image = 'images/image_608_seed_1.png'
209.5470 	EXP 	polygon: autoDraw = True
210.4310 	DATA 	Keypress: equal
210.5444 	EXP 	image: autoDraw = True
211.9307 	DATA 	Keypress: equal
212.1330 	DATA 	Keypress: 1
213.4313 	DATA 	Keypress: equal
213.5391 	EXP 	New trial (rep=0, index=39): OrderedDict([('current_image', 'images/blank.jpg'), ('is_repeat', 0), ('trial_index', 39), ('is_blank_trial', 1), ('is_new_run', 0), ('run_num', 0), ('all_blanks_list', [9, 19, 29, 39, 49, 59, 68, 69, 70, 71])])
213.5470 	EXP 	image: autoDraw = False
213.5470 	EXP 	polygon: autoDraw = False
213.5470 	EXP 	image: autoDraw = False
213.5470 	EXP 	polygon: autoDraw = False
213.5470 	EXP 	polygon_2: autoDraw = False
213.5470 	EXP 	text_5: height = 0.5000000000000001
213.5470 	EXP 	text_5: height = 0.5000000000000001
213.5470 	EXP 	text_5: height = 0.5000000000000001
213.5470 	EXP 	text_5: text = 'Good job! You succesfully responded to 22 out of 35 trials. Your performance score is now 2100.0. Please press any button when you are ready to continue.'
213.5470 	EXP 	text_5: autoDraw = False
213.5470 	EXP 	text_4: autoDraw = False
213.5470 	EXP 	image: image = 'images/blank.jpg'
213.5470 	EXP 	image: autoDraw = False
213.5470 	EXP 	polygon: autoDraw = False
213.5470 	EXP 	polygon_2: autoDraw = True
214.9305 	DATA 	Keypress: equal
216.4290 	DATA 	Keypress: equal
216.7826 	DATA 	Keypress: 1
217.5392 	EXP 	New trial (rep=0, index=40): OrderedDict([('current_image', 'images/image_363_seed_1.png'), ('is_repeat', 0), ('trial_index', 40), ('is_blank_trial', 0), ('is_new_run', 0), ('run_num', 0), ('all_blanks_list', [9, 19, 29, 39, 49, 59, 68, 69, 70, 71])])
217.5480 	EXP 	polygon_2: autoDraw = False
217.5480 	EXP 	polygon_2: autoDraw = False
217.5480 	EXP 	text_5: height = 0.5000000000000001
217.5480 	EXP 	text_5: height = 0.5000000000000001
217.5480 	EXP 	text_5: height = 0.5000000000000001
217.5480 	EXP 	text_5: text = 'Good job! You succesfully responded to 23 out of 36 trials. Your performance score is now 2100.0. Please press any button when you are ready to continue.'
217.5480 	EXP 	text_5: autoDraw = False
217.5480 	EXP 	text_4: autoDraw = False
217.5480 	EXP 	image: image = 'images/image_363_seed_1.png'
217.5480 	EXP 	polygon: autoDraw = True
217.9291 	DATA 	Keypress: equal
218.5473 	EXP 	image: autoDraw = True
219.3977 	DATA 	Keypress: 1
219.4292 	DATA 	Keypress: equal
220.9316 	DATA 	Keypress: equal
221.2314 	DATA 	Keypress: 1
221.5319 	EXP 	New trial (rep=0, index=41): OrderedDict([('current_image', 'images/image_267_seed_1.png'), ('is_repeat', 0), ('trial_index', 41), ('is_blank_trial', 0), ('is_new_run', 0), ('run_num', 0), ('all_blanks_list', [9, 19, 29, 39, 49, 59, 68, 69, 70, 71])])
221.5442 	EXP 	image: autoDraw = False
221.5442 	EXP 	polygon: autoDraw = False
221.5442 	EXP 	image: autoDraw = False
221.5442 	EXP 	polygon: autoDraw = False
221.5442 	EXP 	polygon_2: autoDraw = False
221.5442 	EXP 	text_5: text = 'Good job! You succesfully responded to 23 out of 36 trials. Your performance score is now 2100.0. Please press any button when you are ready to continue.'
221.5442 	EXP 	text_5: autoDraw = False
221.5442 	EXP 	text_4: autoDraw = False
221.5442 	EXP 	image: image = 'images/image_267_seed_1.png'
221.5442 	EXP 	polygon: autoDraw = True
222.4310 	DATA 	Keypress: equal
222.5450 	EXP 	image: autoDraw = True
223.5818 	DATA 	Keypress: 1
223.9309 	DATA 	Keypress: equal
225.4314 	DATA 	Keypress: equal
225.5396 	EXP 	New trial (rep=0, index=42): OrderedDict([('current_image', 'images/image_278_seed_1.png'), ('is_repeat', 0), ('trial_index', 42), ('is_blank_trial', 0), ('is_new_run', 0), ('run_num', 0), ('all_blanks_list', [9, 19, 29, 39, 49, 59, 68, 69, 70, 71])])
225.5477 	EXP 	image: autoDraw = False
225.5477 	EXP 	polygon: autoDraw = False
225.5477 	EXP 	image: autoDraw = False
225.5477 	EXP 	polygon: autoDraw = False
225.5477 	EXP 	polygon_2: autoDraw = False
225.5477 	EXP 	text_5: height = 0.5000000000000001
225.5477 	EXP 	text_5: height = 0.5000000000000001
225.5477 	EXP 	text_5: height = 0.5000000000000001
225.5477 	EXP 	text_5: text = 'Good job! You succesfully responded to 24 out of 37 trials. Your performance score is now 2200.0. Please press any button when you are ready to continue.'
225.5477 	EXP 	text_5: autoDraw = False
225.5477 	EXP 	text_4: autoDraw = False
225.5477 	EXP 	image: image = 'images/image_278_seed_1.png'
225.5477 	EXP 	polygon: autoDraw = True
226.5450 	EXP 	image: autoDraw = True
226.9314 	DATA 	Keypress: equal
227.3811 	DATA 	Keypress: 1
228.4314 	DATA 	Keypress: equal
229.5396 	EXP 	New trial (rep=0, index=43): OrderedDict([('current_image', 'images/image_633_seed_1.png'), ('is_repeat', 0), ('trial_index', 43), ('is_blank_trial', 0), ('is_new_run', 0), ('run_num', 0), ('all_blanks_list', [9, 19, 29, 39, 49, 59, 68, 69, 70, 71])])
229.5481 	EXP 	image: autoDraw = False
229.5481 	EXP 	polygon: autoDraw = False
229.5481 	EXP 	image: autoDraw = False
229.5481 	EXP 	polygon: autoDraw = False
229.5481 	EXP 	polygon_2: autoDraw = False
229.5481 	EXP 	text_5: height = 0.5000000000000001
229.5481 	EXP 	text_5: height = 0.5000000000000001
229.5481 	EXP 	text_5: height = 0.5000000000000001
229.5481 	EXP 	text_5: text = 'Good job! You succesfully responded to 25 out of 38 trials. Your performance score is now 2300.0. Please press any button when you are ready to continue.'
229.5481 	EXP 	text_5: autoDraw = False
229.5481 	EXP 	text_4: autoDraw = False
229.5481 	EXP 	image: image = 'images/image_633_seed_1.png'
229.5481 	EXP 	polygon: autoDraw = True
229.9295 	DATA 	Keypress: equal
230.5450 	EXP 	image: autoDraw = True
230.9814 	DATA 	Keypress: 1
231.4320 	DATA 	Keypress: equal
232.9317 	DATA 	Keypress: equal
233.5397 	EXP 	New trial (rep=0, index=44): OrderedDict([('current_image', 'images/image_609_seed_1.png'), ('is_repeat', 0), ('trial_index', 44), ('is_blank_trial', 0), ('is_new_run', 0), ('run_num', 0), ('all_blanks_list', [9, 19, 29, 39, 49, 59, 68, 69, 70, 71])])
233.5484 	EXP 	image: autoDraw = False
233.5484 	EXP 	polygon: autoDraw = False
233.5484 	EXP 	image: autoDraw = False
233.5484 	EXP 	polygon: autoDraw = False
233.5484 	EXP 	polygon_2: autoDraw = False
233.5484 	EXP 	text_5: height = 0.5000000000000001
233.5484 	EXP 	text_5: height = 0.5000000000000001
233.5484 	EXP 	text_5: height = 0.5000000000000001
233.5484 	EXP 	text_5: text = 'Good job! You succesfully responded to 26 out of 39 trials. Your performance score is now 2400.0. Please press any button when you are ready to continue.'
233.5484 	EXP 	text_5: autoDraw = False
233.5484 	EXP 	text_4: autoDraw = False
233.5484 	EXP 	image: image = 'images/image_609_seed_1.png'
233.5484 	EXP 	polygon: autoDraw = True
234.4311 	DATA 	Keypress: equal
234.5466 	EXP 	image: autoDraw = True
234.8627 	DATA 	Keypress: 1
235.9315 	DATA 	Keypress: equal
237.4313 	DATA 	Keypress: equal
237.5396 	EXP 	New trial (rep=0, index=45): OrderedDict([('current_image', 'images/image_403_seed_1.png'), ('is_repeat', 0), ('trial_index', 45), ('is_blank_trial', 0), ('is_new_run', 0), ('run_num', 0), ('all_blanks_list', [9, 19, 29, 39, 49, 59, 68, 69, 70, 71])])
237.5480 	EXP 	image: autoDraw = False
237.5480 	EXP 	polygon: autoDraw = False
237.5480 	EXP 	image: autoDraw = False
237.5480 	EXP 	polygon: autoDraw = False
237.5480 	EXP 	polygon_2: autoDraw = False
237.5480 	EXP 	text_5: height = 0.5000000000000001
237.5480 	EXP 	text_5: height = 0.5000000000000001
237.5480 	EXP 	text_5: height = 0.5000000000000001
237.5480 	EXP 	text_5: text = 'Good job! You succesfully responded to 27 out of 40 trials. Your performance score is now 2500.0. Please press any button when you are ready to continue.'
237.5480 	EXP 	text_5: autoDraw = False
237.5480 	EXP 	text_4: autoDraw = False
237.5480 	EXP 	image: image = 'images/image_403_seed_1.png'
237.5480 	EXP 	polygon: autoDraw = True
238.5450 	EXP 	image: autoDraw = True
238.9315 	DATA 	Keypress: equal
239.2641 	DATA 	Keypress: 1
240.4318 	DATA 	Keypress: equal
241.5401 	EXP 	New trial (rep=0, index=46): OrderedDict([('current_image', 'images/image_566_seed_1.png'), ('is_repeat', 0), ('trial_index', 46), ('is_blank_trial', 0), ('is_new_run', 0), ('run_num', 0), ('all_blanks_list', [9, 19, 29, 39, 49, 59, 68, 69, 70, 71])])
241.5481 	EXP 	image: autoDraw = False
241.5481 	EXP 	polygon: autoDraw = False
241.5481 	EXP 	image: autoDraw = False
241.5481 	EXP 	polygon: autoDraw = False
241.5481 	EXP 	polygon_2: autoDraw = False
241.5481 	EXP 	text_5: height = 0.5000000000000001
241.5481 	EXP 	text_5: height = 0.5000000000000001
241.5481 	EXP 	text_5: height = 0.5000000000000001
241.5481 	EXP 	text_5: text = 'Good job! You succesfully responded to 28 out of 41 trials. Your performance score is now 2600.0. Please press any button when you are ready to continue.'
241.5481 	EXP 	text_5: autoDraw = False
241.5481 	EXP 	text_4: autoDraw = False
241.5481 	EXP 	image: image = 'images/image_566_seed_1.png'
241.5481 	EXP 	polygon: autoDraw = True
241.9319 	DATA 	Keypress: equal
242.5457 	EXP 	image: autoDraw = True
243.4319 	DATA 	Keypress: equal
244.9316 	DATA 	Keypress: equal
244.9488 	DATA 	Keypress: 1
245.5397 	EXP 	New trial (rep=0, index=47): OrderedDict([('current_image', 'images/image_679_seed_1.png'), ('is_repeat', 0), ('trial_index', 47), ('is_blank_trial', 0), ('is_new_run', 0), ('run_num', 0), ('all_blanks_list', [9, 19, 29, 39, 49, 59, 68, 69, 70, 71])])
245.5483 	EXP 	image: autoDraw = False
245.5483 	EXP 	polygon: autoDraw = False
245.5483 	EXP 	image: autoDraw = False
245.5483 	EXP 	polygon: autoDraw = False
245.5483 	EXP 	polygon_2: autoDraw = False
245.5483 	EXP 	text_5: height = 0.5000000000000001
245.5483 	EXP 	text_5: height = 0.5000000000000001
245.5483 	EXP 	text_5: height = 0.5000000000000001
245.5483 	EXP 	text_5: text = 'Good job! You succesfully responded to 29 out of 42 trials. Your performance score is now 2700.0. Please press any button when you are ready to continue.'
245.5483 	EXP 	text_5: autoDraw = False
245.5483 	EXP 	text_4: autoDraw = False
245.5483 	EXP 	image: image = 'images/image_679_seed_1.png'
245.5483 	EXP 	polygon: autoDraw = True
246.4324 	DATA 	Keypress: equal
246.5457 	EXP 	image: autoDraw = True
247.1630 	DATA 	Keypress: 1
247.9318 	DATA 	Keypress: equal
249.4315 	DATA 	Keypress: equal
249.5358 	EXP 	New trial (rep=0, index=48): OrderedDict([('current_image', 'images/image_29_seed_1.png'), ('is_repeat', 0), ('trial_index', 48), ('is_blank_trial', 0), ('is_new_run', 0), ('run_num', 0), ('all_blanks_list', [9, 19, 29, 39, 49, 59, 68, 69, 70, 71])])
249.5449 	EXP 	image: autoDraw = False
249.5449 	EXP 	polygon: autoDraw = False
249.5449 	EXP 	image: autoDraw = False
249.5449 	EXP 	polygon: autoDraw = False
249.5449 	EXP 	polygon_2: autoDraw = False
249.5449 	EXP 	text_5: height = 0.5000000000000001
249.5449 	EXP 	text_5: height = 0.5000000000000001
249.5449 	EXP 	text_5: height = 0.5000000000000001
249.5449 	EXP 	text_5: text = 'Good job! You succesfully responded to 30 out of 43 trials. Your performance score is now 2800.0. Please press any button when you are ready to continue.'
249.5449 	EXP 	text_5: autoDraw = False
249.5449 	EXP 	text_4: autoDraw = False
249.5449 	EXP 	image: image = 'images/image_29_seed_1.png'
249.5449 	EXP 	polygon: autoDraw = True
250.5457 	EXP 	image: autoDraw = True
250.9317 	DATA 	Keypress: equal
251.0469 	DATA 	Keypress: 1
252.4323 	DATA 	Keypress: equal
253.5400 	EXP 	New trial (rep=0, index=49): OrderedDict([('current_image', 'images/blank.jpg'), ('is_repeat', 0), ('trial_index', 49), ('is_blank_trial', 1), ('is_new_run', 0), ('run_num', 0), ('all_blanks_list', [9, 19, 29, 39, 49, 59, 68, 69, 70, 71])])
253.5481 	EXP 	image: autoDraw = False
253.5481 	EXP 	polygon: autoDraw = False
253.5481 	EXP 	image: autoDraw = False
253.5481 	EXP 	polygon: autoDraw = False
253.5481 	EXP 	polygon_2: autoDraw = False
253.5481 	EXP 	text_5: height = 0.5000000000000001
253.5481 	EXP 	text_5: height = 0.5000000000000001
253.5481 	EXP 	text_5: height = 0.5000000000000001
253.5481 	EXP 	text_5: text = 'Good job! You succesfully responded to 31 out of 44 trials. Your performance score is now 2900.0. Please press any button when you are ready to continue.'
253.5481 	EXP 	text_5: autoDraw = False
253.5481 	EXP 	text_4: autoDraw = False
253.5481 	EXP 	image: image = 'images/blank.jpg'
253.5481 	EXP 	image: autoDraw = False
253.5481 	EXP 	polygon: autoDraw = False
253.5481 	EXP 	polygon_2: autoDraw = True
253.9324 	DATA 	Keypress: equal
255.4322 	DATA 	Keypress: equal
256.9324 	DATA 	Keypress: equal
257.5400 	EXP 	New trial (rep=0, index=50): OrderedDict([('current_image', 'images/image_7_seed_1.png'), ('is_repeat', 0), ('trial_index', 50), ('is_blank_trial', 0), ('is_new_run', 0), ('run_num', 0), ('all_blanks_list', [9, 19, 29, 39, 49, 59, 68, 69, 70, 71])])
257.5503 	EXP 	polygon_2: autoDraw = False
257.5503 	EXP 	polygon_2: autoDraw = False
257.5503 	EXP 	text_5: height = 0.5000000000000001
257.5503 	EXP 	text_5: height = 0.5000000000000001
257.5503 	EXP 	text_5: height = 0.5000000000000001
257.5503 	EXP 	text_5: text = 'Good job! You succesfully responded to 32 out of 45 trials. Your performance score is now 3000.0. Please press any button when you are ready to continue.'
257.5503 	EXP 	text_5: autoDraw = False
257.5503 	EXP 	text_4: autoDraw = False
257.5503 	EXP 	image: image = 'images/image_7_seed_1.png'
257.5503 	EXP 	polygon: autoDraw = True
258.4322 	DATA 	Keypress: equal
258.5458 	EXP 	image: autoDraw = True
259.9329 	DATA 	Keypress: equal
260.5172 	DATA 	Keypress: 1
261.4318 	DATA 	Keypress: equal
261.5329 	EXP 	New trial (rep=0, index=51): OrderedDict([('current_image', 'images/image_357_seed_1.png'), ('is_repeat', 0), ('trial_index', 51), ('is_blank_trial', 0), ('is_new_run', 0), ('run_num', 0), ('all_blanks_list', [9, 19, 29, 39, 49, 59, 68, 69, 70, 71])])
261.5452 	EXP 	image: autoDraw = False
261.5452 	EXP 	polygon: autoDraw = False
261.5452 	EXP 	image: autoDraw = False
261.5452 	EXP 	polygon: autoDraw = False
261.5452 	EXP 	polygon_2: autoDraw = False
261.5452 	EXP 	text_5: text = 'Good job! You succesfully responded to 32 out of 45 trials. Your performance score is now 3000.0. Please press any button when you are ready to continue.'
261.5452 	EXP 	text_5: autoDraw = False
261.5452 	EXP 	text_4: autoDraw = False
261.5452 	EXP 	image: image = 'images/image_357_seed_1.png'
261.5452 	EXP 	polygon: autoDraw = True
262.5461 	EXP 	image: autoDraw = True
262.9326 	DATA 	Keypress: equal
262.9500 	DATA 	Keypress: 1
264.4320 	DATA 	Keypress: equal
264.9345 	DATA 	Keypress: 1
265.5405 	EXP 	New trial (rep=0, index=52): OrderedDict([('current_image', 'images/image_202_seed_1.png'), ('is_repeat', 0), ('trial_index', 52), ('is_blank_trial', 0), ('is_new_run', 0), ('run_num', 0), ('all_blanks_list', [9, 19, 29, 39, 49, 59, 68, 69, 70, 71])])
265.5510 	EXP 	image: autoDraw = False
265.5510 	EXP 	polygon: autoDraw = False
265.5510 	EXP 	image: autoDraw = False
265.5510 	EXP 	polygon: autoDraw = False
265.5510 	EXP 	polygon_2: autoDraw = False
265.5510 	EXP 	text_5: height = 0.5000000000000001
265.5510 	EXP 	text_5: height = 0.5000000000000001
265.5510 	EXP 	text_5: height = 0.5000000000000001
265.5510 	EXP 	text_5: text = 'Good job! You succesfully responded to 33 out of 46 trials. Your performance score is now 3100.0. Please press any button when you are ready to continue.'
265.5510 	EXP 	text_5: autoDraw = False
265.5510 	EXP 	text_4: autoDraw = False
265.5510 	EXP 	image: image = 'images/image_202_seed_1.png'
265.5510 	EXP 	polygon: autoDraw = True
265.9329 	DATA 	Keypress: equal
266.5461 	EXP 	image: autoDraw = True
267.3170 	DATA 	Keypress: 1
267.4325 	DATA 	Keypress: equal
268.9323 	DATA 	Keypress: equal
269.5404 	EXP 	New trial (rep=0, index=53): OrderedDict([('current_image', 'images/image_653_seed_1.png'), ('is_repeat', 0), ('trial_index', 53), ('is_blank_trial', 0), ('is_new_run', 0), ('run_num', 0), ('all_blanks_list', [9, 19, 29, 39, 49, 59, 68, 69, 70, 71])])
269.5496 	EXP 	image: autoDraw = False
269.5496 	EXP 	polygon: autoDraw = False
269.5496 	EXP 	image: autoDraw = False
269.5496 	EXP 	polygon: autoDraw = False
269.5496 	EXP 	polygon_2: autoDraw = False
269.5496 	EXP 	text_5: height = 0.5000000000000001
269.5496 	EXP 	text_5: height = 0.5000000000000001
269.5496 	EXP 	text_5: height = 0.5000000000000001
269.5496 	EXP 	text_5: text = 'Good job! You succesfully responded to 34 out of 47 trials. Your performance score is now 3200.0. Please press any button when you are ready to continue.'
269.5496 	EXP 	text_5: autoDraw = False
269.5496 	EXP 	text_4: autoDraw = False
269.5496 	EXP 	image: image = 'images/image_653_seed_1.png'
269.5496 	EXP 	polygon: autoDraw = True
270.4323 	DATA 	Keypress: equal
270.5461 	EXP 	image: autoDraw = True
270.6644 	DATA 	Keypress: 1
271.9329 	DATA 	Keypress: equal
273.4323 	DATA 	Keypress: equal
273.5411 	EXP 	New trial (rep=0, index=54): OrderedDict([('current_image', 'images/image_56_seed_1.png'), ('is_repeat', 0), ('trial_index', 54), ('is_blank_trial', 0), ('is_new_run', 0), ('run_num', 0), ('all_blanks_list', [9, 19, 29, 39, 49, 59, 68, 69, 70, 71])])
273.5502 	EXP 	image: autoDraw = False
273.5502 	EXP 	polygon: autoDraw = False
273.5502 	EXP 	image: autoDraw = False
273.5502 	EXP 	polygon: autoDraw = False
273.5502 	EXP 	polygon_2: autoDraw = False
273.5502 	EXP 	text_5: height = 0.5000000000000001
273.5502 	EXP 	text_5: height = 0.5000000000000001
273.5502 	EXP 	text_5: height = 0.5000000000000001
273.5502 	EXP 	text_5: text = 'Good job! You succesfully responded to 35 out of 48 trials. Your performance score is now 3300.0. Please press any button when you are ready to continue.'
273.5502 	EXP 	text_5: autoDraw = False
273.5502 	EXP 	text_4: autoDraw = False
273.5502 	EXP 	image: image = 'images/image_56_seed_1.png'
273.5502 	EXP 	polygon: autoDraw = True
274.2305 	DATA 	Keypress: 1
274.5465 	EXP 	image: autoDraw = True
274.9326 	DATA 	Keypress: equal
275.4011 	DATA 	Keypress: 1
276.4307 	DATA 	Keypress: equal
277.5408 	EXP 	New trial (rep=0, index=55): OrderedDict([('current_image', 'images/image_95_seed_1.png'), ('is_repeat', 0), ('trial_index', 55), ('is_blank_trial', 0), ('is_new_run', 0), ('run_num', 0), ('all_blanks_list', [9, 19, 29, 39, 49, 59, 68, 69, 70, 71])])
277.5507 	EXP 	image: autoDraw = False
277.5507 	EXP 	polygon: autoDraw = False
277.5507 	EXP 	image: autoDraw = False
277.5507 	EXP 	polygon: autoDraw = False
277.5507 	EXP 	polygon_2: autoDraw = False
277.5507 	EXP 	text_5: height = 0.5000000000000001
277.5507 	EXP 	text_5: height = 0.5000000000000001
277.5507 	EXP 	text_5: height = 0.5000000000000001
277.5507 	EXP 	text_5: text = 'Good job! You succesfully responded to 36 out of 49 trials. Your performance score is now 3400.0. Please press any button when you are ready to continue.'
277.5507 	EXP 	text_5: autoDraw = False
277.5507 	EXP 	text_4: autoDraw = False
277.5507 	EXP 	image: image = 'images/image_95_seed_1.png'
277.5507 	EXP 	polygon: autoDraw = True
277.9325 	DATA 	Keypress: equal
278.5486 	EXP 	image: autoDraw = True
279.0142 	DATA 	Keypress: 1
279.4324 	DATA 	Keypress: equal
280.9324 	DATA 	Keypress: equal
280.9830 	DATA 	Keypress: 1
281.5418 	EXP 	New trial (rep=0, index=56): OrderedDict([('current_image', 'images/image_614_seed_1.png'), ('is_repeat', 0), ('trial_index', 56), ('is_blank_trial', 0), ('is_new_run', 0), ('run_num', 0), ('all_blanks_list', [9, 19, 29, 39, 49, 59, 68, 69, 70, 71])])
281.5509 	EXP 	image: autoDraw = False
281.5509 	EXP 	polygon: autoDraw = False
281.5509 	EXP 	image: autoDraw = False
281.5509 	EXP 	polygon: autoDraw = False
281.5509 	EXP 	polygon_2: autoDraw = False
281.5509 	EXP 	text_5: height = 0.5000000000000001
281.5509 	EXP 	text_5: height = 0.5000000000000001
281.5509 	EXP 	text_5: height = 0.5000000000000001
281.5509 	EXP 	text_5: text = 'Good job! You succesfully responded to 36 out of 50 trials. Your performance score is now 3400.0. Please press any button when you are ready to continue.'
281.5509 	EXP 	text_5: autoDraw = False
281.5509 	EXP 	text_4: autoDraw = False
281.5509 	EXP 	image: image = 'images/image_614_seed_1.png'
281.5509 	EXP 	polygon: autoDraw = True
282.4331 	DATA 	Keypress: equal
282.5465 	EXP 	image: autoDraw = True
283.2350 	DATA 	Keypress: 1
283.9327 	DATA 	Keypress: equal
285.4332 	DATA 	Keypress: equal
285.5410 	EXP 	New trial (rep=0, index=57): OrderedDict([('current_image', 'images/image_42_seed_1.png'), ('is_repeat', 0), ('trial_index', 57), ('is_blank_trial', 0), ('is_new_run', 0), ('run_num', 0), ('all_blanks_list', [9, 19, 29, 39, 49, 59, 68, 69, 70, 71])])
285.5507 	EXP 	image: autoDraw = False
285.5507 	EXP 	polygon: autoDraw = False
285.5507 	EXP 	image: autoDraw = False
285.5507 	EXP 	polygon: autoDraw = False
285.5507 	EXP 	polygon_2: autoDraw = False
285.5507 	EXP 	text_5: height = 0.5000000000000001
285.5507 	EXP 	text_5: height = 0.5000000000000001
285.5507 	EXP 	text_5: height = 0.5000000000000001
285.5507 	EXP 	text_5: text = 'Good job! You succesfully responded to 37 out of 51 trials. Your performance score is now 3500.0. Please press any button when you are ready to continue.'
285.5507 	EXP 	text_5: autoDraw = False
285.5507 	EXP 	text_4: autoDraw = False
285.5507 	EXP 	image: image = 'images/image_42_seed_1.png'
285.5507 	EXP 	polygon: autoDraw = True
286.5465 	EXP 	image: autoDraw = True
286.8662 	DATA 	Keypress: 1
286.9327 	DATA 	Keypress: equal
288.4327 	DATA 	Keypress: equal
289.5417 	EXP 	New trial (rep=0, index=58): OrderedDict([('current_image', 'images/image_299_seed_1.png'), ('is_repeat', 0), ('trial_index', 58), ('is_blank_trial', 0), ('is_new_run', 0), ('run_num', 0), ('all_blanks_list', [9, 19, 29, 39, 49, 59, 68, 69, 70, 71])])
289.5513 	EXP 	image: autoDraw = False
289.5513 	EXP 	polygon: autoDraw = False
289.5513 	EXP 	image: autoDraw = False
289.5513 	EXP 	polygon: autoDraw = False
289.5513 	EXP 	polygon_2: autoDraw = False
289.5513 	EXP 	text_5: height = 0.5000000000000001
289.5513 	EXP 	text_5: height = 0.5000000000000001
289.5513 	EXP 	text_5: height = 0.5000000000000001
289.5513 	EXP 	text_5: text = 'Good job! You succesfully responded to 38 out of 52 trials. Your performance score is now 3600.0. Please press any button when you are ready to continue.'
289.5513 	EXP 	text_5: autoDraw = False
289.5513 	EXP 	text_4: autoDraw = False
289.5513 	EXP 	image: image = 'images/image_299_seed_1.png'
289.5513 	EXP 	polygon: autoDraw = True
289.9309 	DATA 	Keypress: equal
290.5468 	EXP 	image: autoDraw = True
290.8850 	DATA 	Keypress: 1
291.4329 	DATA 	Keypress: equal
292.9328 	DATA 	Keypress: equal
293.1175 	DATA 	Keypress: 1
293.5411 	EXP 	New trial (rep=0, index=59): OrderedDict([('current_image', 'images/blank.jpg'), ('is_repeat', 0), ('trial_index', 59), ('is_blank_trial', 1), ('is_new_run', 0), ('run_num', 0), ('all_blanks_list', [9, 19, 29, 39, 49, 59, 68, 69, 70, 71])])
293.5500 	EXP 	image: autoDraw = False
293.5500 	EXP 	polygon: autoDraw = False
293.5500 	EXP 	image: autoDraw = False
293.5500 	EXP 	polygon: autoDraw = False
293.5500 	EXP 	polygon_2: autoDraw = False
293.5500 	EXP 	text_5: height = 0.5000000000000001
293.5500 	EXP 	text_5: height = 0.5000000000000001
293.5500 	EXP 	text_5: height = 0.5000000000000001
293.5500 	EXP 	text_5: text = 'Good job! You succesfully responded to 39 out of 53 trials. Your performance score is now 3700.0. Please press any button when you are ready to continue.'
293.5500 	EXP 	text_5: autoDraw = False
293.5500 	EXP 	text_4: autoDraw = False
293.5500 	EXP 	image: image = 'images/blank.jpg'
293.5500 	EXP 	image: autoDraw = False
293.5500 	EXP 	polygon: autoDraw = False
293.5500 	EXP 	polygon_2: autoDraw = True
294.4334 	DATA 	Keypress: equal
295.9336 	DATA 	Keypress: equal
297.4335 	DATA 	Keypress: equal
297.5410 	EXP 	New trial (rep=0, index=60): OrderedDict([('current_image', 'images/image_91_seed_1.png'), ('is_repeat', 0), ('trial_index', 60), ('is_blank_trial', 0), ('is_new_run', 0), ('run_num', 0), ('all_blanks_list', [9, 19, 29, 39, 49, 59, 68, 69, 70, 71])])
297.5499 	EXP 	polygon_2: autoDraw = False
297.5499 	EXP 	polygon_2: autoDraw = False
297.5499 	EXP 	text_5: height = 0.5000000000000001
297.5499 	EXP 	text_5: height = 0.5000000000000001
297.5499 	EXP 	text_5: height = 0.5000000000000001
297.5499 	EXP 	text_5: text = 'Good job! You succesfully responded to 40 out of 54 trials. Your performance score is now 3800.0. Please press any button when you are ready to continue.'
297.5499 	EXP 	text_5: autoDraw = False
297.5499 	EXP 	text_4: autoDraw = False
297.5499 	EXP 	image: image = 'images/image_91_seed_1.png'
297.5499 	EXP 	polygon: autoDraw = True
298.5468 	EXP 	image: autoDraw = True
298.9332 	DATA 	Keypress: equal
299.1177 	DATA 	Keypress: 1
300.4336 	DATA 	Keypress: equal
301.5321 	EXP 	New trial (rep=0, index=61): OrderedDict([('current_image', 'images/image_623_seed_1.png'), ('is_repeat', 0), ('trial_index', 61), ('is_blank_trial', 0), ('is_new_run', 0), ('run_num', 0), ('all_blanks_list', [9, 19, 29, 39, 49, 59, 68, 69, 70, 71])])
301.5465 	EXP 	image: autoDraw = False
301.5465 	EXP 	polygon: autoDraw = False
301.5465 	EXP 	image: autoDraw = False
301.5465 	EXP 	polygon: autoDraw = False
301.5465 	EXP 	polygon_2: autoDraw = False
301.5465 	EXP 	text_5: text = 'Good job! You succesfully responded to 40 out of 54 trials. Your performance score is now 3800.0. Please press any button when you are ready to continue.'
301.5465 	EXP 	text_5: autoDraw = False
301.5465 	EXP 	text_4: autoDraw = False
301.5465 	EXP 	image: image = 'images/image_623_seed_1.png'
301.5465 	EXP 	polygon: autoDraw = True
301.9333 	DATA 	Keypress: equal
302.5471 	EXP 	image: autoDraw = True
303.4181 	DATA 	Keypress: 1
303.4315 	DATA 	Keypress: equal
304.9333 	DATA 	Keypress: equal
305.5418 	EXP 	New trial (rep=0, index=62): OrderedDict([('current_image', 'images/image_268_seed_1.png'), ('is_repeat', 0), ('trial_index', 62), ('is_blank_trial', 0), ('is_new_run', 0), ('run_num', 0), ('all_blanks_list', [9, 19, 29, 39, 49, 59, 68, 69, 70, 71])])
305.5511 	EXP 	image: autoDraw = False
305.5511 	EXP 	polygon: autoDraw = False
305.5511 	EXP 	image: autoDraw = False
305.5511 	EXP 	polygon: autoDraw = False
305.5511 	EXP 	polygon_2: autoDraw = False
305.5511 	EXP 	text_5: height = 0.5000000000000001
305.5511 	EXP 	text_5: height = 0.5000000000000001
305.5511 	EXP 	text_5: height = 0.5000000000000001
305.5511 	EXP 	text_5: text = 'Good job! You succesfully responded to 41 out of 55 trials. Your performance score is now 3900.0. Please press any button when you are ready to continue.'
305.5511 	EXP 	text_5: autoDraw = False
305.5511 	EXP 	text_4: autoDraw = False
305.5511 	EXP 	image: image = 'images/image_268_seed_1.png'
305.5511 	EXP 	polygon: autoDraw = True
306.4313 	DATA 	Keypress: equal
306.5472 	EXP 	image: autoDraw = True
307.0187 	DATA 	Keypress: 1
307.9340 	DATA 	Keypress: equal
309.4331 	DATA 	Keypress: equal
309.5167 	DATA 	Keypress: 1
309.5376 	EXP 	New trial (rep=0, index=63): OrderedDict([('current_image', 'images/image_150_seed_1.png'), ('is_repeat', 0), ('trial_index', 63), ('is_blank_trial', 0), ('is_new_run', 0), ('run_num', 0), ('all_blanks_list', [9, 19, 29, 39, 49, 59, 68, 69, 70, 71])])
309.5463 	EXP 	image: autoDraw = False
309.5463 	EXP 	polygon: autoDraw = False
309.5463 	EXP 	image: autoDraw = False
309.5463 	EXP 	polygon: autoDraw = False
309.5463 	EXP 	polygon_2: autoDraw = False
309.5463 	EXP 	text_5: height = 0.5000000000000001
309.5463 	EXP 	text_5: height = 0.5000000000000001
309.5463 	EXP 	text_5: height = 0.5000000000000001
309.5463 	EXP 	text_5: text = 'Good job! You succesfully responded to 42 out of 56 trials. Your performance score is now 4000.0. Please press any button when you are ready to continue.'
309.5463 	EXP 	text_5: autoDraw = False
309.5463 	EXP 	text_4: autoDraw = False
309.5463 	EXP 	image: image = 'images/image_150_seed_1.png'
309.5463 	EXP 	polygon: autoDraw = True
310.5473 	EXP 	image: autoDraw = True
310.9334 	DATA 	Keypress: equal
311.1482 	DATA 	Keypress: 1
312.4342 	DATA 	Keypress: equal
313.5418 	EXP 	New trial (rep=0, index=64): OrderedDict([('current_image', 'images/image_115_seed_1.png'), ('is_repeat', 0), ('trial_index', 64), ('is_blank_trial', 0), ('is_new_run', 0), ('run_num', 0), ('all_blanks_list', [9, 19, 29, 39, 49, 59, 68, 69, 70, 71])])
313.5498 	EXP 	image: autoDraw = False
313.5498 	EXP 	polygon: autoDraw = False
313.5498 	EXP 	image: autoDraw = False
313.5498 	EXP 	polygon: autoDraw = False
313.5498 	EXP 	polygon_2: autoDraw = False
313.5498 	EXP 	text_5: height = 0.5000000000000001
313.5498 	EXP 	text_5: height = 0.5000000000000001
313.5498 	EXP 	text_5: height = 0.5000000000000001
313.5498 	EXP 	text_5: text = 'Good job! You succesfully responded to 43 out of 57 trials. Your performance score is now 4100.0. Please press any button when you are ready to continue.'
313.5498 	EXP 	text_5: autoDraw = False
313.5498 	EXP 	text_4: autoDraw = False
313.5498 	EXP 	image: image = 'images/image_115_seed_1.png'
313.5498 	EXP 	polygon: autoDraw = True
313.9337 	DATA 	Keypress: equal
314.5473 	EXP 	image: autoDraw = True
315.0983 	DATA 	Keypress: 1
315.4344 	DATA 	Keypress: equal
316.9342 	DATA 	Keypress: equal
317.5422 	EXP 	New trial (rep=0, index=65): OrderedDict([('current_image', 'images/image_616_seed_1.png'), ('is_repeat', 0), ('trial_index', 65), ('is_blank_trial', 0), ('is_new_run', 0), ('run_num', 0), ('all_blanks_list', [9, 19, 29, 39, 49, 59, 68, 69, 70, 71])])
317.5520 	EXP 	image: autoDraw = False
317.5520 	EXP 	polygon: autoDraw = False
317.5520 	EXP 	image: autoDraw = False
317.5520 	EXP 	polygon: autoDraw = False
317.5520 	EXP 	polygon_2: autoDraw = False
317.5520 	EXP 	text_5: height = 0.5000000000000001
317.5520 	EXP 	text_5: height = 0.5000000000000001
317.5520 	EXP 	text_5: height = 0.5000000000000001
317.5520 	EXP 	text_5: text = 'Good job! You succesfully responded to 44 out of 58 trials. Your performance score is now 4200.0. Please press any button when you are ready to continue.'
317.5520 	EXP 	text_5: autoDraw = False
317.5520 	EXP 	text_4: autoDraw = False
317.5520 	EXP 	image: image = 'images/image_616_seed_1.png'
317.5520 	EXP 	polygon: autoDraw = True
318.4343 	DATA 	Keypress: equal
318.5341 	DATA 	Keypress: 1
318.5497 	EXP 	image: autoDraw = True
319.1902 	DATA 	Keypress: 1
319.9342 	DATA 	Keypress: equal
321.4380 	DATA 	Keypress: equal
321.5403 	EXP 	New trial (rep=0, index=66): OrderedDict([('current_image', 'images/image_39_seed_1.png'), ('is_repeat', 0), ('trial_index', 66), ('is_blank_trial', 0), ('is_new_run', 0), ('run_num', 0), ('all_blanks_list', [9, 19, 29, 39, 49, 59, 68, 69, 70, 71])])
321.5513 	EXP 	image: autoDraw = False
321.5513 	EXP 	polygon: autoDraw = False
321.5513 	EXP 	image: autoDraw = False
321.5513 	EXP 	polygon: autoDraw = False
321.5513 	EXP 	polygon_2: autoDraw = False
321.5513 	EXP 	text_5: height = 0.5000000000000001
321.5513 	EXP 	text_5: height = 0.5000000000000001
321.5513 	EXP 	text_5: height = 0.5000000000000001
321.5513 	EXP 	text_5: text = 'Good job! You succesfully responded to 45 out of 59 trials. Your performance score is now 4300.0. Please press any button when you are ready to continue.'
321.5513 	EXP 	text_5: autoDraw = False
321.5513 	EXP 	text_4: autoDraw = False
321.5513 	EXP 	image: image = 'images/image_39_seed_1.png'
321.5513 	EXP 	polygon: autoDraw = True
322.5476 	EXP 	image: autoDraw = True
322.9347 	DATA 	Keypress: equal
322.9860 	DATA 	Keypress: 1
324.4348 	DATA 	Keypress: equal
325.5419 	EXP 	New trial (rep=0, index=67): OrderedDict([('current_image', 'images/image_58_seed_1.png'), ('is_repeat', 0), ('trial_index', 67), ('is_blank_trial', 0), ('is_new_run', 0), ('run_num', 0), ('all_blanks_list', [9, 19, 29, 39, 49, 59, 68, 69, 70, 71])])
325.5525 	EXP 	image: autoDraw = False
325.5525 	EXP 	polygon: autoDraw = False
325.5525 	EXP 	image: autoDraw = False
325.5525 	EXP 	polygon: autoDraw = False
325.5525 	EXP 	polygon_2: autoDraw = False
325.5525 	EXP 	text_5: height = 0.5000000000000001
325.5525 	EXP 	text_5: height = 0.5000000000000001
325.5525 	EXP 	text_5: height = 0.5000000000000001
325.5525 	EXP 	text_5: text = 'Good job! You succesfully responded to 46 out of 60 trials. Your performance score is now 4400.0. Please press any button when you are ready to continue.'
325.5525 	EXP 	text_5: autoDraw = False
325.5525 	EXP 	text_4: autoDraw = False
325.5525 	EXP 	image: image = 'images/image_58_seed_1.png'
325.5525 	EXP 	polygon: autoDraw = True
325.9318 	DATA 	Keypress: equal
326.5476 	EXP 	image: autoDraw = True
327.4345 	DATA 	Keypress: equal
328.6675 	DATA 	Keypress: 1
328.9340 	DATA 	Keypress: equal
329.5423 	EXP 	New trial (rep=0, index=68): OrderedDict([('current_image', 'images/blank.jpg'), ('is_repeat', 0), ('trial_index', 68), ('is_blank_trial', 1), ('is_new_run', 0), ('run_num', 0), ('all_blanks_list', [9, 19, 29, 39, 49, 59, 68, 69, 70, 71])])
329.5504 	EXP 	image: autoDraw = False
329.5504 	EXP 	polygon: autoDraw = False
329.5504 	EXP 	image: autoDraw = False
329.5504 	EXP 	polygon: autoDraw = False
329.5504 	EXP 	polygon_2: autoDraw = False
329.5504 	EXP 	text_5: height = 0.5000000000000001
329.5504 	EXP 	text_5: height = 0.5000000000000001
329.5504 	EXP 	text_5: height = 0.5000000000000001
329.5504 	EXP 	text_5: text = 'Good job! You succesfully responded to 47 out of 61 trials. Your performance score is now 4500.0. Please press any button when you are ready to continue.'
329.5504 	EXP 	text_5: autoDraw = False
329.5504 	EXP 	text_4: autoDraw = False
329.5504 	EXP 	image: image = 'images/blank.jpg'
329.5504 	EXP 	image: autoDraw = False
329.5504 	EXP 	polygon: autoDraw = False
329.5504 	EXP 	polygon_2: autoDraw = True
330.4345 	DATA 	Keypress: equal
331.9318 	DATA 	Keypress: equal
332.2515 	DATA 	Keypress: 1
333.4341 	DATA 	Keypress: equal
333.5418 	EXP 	New trial (rep=0, index=69): OrderedDict([('current_image', 'images/blank.jpg'), ('is_repeat', 0), ('trial_index', 69), ('is_blank_trial', 1), ('is_new_run', 0), ('run_num', 0), ('all_blanks_list', [9, 19, 29, 39, 49, 59, 68, 69, 70, 71])])
333.5472 	EXP 	polygon_2: autoDraw = False
333.5472 	EXP 	polygon_2: autoDraw = False
333.5472 	EXP 	text_5: height = 0.5000000000000001
333.5472 	EXP 	text_5: height = 0.5000000000000001
333.5472 	EXP 	text_5: height = 0.5000000000000001
333.5472 	EXP 	text_5: text = 'Good job! You succesfully responded to 48 out of 62 trials. Your performance score is now 4600.0. Please press any button when you are ready to continue.'
333.5472 	EXP 	text_5: autoDraw = False
333.5472 	EXP 	text_4: autoDraw = False
333.5472 	EXP 	image: image = 'images/blank.jpg'
333.5472 	EXP 	image: autoDraw = False
333.5472 	EXP 	polygon: autoDraw = False
333.5472 	EXP 	polygon_2: autoDraw = True
334.9340 	DATA 	Keypress: equal
336.4351 	DATA 	Keypress: equal
337.5343 	EXP 	New trial (rep=0, index=70): OrderedDict([('current_image', 'images/blank.jpg'), ('is_repeat', 0), ('trial_index', 70), ('is_blank_trial', 1), ('is_new_run', 0), ('run_num', 0), ('all_blanks_list', [9, 19, 29, 39, 49, 59, 68, 69, 70, 71])])
337.5481 	EXP 	polygon_2: autoDraw = False
337.5481 	EXP 	polygon_2: autoDraw = False
337.5481 	EXP 	text_5: text = 'Good job! You succesfully responded to 48 out of 62 trials. Your performance score is now 4600.0. Please press any button when you are ready to continue.'
337.5481 	EXP 	text_5: autoDraw = False
337.5481 	EXP 	text_4: autoDraw = False
337.5481 	EXP 	image: image = 'images/blank.jpg'
337.5481 	EXP 	image: autoDraw = False
337.5481 	EXP 	polygon: autoDraw = False
337.5481 	EXP 	polygon_2: autoDraw = True
337.9344 	DATA 	Keypress: equal
339.4358 	DATA 	Keypress: equal
340.9322 	DATA 	Keypress: equal
341.5344 	EXP 	New trial (rep=0, index=71): OrderedDict([('current_image', 'images/blank.jpg'), ('is_repeat', 0), ('trial_index', 71), ('is_blank_trial', 1), ('is_new_run', 1), ('run_num', 0), ('all_blanks_list', [9, 19, 29, 39, 49, 59, 68, 69, 70, 71])])
341.5482 	EXP 	polygon_2: autoDraw = False
341.5482 	EXP 	polygon_2: autoDraw = False
341.5482 	EXP 	text_5: text = 'Good job! You succesfully responded to 48 out of 62 trials. Your performance score is now 4600.0. Please press any button when you are ready to continue.'
341.5482 	EXP 	text_5: autoDraw = False
341.5482 	EXP 	text_4: autoDraw = False
341.5482 	EXP 	image: image = 'images/blank.jpg'
341.5482 	EXP 	image: autoDraw = False
341.5482 	EXP 	polygon: autoDraw = False
341.5482 	EXP 	polygon_2: autoDraw = True
342.4353 	DATA 	Keypress: equal
343.9358 	DATA 	Keypress: equal
345.5483 	EXP 	polygon_2: autoDraw = False
345.5483 	EXP 	polygon_2: autoDraw = False
345.5483 	EXP 	text_5: text = 'Good job! You succesfully responded to 48 out of 62 trials. Your performance score is now 4600.0. Please press any button when you are ready to continue.'
345.5483 	EXP 	text_5: autoDraw = True
409.8863 	DATA 	Keypress: escape
409.9500 	EXP 	replicate_nsd: status = STOPPED
409.9684 	EXP 	text_5: autoDraw = False
409.9685 	EXP 	replicate_nsd: status = STOPPED
410.5936 	EXP 	window1: mouseVisible = True
