8.2947 	WARNING 	User requested fullscreen with size [1792 1120], but screen is actually [1920, 1080]. Using actual size
9.0764 	EXP 	Created window1 = Window(allowGUI=True, allowStencil=False, autoLog=True, backendConf=UNKNOWN, backgroundFit=<method-wrapper '__getattribute__' of attributeSetter object at 0x7f8a42cb6580>, backgroundImage=<method-wrapper '__getattribute__' of attributeSetter object at 0x7f8a42cb6520>, bitsMode=UNKNOWN, blendMode='avg', bpc=(8, 8, 8), color=array([-0.0039, -0.0039, -0.0039]), colorSpace='rgb', depthBits=8, fullscr=<method-wrapper '__getattribute__' of attributeSetter object at 0x7f8a42cb63a0>, gamma=array([[2.5724],
       [2.1906],
       [2.4422]], dtype=float32), gammaErrorPolicy='raise', lms=UNKNOWN, monitor=<psychopy.monitors.calibTools.Monitor object at 0x7f8a42dc8400>, multiSample=False, name='window1', numSamples=2, pos=[0.0, 0.0], screen=0, size=array([1920, 1080]), stencilBits=0, stereo=False, title='PsychoPy', units='deg', useFBO=True, useRetina=False, viewOri=0.0, viewPos=None, viewScale=None, waitBlanking=True, winType='pyglet')
9.0765 	EXP 	window1: mouseVisible = True
9.0765 	EXP 	window1: backgroundImage = ''
9.0765 	EXP 	window1: backgroundFit = 'none'
9.0780 	EXP 	window1: Attempting to measure frame rate of screen (0) ...
9.0780 	EXP 	window1: recordFrameIntervals = False
9.2426 	EXP 	window1: recordFrameIntervals = True
9.4260 	EXP 	Screen (0) actual frame rate measured at 60.01Hz
9.4260 	EXP 	window1: recordFrameIntervals = False
9.4266 	EXP 	window1: mouseVisible = False
14.0419 	EXP 	replicate_nsd: status = STARTED
14.5443 	EXP 	window1: mouseVisible = True
14.5533 	EXP 	Created text_6 = TextStim(__class__=<class 'psychopy.visual.text.TextStim'>, alignHoriz=method-wrapper(...), alignText='center', alignVert=method-wrapper(...), anchorHoriz='center', anchorVert='center', antialias=True, autoDraw=False, autoLog=True, bold=False, color=array([1., 1., 1.]), colorSpace='rgb', contrast=1.0, depth=-1.0, draggable=False, flipHoriz=False, flipVert=False, font='Open Sans', fontFiles=[], height=0.5, italic=False, languageStyle='LTR', name='text_6', opacity=1.0, ori=0.0, pos=array([0., 0.]), rgb=UNKNOWN, text='', units='deg', win=Window(...), wrapWidth=15.0)
14.5535 	EXP 	window1: mouseVisible = True
14.5804 	EXP 	Created image_2 = ImageStim(__class__=<class 'psychopy.visual.image.ImageStim'>, anchor=('center', 'center'), autoLog=True, color=array([1., 1., 1.]), colorSpace='rgb', contrast=1.0, depth=0.0, draggable=False, flipHoriz=False, flipVert=False, image='default.png', interpolate=True, mask=None, maskParams=None, name='image_2', opacity=1.0, ori=0.0, pos=array([0., 0.]), size=array([8.4, 8.4]), texRes=128.0, units='deg', win=Window(...))
15.0635 	EXP 	window1: mouseVisible = True
15.0666 	EXP 	Created polygon_3 = ShapeStim(__class__=<class 'psychopy.visual.shape.ShapeStim'>, anchor=('center', 'center'), autoDraw=False, autoLog=True, closeShape=True, color=method-wrapper(...), colorSpace='rgb', contrast=None, depth=-2.0, draggable=False, fillColor=array([ 1., -1., -1.]), fillColorSpace='rgb', fillRGB=array([ 1., -1., -1.]), interpolate=True, lineColor=array([-1., -1., -1.]), lineColorSpace='rgb', lineRGB=array([-1., -1., -1.]), lineWidth=3.0, name='polygon_3', opacity=0.5, ori=0.0, pos=array([0., 0.]), size=array([0.2, 0.2]), units='deg', vertices=ndarray(...), win=Window(...), windingRule=None)
15.5430 	EXP 	window1: mouseVisible = True
15.5459 	EXP 	Created polygon_4 = ShapeStim(__class__=<class 'psychopy.visual.shape.ShapeStim'>, anchor=('center', 'center'), autoDraw=False, autoLog=True, closeShape=True, color=method-wrapper(...), colorSpace='rgb', contrast=None, depth=0.0, draggable=False, fillColor=array([ 1., -1., -1.]), fillColorSpace='rgb', fillRGB=array([ 1., -1., -1.]), interpolate=True, lineColor=array([-1., -1., -1.]), lineColorSpace='rgb', lineRGB=array([-1., -1., -1.]), lineWidth=3.0, name='polygon_4', opacity=0.5, ori=0.0, pos=array([0., 0.]), size=array([0.2, 0.2]), units='deg', vertices=ndarray(...), win=Window(...), windingRule=None)
16.0270 	EXP 	window1: mouseVisible = True
16.0282 	EXP 	Created text_7 = TextStim(__class__=<class 'psychopy.visual.text.TextStim'>, alignHoriz=method-wrapper(...), alignText='center', alignVert=method-wrapper(...), anchorHoriz='center', anchorVert='center', antialias=True, autoDraw=False, autoLog=True, bold=False, color=array([1., 1., 1.]), colorSpace='rgb', contrast=1.0, depth=-1.0, draggable=False, flipHoriz=False, flipVert=False, font='Open Sans', fontFiles=[], height=0.5, italic=False, languageStyle='LTR', name='text_7', opacity=1.0, ori=0.0, pos=array([0., 0.]), rgb=UNKNOWN, text='', units='deg', win=Window(...), wrapWidth=15.0)
16.5111 	EXP 	window1: mouseVisible = True
16.5475 	EXP 	Created text_3 = TextStim(__class__=<class 'psychopy.visual.text.TextStim'>, alignHoriz=method-wrapper(...), alignText='center', alignVert=method-wrapper(...), anchorHoriz='center', anchorVert='center', antialias=True, autoDraw=False, autoLog=True, bold=False, color=array([1., 1., 1.]), colorSpace='rgb', contrast=1.0, depth=-1.0, draggable=False, flipHoriz=False, flipVert=False, font='Open Sans', fontFiles=[], height=0.5000000000000001, italic=False, languageStyle='LTR', name='text_3', opacity=1.0, ori=0.0, pos=array([0., 0.]), rgb=UNKNOWN, text='waiting for scanner…', units='deg', win=Window(...), wrapWidth=15.0)
16.5476 	EXP 	window1: mouseVisible = True
16.5659 	EXP 	Created image = ImageStim(__class__=<class 'psychopy.visual.image.ImageStim'>, anchor=('center', 'center'), autoLog=True, color=array([1., 1., 1.]), colorSpace='rgb', contrast=1.0, depth=0.0, draggable=False, flipHoriz=False, flipVert=False, image='default.png', interpolate=True, mask=None, maskParams=None, name='image', opacity=1.0, ori=0.0, pos=array([0., 0.]), size=array([8.4, 8.4]), texRes=128.0, units='deg', win=Window(...))
17.0586 	EXP 	window1: mouseVisible = True
17.0617 	EXP 	Created polygon = ShapeStim(__class__=<class 'psychopy.visual.shape.ShapeStim'>, anchor=('center', 'center'), autoDraw=False, autoLog=True, closeShape=True, color=method-wrapper(...), colorSpace='rgb', contrast=None, depth=-2.0, draggable=False, fillColor=array([ 1., -1., -1.]), fillColorSpace='rgb', fillRGB=array([ 1., -1., -1.]), interpolate=True, lineColor=array([-1., -1., -1.]), lineColorSpace='rgb', lineRGB=array([-1., -1., -1.]), lineWidth=3.0, name='polygon', opacity=0.5, ori=0.0, pos=array([0., 0.]), size=array([0.2, 0.2]), units='deg', vertices=ndarray(...), win=Window(...), windingRule=None)
18.0249 	EXP 	window1: mouseVisible = True
18.0278 	EXP 	Created polygon_2 = ShapeStim(__class__=<class 'psychopy.visual.shape.ShapeStim'>, anchor=('center', 'center'), autoDraw=False, autoLog=True, closeShape=True, color=method-wrapper(...), colorSpace='rgb', contrast=None, depth=-1.0, draggable=False, fillColor=array([ 1., -1., -1.]), fillColorSpace='rgb', fillRGB=array([ 1., -1., -1.]), interpolate=True, lineColor=array([-1., -1., -1.]), lineColorSpace='rgb', lineRGB=array([-1., -1., -1.]), lineWidth=3.0, name='polygon_2', opacity=0.5, ori=0.0, pos=array([0., 0.]), size=array([0.2, 0.2]), units='deg', vertices=ndarray(...), win=Window(...), windingRule=None)
18.5031 	EXP 	window1: mouseVisible = True
18.5044 	EXP 	Created text_5 = TextStim(__class__=<class 'psychopy.visual.text.TextStim'>, alignHoriz=method-wrapper(...), alignText='center', alignVert=method-wrapper(...), anchorHoriz='center', anchorVert='center', antialias=True, autoDraw=False, autoLog=True, bold=False, color=array([1., 1., 1.]), colorSpace='rgb', contrast=1.0, depth=-1.0, draggable=False, flipHoriz=False, flipVert=False, font='Open Sans', fontFiles=[], height=0.5, italic=False, languageStyle='LTR', name='text_5', opacity=1.0, ori=0.0, pos=array([0., 0.]), rgb=UNKNOWN, text='', units='deg', win=Window(...), wrapWidth=15.0)
18.9887 	EXP 	window1: mouseVisible = True
18.9919 	EXP 	Created text_4 = TextStim(__class__=<class 'psychopy.visual.text.TextStim'>, alignHoriz=method-wrapper(...), alignText='center', alignVert=method-wrapper(...), anchorHoriz='center', anchorVert='center', antialias=True, autoDraw=False, autoLog=True, bold=False, color=array([1., 1., 1.]), colorSpace='rgb', contrast=1.0, depth=-1.0, draggable=False, flipHoriz=False, flipVert=False, font='Open Sans', fontFiles=[], height=0.5000000000000001, italic=False, languageStyle='LTR', name='text_4', opacity=1.0, ori=0.0, pos=array([0., 0.]), rgb=UNKNOWN, text='waiting for scanner…', units='deg', win=Window(...), wrapWidth=15.0)
0.0011 	DATA 	Mouse: Left button down, pos=(1038,330)
0.0017 	DATA 	Mouse:  Left button up, pos=(1038,330)
0.0285 	EXP 	text_6: height = 0.5000000000000001
0.0285 	EXP 	text_6: height = 0.5000000000000001
0.0285 	EXP 	text_6: height = 0.5000000000000001
0.0285 	EXP 	text_6: text = 'Press any button to begin the practice trials.'
0.0285 	EXP 	text_6: autoDraw = True
5.2925 	EXP 	Imported practice_conditions_files/practice_participant21_.csv as conditions, 20 conditions, 3 params
5.2930 	EXP 	Created sequence: sequential, trialTypes=20, nReps=1, seed=None
5.2933 	EXP 	New trial (rep=0, index=0): OrderedDict([('current_image', 'practice_images/paired_image_6_1.png'), ('trial_index', 0), ('is_blank_trial', 0)])
5.3160 	DATA 	Keypress: 1
5.3244 	EXP 	text_6: autoDraw = False
5.3244 	EXP 	image_2: image = 'practice_images/paired_image_6_1.png'
5.3244 	EXP 	polygon_3: autoDraw = True
6.3196 	EXP 	image_2: autoDraw = True
9.3046 	EXP 	New trial (rep=0, index=1): OrderedDict([('current_image', 'practice_images/paired_image_33_2.png'), ('trial_index', 1), ('is_blank_trial', 0)])
9.3213 	EXP 	image_2: autoDraw = False
9.3213 	EXP 	polygon_3: autoDraw = False
9.3213 	EXP 	image_2: autoDraw = False
9.3213 	EXP 	polygon_3: autoDraw = False
9.3213 	EXP 	polygon_4: autoDraw = False
9.3213 	EXP 	image_2: image = 'practice_images/paired_image_33_2.png'
9.3213 	EXP 	polygon_3: autoDraw = True
10.3200 	EXP 	image_2: autoDraw = True
11.1421 	DATA 	Keypress: 1
13.3051 	EXP 	New trial (rep=0, index=2): OrderedDict([('current_image', 'practice_images/paired_image_18_1.png'), ('trial_index', 2), ('is_blank_trial', 0)])
13.3219 	EXP 	image_2: autoDraw = False
13.3219 	EXP 	polygon_3: autoDraw = False
13.3219 	EXP 	image_2: autoDraw = False
13.3219 	EXP 	polygon_3: autoDraw = False
13.3219 	EXP 	polygon_4: autoDraw = False
13.3219 	EXP 	image_2: image = 'practice_images/paired_image_18_1.png'
13.3219 	EXP 	polygon_3: autoDraw = True
14.3200 	EXP 	image_2: autoDraw = True
15.3394 	DATA 	Keypress: 1
17.3047 	EXP 	New trial (rep=0, index=3): OrderedDict([('current_image', 'practice_images/paired_image_21_2.png'), ('trial_index', 3), ('is_blank_trial', 0)])
17.3218 	EXP 	image_2: autoDraw = False
17.3218 	EXP 	polygon_3: autoDraw = False
17.3218 	EXP 	image_2: autoDraw = False
17.3218 	EXP 	polygon_3: autoDraw = False
17.3218 	EXP 	polygon_4: autoDraw = False
17.3218 	EXP 	image_2: image = 'practice_images/paired_image_21_2.png'
17.3218 	EXP 	polygon_3: autoDraw = True
18.3203 	EXP 	image_2: autoDraw = True
18.7885 	DATA 	Keypress: 1
21.3049 	EXP 	New trial (rep=0, index=4): OrderedDict([('current_image', 'practice_images/paired_image_29_1.png'), ('trial_index', 4), ('is_blank_trial', 0)])
21.3200 	EXP 	image_2: autoDraw = False
21.3200 	EXP 	polygon_3: autoDraw = False
21.3200 	EXP 	image_2: autoDraw = False
21.3200 	EXP 	polygon_3: autoDraw = False
21.3200 	EXP 	polygon_4: autoDraw = False
21.3200 	EXP 	image_2: image = 'practice_images/paired_image_29_1.png'
21.3200 	EXP 	polygon_3: autoDraw = True
22.3204 	EXP 	image_2: autoDraw = True
22.8225 	DATA 	Keypress: 2
25.3046 	EXP 	New trial (rep=0, index=5): OrderedDict([('current_image', 'practice_images/paired_image_33_1.png'), ('trial_index', 5), ('is_blank_trial', 0)])
25.3202 	EXP 	image_2: autoDraw = False
25.3202 	EXP 	polygon_3: autoDraw = False
25.3202 	EXP 	image_2: autoDraw = False
25.3202 	EXP 	polygon_3: autoDraw = False
25.3202 	EXP 	polygon_4: autoDraw = False
25.3202 	EXP 	image_2: image = 'practice_images/paired_image_33_1.png'
25.3202 	EXP 	polygon_3: autoDraw = True
26.3205 	EXP 	image_2: autoDraw = True
26.6739 	DATA 	Keypress: 1
29.3050 	EXP 	New trial (rep=0, index=6): OrderedDict([('current_image', 'practice_images/paired_image_24_2.png'), ('trial_index', 6), ('is_blank_trial', 0)])
29.3206 	EXP 	image_2: autoDraw = False
29.3206 	EXP 	polygon_3: autoDraw = False
29.3206 	EXP 	image_2: autoDraw = False
29.3206 	EXP 	polygon_3: autoDraw = False
29.3206 	EXP 	polygon_4: autoDraw = False
29.3206 	EXP 	image_2: image = 'practice_images/paired_image_24_2.png'
29.3206 	EXP 	polygon_3: autoDraw = True
30.3207 	EXP 	image_2: autoDraw = True
30.9055 	DATA 	Keypress: 2
32.1905 	DATA 	Keypress: 1
33.3052 	EXP 	New trial (rep=0, index=7): OrderedDict([('current_image', 'practice_images/paired_image_35_1.png'), ('trial_index', 7), ('is_blank_trial', 0)])
33.3203 	EXP 	image_2: autoDraw = False
33.3203 	EXP 	polygon_3: autoDraw = False
33.3203 	EXP 	image_2: autoDraw = False
33.3203 	EXP 	polygon_3: autoDraw = False
33.3203 	EXP 	polygon_4: autoDraw = False
33.3203 	EXP 	image_2: image = 'practice_images/paired_image_35_1.png'
33.3203 	EXP 	polygon_3: autoDraw = True
34.3207 	EXP 	image_2: autoDraw = True
35.3055 	DATA 	Keypress: 2
37.3051 	EXP 	New trial (rep=0, index=8): OrderedDict([('current_image', 'practice_images/paired_image_28_2.png'), ('trial_index', 8), ('is_blank_trial', 0)])
37.3227 	EXP 	image_2: autoDraw = False
37.3227 	EXP 	polygon_3: autoDraw = False
37.3227 	EXP 	image_2: autoDraw = False
37.3227 	EXP 	polygon_3: autoDraw = False
37.3227 	EXP 	polygon_4: autoDraw = False
37.3227 	EXP 	image_2: image = 'practice_images/paired_image_28_2.png'
37.3227 	EXP 	polygon_3: autoDraw = True
38.3208 	EXP 	image_2: autoDraw = True
38.8227 	DATA 	Keypress: 2
41.3054 	EXP 	New trial (rep=0, index=9): OrderedDict([('current_image', 'practice_images/paired_image_16_1.png'), ('trial_index', 9), ('is_blank_trial', 0)])
41.3205 	EXP 	image_2: autoDraw = False
41.3205 	EXP 	polygon_3: autoDraw = False
41.3205 	EXP 	image_2: autoDraw = False
41.3205 	EXP 	polygon_3: autoDraw = False
41.3205 	EXP 	polygon_4: autoDraw = False
41.3205 	EXP 	image_2: image = 'practice_images/paired_image_16_1.png'
41.3205 	EXP 	polygon_3: autoDraw = True
42.3208 	EXP 	image_2: autoDraw = True
42.8060 	DATA 	Keypress: 2
45.3055 	EXP 	New trial (rep=0, index=10): OrderedDict([('current_image', 'practice_images/blank.jpg'), ('trial_index', 10), ('is_blank_trial', 1)])
45.3209 	EXP 	image_2: autoDraw = False
45.3209 	EXP 	polygon_3: autoDraw = False
45.3209 	EXP 	image_2: autoDraw = False
45.3209 	EXP 	polygon_3: autoDraw = False
45.3209 	EXP 	polygon_4: autoDraw = False
45.3209 	EXP 	image_2: image = 'practice_images/blank.jpg'
45.3209 	EXP 	image_2: autoDraw = False
45.3209 	EXP 	polygon_3: autoDraw = False
45.3209 	EXP 	polygon_4: autoDraw = True
49.3550 	EXP 	New trial (rep=0, index=11): OrderedDict([('current_image', 'practice_images/paired_image_22_2.png'), ('trial_index', 11), ('is_blank_trial', 0)])
49.3721 	EXP 	polygon_4: autoDraw = False
49.3721 	EXP 	polygon_4: autoDraw = False
49.3721 	EXP 	image_2: image = 'practice_images/paired_image_22_2.png'
49.3721 	EXP 	polygon_3: autoDraw = True
50.3710 	EXP 	image_2: autoDraw = True
50.9727 	DATA 	Keypress: 2
53.3558 	EXP 	New trial (rep=0, index=12): OrderedDict([('current_image', 'practice_images/paired_image_3_1.png'), ('trial_index', 12), ('is_blank_trial', 0)])
53.3720 	EXP 	image_2: autoDraw = False
53.3720 	EXP 	polygon_3: autoDraw = False
53.3720 	EXP 	image_2: autoDraw = False
53.3720 	EXP 	polygon_3: autoDraw = False
53.3720 	EXP 	polygon_4: autoDraw = False
53.3720 	EXP 	image_2: image = 'practice_images/paired_image_3_1.png'
53.3720 	EXP 	polygon_3: autoDraw = True
54.3713 	EXP 	image_2: autoDraw = True
55.1061 	DATA 	Keypress: 2
57.3559 	EXP 	New trial (rep=0, index=13): OrderedDict([('current_image', 'practice_images/paired_image_34_1.png'), ('trial_index', 13), ('is_blank_trial', 0)])
57.3727 	EXP 	image_2: autoDraw = False
57.3727 	EXP 	polygon_3: autoDraw = False
57.3727 	EXP 	image_2: autoDraw = False
57.3727 	EXP 	polygon_3: autoDraw = False
57.3727 	EXP 	polygon_4: autoDraw = False
57.3727 	EXP 	image_2: image = 'practice_images/paired_image_34_1.png'
57.3727 	EXP 	polygon_3: autoDraw = True
58.3713 	EXP 	image_2: autoDraw = True
58.7063 	DATA 	Keypress: 2
61.3559 	EXP 	New trial (rep=0, index=14): OrderedDict([('current_image', 'practice_images/blank.jpg'), ('trial_index', 14), ('is_blank_trial', 0)])
61.3716 	EXP 	image_2: autoDraw = False
61.3716 	EXP 	polygon_3: autoDraw = False
61.3716 	EXP 	image_2: autoDraw = False
61.3716 	EXP 	polygon_3: autoDraw = False
61.3716 	EXP 	polygon_4: autoDraw = False
61.3716 	EXP 	image_2: image = 'practice_images/blank.jpg'
61.3716 	EXP 	polygon_3: autoDraw = True
62.3715 	EXP 	image_2: autoDraw = True
65.3557 	EXP 	New trial (rep=0, index=15): OrderedDict([('current_image', 'practice_images/paired_image_35_2.png'), ('trial_index', 15), ('is_blank_trial', 0)])
65.3727 	EXP 	image_2: autoDraw = False
65.3727 	EXP 	polygon_3: autoDraw = False
65.3727 	EXP 	image_2: autoDraw = False
65.3727 	EXP 	polygon_3: autoDraw = False
65.3727 	EXP 	polygon_4: autoDraw = False
65.3727 	EXP 	image_2: image = 'practice_images/paired_image_35_2.png'
65.3727 	EXP 	polygon_3: autoDraw = True
66.3715 	EXP 	image_2: autoDraw = True
66.9739 	DATA 	Keypress: 2
69.3562 	EXP 	New trial (rep=0, index=16): OrderedDict([('current_image', 'practice_images/paired_image_11_2.png'), ('trial_index', 16), ('is_blank_trial', 0)])
69.3726 	EXP 	image_2: autoDraw = False
69.3726 	EXP 	polygon_3: autoDraw = False
69.3726 	EXP 	image_2: autoDraw = False
69.3726 	EXP 	polygon_3: autoDraw = False
69.3726 	EXP 	polygon_4: autoDraw = False
69.3726 	EXP 	image_2: image = 'practice_images/paired_image_11_2.png'
69.3726 	EXP 	polygon_3: autoDraw = True
70.3717 	EXP 	image_2: autoDraw = True
71.3065 	DATA 	Keypress: 1
73.3564 	EXP 	New trial (rep=0, index=17): OrderedDict([('current_image', 'practice_images/paired_image_4_2.png'), ('trial_index', 17), ('is_blank_trial', 0)])
73.3726 	EXP 	image_2: autoDraw = False
73.3726 	EXP 	polygon_3: autoDraw = False
73.3726 	EXP 	image_2: autoDraw = False
73.3726 	EXP 	polygon_3: autoDraw = False
73.3726 	EXP 	polygon_4: autoDraw = False
73.3726 	EXP 	image_2: image = 'practice_images/paired_image_4_2.png'
73.3726 	EXP 	polygon_3: autoDraw = True
74.3717 	EXP 	image_2: autoDraw = True
75.2059 	DATA 	Keypress: 2
77.3562 	EXP 	New trial (rep=0, index=18): OrderedDict([('current_image', 'practice_images/paired_image_25_1.png'), ('trial_index', 18), ('is_blank_trial', 0)])
77.3716 	EXP 	image_2: autoDraw = False
77.3716 	EXP 	polygon_3: autoDraw = False
77.3716 	EXP 	image_2: autoDraw = False
77.3716 	EXP 	polygon_3: autoDraw = False
77.3716 	EXP 	polygon_4: autoDraw = False
77.3716 	EXP 	image_2: image = 'practice_images/paired_image_25_1.png'
77.3716 	EXP 	polygon_3: autoDraw = True
78.3719 	EXP 	image_2: autoDraw = True
79.5080 	DATA 	Keypress: 2
81.3566 	EXP 	New trial (rep=0, index=19): OrderedDict([('current_image', 'practice_images/paired_image_26_2.png'), ('trial_index', 19), ('is_blank_trial', 0)])
81.3726 	EXP 	image_2: autoDraw = False
81.3726 	EXP 	polygon_3: autoDraw = False
81.3726 	EXP 	image_2: autoDraw = False
81.3726 	EXP 	polygon_3: autoDraw = False
81.3726 	EXP 	polygon_4: autoDraw = False
81.3726 	EXP 	image_2: image = 'practice_images/paired_image_26_2.png'
81.3726 	EXP 	polygon_3: autoDraw = True
82.3715 	EXP 	image_2: autoDraw = True
82.9400 	DATA 	Keypress: 1
85.3756 	EXP 	image_2: autoDraw = False
85.3756 	EXP 	polygon_3: autoDraw = False
85.3756 	EXP 	image_2: autoDraw = False
85.3756 	EXP 	polygon_3: autoDraw = False
85.3756 	EXP 	polygon_4: autoDraw = False
85.3756 	EXP 	text_7: height = 0.5000000000000001
85.3756 	EXP 	text_7: height = 0.5000000000000001
85.3756 	EXP 	text_7: height = 0.5000000000000001
85.3756 	EXP 	text_7: text = 'Good job! You finished the practice trials. Press any button to begin the experiment.'
85.3756 	EXP 	text_7: autoDraw = True
96.4753 	DATA 	Keypress: 1
96.4888 	EXP 	text_7: autoDraw = False
96.4888 	EXP 	text_3: autoDraw = True
114.3245 	DATA 	Keypress: equal
115.8288 	DATA 	Keypress: equal
117.3249 	DATA 	Keypress: equal
118.8246 	DATA 	Keypress: equal
120.3249 	DATA 	Keypress: equal
121.8250 	DATA 	Keypress: equal
123.3249 	DATA 	Keypress: equal
124.8244 	DATA 	Keypress: equal
126.3260 	DATA 	Keypress: equal
127.8257 	DATA 	Keypress: equal
129.3269 	DATA 	Keypress: equal
130.8268 	DATA 	Keypress: equal
132.3250 	DATA 	Keypress: equal
135.3590 	DATA 	Mouse: Left button down, pos=(1227,471)
135.4905 	DATA 	Mouse:  Left button up, pos=(1227,471)
135.6912 	DATA 	Mouse: Left button down, pos=(1228,471)
135.8073 	DATA 	Mouse:  Left button up, pos=(1228,471)
139.8455 	DATA 	Keypress: equal
142.3603 	DATA 	Keypress: equal
142.8265 	DATA 	Keypress: equal
143.1418 	DATA 	Keypress: equal
143.4087 	DATA 	Keypress: equal
143.6770 	DATA 	Keypress: equal
144.9792 	DATA 	Keypress: equal
145.2440 	DATA 	Keypress: equal
145.4087 	DATA 	Keypress: equal
147.1093 	DATA 	Mouse: Left button down, pos=(1106,412)
147.2427 	DATA 	Mouse:  Left button up, pos=(1106,412)
147.8090 	DATA 	Keypress: escape
147.9235 	EXP 	replicate_nsd: status = STOPPED
147.9404 	EXP 	text_3: autoDraw = False
147.9404 	EXP 	replicate_nsd: status = STOPPED
148.5183 	EXP 	window1: mouseVisible = True
