11.2791 	WARNING 	User requested fullscreen with size [1920 1080], but screen is actually [1792, 1120]. Using actual size
12.0761 	EXP 	Created window1 = Window(allowGUI=True, allowStencil=False, autoLog=True, backendConf=UNKNOWN, backgroundFit=<method-wrapper '__getattribute__' of attributeSetter object at 0x7f995b437550>, backgroundImage=<method-wrapper '__getattribute__' of attributeSetter object at 0x7f995b4374f0>, bitsMode=UNKNOWN, blendMode='avg', bpc=(8, 8, 8), color=array([-0.0039, -0.0039, -0.0039]), colorSpace='rgb', depthBits=8, fullscr=<method-wrapper '__getattribute__' of attributeSetter object at 0x7f995b437370>, gamma=array([[2.5724],
       [2.1906],
       [2.4422]], dtype=float32), gammaErrorPolicy='raise', lms=UNKNOWN, monitor=<psychopy.monitors.calibTools.Monitor object at 0x7f995b51d280>, multiSample=False, name='window1', numSamples=2, pos=[448.0, 280.0], screen=0, size=array([3584, 2240]), stencilBits=0, stereo=False, title='PsychoPy', units='deg', useFBO=True, useRetina=True, viewOri=0.0, viewPos=None, viewScale=None, waitBlanking=True, winType='pyglet')
12.0762 	EXP 	window1: mouseVisible = True
12.0762 	EXP 	window1: backgroundImage = ''
12.0762 	EXP 	window1: backgroundFit = 'none'
12.0780 	EXP 	window1: Attempting to measure frame rate of screen (0) ...
12.0780 	EXP 	window1: recordFrameIntervals = False
12.2420 	EXP 	window1: recordFrameIntervals = True
12.4253 	EXP 	Screen (0) actual frame rate measured at 59.99Hz
12.4254 	EXP 	window1: recordFrameIntervals = False
12.4260 	EXP 	window1: mouseVisible = False
15.8625 	EXP 	replicate_nsd: status = STARTED
16.4584 	EXP 	window1: mouseVisible = True
16.4655 	EXP 	Created text_6 = TextStim(__class__=<class 'psychopy.visual.text.TextStim'>, alignHoriz=method-wrapper(...), alignText='center', alignVert=method-wrapper(...), anchorHoriz='center', anchorVert='center', antialias=True, autoDraw=False, autoLog=True, bold=False, color=array([1., 1., 1.]), colorSpace='rgb', contrast=1.0, depth=-1.0, draggable=False, flipHoriz=False, flipVert=False, font='Open Sans', fontFiles=[], height=0.5, italic=False, languageStyle='LTR', name='text_6', opacity=1.0, ori=0.0, pos=array([0., 0.]), rgb=UNKNOWN, text='', units='deg', win=Window(...), wrapWidth=15.0)
16.4656 	EXP 	window1: mouseVisible = True
16.4895 	EXP 	Created image_2 = ImageStim(__class__=<class 'psychopy.visual.image.ImageStim'>, anchor=('center', 'center'), autoLog=True, color=array([1., 1., 1.]), colorSpace='rgb', contrast=1.0, depth=0.0, draggable=False, flipHoriz=False, flipVert=False, image='default.png', interpolate=True, mask=None, maskParams=None, name='image_2', opacity=1.0, ori=0.0, pos=array([0., 0.]), size=array([8.4, 8.4]), texRes=128.0, units='deg', win=Window(...))
17.0784 	EXP 	window1: mouseVisible = True
17.0815 	EXP 	Created polygon_3 = ShapeStim(__class__=<class 'psychopy.visual.shape.ShapeStim'>, anchor=('center', 'center'), autoDraw=False, autoLog=True, closeShape=True, color=method-wrapper(...), colorSpace='rgb', contrast=None, depth=-2.0, draggable=False, fillColor=array([ 1., -1., -1.]), fillColorSpace='rgb', fillRGB=array([ 1., -1., -1.]), interpolate=True, lineColor=array([-1., -1., -1.]), lineColorSpace='rgb', lineRGB=array([-1., -1., -1.]), lineWidth=3.0, name='polygon_3', opacity=0.5, ori=0.0, pos=array([0., 0.]), size=array([0.2, 0.2]), units='deg', vertices=ndarray(...), win=Window(...), windingRule=None)
17.6835 	EXP 	window1: mouseVisible = True
17.6864 	EXP 	Created polygon_4 = ShapeStim(__class__=<class 'psychopy.visual.shape.ShapeStim'>, anchor=('center', 'center'), autoDraw=False, autoLog=True, closeShape=True, color=method-wrapper(...), colorSpace='rgb', contrast=None, depth=0.0, draggable=False, fillColor=array([ 1., -1., -1.]), fillColorSpace='rgb', fillRGB=array([ 1., -1., -1.]), interpolate=True, lineColor=array([-1., -1., -1.]), lineColorSpace='rgb', lineRGB=array([-1., -1., -1.]), lineWidth=3.0, name='polygon_4', opacity=0.5, ori=0.0, pos=array([0., 0.]), size=array([0.2, 0.2]), units='deg', vertices=ndarray(...), win=Window(...), windingRule=None)
18.2634 	EXP 	window1: mouseVisible = True
18.2646 	EXP 	Created text_7 = TextStim(__class__=<class 'psychopy.visual.text.TextStim'>, alignHoriz=method-wrapper(...), alignText='center', alignVert=method-wrapper(...), anchorHoriz='center', anchorVert='center', antialias=True, autoDraw=False, autoLog=True, bold=False, color=array([1., 1., 1.]), colorSpace='rgb', contrast=1.0, depth=-1.0, draggable=False, flipHoriz=False, flipVert=False, font='Open Sans', fontFiles=[], height=0.5, italic=False, languageStyle='LTR', name='text_7', opacity=1.0, ori=0.0, pos=array([0., 0.]), rgb=UNKNOWN, text='', units='deg', win=Window(...), wrapWidth=15.0)
18.8475 	EXP 	window1: mouseVisible = True
18.8838 	EXP 	Created text_3 = TextStim(__class__=<class 'psychopy.visual.text.TextStim'>, alignHoriz=method-wrapper(...), alignText='center', alignVert=method-wrapper(...), anchorHoriz='center', anchorVert='center', antialias=True, autoDraw=False, autoLog=True, bold=False, color=array([1., 1., 1.]), colorSpace='rgb', contrast=1.0, depth=-1.0, draggable=False, flipHoriz=False, flipVert=False, font='Open Sans', fontFiles=[], height=0.5000000000000001, italic=False, languageStyle='LTR', name='text_3', opacity=1.0, ori=0.0, pos=array([0., 0.]), rgb=UNKNOWN, text='waiting for scanner…', units='deg', win=Window(...), wrapWidth=15.0)
18.8840 	EXP 	window1: mouseVisible = True
18.9012 	EXP 	Created image = ImageStim(__class__=<class 'psychopy.visual.image.ImageStim'>, anchor=('center', 'center'), autoLog=True, color=array([1., 1., 1.]), colorSpace='rgb', contrast=1.0, depth=0.0, draggable=False, flipHoriz=False, flipVert=False, image='default.png', interpolate=True, mask=None, maskParams=None, name='image', opacity=1.0, ori=0.0, pos=array([0., 0.]), size=array([8.4, 8.4]), texRes=128.0, units='deg', win=Window(...))
19.4803 	EXP 	window1: mouseVisible = True
19.4833 	EXP 	Created polygon = ShapeStim(__class__=<class 'psychopy.visual.shape.ShapeStim'>, anchor=('center', 'center'), autoDraw=False, autoLog=True, closeShape=True, color=method-wrapper(...), colorSpace='rgb', contrast=None, depth=-2.0, draggable=False, fillColor=array([ 1., -1., -1.]), fillColorSpace='rgb', fillRGB=array([ 1., -1., -1.]), interpolate=True, lineColor=array([-1., -1., -1.]), lineColorSpace='rgb', lineRGB=array([-1., -1., -1.]), lineWidth=3.0, name='polygon', opacity=0.5, ori=0.0, pos=array([0., 0.]), size=array([0.2, 0.2]), units='deg', vertices=ndarray(...), win=Window(...), windingRule=None)
20.6436 	EXP 	window1: mouseVisible = True
20.6465 	EXP 	Created polygon_2 = ShapeStim(__class__=<class 'psychopy.visual.shape.ShapeStim'>, anchor=('center', 'center'), autoDraw=False, autoLog=True, closeShape=True, color=method-wrapper(...), colorSpace='rgb', contrast=None, depth=-1.0, draggable=False, fillColor=array([ 1., -1., -1.]), fillColorSpace='rgb', fillRGB=array([ 1., -1., -1.]), interpolate=True, lineColor=array([-1., -1., -1.]), lineColorSpace='rgb', lineRGB=array([-1., -1., -1.]), lineWidth=3.0, name='polygon_2', opacity=0.5, ori=0.0, pos=array([0., 0.]), size=array([0.2, 0.2]), units='deg', vertices=ndarray(...), win=Window(...), windingRule=None)
21.2238 	EXP 	window1: mouseVisible = True
21.2250 	EXP 	Created text_5 = TextStim(__class__=<class 'psychopy.visual.text.TextStim'>, alignHoriz=method-wrapper(...), alignText='center', alignVert=method-wrapper(...), anchorHoriz='center', anchorVert='center', antialias=True, autoDraw=False, autoLog=True, bold=False, color=array([1., 1., 1.]), colorSpace='rgb', contrast=1.0, depth=-3.0, draggable=False, flipHoriz=False, flipVert=False, font='Open Sans', fontFiles=[], height=0.5, italic=False, languageStyle='LTR', name='text_5', opacity=1.0, ori=0.0, pos=array([0., 0.]), rgb=UNKNOWN, text='', units='deg', win=Window(...), wrapWidth=15.0)
21.8138 	EXP 	window1: mouseVisible = True
21.8171 	EXP 	Created text_4 = TextStim(__class__=<class 'psychopy.visual.text.TextStim'>, alignHoriz=method-wrapper(...), alignText='center', alignVert=method-wrapper(...), anchorHoriz='center', anchorVert='center', antialias=True, autoDraw=False, autoLog=True, bold=False, color=array([1., 1., 1.]), colorSpace='rgb', contrast=1.0, depth=-1.0, draggable=False, flipHoriz=False, flipVert=False, font='Open Sans', fontFiles=[], height=0.5000000000000001, italic=False, languageStyle='LTR', name='text_4', opacity=1.0, ori=0.0, pos=array([0., 0.]), rgb=UNKNOWN, text='waiting for scanner…', units='deg', win=Window(...), wrapWidth=15.0)
0.0008 	DATA 	Mouse: Left button down, pos=(814,577)
0.0015 	DATA 	Mouse:  Left button up, pos=(814,577)
0.0039 	DATA 	Keypress: space
0.0806 	EXP 	text_6: height = 0.5000000000000001
0.0806 	EXP 	text_6: height = 0.5000000000000001
0.0806 	EXP 	text_6: height = 0.5000000000000001
0.0806 	EXP 	text_6: text = 'Press any button to begin the practice trials.'
0.0806 	EXP 	text_6: autoDraw = True
2.6794 	EXP 	Imported practice_conditions_files/practice_participant42_.csv as conditions, 20 conditions, 3 params
2.6797 	EXP 	Created sequence: sequential, trialTypes=20, nReps=1, seed=None
2.6799 	EXP 	New trial (rep=0, index=0): OrderedDict([('current_image', 'practice_images/w_kitchen2.jpg'), ('trial_index', 0), ('is_blank_trial', 0)])
2.6940 	DATA 	Keypress: 2
2.6978 	EXP 	text_6: autoDraw = False
2.6978 	EXP 	image_2: image = 'practice_images/w_kitchen2.jpg'
2.6978 	EXP 	polygon_3: autoDraw = True
3.6911 	EXP 	image_2: autoDraw = True
6.6789 	EXP 	New trial (rep=0, index=1): OrderedDict([('current_image', 'practice_images/w_auditorium2.jpg'), ('trial_index', 1), ('is_blank_trial', 0)])
6.6910 	EXP 	image_2: autoDraw = False
6.6910 	EXP 	polygon_3: autoDraw = False
6.6910 	EXP 	image_2: autoDraw = False
6.6910 	EXP 	polygon_3: autoDraw = False
6.6910 	EXP 	polygon_4: autoDraw = False
6.6910 	EXP 	image_2: image = 'practice_images/w_auditorium2.jpg'
6.6910 	EXP 	polygon_3: autoDraw = True
7.6921 	EXP 	image_2: autoDraw = True
10.6786 	EXP 	New trial (rep=0, index=2): OrderedDict([('current_image', 'practice_images/w_monument1.jpg'), ('trial_index', 2), ('is_blank_trial', 0)])
10.6914 	EXP 	image_2: autoDraw = False
10.6914 	EXP 	polygon_3: autoDraw = False
10.6914 	EXP 	image_2: autoDraw = False
10.6914 	EXP 	polygon_3: autoDraw = False
10.6914 	EXP 	polygon_4: autoDraw = False
10.6914 	EXP 	image_2: image = 'practice_images/w_monument1.jpg'
10.6914 	EXP 	polygon_3: autoDraw = True
11.6921 	EXP 	image_2: autoDraw = True
11.8932 	DATA 	Keypress: escape
12.0443 	EXP 	replicate_nsd: status = STOPPED
12.0584 	EXP 	image_2: autoDraw = False
12.0584 	EXP 	polygon_3: autoDraw = False
12.0584 	EXP 	replicate_nsd: status = STOPPED
12.6330 	EXP 	window1: mouseVisible = True
