31.3410 	EXP 	Created window1 = Window(allowGUI=True, allowStencil=False, autoLog=True, backendConf=UNKNOWN, backgroundFit=<method-wrapper '__getattribute__' of attributeSetter object at 0x7fd8d7b6f3d0>, backgroundImage=<method-wrapper '__getattribute__' of attributeSetter object at 0x7fd8d7b6f370>, bitsMode=UNKNOWN, blendMode='avg', bpc=(8, 8, 8), color=array([-0.0039, -0.0039, -0.0039]), colorSpace='rgb', depthBits=8, fullscr=<method-wrapper '__getattribute__' of attributeSetter object at 0x7fd8d7b6f1f0>, gamma=array([[2.5724],
       [2.1906],
       [2.4422]], dtype=float32), gammaErrorPolicy='raise', lms=UNKNOWN, monitor=<psychopy.monitors.calibTools.Monitor object at 0x7fd8d7c53100>, multiSample=False, name='window1', numSamples=2, pos=(448, 280), screen=0, size=array([3584, 2240]), stencilBits=0, stereo=False, title='PsychoPy', units='deg', useFBO=True, useRetina=True, viewOri=0.0, viewPos=None, viewScale=None, waitBlanking=True, winType='pyglet')
31.3411 	EXP 	window1: mouseVisible = True
31.3411 	EXP 	window1: backgroundImage = ''
31.3412 	EXP 	window1: backgroundFit = 'none'
31.3426 	EXP 	window1: Attempting to measure frame rate of screen (0) ...
31.3426 	EXP 	window1: recordFrameIntervals = False
31.5069 	EXP 	window1: recordFrameIntervals = True
31.6906 	EXP 	Screen (0) actual frame rate measured at 59.95Hz
31.6906 	EXP 	window1: recordFrameIntervals = False
31.6907 	EXP 	window1: mouseVisible = True
35.4765 	EXP 	replicate_nsd: status = STARTED
36.0740 	EXP 	window1: mouseVisible = True
36.0815 	EXP 	Created text_6 = TextStim(__class__=<class 'psychopy.visual.text.TextStim'>, alignHoriz=method-wrapper(...), alignText='center', alignVert=method-wrapper(...), anchorHoriz='center', anchorVert='center', antialias=True, autoDraw=False, autoLog=True, bold=False, color=array([1., 1., 1.]), colorSpace='rgb', contrast=1.0, depth=-1.0, draggable=False, flipHoriz=False, flipVert=False, font='Open Sans', fontFiles=[], height=0.5, italic=False, languageStyle='LTR', name='text_6', opacity=1.0, ori=0.0, pos=array([0., 0.]), rgb=UNKNOWN, text='', units='deg', win=Window(...), wrapWidth=15.0)
36.0816 	EXP 	window1: mouseVisible = True
36.1029 	EXP 	Created image_2 = ImageStim(__class__=<class 'psychopy.visual.image.ImageStim'>, anchor=('center', 'center'), autoLog=True, color=array([1., 1., 1.]), colorSpace='rgb', contrast=1.0, depth=0.0, draggable=False, flipHoriz=False, flipVert=False, image='default.png', interpolate=True, mask=None, maskParams=None, name='image_2', opacity=1.0, ori=0.0, pos=array([0., 0.]), size=array([8.4, 8.4]), texRes=128.0, units='deg', win=Window(...))
36.7014 	EXP 	window1: mouseVisible = True
36.7046 	EXP 	Created polygon_3 = ShapeStim(__class__=<class 'psychopy.visual.shape.ShapeStim'>, anchor=('center', 'center'), autoDraw=False, autoLog=True, closeShape=True, color=method-wrapper(...), colorSpace='rgb', contrast=None, depth=-2.0, draggable=False, fillColor=array([ 1., -1., -1.]), fillColorSpace='rgb', fillRGB=array([ 1., -1., -1.]), interpolate=True, lineColor=array([-1., -1., -1.]), lineColorSpace='rgb', lineRGB=array([-1., -1., -1.]), lineWidth=3.0, name='polygon_3', opacity=0.5, ori=0.0, pos=array([0., 0.]), size=array([0.2, 0.2]), units='deg', vertices=ndarray(...), win=Window(...), windingRule=None)
37.3129 	EXP 	window1: mouseVisible = True
37.3159 	EXP 	Created polygon_4 = ShapeStim(__class__=<class 'psychopy.visual.shape.ShapeStim'>, anchor=('center', 'center'), autoDraw=False, autoLog=True, closeShape=True, color=method-wrapper(...), colorSpace='rgb', contrast=None, depth=0.0, draggable=False, fillColor=array([ 1., -1., -1.]), fillColorSpace='rgb', fillRGB=array([ 1., -1., -1.]), interpolate=True, lineColor=array([-1., -1., -1.]), lineColorSpace='rgb', lineRGB=array([-1., -1., -1.]), lineWidth=3.0, name='polygon_4', opacity=0.5, ori=0.0, pos=array([0., 0.]), size=array([0.2, 0.2]), units='deg', vertices=ndarray(...), win=Window(...), windingRule=None)
37.9249 	EXP 	window1: mouseVisible = True
37.9262 	EXP 	Created text_7 = TextStim(__class__=<class 'psychopy.visual.text.TextStim'>, alignHoriz=method-wrapper(...), alignText='center', alignVert=method-wrapper(...), anchorHoriz='center', anchorVert='center', antialias=True, autoDraw=False, autoLog=True, bold=False, color=array([1., 1., 1.]), colorSpace='rgb', contrast=1.0, depth=-1.0, draggable=False, flipHoriz=False, flipVert=False, font='Open Sans', fontFiles=[], height=0.5, italic=False, languageStyle='LTR', name='text_7', opacity=1.0, ori=0.0, pos=array([0., 0.]), rgb=UNKNOWN, text='', units='deg', win=Window(...), wrapWidth=15.0)
38.5495 	EXP 	window1: mouseVisible = True
38.5829 	EXP 	Created text_3 = TextStim(__class__=<class 'psychopy.visual.text.TextStim'>, alignHoriz=method-wrapper(...), alignText='center', alignVert=method-wrapper(...), anchorHoriz='center', anchorVert='center', antialias=True, autoDraw=False, autoLog=True, bold=False, color=array([1., 1., 1.]), colorSpace='rgb', contrast=1.0, depth=-1.0, draggable=False, flipHoriz=False, flipVert=False, font='Open Sans', fontFiles=[], height=0.5000000000000001, italic=False, languageStyle='LTR', name='text_3', opacity=1.0, ori=0.0, pos=array([0., 0.]), rgb=UNKNOWN, text='waiting for scanner…', units='deg', win=Window(...), wrapWidth=15.0)
38.5831 	EXP 	window1: mouseVisible = True
38.5975 	EXP 	Created image = ImageStim(__class__=<class 'psychopy.visual.image.ImageStim'>, anchor=('center', 'center'), autoLog=True, color=array([1., 1., 1.]), colorSpace='rgb', contrast=1.0, depth=0.0, draggable=False, flipHoriz=False, flipVert=False, image='default.png', interpolate=True, mask=None, maskParams=None, name='image', opacity=1.0, ori=0.0, pos=array([0., 0.]), size=array([8.4, 8.4]), texRes=128.0, units='deg', win=Window(...))
39.2333 	EXP 	window1: mouseVisible = True
39.2370 	EXP 	Created polygon = ShapeStim(__class__=<class 'psychopy.visual.shape.ShapeStim'>, anchor=('center', 'center'), autoDraw=False, autoLog=True, closeShape=True, color=method-wrapper(...), colorSpace='rgb', contrast=None, depth=-2.0, draggable=False, fillColor=array([ 1., -1., -1.]), fillColorSpace='rgb', fillRGB=array([ 1., -1., -1.]), interpolate=True, lineColor=array([-1., -1., -1.]), lineColorSpace='rgb', lineRGB=array([-1., -1., -1.]), lineWidth=3.0, name='polygon', opacity=0.5, ori=0.0, pos=array([0., 0.]), size=array([0.2, 0.2]), units='deg', vertices=ndarray(...), win=Window(...), windingRule=None)
40.5476 	EXP 	window1: mouseVisible = True
40.5514 	EXP 	Created polygon_2 = ShapeStim(__class__=<class 'psychopy.visual.shape.ShapeStim'>, anchor=('center', 'center'), autoDraw=False, autoLog=True, closeShape=True, color=method-wrapper(...), colorSpace='rgb', contrast=None, depth=-1.0, draggable=False, fillColor=array([ 1., -1., -1.]), fillColorSpace='rgb', fillRGB=array([ 1., -1., -1.]), interpolate=True, lineColor=array([-1., -1., -1.]), lineColorSpace='rgb', lineRGB=array([-1., -1., -1.]), lineWidth=3.0, name='polygon_2', opacity=0.5, ori=0.0, pos=array([0., 0.]), size=array([0.2, 0.2]), units='deg', vertices=ndarray(...), win=Window(...), windingRule=None)
41.2053 	EXP 	window1: mouseVisible = True
41.2068 	EXP 	Created text_5 = TextStim(__class__=<class 'psychopy.visual.text.TextStim'>, alignHoriz=method-wrapper(...), alignText='center', alignVert=method-wrapper(...), anchorHoriz='center', anchorVert='center', antialias=True, autoDraw=False, autoLog=True, bold=False, color=array([1., 1., 1.]), colorSpace='rgb', contrast=1.0, depth=-3.0, draggable=False, flipHoriz=False, flipVert=False, font='Open Sans', fontFiles=[], height=0.5, italic=False, languageStyle='LTR', name='text_5', opacity=1.0, ori=0.0, pos=array([0., 0.]), rgb=UNKNOWN, text='', units='deg', win=Window(...), wrapWidth=15.0)
41.9063 	EXP 	window1: mouseVisible = True
41.9103 	EXP 	Created text_4 = TextStim(__class__=<class 'psychopy.visual.text.TextStim'>, alignHoriz=method-wrapper(...), alignText='center', alignVert=method-wrapper(...), anchorHoriz='center', anchorVert='center', antialias=True, autoDraw=False, autoLog=True, bold=False, color=array([1., 1., 1.]), colorSpace='rgb', contrast=1.0, depth=-1.0, draggable=False, flipHoriz=False, flipVert=False, font='Open Sans', fontFiles=[], height=0.5000000000000001, italic=False, languageStyle='LTR', name='text_4', opacity=1.0, ori=0.0, pos=array([0., 0.]), rgb=UNKNOWN, text='waiting for scanner…', units='deg', win=Window(...), wrapWidth=15.0)
0.0096 	DATA 	Mouse: Left button down, pos=(848,708)
0.0099 	DATA 	Mouse:  Left button up, pos=(848,708)
0.0635 	EXP 	text_6: height = 0.5000000000000001
0.0635 	EXP 	text_6: height = 0.5000000000000001
0.0635 	EXP 	text_6: height = 0.5000000000000001
0.0635 	EXP 	text_6: text = 'Press any button to begin the practice trials.'
0.0635 	EXP 	text_6: autoDraw = True
0.8835 	DATA 	Mouse: Left button down, pos=(848,713)
0.9978 	DATA 	Mouse:  Left button up, pos=(848,713)
1.1169 	DATA 	Mouse: Left button down, pos=(848,713)
1.2313 	DATA 	Mouse:  Left button up, pos=(848,713)
1.3172 	DATA 	Mouse: Left button down, pos=(848,713)
1.4334 	DATA 	Mouse:  Left button up, pos=(848,713)
1.6646 	DATA 	Mouse: Left button down, pos=(848,713)
1.8004 	DATA 	Mouse:  Left button up, pos=(848,713)
2.9035 	EXP 	Imported practice_conditions_files/practice_participant43_.csv as conditions, 20 conditions, 3 params
2.9039 	EXP 	Created sequence: sequential, trialTypes=20, nReps=1, seed=None
2.9041 	EXP 	New trial (rep=0, index=0): OrderedDict([('current_image', 'practice_images/paired_image_6_2.png'), ('trial_index', 0), ('is_blank_trial', 0)])
2.9260 	DATA 	Keypress: 1
2.9319 	EXP 	text_6: autoDraw = False
2.9319 	EXP 	image_2: image = 'practice_images/paired_image_6_2.png'
2.9319 	EXP 	polygon_3: autoDraw = True
3.9302 	EXP 	image_2: autoDraw = True
5.7180 	DATA 	Keypress: 1
6.0654 	DATA 	Keypress: 2
6.3656 	DATA 	Keypress: 1
6.5836 	DATA 	Keypress: 2
6.8655 	DATA 	Keypress: 1
6.8827 	DATA 	Keypress: 2
6.9145 	EXP 	New trial (rep=0, index=1): OrderedDict([('current_image', 'practice_images/paired_image_21_2.png'), ('trial_index', 1), ('is_blank_trial', 0)])
6.9303 	EXP 	image_2: autoDraw = False
6.9303 	EXP 	polygon_3: autoDraw = False
6.9303 	EXP 	image_2: autoDraw = False
6.9303 	EXP 	polygon_3: autoDraw = False
6.9303 	EXP 	polygon_4: autoDraw = False
6.9303 	EXP 	image_2: image = 'practice_images/paired_image_21_2.png'
6.9303 	EXP 	polygon_3: autoDraw = True
7.1846 	DATA 	Keypress: 2
7.1856 	DATA 	Keypress: 1
7.9305 	EXP 	image_2: autoDraw = True
9.0643 	DATA 	Mouse: Left button down, pos=(897,750)
9.2144 	DATA 	Mouse:  Left button up, pos=(897,750)
9.3648 	DATA 	Keypress: 1
9.4647 	DATA 	Keypress: 2
9.7316 	DATA 	Keypress: 1
9.7480 	DATA 	Keypress: 2
10.0480 	DATA 	Keypress: 1
10.2647 	DATA 	Keypress: 2
10.5178 	DATA 	Keypress: 1
10.7981 	DATA 	Keypress: 1
10.9139 	EXP 	New trial (rep=0, index=2): OrderedDict([('current_image', 'practice_images/paired_image_22_2.png'), ('trial_index', 2), ('is_blank_trial', 0)])
10.9302 	EXP 	image_2: autoDraw = False
10.9302 	EXP 	polygon_3: autoDraw = False
10.9302 	EXP 	image_2: autoDraw = False
10.9302 	EXP 	polygon_3: autoDraw = False
10.9302 	EXP 	polygon_4: autoDraw = False
10.9302 	EXP 	image_2: image = 'practice_images/paired_image_22_2.png'
10.9302 	EXP 	polygon_3: autoDraw = True
11.0666 	DATA 	Keypress: 1
11.2843 	DATA 	Keypress: 1
11.5319 	DATA 	Keypress: 1
11.7677 	DATA 	Keypress: 1
11.9302 	EXP 	image_2: autoDraw = True
12.0322 	DATA 	Keypress: 1
12.3159 	DATA 	Keypress: 1
13.1824 	DATA 	Keypress: 1
13.4334 	DATA 	Keypress: 1
13.6990 	DATA 	Keypress: 1
13.9158 	DATA 	Keypress: 1
14.1491 	DATA 	Keypress: 1
14.3821 	DATA 	Keypress: 1
14.8504 	DATA 	Keypress: 1
14.9139 	EXP 	New trial (rep=0, index=3): OrderedDict([('current_image', 'practice_images/paired_image_30_1.png'), ('trial_index', 3), ('is_blank_trial', 0)])
14.9298 	EXP 	image_2: autoDraw = False
14.9298 	EXP 	polygon_3: autoDraw = False
14.9298 	EXP 	image_2: autoDraw = False
14.9298 	EXP 	polygon_3: autoDraw = False
14.9298 	EXP 	polygon_4: autoDraw = False
14.9298 	EXP 	image_2: image = 'practice_images/paired_image_30_1.png'
14.9298 	EXP 	polygon_3: autoDraw = True
15.1003 	DATA 	Keypress: 1
15.3478 	DATA 	Keypress: 1
15.7007 	DATA 	Keypress: 1
15.9297 	EXP 	image_2: autoDraw = True
16.1148 	DATA 	Keypress: 2
16.6319 	DATA 	Keypress: 1
17.0549 	DATA 	Keypress: 1
17.3336 	DATA 	Keypress: 1
17.8672 	DATA 	Keypress: 1
18.5187 	DATA 	Keypress: 2
18.8325 	DATA 	Keypress: 1
18.9491 	EXP 	New trial (rep=0, index=4): OrderedDict([('current_image', 'practice_images/paired_image_15_1.png'), ('trial_index', 4), ('is_blank_trial', 0)])
18.9638 	EXP 	image_2: autoDraw = False
18.9638 	EXP 	polygon_3: autoDraw = False
18.9638 	EXP 	image_2: autoDraw = False
18.9638 	EXP 	polygon_3: autoDraw = False
18.9638 	EXP 	polygon_4: autoDraw = False
18.9638 	EXP 	image_2: image = 'practice_images/paired_image_15_1.png'
18.9638 	EXP 	polygon_3: autoDraw = True
19.0528 	DATA 	Keypress: 2
19.2852 	DATA 	Keypress: 1
19.4157 	DATA 	Keypress: 2
19.5980 	DATA 	Keypress: 1
19.9640 	EXP 	image_2: autoDraw = True
19.9820 	DATA 	Keypress: 1
20.2862 	DATA 	Keypress: 1
20.5009 	DATA 	Keypress: 2
20.8839 	DATA 	Keypress: 1
21.0991 	DATA 	Keypress: 2
21.2838 	DATA 	Keypress: 1
21.4157 	DATA 	Keypress: 2
21.5833 	DATA 	Keypress: 1
21.7008 	DATA 	Keypress: 2
21.8820 	DATA 	Keypress: 1
22.0330 	DATA 	Keypress: 2
22.1491 	DATA 	Keypress: 1
22.2827 	DATA 	Keypress: 2
22.4476 	DATA 	Keypress: 1
22.4671 	DATA 	Keypress: 2
22.7665 	DATA 	Keypress: 1
22.9008 	DATA 	Keypress: 2
22.9490 	EXP 	New trial (rep=0, index=5): OrderedDict([('current_image', 'practice_images/paired_image_20_2.png'), ('trial_index', 5), ('is_blank_trial', 0)])
22.9633 	EXP 	image_2: autoDraw = False
22.9633 	EXP 	polygon_3: autoDraw = False
22.9633 	EXP 	image_2: autoDraw = False
22.9633 	EXP 	polygon_3: autoDraw = False
22.9633 	EXP 	polygon_4: autoDraw = False
22.9633 	EXP 	image_2: image = 'practice_images/paired_image_20_2.png'
22.9633 	EXP 	polygon_3: autoDraw = True
23.0820 	DATA 	Keypress: 1
23.2159 	DATA 	Keypress: 2
23.3858 	DATA 	Keypress: 1
23.5325 	DATA 	Keypress: 2
23.7667 	DATA 	Keypress: 1
23.9640 	EXP 	image_2: autoDraw = True
23.9996 	DATA 	Keypress: 1
24.2671 	DATA 	Keypress: 2
24.3161 	DATA 	Keypress: 1
24.6487 	DATA 	Keypress: 2
24.9503 	DATA 	Keypress: 1
25.4007 	DATA 	Keypress: 1
25.6650 	DATA 	Keypress: 1
26.4670 	DATA 	Keypress: 1
26.9166 	DATA 	Keypress: 1
26.9491 	EXP 	New trial (rep=0, index=6): OrderedDict([('current_image', 'practice_images/paired_image_36_2.png'), ('trial_index', 6), ('is_blank_trial', 0)])
26.9629 	EXP 	image_2: autoDraw = False
26.9629 	EXP 	polygon_3: autoDraw = False
26.9629 	EXP 	image_2: autoDraw = False
26.9629 	EXP 	polygon_3: autoDraw = False
26.9629 	EXP 	polygon_4: autoDraw = False
26.9629 	EXP 	image_2: image = 'practice_images/paired_image_36_2.png'
26.9629 	EXP 	polygon_3: autoDraw = True
27.4323 	DATA 	Keypress: 1
27.7649 	DATA 	Keypress: 1
27.9640 	EXP 	image_2: autoDraw = True
28.0328 	DATA 	Keypress: 1
28.3363 	DATA 	Keypress: 1
28.6187 	DATA 	Keypress: 1
28.8990 	DATA 	Keypress: 1
29.1670 	DATA 	Keypress: 1
29.4328 	DATA 	Keypress: 1
29.7163 	DATA 	Keypress: 1
30.1017 	DATA 	Keypress: 1
30.4338 	DATA 	Keypress: 1
30.7328 	DATA 	Keypress: 1
30.9490 	EXP 	New trial (rep=0, index=7): OrderedDict([('current_image', 'practice_images/paired_image_18_1.png'), ('trial_index', 7), ('is_blank_trial', 0)])
30.9662 	EXP 	image_2: autoDraw = False
30.9662 	EXP 	polygon_3: autoDraw = False
30.9662 	EXP 	image_2: autoDraw = False
30.9662 	EXP 	polygon_3: autoDraw = False
30.9662 	EXP 	polygon_4: autoDraw = False
30.9662 	EXP 	image_2: image = 'practice_images/paired_image_18_1.png'
30.9662 	EXP 	polygon_3: autoDraw = True
31.0497 	DATA 	Keypress: 1
31.3817 	DATA 	Keypress: 1
31.8167 	DATA 	Keypress: 1
31.9668 	EXP 	image_2: autoDraw = True
32.0988 	DATA 	Keypress: 1
32.3488 	DATA 	Keypress: 2
32.5518 	DATA 	Keypress: 1
32.7490 	DATA 	Keypress: 2
32.9490 	DATA 	Keypress: 1
33.2497 	DATA 	Keypress: 1
33.4827 	DATA 	Keypress: 1
33.7987 	DATA 	Keypress: 1
34.0328 	DATA 	Keypress: 1
34.2827 	DATA 	Keypress: 1
34.6675 	DATA 	Keypress: 1
34.9355 	DATA 	Keypress: 1
34.9490 	EXP 	New trial (rep=0, index=8): OrderedDict([('current_image', 'practice_images/paired_image_29_1.png'), ('trial_index', 8), ('is_blank_trial', 0)])
34.9629 	EXP 	image_2: autoDraw = False
34.9629 	EXP 	polygon_3: autoDraw = False
34.9629 	EXP 	image_2: autoDraw = False
34.9629 	EXP 	polygon_3: autoDraw = False
34.9629 	EXP 	polygon_4: autoDraw = False
34.9629 	EXP 	image_2: image = 'practice_images/paired_image_29_1.png'
34.9629 	EXP 	polygon_3: autoDraw = True
35.3316 	DATA 	Keypress: 1
35.6342 	DATA 	Keypress: 1
35.9015 	DATA 	Keypress: 1
35.9631 	EXP 	image_2: autoDraw = True
36.2670 	DATA 	Keypress: 1
36.4988 	DATA 	Keypress: 1
36.8320 	DATA 	Keypress: 1
37.1842 	DATA 	Keypress: 1
37.4498 	DATA 	Keypress: 1
37.7990 	DATA 	Keypress: 1
38.0988 	DATA 	Keypress: 1
38.3838 	DATA 	Keypress: 1
38.9489 	DATA 	Keypress: 1
38.9992 	EXP 	New trial (rep=0, index=9): OrderedDict([('current_image', 'practice_images/paired_image_25_2.png'), ('trial_index', 9), ('is_blank_trial', 0)])
39.0136 	EXP 	image_2: autoDraw = False
39.0136 	EXP 	polygon_3: autoDraw = False
39.0136 	EXP 	image_2: autoDraw = False
39.0136 	EXP 	polygon_3: autoDraw = False
39.0136 	EXP 	polygon_4: autoDraw = False
39.0136 	EXP 	image_2: image = 'practice_images/paired_image_25_2.png'
39.0136 	EXP 	polygon_3: autoDraw = True
39.2174 	DATA 	Keypress: 1
39.5155 	DATA 	Keypress: 1
39.8169 	DATA 	Keypress: 1
40.0146 	EXP 	image_2: autoDraw = True
40.2167 	DATA 	Keypress: 1
40.5676 	DATA 	Keypress: 1
41.2176 	DATA 	Keypress: 1
41.5006 	DATA 	Keypress: 1
41.7504 	DATA 	Keypress: 1
42.0495 	DATA 	Keypress: 1
42.4011 	DATA 	Keypress: 1
42.9995 	EXP 	New trial (rep=0, index=10): OrderedDict([('current_image', 'blank.jpg'), ('trial_index', 10), ('is_blank_trial', 1)])
43.0088 	DATA 	Keypress: 1
43.0140 	EXP 	image_2: autoDraw = False
43.0140 	EXP 	polygon_3: autoDraw = False
43.0140 	EXP 	image_2: autoDraw = False
43.0140 	EXP 	polygon_3: autoDraw = False
43.0140 	EXP 	polygon_4: autoDraw = False
43.0140 	EXP 	image_2: image = 'blank.jpg'
43.0140 	EXP 	image_2: autoDraw = False
43.0140 	EXP 	polygon_3: autoDraw = False
43.0140 	EXP 	polygon_4: autoDraw = True
43.9162 	DATA 	Keypress: 1
44.2509 	DATA 	Keypress: 1
44.7842 	DATA 	Keypress: 2
45.0322 	DATA 	Keypress: 1
45.2320 	DATA 	Keypress: 2
45.8662 	DATA 	Keypress: 1
45.8990 	DATA 	Keypress: 2
46.1332 	DATA 	Keypress: 1
46.2175 	DATA 	Keypress: 2
46.5164 	DATA 	Keypress: 1
46.6163 	DATA 	Keypress: 2
46.8499 	DATA 	Keypress: 2
46.9009 	DATA 	Keypress: 1
46.9987 	EXP 	New trial (rep=0, index=11): OrderedDict([('current_image', 'practice_images/paired_image_36_1.png'), ('trial_index', 11), ('is_blank_trial', 0)])
47.0134 	EXP 	polygon_4: autoDraw = False
47.0134 	EXP 	polygon_4: autoDraw = False
47.0134 	EXP 	image_2: image = 'practice_images/paired_image_36_1.png'
47.0134 	EXP 	polygon_3: autoDraw = True
47.1991 	DATA 	Keypress: 2
47.2001 	DATA 	Keypress: 1
47.4333 	DATA 	Keypress: 2
47.8164 	DATA 	Keypress: 1
48.0146 	EXP 	image_2: autoDraw = True
48.1669 	DATA 	Keypress: 2
48.4325 	DATA 	Keypress: 1
48.5677 	DATA 	Keypress: 2
48.7666 	DATA 	Keypress: 1
48.8500 	DATA 	Keypress: 2
49.0657 	DATA 	Keypress: 1
49.1498 	DATA 	Keypress: 2
49.4844 	DATA 	Keypress: 1
49.7343 	DATA 	Keypress: 1
50.0324 	DATA 	Keypress: 1
50.3333 	DATA 	Keypress: 1
50.8171 	DATA 	Keypress: 1
50.9992 	EXP 	New trial (rep=0, index=12): OrderedDict([('current_image', 'practice_images/paired_image_2_1.png'), ('trial_index', 12), ('is_blank_trial', 0)])
51.0136 	EXP 	image_2: autoDraw = False
51.0136 	EXP 	polygon_3: autoDraw = False
51.0136 	EXP 	image_2: autoDraw = False
51.0136 	EXP 	polygon_3: autoDraw = False
51.0136 	EXP 	polygon_4: autoDraw = False
51.0136 	EXP 	image_2: image = 'practice_images/paired_image_2_1.png'
51.0136 	EXP 	polygon_3: autoDraw = True
51.3332 	DATA 	Keypress: 1
51.6155 	DATA 	Keypress: 2
51.8033 	DATA 	Keypress: 1
52.0146 	EXP 	image_2: autoDraw = True
52.0508 	DATA 	Keypress: 2
52.1504 	DATA 	Keypress: 1
52.3993 	DATA 	Keypress: 1
52.6824 	DATA 	Keypress: 1
52.9994 	DATA 	Keypress: 1
53.0511 	DATA 	Keypress: 2
53.3832 	DATA 	Keypress: 1
53.3842 	DATA 	Keypress: 2
54.0160 	DATA 	Keypress: 1
54.2997 	DATA 	Keypress: 1
54.5991 	DATA 	Keypress: 1
54.9665 	DATA 	Keypress: 1
54.9989 	EXP 	New trial (rep=0, index=13): OrderedDict([('current_image', 'practice_images/paired_image_15_2.png'), ('trial_index', 13), ('is_blank_trial', 0)])
55.0163 	EXP 	image_2: autoDraw = False
55.0163 	EXP 	polygon_3: autoDraw = False
55.0163 	EXP 	image_2: autoDraw = False
55.0163 	EXP 	polygon_3: autoDraw = False
55.0163 	EXP 	polygon_4: autoDraw = False
55.0163 	EXP 	image_2: image = 'practice_images/paired_image_15_2.png'
55.0163 	EXP 	polygon_3: autoDraw = True
55.2152 	DATA 	Keypress: 1
55.5324 	DATA 	Keypress: 1
56.0146 	EXP 	image_2: autoDraw = True
56.1160 	DATA 	Keypress: 1
56.7159 	DATA 	Keypress: 1
57.2839 	DATA 	Keypress: 1
57.5322 	DATA 	Keypress: 1
57.8177 	DATA 	Keypress: 1
58.1176 	DATA 	Keypress: 1
58.4152 	DATA 	Keypress: 1
58.7176 	DATA 	Keypress: 1
58.9988 	EXP 	New trial (rep=0, index=14): OrderedDict([('current_image', 'practice_images/paired_image_28_1.png'), ('trial_index', 14), ('is_blank_trial', 0)])
59.0136 	EXP 	image_2: autoDraw = False
59.0136 	EXP 	polygon_3: autoDraw = False
59.0136 	EXP 	image_2: autoDraw = False
59.0136 	EXP 	polygon_3: autoDraw = False
59.0136 	EXP 	polygon_4: autoDraw = False
59.0136 	EXP 	image_2: image = 'practice_images/paired_image_28_1.png'
59.0136 	EXP 	polygon_3: autoDraw = True
59.0501 	DATA 	Keypress: 1
59.3490 	DATA 	Keypress: 1
59.6820 	DATA 	Keypress: 1
60.0145 	EXP 	image_2: autoDraw = True
60.2008 	DATA 	Keypress: 1
60.5156 	DATA 	Keypress: 1
60.7656 	DATA 	Keypress: 1
61.0829 	DATA 	Keypress: 1
61.4496 	DATA 	Keypress: 1
61.9158 	DATA 	Keypress: 1
62.2161 	DATA 	Keypress: 1
62.3657 	DATA 	Keypress: 1
62.9326 	DATA 	Keypress: 1
62.9995 	EXP 	New trial (rep=0, index=15): OrderedDict([('current_image', 'practice_images/paired_image_24_1.png'), ('trial_index', 15), ('is_blank_trial', 0)])
63.0153 	EXP 	image_2: autoDraw = False
63.0153 	EXP 	polygon_3: autoDraw = False
63.0153 	EXP 	image_2: autoDraw = False
63.0153 	EXP 	polygon_3: autoDraw = False
63.0153 	EXP 	polygon_4: autoDraw = False
63.0153 	EXP 	image_2: image = 'practice_images/paired_image_24_1.png'
63.0153 	EXP 	polygon_3: autoDraw = True
63.1676 	DATA 	Keypress: 1
63.3822 	DATA 	Keypress: 1
63.6840 	DATA 	Keypress: 1
63.9674 	DATA 	Keypress: 1
64.0146 	EXP 	image_2: autoDraw = True
64.3166 	DATA 	Keypress: 2
64.6338 	DATA 	Keypress: 1
64.8661 	DATA 	Keypress: 1
65.1175 	DATA 	Keypress: 1
65.2512 	DATA 	Keypress: 1
65.6336 	DATA 	Keypress: 1
66.9971 	EXP 	New trial (rep=0, index=16): OrderedDict([('current_image', 'practice_images/paired_image_33_1.png'), ('trial_index', 16), ('is_blank_trial', 0)])
67.0134 	EXP 	image_2: autoDraw = False
67.0134 	EXP 	polygon_3: autoDraw = False
67.0134 	EXP 	image_2: autoDraw = False
67.0134 	EXP 	polygon_3: autoDraw = False
67.0134 	EXP 	polygon_4: autoDraw = False
67.0134 	EXP 	image_2: image = 'practice_images/paired_image_33_1.png'
67.0134 	EXP 	polygon_3: autoDraw = True
67.1836 	DATA 	Keypress: 1
67.7649 	DATA 	Keypress: 1
68.0134 	EXP 	image_2: autoDraw = True
68.1992 	DATA 	Keypress: 1
68.4508 	DATA 	Keypress: 1
68.7665 	DATA 	Keypress: 1
69.0670 	DATA 	Keypress: 1
69.4167 	DATA 	Keypress: 1
69.7165 	DATA 	Keypress: 1
70.0325 	DATA 	Keypress: 1
70.6488 	DATA 	Keypress: 1
70.9661 	DATA 	Keypress: 1
70.9996 	EXP 	New trial (rep=0, index=17): OrderedDict([('current_image', 'practice_images/paired_image_12_1.png'), ('trial_index', 17), ('is_blank_trial', 0)])
71.0144 	EXP 	image_2: autoDraw = False
71.0144 	EXP 	polygon_3: autoDraw = False
71.0144 	EXP 	image_2: autoDraw = False
71.0144 	EXP 	polygon_3: autoDraw = False
71.0144 	EXP 	polygon_4: autoDraw = False
71.0144 	EXP 	image_2: image = 'practice_images/paired_image_12_1.png'
71.0144 	EXP 	polygon_3: autoDraw = True
71.2991 	DATA 	Keypress: 1
71.8650 	DATA 	Keypress: 1
72.0133 	EXP 	image_2: autoDraw = True
72.7684 	DATA 	Keypress: 1
73.0517 	DATA 	Keypress: 1
73.3495 	DATA 	Keypress: 1
73.7169 	DATA 	Keypress: 1
74.0823 	DATA 	Keypress: 1
74.7329 	DATA 	Keypress: 1
74.9990 	EXP 	New trial (rep=0, index=18): OrderedDict([('current_image', 'practice_images/paired_image_4_2.png'), ('trial_index', 18), ('is_blank_trial', 0)])
75.0135 	EXP 	image_2: autoDraw = False
75.0135 	EXP 	polygon_3: autoDraw = False
75.0135 	EXP 	image_2: autoDraw = False
75.0135 	EXP 	polygon_3: autoDraw = False
75.0135 	EXP 	polygon_4: autoDraw = False
75.0135 	EXP 	image_2: image = 'practice_images/paired_image_4_2.png'
75.0135 	EXP 	polygon_3: autoDraw = True
75.0988 	DATA 	Keypress: 1
75.8819 	DATA 	Keypress: 1
76.0145 	EXP 	image_2: autoDraw = True
76.6657 	DATA 	Keypress: 1
76.9498 	DATA 	Keypress: 1
77.2497 	DATA 	Keypress: 1
77.6002 	DATA 	Keypress: 1
77.9988 	DATA 	Keypress: 1
78.3329 	DATA 	Keypress: 1
78.7676 	DATA 	Keypress: 1
78.9993 	EXP 	New trial (rep=0, index=19): OrderedDict([('current_image', 'practice_images/paired_image_19_1.png'), ('trial_index', 19), ('is_blank_trial', 0)])
79.0143 	EXP 	image_2: autoDraw = False
79.0143 	EXP 	polygon_3: autoDraw = False
79.0143 	EXP 	image_2: autoDraw = False
79.0143 	EXP 	polygon_3: autoDraw = False
79.0143 	EXP 	polygon_4: autoDraw = False
79.0143 	EXP 	image_2: image = 'practice_images/paired_image_19_1.png'
79.0143 	EXP 	polygon_3: autoDraw = True
79.1164 	DATA 	Keypress: 1
79.7841 	DATA 	Keypress: 1
80.0145 	EXP 	image_2: autoDraw = True
80.1161 	DATA 	Keypress: 1
80.6011 	DATA 	Keypress: 1
81.1831 	DATA 	Keypress: 1
81.4843 	DATA 	Keypress: 1
81.7988 	DATA 	Keypress: 1
82.2508 	DATA 	Keypress: 1
82.5492 	DATA 	Keypress: 1
82.8826 	DATA 	Keypress: 1
83.0167 	EXP 	image_2: autoDraw = False
83.0167 	EXP 	polygon_3: autoDraw = False
83.0167 	EXP 	image_2: autoDraw = False
83.0167 	EXP 	polygon_3: autoDraw = False
83.0167 	EXP 	polygon_4: autoDraw = False
83.0167 	EXP 	text_7: height = 0.5000000000000001
83.0167 	EXP 	text_7: height = 0.5000000000000001
83.0167 	EXP 	text_7: height = 0.5000000000000001
83.0167 	EXP 	text_7: text = 'Good job! You finished the practice trials. Press any button to begin the experiment.'
83.0167 	EXP 	text_7: autoDraw = True
83.3004 	DATA 	Keypress: 1
83.3145 	EXP 	text_7: autoDraw = False
83.3145 	EXP 	text_3: autoDraw = True
83.7003 	DATA 	Keypress: 1
84.3492 	DATA 	Keypress: 1
84.6826 	DATA 	Keypress: 1
85.0990 	DATA 	Keypress: 1
85.4667 	DATA 	Keypress: 1
86.1161 	DATA 	Keypress: 1
86.5503 	DATA 	Keypress: 1
86.8657 	DATA 	Keypress: 1
87.2993 	DATA 	Keypress: 1
87.6841 	DATA 	Keypress: 1
89.2177 	DATA 	Keypress: 1
92.3819 	DATA 	Keypress: 1
92.6153 	DATA 	Keypress: 1
92.6483 	DATA 	Keypress: 2
92.9155 	DATA 	Keypress: 1
93.2886 	EXP 	Imported conditions_files/participant43_.csv as conditions, 1152 conditions, 7 params
93.2919 	EXP 	Created sequence: sequential, trialTypes=1152, nReps=1, seed=None
93.2920 	EXP 	New trial (rep=0, index=0): OrderedDict([('current_image', 'images/image_347_seed_1.png'), ('is_repeat', 0), ('trial_index', 0), ('is_blank_trial', 0), ('is_new_run', 0), ('run_num', 0), ('all_blanks_list', [9, 19, 29, 39, 49, 59, 68, 69, 70, 71])])
93.3059 	DATA 	Keypress: equal
93.3267 	EXP 	text_3: autoDraw = False
93.3267 	EXP 	image: image = 'images/image_347_seed_1.png'
93.3267 	EXP 	polygon: autoDraw = True
94.3145 	EXP 	image: autoDraw = True
97.3015 	EXP 	New trial (rep=0, index=1): OrderedDict([('current_image', 'images/image_589_seed_1.png'), ('is_repeat', 0), ('trial_index', 1), ('is_blank_trial', 0), ('is_new_run', 0), ('run_num', 0), ('all_blanks_list', [9, 19, 29, 39, 49, 59, 68, 69, 70, 71])])
97.3130 	EXP 	image: autoDraw = False
97.3130 	EXP 	polygon: autoDraw = False
97.3130 	EXP 	image: autoDraw = False
97.3130 	EXP 	polygon: autoDraw = False
97.3130 	EXP 	polygon_2: autoDraw = False
97.3130 	EXP 	text_5: text = ''
97.3130 	EXP 	text_5: autoDraw = False
97.3130 	EXP 	text_4: autoDraw = False
97.3130 	EXP 	image: image = 'images/image_589_seed_1.png'
97.3130 	EXP 	polygon: autoDraw = True
98.3145 	EXP 	image: autoDraw = True
98.8834 	DATA 	Keypress: 1
99.0824 	DATA 	Keypress: 1
99.3001 	DATA 	Keypress: 1
99.5008 	DATA 	Keypress: 1
99.8340 	DATA 	Keypress: 1
100.4323 	DATA 	Keypress: 1
100.8668 	DATA 	Mouse: Left button down, pos=(1576,747)
100.9862 	DATA 	Mouse:  Left button up, pos=(1576,747)
101.0823 	DATA 	Keypress: 1
101.2988 	EXP 	New trial (rep=0, index=2): OrderedDict([('current_image', 'images/image_380_seed_1.png'), ('is_repeat', 0), ('trial_index', 2), ('is_blank_trial', 0), ('is_new_run', 0), ('run_num', 0), ('all_blanks_list', [9, 19, 29, 39, 49, 59, 68, 69, 70, 71])])
101.3136 	DATA 	Keypress: 1
101.3179 	EXP 	image: autoDraw = False
101.3179 	EXP 	polygon: autoDraw = False
101.3179 	EXP 	image: autoDraw = False
101.3179 	EXP 	polygon: autoDraw = False
101.3179 	EXP 	polygon_2: autoDraw = False
101.3179 	EXP 	text_5: text = ''
101.3179 	EXP 	text_5: autoDraw = False
101.3179 	EXP 	text_4: autoDraw = False
101.3179 	EXP 	image: image = 'images/image_380_seed_1.png'
101.3179 	EXP 	polygon: autoDraw = True
101.4821 	DATA 	Mouse: Left button down, pos=(1579,751)
101.6499 	DATA 	Mouse:  Left button up, pos=(1579,751)
102.1323 	DATA 	Keypress: 1
102.3145 	EXP 	image: autoDraw = True
102.3862 	DATA 	Keypress: 1
102.5827 	DATA 	Keypress: 1
102.8824 	DATA 	Keypress: 1
105.2984 	EXP 	New trial (rep=0, index=3): OrderedDict([('current_image', 'images/image_414_seed_1.png'), ('is_repeat', 0), ('trial_index', 3), ('is_blank_trial', 0), ('is_new_run', 0), ('run_num', 0), ('all_blanks_list', [9, 19, 29, 39, 49, 59, 68, 69, 70, 71])])
105.3132 	EXP 	image: autoDraw = False
105.3132 	EXP 	polygon: autoDraw = False
105.3132 	EXP 	image: autoDraw = False
105.3132 	EXP 	polygon: autoDraw = False
105.3132 	EXP 	polygon_2: autoDraw = False
105.3132 	EXP 	text_5: text = ''
105.3132 	EXP 	text_5: autoDraw = False
105.3132 	EXP 	text_4: autoDraw = False
105.3132 	EXP 	image: image = 'images/image_414_seed_1.png'
105.3132 	EXP 	polygon: autoDraw = True
106.3189 	EXP 	image: autoDraw = True
109.2976 	EXP 	New trial (rep=0, index=4): OrderedDict([('current_image', 'images/image_224_seed_1.png'), ('is_repeat', 0), ('trial_index', 4), ('is_blank_trial', 0), ('is_new_run', 0), ('run_num', 0), ('all_blanks_list', [9, 19, 29, 39, 49, 59, 68, 69, 70, 71])])
109.3131 	EXP 	image: autoDraw = False
109.3131 	EXP 	polygon: autoDraw = False
109.3131 	EXP 	image: autoDraw = False
109.3131 	EXP 	polygon: autoDraw = False
109.3131 	EXP 	polygon_2: autoDraw = False
109.3131 	EXP 	text_5: text = ''
109.3131 	EXP 	text_5: autoDraw = False
109.3131 	EXP 	text_4: autoDraw = False
109.3131 	EXP 	image: image = 'images/image_224_seed_1.png'
109.3131 	EXP 	polygon: autoDraw = True
110.3127 	EXP 	image: autoDraw = True
113.2995 	EXP 	New trial (rep=0, index=5): OrderedDict([('current_image', 'images/image_422_seed_1.png'), ('is_repeat', 0), ('trial_index', 5), ('is_blank_trial', 0), ('is_new_run', 0), ('run_num', 0), ('all_blanks_list', [9, 19, 29, 39, 49, 59, 68, 69, 70, 71])])
113.3132 	EXP 	image: autoDraw = False
113.3132 	EXP 	polygon: autoDraw = False
113.3132 	EXP 	image: autoDraw = False
113.3132 	EXP 	polygon: autoDraw = False
113.3132 	EXP 	polygon_2: autoDraw = False
113.3132 	EXP 	text_5: text = ''
113.3132 	EXP 	text_5: autoDraw = False
113.3132 	EXP 	text_4: autoDraw = False
113.3132 	EXP 	image: image = 'images/image_422_seed_1.png'
113.3132 	EXP 	polygon: autoDraw = True
114.3130 	EXP 	image: autoDraw = True
117.2970 	EXP 	New trial (rep=0, index=6): OrderedDict([('current_image', 'images/image_476_seed_1.png'), ('is_repeat', 0), ('trial_index', 6), ('is_blank_trial', 0), ('is_new_run', 0), ('run_num', 0), ('all_blanks_list', [9, 19, 29, 39, 49, 59, 68, 69, 70, 71])])
117.3128 	EXP 	image: autoDraw = False
117.3128 	EXP 	polygon: autoDraw = False
117.3128 	EXP 	image: autoDraw = False
117.3128 	EXP 	polygon: autoDraw = False
117.3128 	EXP 	polygon_2: autoDraw = False
117.3128 	EXP 	text_5: text = ''
117.3128 	EXP 	text_5: autoDraw = False
117.3128 	EXP 	text_4: autoDraw = False
117.3128 	EXP 	image: image = 'images/image_476_seed_1.png'
117.3128 	EXP 	polygon: autoDraw = True
118.3127 	EXP 	image: autoDraw = True
121.2992 	EXP 	New trial (rep=0, index=7): OrderedDict([('current_image', 'images/image_474_seed_1.png'), ('is_repeat', 0), ('trial_index', 7), ('is_blank_trial', 0), ('is_new_run', 0), ('run_num', 0), ('all_blanks_list', [9, 19, 29, 39, 49, 59, 68, 69, 70, 71])])
121.3128 	EXP 	image: autoDraw = False
121.3128 	EXP 	polygon: autoDraw = False
121.3128 	EXP 	image: autoDraw = False
121.3128 	EXP 	polygon: autoDraw = False
121.3128 	EXP 	polygon_2: autoDraw = False
121.3128 	EXP 	text_5: text = ''
121.3128 	EXP 	text_5: autoDraw = False
121.3128 	EXP 	text_4: autoDraw = False
121.3128 	EXP 	image: image = 'images/image_474_seed_1.png'
121.3128 	EXP 	polygon: autoDraw = True
122.3127 	EXP 	image: autoDraw = True
125.2974 	EXP 	New trial (rep=0, index=8): OrderedDict([('current_image', 'images/image_644_seed_1.png'), ('is_repeat', 0), ('trial_index', 8), ('is_blank_trial', 0), ('is_new_run', 0), ('run_num', 0), ('all_blanks_list', [9, 19, 29, 39, 49, 59, 68, 69, 70, 71])])
125.3131 	EXP 	image: autoDraw = False
125.3131 	EXP 	polygon: autoDraw = False
125.3131 	EXP 	image: autoDraw = False
125.3131 	EXP 	polygon: autoDraw = False
125.3131 	EXP 	polygon_2: autoDraw = False
125.3131 	EXP 	text_5: text = ''
125.3131 	EXP 	text_5: autoDraw = False
125.3131 	EXP 	text_4: autoDraw = False
125.3131 	EXP 	image: image = 'images/image_644_seed_1.png'
125.3131 	EXP 	polygon: autoDraw = True
126.2160 	DATA 	Mouse: Left button down, pos=(1212,804)
126.3126 	EXP 	image: autoDraw = True
126.4164 	DATA 	Mouse:  Left button up, pos=(1212,804)
129.2970 	EXP 	New trial (rep=0, index=9): OrderedDict([('current_image', 'blank.jpg'), ('is_repeat', 0), ('trial_index', 9), ('is_blank_trial', 1), ('is_new_run', 0), ('run_num', 0), ('all_blanks_list', [9, 19, 29, 39, 49, 59, 68, 69, 70, 71])])
129.3131 	EXP 	image: autoDraw = False
129.3131 	EXP 	polygon: autoDraw = False
129.3131 	EXP 	image: autoDraw = False
129.3131 	EXP 	polygon: autoDraw = False
129.3131 	EXP 	polygon_2: autoDraw = False
129.3131 	EXP 	text_5: text = ''
129.3131 	EXP 	text_5: autoDraw = False
129.3131 	EXP 	text_4: autoDraw = False
129.3131 	EXP 	image: image = 'blank.jpg'
129.3131 	EXP 	image: autoDraw = False
129.3131 	EXP 	polygon: autoDraw = False
129.3131 	EXP 	polygon_2: autoDraw = True
133.2993 	EXP 	New trial (rep=0, index=10): OrderedDict([('current_image', 'images/image_632_seed_1.png'), ('is_repeat', 0), ('trial_index', 10), ('is_blank_trial', 0), ('is_new_run', 0), ('run_num', 0), ('all_blanks_list', [9, 19, 29, 39, 49, 59, 68, 69, 70, 71])])
133.3131 	EXP 	polygon_2: autoDraw = False
133.3131 	EXP 	polygon_2: autoDraw = False
133.3131 	EXP 	text_5: text = ''
133.3131 	EXP 	text_5: autoDraw = False
133.3131 	EXP 	text_4: autoDraw = False
133.3131 	EXP 	image: image = 'images/image_632_seed_1.png'
133.3131 	EXP 	polygon: autoDraw = True
134.3131 	EXP 	image: autoDraw = True
137.2969 	EXP 	New trial (rep=0, index=11): OrderedDict([('current_image', 'images/image_110_seed_1.png'), ('is_repeat', 0), ('trial_index', 11), ('is_blank_trial', 0), ('is_new_run', 0), ('run_num', 0), ('all_blanks_list', [9, 19, 29, 39, 49, 59, 68, 69, 70, 71])])
137.3129 	EXP 	image: autoDraw = False
137.3129 	EXP 	polygon: autoDraw = False
137.3129 	EXP 	image: autoDraw = False
137.3129 	EXP 	polygon: autoDraw = False
137.3129 	EXP 	polygon_2: autoDraw = False
137.3129 	EXP 	text_5: text = ''
137.3129 	EXP 	text_5: autoDraw = False
137.3129 	EXP 	text_4: autoDraw = False
137.3129 	EXP 	image: image = 'images/image_110_seed_1.png'
137.3129 	EXP 	polygon: autoDraw = True
138.3133 	EXP 	image: autoDraw = True
141.3006 	EXP 	New trial (rep=0, index=12): OrderedDict([('current_image', 'images/image_654_seed_1.png'), ('is_repeat', 0), ('trial_index', 12), ('is_blank_trial', 0), ('is_new_run', 0), ('run_num', 0), ('all_blanks_list', [9, 19, 29, 39, 49, 59, 68, 69, 70, 71])])
141.3137 	EXP 	image: autoDraw = False
141.3137 	EXP 	polygon: autoDraw = False
141.3137 	EXP 	image: autoDraw = False
141.3137 	EXP 	polygon: autoDraw = False
141.3137 	EXP 	polygon_2: autoDraw = False
141.3137 	EXP 	text_5: text = ''
141.3137 	EXP 	text_5: autoDraw = False
141.3137 	EXP 	text_4: autoDraw = False
141.3137 	EXP 	image: image = 'images/image_654_seed_1.png'
141.3137 	EXP 	polygon: autoDraw = True
142.3141 	EXP 	image: autoDraw = True
145.2990 	EXP 	New trial (rep=0, index=13): OrderedDict([('current_image', 'images/image_395_seed_1.png'), ('is_repeat', 0), ('trial_index', 13), ('is_blank_trial', 0), ('is_new_run', 0), ('run_num', 0), ('all_blanks_list', [9, 19, 29, 39, 49, 59, 68, 69, 70, 71])])
145.3125 	EXP 	image: autoDraw = False
145.3125 	EXP 	polygon: autoDraw = False
145.3125 	EXP 	image: autoDraw = False
145.3125 	EXP 	polygon: autoDraw = False
145.3125 	EXP 	polygon_2: autoDraw = False
145.3125 	EXP 	text_5: text = ''
145.3125 	EXP 	text_5: autoDraw = False
145.3125 	EXP 	text_4: autoDraw = False
145.3125 	EXP 	image: image = 'images/image_395_seed_1.png'
145.3125 	EXP 	polygon: autoDraw = True
146.3126 	EXP 	image: autoDraw = True
149.2971 	EXP 	New trial (rep=0, index=14): OrderedDict([('current_image', 'images/image_298_seed_1.png'), ('is_repeat', 0), ('trial_index', 14), ('is_blank_trial', 0), ('is_new_run', 0), ('run_num', 0), ('all_blanks_list', [9, 19, 29, 39, 49, 59, 68, 69, 70, 71])])
149.3131 	EXP 	image: autoDraw = False
149.3131 	EXP 	polygon: autoDraw = False
149.3131 	EXP 	image: autoDraw = False
149.3131 	EXP 	polygon: autoDraw = False
149.3131 	EXP 	polygon_2: autoDraw = False
149.3131 	EXP 	text_5: text = ''
149.3131 	EXP 	text_5: autoDraw = False
149.3131 	EXP 	text_4: autoDraw = False
149.3131 	EXP 	image: image = 'images/image_298_seed_1.png'
149.3131 	EXP 	polygon: autoDraw = True
150.3150 	EXP 	image: autoDraw = True
151.1642 	DATA 	Keypress: 1
151.4141 	DATA 	Keypress: 1
151.6167 	DATA 	Keypress: 1
151.9141 	DATA 	Keypress: 1
152.1974 	DATA 	Keypress: 1
153.2993 	EXP 	New trial (rep=0, index=15): OrderedDict([('current_image', 'images/image_688_seed_1.png'), ('is_repeat', 0), ('trial_index', 15), ('is_blank_trial', 0), ('is_new_run', 0), ('run_num', 0), ('all_blanks_list', [9, 19, 29, 39, 49, 59, 68, 69, 70, 71])])
153.3127 	EXP 	image: autoDraw = False
153.3127 	EXP 	polygon: autoDraw = False
153.3127 	EXP 	image: autoDraw = False
153.3127 	EXP 	polygon: autoDraw = False
153.3127 	EXP 	polygon_2: autoDraw = False
153.3127 	EXP 	text_5: text = ''
153.3127 	EXP 	text_5: autoDraw = False
153.3127 	EXP 	text_4: autoDraw = False
153.3127 	EXP 	image: image = 'images/image_688_seed_1.png'
153.3127 	EXP 	polygon: autoDraw = True
154.3128 	EXP 	image: autoDraw = True
157.2972 	EXP 	New trial (rep=0, index=16): OrderedDict([('current_image', 'images/image_572_seed_1.png'), ('is_repeat', 0), ('trial_index', 16), ('is_blank_trial', 0), ('is_new_run', 0), ('run_num', 0), ('all_blanks_list', [9, 19, 29, 39, 49, 59, 68, 69, 70, 71])])
157.3130 	EXP 	image: autoDraw = False
157.3130 	EXP 	polygon: autoDraw = False
157.3130 	EXP 	image: autoDraw = False
157.3130 	EXP 	polygon: autoDraw = False
157.3130 	EXP 	polygon_2: autoDraw = False
157.3130 	EXP 	text_5: text = ''
157.3130 	EXP 	text_5: autoDraw = False
157.3130 	EXP 	text_4: autoDraw = False
157.3130 	EXP 	image: image = 'images/image_572_seed_1.png'
157.3130 	EXP 	polygon: autoDraw = True
158.3125 	EXP 	image: autoDraw = True
161.2972 	EXP 	New trial (rep=0, index=17): OrderedDict([('current_image', 'images/image_148_seed_1.png'), ('is_repeat', 0), ('trial_index', 17), ('is_blank_trial', 0), ('is_new_run', 0), ('run_num', 0), ('all_blanks_list', [9, 19, 29, 39, 49, 59, 68, 69, 70, 71])])
161.3129 	EXP 	image: autoDraw = False
161.3129 	EXP 	polygon: autoDraw = False
161.3129 	EXP 	image: autoDraw = False
161.3129 	EXP 	polygon: autoDraw = False
161.3129 	EXP 	polygon_2: autoDraw = False
161.3129 	EXP 	text_5: text = ''
161.3129 	EXP 	text_5: autoDraw = False
161.3129 	EXP 	text_4: autoDraw = False
161.3129 	EXP 	image: image = 'images/image_148_seed_1.png'
161.3129 	EXP 	polygon: autoDraw = True
161.9658 	DATA 	Mouse: Left button down, pos=(872,576)
162.1137 	DATA 	Mouse:  Left button up, pos=(872,576)
162.3127 	EXP 	image: autoDraw = True
162.3650 	DATA 	Keypress: 1
162.6982 	DATA 	Keypress: 1
162.9649 	DATA 	Keypress: 1
165.2988 	EXP 	New trial (rep=0, index=18): OrderedDict([('current_image', 'images/image_540_seed_1.png'), ('is_repeat', 0), ('trial_index', 18), ('is_blank_trial', 0), ('is_new_run', 0), ('run_num', 0), ('all_blanks_list', [9, 19, 29, 39, 49, 59, 68, 69, 70, 71])])
165.3125 	EXP 	image: autoDraw = False
165.3125 	EXP 	polygon: autoDraw = False
165.3125 	EXP 	image: autoDraw = False
165.3125 	EXP 	polygon: autoDraw = False
165.3125 	EXP 	polygon_2: autoDraw = False
165.3125 	EXP 	text_5: text = ''
165.3125 	EXP 	text_5: autoDraw = False
165.3125 	EXP 	text_4: autoDraw = False
165.3125 	EXP 	image: image = 'images/image_540_seed_1.png'
165.3125 	EXP 	polygon: autoDraw = True
166.3125 	EXP 	image: autoDraw = True
169.2971 	EXP 	New trial (rep=0, index=19): OrderedDict([('current_image', 'blank.jpg'), ('is_repeat', 0), ('trial_index', 19), ('is_blank_trial', 1), ('is_new_run', 0), ('run_num', 0), ('all_blanks_list', [9, 19, 29, 39, 49, 59, 68, 69, 70, 71])])
169.3126 	EXP 	image: autoDraw = False
169.3126 	EXP 	polygon: autoDraw = False
169.3126 	EXP 	image: autoDraw = False
169.3126 	EXP 	polygon: autoDraw = False
169.3126 	EXP 	polygon_2: autoDraw = False
169.3126 	EXP 	text_5: text = ''
169.3126 	EXP 	text_5: autoDraw = False
169.3126 	EXP 	text_4: autoDraw = False
169.3126 	EXP 	image: image = 'blank.jpg'
169.3126 	EXP 	image: autoDraw = False
169.3126 	EXP 	polygon: autoDraw = False
169.3126 	EXP 	polygon_2: autoDraw = True
173.2962 	EXP 	New trial (rep=0, index=20): OrderedDict([('current_image', 'images/image_438_seed_1.png'), ('is_repeat', 0), ('trial_index', 20), ('is_blank_trial', 0), ('is_new_run', 0), ('run_num', 0), ('all_blanks_list', [9, 19, 29, 39, 49, 59, 68, 69, 70, 71])])
173.3125 	EXP 	polygon_2: autoDraw = False
173.3125 	EXP 	polygon_2: autoDraw = False
173.3125 	EXP 	text_5: text = ''
173.3125 	EXP 	text_5: autoDraw = False
173.3125 	EXP 	text_4: autoDraw = False
173.3125 	EXP 	image: image = 'images/image_438_seed_1.png'
173.3125 	EXP 	polygon: autoDraw = True
174.3124 	EXP 	image: autoDraw = True
174.5324 	DATA 	Mouse: Left button down, pos=(881,567)
174.6829 	DATA 	Mouse:  Left button up, pos=(881,567)
174.9160 	DATA 	Keypress: 1
175.2329 	DATA 	Keypress: 1
175.4973 	DATA 	Keypress: 1
175.7831 	DATA 	Keypress: 1
176.0310 	DATA 	Keypress: 1
176.2836 	DATA 	Keypress: 1
176.6005 	DATA 	Keypress: 1
176.9649 	DATA 	Keypress: 1
177.2971 	EXP 	New trial (rep=0, index=21): OrderedDict([('current_image', 'images/image_414_seed_1.png'), ('is_repeat', 1), ('trial_index', 21), ('is_blank_trial', 0), ('is_new_run', 0), ('run_num', 0), ('all_blanks_list', [9, 19, 29, 39, 49, 59, 68, 69, 70, 71])])
177.3129 	EXP 	image: autoDraw = False
177.3129 	EXP 	polygon: autoDraw = False
177.3129 	EXP 	image: autoDraw = False
177.3129 	EXP 	polygon: autoDraw = False
177.3129 	EXP 	polygon_2: autoDraw = False
177.3129 	EXP 	text_5: text = ''
177.3129 	EXP 	text_5: autoDraw = False
177.3129 	EXP 	text_4: autoDraw = False
177.3129 	EXP 	image: image = 'images/image_414_seed_1.png'
177.3129 	EXP 	polygon: autoDraw = True
178.3130 	EXP 	image: autoDraw = True
181.2966 	EXP 	New trial (rep=0, index=22): OrderedDict([('current_image', 'images/image_223_seed_1.png'), ('is_repeat', 0), ('trial_index', 22), ('is_blank_trial', 0), ('is_new_run', 0), ('run_num', 0), ('all_blanks_list', [9, 19, 29, 39, 49, 59, 68, 69, 70, 71])])
181.3021 	DATA 	Mouse: Left button down, pos=(877,560)
181.3128 	EXP 	image: autoDraw = False
181.3128 	EXP 	polygon: autoDraw = False
181.3128 	EXP 	image: autoDraw = False
181.3128 	EXP 	polygon: autoDraw = False
181.3128 	EXP 	polygon_2: autoDraw = False
181.3128 	EXP 	text_5: text = ''
181.3128 	EXP 	text_5: autoDraw = False
181.3128 	EXP 	text_4: autoDraw = False
181.3128 	EXP 	image: image = 'images/image_223_seed_1.png'
181.3128 	EXP 	polygon: autoDraw = True
181.4652 	DATA 	Mouse:  Left button up, pos=(877,560)
182.3150 	EXP 	image: autoDraw = True
182.6644 	DATA 	Keypress: 1
182.9499 	DATA 	Keypress: 1
183.2166 	DATA 	Keypress: 1
183.4481 	DATA 	Keypress: 1
183.7145 	DATA 	Keypress: 1
183.9509 	DATA 	Keypress: 1
185.2990 	EXP 	New trial (rep=0, index=23): OrderedDict([('current_image', 'images/image_458_seed_1.png'), ('is_repeat', 0), ('trial_index', 23), ('is_blank_trial', 0), ('is_new_run', 0), ('run_num', 0), ('all_blanks_list', [9, 19, 29, 39, 49, 59, 68, 69, 70, 71])])
185.3124 	EXP 	image: autoDraw = False
185.3124 	EXP 	polygon: autoDraw = False
185.3124 	EXP 	image: autoDraw = False
185.3124 	EXP 	polygon: autoDraw = False
185.3124 	EXP 	polygon_2: autoDraw = False
185.3124 	EXP 	text_5: text = ''
185.3124 	EXP 	text_5: autoDraw = False
185.3124 	EXP 	text_4: autoDraw = False
185.3124 	EXP 	image: image = 'images/image_458_seed_1.png'
185.3124 	EXP 	polygon: autoDraw = True
186.3127 	EXP 	image: autoDraw = True
186.9141 	DATA 	Mouse: Left button down, pos=(657,819)
187.0644 	DATA 	Mouse:  Left button up, pos=(657,819)
187.1313 	DATA 	Keypress: 1
187.3979 	DATA 	Keypress: 1
187.5998 	DATA 	Keypress: 1
187.8973 	DATA 	Keypress: 1
189.2978 	EXP 	New trial (rep=0, index=24): OrderedDict([('current_image', 'images/image_26_seed_1.png'), ('is_repeat', 0), ('trial_index', 24), ('is_blank_trial', 0), ('is_new_run', 0), ('run_num', 0), ('all_blanks_list', [9, 19, 29, 39, 49, 59, 68, 69, 70, 71])])
189.3139 	EXP 	image: autoDraw = False
189.3139 	EXP 	polygon: autoDraw = False
189.3139 	EXP 	image: autoDraw = False
189.3139 	EXP 	polygon: autoDraw = False
189.3139 	EXP 	polygon_2: autoDraw = False
189.3139 	EXP 	text_5: text = ''
189.3139 	EXP 	text_5: autoDraw = False
189.3139 	EXP 	text_4: autoDraw = False
189.3139 	EXP 	image: image = 'images/image_26_seed_1.png'
189.3139 	EXP 	polygon: autoDraw = True
190.3125 	EXP 	image: autoDraw = True
193.2995 	EXP 	New trial (rep=0, index=25): OrderedDict([('current_image', 'images/image_235_seed_1.png'), ('is_repeat', 0), ('trial_index', 25), ('is_blank_trial', 0), ('is_new_run', 0), ('run_num', 0), ('all_blanks_list', [9, 19, 29, 39, 49, 59, 68, 69, 70, 71])])
193.3151 	EXP 	image: autoDraw = False
193.3151 	EXP 	polygon: autoDraw = False
193.3151 	EXP 	image: autoDraw = False
193.3151 	EXP 	polygon: autoDraw = False
193.3151 	EXP 	polygon_2: autoDraw = False
193.3151 	EXP 	text_5: text = ''
193.3151 	EXP 	text_5: autoDraw = False
193.3151 	EXP 	text_4: autoDraw = False
193.3151 	EXP 	image: image = 'images/image_235_seed_1.png'
193.3151 	EXP 	polygon: autoDraw = True
194.3152 	EXP 	image: autoDraw = True
197.2821 	DATA 	Keypress: 1
197.2964 	EXP 	New trial (rep=0, index=26): OrderedDict([('current_image', 'images/image_666_seed_1.png'), ('is_repeat', 0), ('trial_index', 26), ('is_blank_trial', 0), ('is_new_run', 0), ('run_num', 0), ('all_blanks_list', [9, 19, 29, 39, 49, 59, 68, 69, 70, 71])])
197.3120 	EXP 	image: autoDraw = False
197.3120 	EXP 	polygon: autoDraw = False
197.3120 	EXP 	image: autoDraw = False
197.3120 	EXP 	polygon: autoDraw = False
197.3120 	EXP 	polygon_2: autoDraw = False
197.3120 	EXP 	text_5: text = ''
197.3120 	EXP 	text_5: autoDraw = False
197.3120 	EXP 	text_4: autoDraw = False
197.3120 	EXP 	image: image = 'images/image_666_seed_1.png'
197.3120 	EXP 	polygon: autoDraw = True
197.4974 	DATA 	Keypress: 1
197.7803 	DATA 	Keypress: 1
198.0308 	DATA 	Keypress: 1
198.2493 	DATA 	Keypress: 1
198.3144 	EXP 	image: autoDraw = True
198.4976 	DATA 	Keypress: 1
201.2964 	EXP 	New trial (rep=0, index=27): OrderedDict([('current_image', 'images/image_492_seed_1.png'), ('is_repeat', 0), ('trial_index', 27), ('is_blank_trial', 0), ('is_new_run', 0), ('run_num', 0), ('all_blanks_list', [9, 19, 29, 39, 49, 59, 68, 69, 70, 71])])
201.3118 	EXP 	image: autoDraw = False
201.3118 	EXP 	polygon: autoDraw = False
201.3118 	EXP 	image: autoDraw = False
201.3118 	EXP 	polygon: autoDraw = False
201.3118 	EXP 	polygon_2: autoDraw = False
201.3118 	EXP 	text_5: text = ''
201.3118 	EXP 	text_5: autoDraw = False
201.3118 	EXP 	text_4: autoDraw = False
201.3118 	EXP 	image: image = 'images/image_492_seed_1.png'
201.3118 	EXP 	polygon: autoDraw = True
201.3469 	DATA 	Keypress: 1
201.5632 	DATA 	Keypress: 1
201.7660 	DATA 	Keypress: 1
202.0301 	DATA 	Keypress: 1
202.2973 	DATA 	Keypress: 1
202.3119 	EXP 	image: autoDraw = True
202.5302 	DATA 	Keypress: 1
202.7807 	DATA 	Keypress: 1
202.9972 	DATA 	Keypress: 1
203.2325 	DATA 	Keypress: 1
203.4655 	DATA 	Keypress: 1
203.7155 	DATA 	Keypress: 1
203.9996 	DATA 	Keypress: 1
204.2332 	DATA 	Keypress: 1
204.4991 	DATA 	Keypress: 1
204.7974 	DATA 	Keypress: 1
205.0646 	DATA 	Keypress: 1
205.2988 	EXP 	New trial (rep=0, index=28): OrderedDict([('current_image', 'images/image_235_seed_1.png'), ('is_repeat', 1), ('trial_index', 28), ('is_blank_trial', 0), ('is_new_run', 0), ('run_num', 0), ('all_blanks_list', [9, 19, 29, 39, 49, 59, 68, 69, 70, 71])])
205.3120 	EXP 	image: autoDraw = False
205.3120 	EXP 	polygon: autoDraw = False
205.3120 	EXP 	image: autoDraw = False
205.3120 	EXP 	polygon: autoDraw = False
205.3120 	EXP 	polygon_2: autoDraw = False
205.3120 	EXP 	text_5: text = ''
205.3120 	EXP 	text_5: autoDraw = False
205.3120 	EXP 	text_4: autoDraw = False
205.3120 	EXP 	image: image = 'images/image_235_seed_1.png'
205.3120 	EXP 	polygon: autoDraw = True
205.7323 	DATA 	Keypress: 1
206.0324 	DATA 	Keypress: 1
206.2997 	DATA 	Keypress: 1
206.3125 	EXP 	image: autoDraw = True
206.5829 	DATA 	Keypress: 1
206.8307 	DATA 	Keypress: 1
207.0994 	DATA 	Keypress: 1
207.3805 	DATA 	Keypress: 1
207.6821 	DATA 	Keypress: 1
207.9134 	DATA 	Keypress: 1
208.1989 	DATA 	Keypress: 1
208.4303 	DATA 	Keypress: 1
208.7136 	DATA 	Keypress: 1
209.0134 	DATA 	Keypress: 1
209.2800 	DATA 	Keypress: 1
209.2986 	EXP 	New trial (rep=0, index=29): OrderedDict([('current_image', 'blank.jpg'), ('is_repeat', 0), ('trial_index', 29), ('is_blank_trial', 1), ('is_new_run', 0), ('run_num', 0), ('all_blanks_list', [9, 19, 29, 39, 49, 59, 68, 69, 70, 71])])
209.3119 	EXP 	image: autoDraw = False
209.3119 	EXP 	polygon: autoDraw = False
209.3119 	EXP 	image: autoDraw = False
209.3119 	EXP 	polygon: autoDraw = False
209.3119 	EXP 	polygon_2: autoDraw = False
209.3119 	EXP 	text_5: text = ''
209.3119 	EXP 	text_5: autoDraw = False
209.3119 	EXP 	text_4: autoDraw = False
209.3119 	EXP 	image: image = 'blank.jpg'
209.3119 	EXP 	image: autoDraw = False
209.3119 	EXP 	polygon: autoDraw = False
209.3119 	EXP 	polygon_2: autoDraw = True
209.5653 	DATA 	Keypress: 1
209.8820 	DATA 	Keypress: 1
210.2162 	DATA 	Keypress: 1
210.5320 	DATA 	Keypress: 1
210.8301 	DATA 	Keypress: 1
211.3489 	DATA 	Keypress: 1
211.7161 	DATA 	Keypress: 1
212.0641 	DATA 	Keypress: 1
212.4993 	DATA 	Keypress: 1
212.9654 	DATA 	Keypress: 1
213.2990 	EXP 	New trial (rep=0, index=30): OrderedDict([('current_image', 'images/image_498_seed_1.png'), ('is_repeat', 0), ('trial_index', 30), ('is_blank_trial', 0), ('is_new_run', 0), ('run_num', 0), ('all_blanks_list', [9, 19, 29, 39, 49, 59, 68, 69, 70, 71])])
213.3125 	EXP 	polygon_2: autoDraw = False
213.3125 	EXP 	polygon_2: autoDraw = False
213.3125 	EXP 	text_5: text = ''
213.3125 	EXP 	text_5: autoDraw = False
213.3125 	EXP 	text_4: autoDraw = False
213.3125 	EXP 	image: image = 'images/image_498_seed_1.png'
213.3125 	EXP 	polygon: autoDraw = True
213.3805 	DATA 	Keypress: 1
213.7155 	DATA 	Keypress: 1
214.0974 	DATA 	Keypress: 1
214.3125 	EXP 	image: autoDraw = True
214.4652 	DATA 	Keypress: 1
214.8483 	DATA 	Keypress: 1
215.3634 	DATA 	Keypress: 1
215.9470 	DATA 	Keypress: 1
216.2483 	DATA 	Keypress: 1
216.5970 	DATA 	Keypress: 1
216.9164 	DATA 	Keypress: 1
217.2639 	DATA 	Keypress: 1
217.2982 	EXP 	New trial (rep=0, index=31): OrderedDict([('current_image', 'images/image_565_seed_1.png'), ('is_repeat', 0), ('trial_index', 31), ('is_blank_trial', 0), ('is_new_run', 0), ('run_num', 0), ('all_blanks_list', [9, 19, 29, 39, 49, 59, 68, 69, 70, 71])])
217.3125 	EXP 	image: autoDraw = False
217.3125 	EXP 	polygon: autoDraw = False
217.3125 	EXP 	image: autoDraw = False
217.3125 	EXP 	polygon: autoDraw = False
217.3125 	EXP 	polygon_2: autoDraw = False
217.3125 	EXP 	text_5: text = ''
217.3125 	EXP 	text_5: autoDraw = False
217.3125 	EXP 	text_4: autoDraw = False
217.3125 	EXP 	image: image = 'images/image_565_seed_1.png'
217.3125 	EXP 	polygon: autoDraw = True
217.5975 	DATA 	Keypress: 1
217.9308 	DATA 	Keypress: 1
218.2822 	DATA 	Keypress: 1
218.3139 	EXP 	image: autoDraw = True
218.6486 	DATA 	Keypress: 1
219.0637 	DATA 	Keypress: 1
219.4152 	DATA 	Keypress: 1
219.7975 	DATA 	Keypress: 1
220.1655 	DATA 	Keypress: 1
220.5657 	DATA 	Keypress: 1
220.8993 	DATA 	Keypress: 1
221.2307 	DATA 	Keypress: 1
221.2984 	EXP 	New trial (rep=0, index=32): OrderedDict([('current_image', 'images/image_653_seed_1.png'), ('is_repeat', 0), ('trial_index', 32), ('is_blank_trial', 0), ('is_new_run', 0), ('run_num', 0), ('all_blanks_list', [9, 19, 29, 39, 49, 59, 68, 69, 70, 71])])
221.3124 	EXP 	image: autoDraw = False
221.3124 	EXP 	polygon: autoDraw = False
221.3124 	EXP 	image: autoDraw = False
221.3124 	EXP 	polygon: autoDraw = False
221.3124 	EXP 	polygon_2: autoDraw = False
221.3124 	EXP 	text_5: text = ''
221.3124 	EXP 	text_5: autoDraw = False
221.3124 	EXP 	text_4: autoDraw = False
221.3124 	EXP 	image: image = 'images/image_653_seed_1.png'
221.3124 	EXP 	polygon: autoDraw = True
221.5982 	DATA 	Keypress: 1
221.9819 	DATA 	Keypress: 1
222.3137 	EXP 	image: autoDraw = True
222.3820 	DATA 	Keypress: 1
222.7153 	DATA 	Keypress: 1
223.0820 	DATA 	Keypress: 1
223.5821 	DATA 	Keypress: 1
223.9490 	DATA 	Keypress: 1
224.6154 	DATA 	Keypress: 1
224.9802 	DATA 	Keypress: 1
225.2985 	EXP 	New trial (rep=0, index=33): OrderedDict([('current_image', 'images/image_203_seed_1.png'), ('is_repeat', 0), ('trial_index', 33), ('is_blank_trial', 0), ('is_new_run', 0), ('run_num', 0), ('all_blanks_list', [9, 19, 29, 39, 49, 59, 68, 69, 70, 71])])
225.3124 	EXP 	image: autoDraw = False
225.3124 	EXP 	polygon: autoDraw = False
225.3124 	EXP 	image: autoDraw = False
225.3124 	EXP 	polygon: autoDraw = False
225.3124 	EXP 	polygon_2: autoDraw = False
225.3124 	EXP 	text_5: text = ''
225.3124 	EXP 	text_5: autoDraw = False
225.3124 	EXP 	text_4: autoDraw = False
225.3124 	EXP 	image: image = 'images/image_203_seed_1.png'
225.3124 	EXP 	polygon: autoDraw = True
225.3804 	DATA 	Keypress: 1
225.7160 	DATA 	Keypress: 1
226.0818 	DATA 	Keypress: 1
226.3119 	EXP 	image: autoDraw = True
226.7988 	DATA 	Keypress: 1
227.1137 	DATA 	Keypress: 1
227.4657 	DATA 	Keypress: 1
227.7806 	DATA 	Keypress: 1
228.2327 	DATA 	Keypress: 1
228.5655 	DATA 	Keypress: 1
228.9152 	DATA 	Keypress: 1
229.2965 	EXP 	New trial (rep=0, index=34): OrderedDict([('current_image', 'images/image_296_seed_1.png'), ('is_repeat', 0), ('trial_index', 34), ('is_blank_trial', 0), ('is_new_run', 0), ('run_num', 0), ('all_blanks_list', [9, 19, 29, 39, 49, 59, 68, 69, 70, 71])])
229.3120 	EXP 	image: autoDraw = False
229.3120 	EXP 	polygon: autoDraw = False
229.3120 	EXP 	image: autoDraw = False
229.3120 	EXP 	polygon: autoDraw = False
229.3120 	EXP 	polygon_2: autoDraw = False
229.3120 	EXP 	text_5: text = ''
229.3120 	EXP 	text_5: autoDraw = False
229.3120 	EXP 	text_4: autoDraw = False
229.3120 	EXP 	image: image = 'images/image_296_seed_1.png'
229.3120 	EXP 	polygon: autoDraw = True
229.3320 	DATA 	Keypress: 1
229.8149 	DATA 	Keypress: 1
230.3137 	EXP 	image: autoDraw = True
230.3822 	DATA 	Keypress: 1
230.7484 	DATA 	Keypress: 1
231.1151 	DATA 	Keypress: 1
231.4301 	DATA 	Keypress: 1
231.7302 	DATA 	Keypress: 1
232.0471 	DATA 	Keypress: 1
232.5805 	DATA 	Keypress: 1
232.8302 	DATA 	Keypress: 1
233.1306 	DATA 	Keypress: 1
233.2984 	EXP 	New trial (rep=0, index=35): OrderedDict([('current_image', 'images/image_479_seed_1.png'), ('is_repeat', 0), ('trial_index', 35), ('is_blank_trial', 0), ('is_new_run', 0), ('run_num', 0), ('all_blanks_list', [9, 19, 29, 39, 49, 59, 68, 69, 70, 71])])
233.3124 	EXP 	image: autoDraw = False
233.3124 	EXP 	polygon: autoDraw = False
233.3124 	EXP 	image: autoDraw = False
233.3124 	EXP 	polygon: autoDraw = False
233.3124 	EXP 	polygon_2: autoDraw = False
233.3124 	EXP 	text_5: text = ''
233.3124 	EXP 	text_5: autoDraw = False
233.3124 	EXP 	text_4: autoDraw = False
233.3124 	EXP 	image: image = 'images/image_479_seed_1.png'
233.3124 	EXP 	polygon: autoDraw = True
233.4975 	DATA 	Keypress: 1
234.3125 	EXP 	image: autoDraw = True
237.2987 	EXP 	New trial (rep=0, index=36): OrderedDict([('current_image', 'images/image_447_seed_1.png'), ('is_repeat', 0), ('trial_index', 36), ('is_blank_trial', 0), ('is_new_run', 0), ('run_num', 0), ('all_blanks_list', [9, 19, 29, 39, 49, 59, 68, 69, 70, 71])])
237.3128 	EXP 	image: autoDraw = False
237.3128 	EXP 	polygon: autoDraw = False
237.3128 	EXP 	image: autoDraw = False
237.3128 	EXP 	polygon: autoDraw = False
237.3128 	EXP 	polygon_2: autoDraw = False
237.3128 	EXP 	text_5: text = ''
237.3128 	EXP 	text_5: autoDraw = False
237.3128 	EXP 	text_4: autoDraw = False
237.3128 	EXP 	image: image = 'images/image_447_seed_1.png'
237.3128 	EXP 	polygon: autoDraw = True
238.3119 	EXP 	image: autoDraw = True
241.2983 	EXP 	New trial (rep=0, index=37): OrderedDict([('current_image', 'images/image_439_seed_1.png'), ('is_repeat', 0), ('trial_index', 37), ('is_blank_trial', 0), ('is_new_run', 0), ('run_num', 0), ('all_blanks_list', [9, 19, 29, 39, 49, 59, 68, 69, 70, 71])])
241.3124 	EXP 	image: autoDraw = False
241.3124 	EXP 	polygon: autoDraw = False
241.3124 	EXP 	image: autoDraw = False
241.3124 	EXP 	polygon: autoDraw = False
241.3124 	EXP 	polygon_2: autoDraw = False
241.3124 	EXP 	text_5: text = ''
241.3124 	EXP 	text_5: autoDraw = False
241.3124 	EXP 	text_4: autoDraw = False
241.3124 	EXP 	image: image = 'images/image_439_seed_1.png'
241.3124 	EXP 	polygon: autoDraw = True
242.3124 	EXP 	image: autoDraw = True
244.6359 	DATA 	Keypress: lctrl
245.2981 	EXP 	New trial (rep=0, index=38): OrderedDict([('current_image', 'images/image_69_seed_1.png'), ('is_repeat', 0), ('trial_index', 38), ('is_blank_trial', 0), ('is_new_run', 0), ('run_num', 0), ('all_blanks_list', [9, 19, 29, 39, 49, 59, 68, 69, 70, 71])])
245.3119 	EXP 	image: autoDraw = False
245.3119 	EXP 	polygon: autoDraw = False
245.3119 	EXP 	image: autoDraw = False
245.3119 	EXP 	polygon: autoDraw = False
245.3119 	EXP 	polygon_2: autoDraw = False
245.3119 	EXP 	text_5: text = ''
245.3119 	EXP 	text_5: autoDraw = False
245.3119 	EXP 	text_4: autoDraw = False
245.3119 	EXP 	image: image = 'images/image_69_seed_1.png'
245.3119 	EXP 	polygon: autoDraw = True
246.3137 	EXP 	image: autoDraw = True
249.2986 	EXP 	New trial (rep=0, index=39): OrderedDict([('current_image', 'blank.jpg'), ('is_repeat', 0), ('trial_index', 39), ('is_blank_trial', 1), ('is_new_run', 0), ('run_num', 0), ('all_blanks_list', [9, 19, 29, 39, 49, 59, 68, 69, 70, 71])])
249.3122 	EXP 	image: autoDraw = False
249.3122 	EXP 	polygon: autoDraw = False
249.3122 	EXP 	image: autoDraw = False
249.3122 	EXP 	polygon: autoDraw = False
249.3122 	EXP 	polygon_2: autoDraw = False
249.3122 	EXP 	text_5: text = ''
249.3122 	EXP 	text_5: autoDraw = False
249.3122 	EXP 	text_4: autoDraw = False
249.3122 	EXP 	image: image = 'blank.jpg'
249.3122 	EXP 	image: autoDraw = False
249.3122 	EXP 	polygon: autoDraw = False
249.3122 	EXP 	polygon_2: autoDraw = True
252.1646 	DATA 	Mouse: Left button down, pos=(479,521)
252.2980 	DATA 	Mouse:  Left button up, pos=(479,521)
253.2972 	EXP 	New trial (rep=0, index=40): OrderedDict([('current_image', 'images/image_399_seed_1.png'), ('is_repeat', 0), ('trial_index', 40), ('is_blank_trial', 0), ('is_new_run', 0), ('run_num', 0), ('all_blanks_list', [9, 19, 29, 39, 49, 59, 68, 69, 70, 71])])
253.3117 	EXP 	polygon_2: autoDraw = False
253.3117 	EXP 	polygon_2: autoDraw = False
253.3117 	EXP 	text_5: text = ''
253.3117 	EXP 	text_5: autoDraw = False
253.3117 	EXP 	text_4: autoDraw = False
253.3117 	EXP 	image: image = 'images/image_399_seed_1.png'
253.3117 	EXP 	polygon: autoDraw = True
254.2319 	DATA 	Keypress: escape
254.3116 	EXP 	image: autoDraw = True
255.3316 	DATA 	Mouse: Left button down, pos=(148,936)
255.4662 	DATA 	Mouse:  Left button up, pos=(150,935)
255.6322 	DATA 	Keypress: escape
255.7970 	EXP 	replicate_nsd: status = STOPPED
255.8118 	EXP 	image: autoDraw = False
255.8118 	EXP 	polygon: autoDraw = False
255.8119 	EXP 	replicate_nsd: status = STOPPED
255.8644 	EXP 	window1: mouseVisible = True
