8.6785 	EXP 	Created window1 = Window(allowGUI=True, allowStencil=False, autoLog=True, backendConf=UNKNOWN, backgroundFit=<method-wrapper '__getattribute__' of attributeSetter object at 0x7fadcdc484f0>, backgroundImage=<method-wrapper '__getattribute__' of attributeSetter object at 0x7fadcdc48490>, bitsMode=UNKNOWN, blendMode='avg', bpc=(8, 8, 8), color=array([-0.0039, -0.0039, -0.0039]), colorSpace='rgb', depthBits=8, fullscr=<method-wrapper '__getattribute__' of attributeSetter object at 0x7fadcdc48310>, gamma=None, gammaErrorPolicy='raise', lms=UNKNOWN, monitor=<psychopy.monitors.calibTools.Monitor object at 0x7fadcdd2a220>, multiSample=False, name='window1', numSamples=2, pos=[448.0, 280.0], screen=0, size=array([3584, 2240]), stencilBits=0, stereo=False, title='PsychoPy', units='deg', useFBO=True, useRetina=True, viewOri=0.0, viewPos=None, viewScale=None, waitBlanking=True, winType='pyglet')
8.6787 	EXP 	window1: mouseVisible = True
8.6787 	EXP 	window1: backgroundImage = ''
8.6787 	EXP 	window1: backgroundFit = 'none'
8.6815 	EXP 	window1: Attempting to measure frame rate of screen (0) ...
8.6815 	EXP 	window1: recordFrameIntervals = False
8.8444 	EXP 	window1: recordFrameIntervals = True
8.9961 	DATA 	Mouse: Left button down, pos=(780,561)
9.0283 	EXP 	Screen (0) actual frame rate measured at 59.96Hz
9.0284 	EXP 	window1: recordFrameIntervals = False
9.0294 	EXP 	window1: mouseVisible = False
12.4178 	EXP 	replicate_nsd: status = STARTED
12.9951 	EXP 	window1: mouseVisible = True
13.0030 	EXP 	Created text_6 = TextStim(__class__=<class 'psychopy.visual.text.TextStim'>, alignHoriz=method-wrapper(...), alignText='center', alignVert=method-wrapper(...), anchorHoriz='center', anchorVert='center', antialias=True, autoDraw=False, autoLog=True, bold=False, color=array([1., 1., 1.]), colorSpace='rgb', contrast=1.0, depth=-1.0, draggable=False, flipHoriz=False, flipVert=False, font='Open Sans', fontFiles=[], height=0.5, italic=False, languageStyle='LTR', name='text_6', opacity=1.0, ori=0.0, pos=array([0., 0.]), rgb=UNKNOWN, text='', units='deg', win=Window(...), wrapWidth=15.0)
13.0032 	EXP 	window1: mouseVisible = True
13.0296 	EXP 	Created image_2 = ImageStim(__class__=<class 'psychopy.visual.image.ImageStim'>, anchor=('center', 'center'), autoLog=True, color=array([1., 1., 1.]), colorSpace='rgb', contrast=1.0, depth=0.0, draggable=False, flipHoriz=False, flipVert=False, image='default.png', interpolate=True, mask=None, maskParams=None, name='image_2', opacity=1.0, ori=0.0, pos=array([0., 0.]), size=array([8.4, 8.4]), texRes=128.0, units='deg', win=Window(...))
13.5980 	EXP 	window1: mouseVisible = True
13.6017 	EXP 	Created polygon_3 = ShapeStim(__class__=<class 'psychopy.visual.shape.ShapeStim'>, anchor=('center', 'center'), autoDraw=False, autoLog=True, closeShape=True, color=method-wrapper(...), colorSpace='rgb', contrast=None, depth=-2.0, draggable=False, fillColor=array([ 1., -1., -1.]), fillColorSpace='rgb', fillRGB=array([ 1., -1., -1.]), interpolate=True, lineColor=array([-1., -1., -1.]), lineColorSpace='rgb', lineRGB=array([-1., -1., -1.]), lineWidth=3.0, name='polygon_3', opacity=0.5, ori=0.0, pos=array([0., 0.]), size=array([0.2, 0.2]), units='deg', vertices=ndarray(...), win=Window(...), windingRule=None)
14.1660 	EXP 	window1: mouseVisible = True
14.1688 	EXP 	Created polygon_4 = ShapeStim(__class__=<class 'psychopy.visual.shape.ShapeStim'>, anchor=('center', 'center'), autoDraw=False, autoLog=True, closeShape=True, color=method-wrapper(...), colorSpace='rgb', contrast=None, depth=0.0, draggable=False, fillColor=array([ 1., -1., -1.]), fillColorSpace='rgb', fillRGB=array([ 1., -1., -1.]), interpolate=True, lineColor=array([-1., -1., -1.]), lineColorSpace='rgb', lineRGB=array([-1., -1., -1.]), lineWidth=3.0, name='polygon_4', opacity=0.5, ori=0.0, pos=array([0., 0.]), size=array([0.2, 0.2]), units='deg', vertices=ndarray(...), win=Window(...), windingRule=None)
14.7322 	EXP 	window1: mouseVisible = True
14.7334 	EXP 	Created text_7 = TextStim(__class__=<class 'psychopy.visual.text.TextStim'>, alignHoriz=method-wrapper(...), alignText='center', alignVert=method-wrapper(...), anchorHoriz='center', anchorVert='center', antialias=True, autoDraw=False, autoLog=True, bold=False, color=array([1., 1., 1.]), colorSpace='rgb', contrast=1.0, depth=-1.0, draggable=False, flipHoriz=False, flipVert=False, font='Open Sans', fontFiles=[], height=0.5, italic=False, languageStyle='LTR', name='text_7', opacity=1.0, ori=0.0, pos=array([0., 0.]), rgb=UNKNOWN, text='', units='deg', win=Window(...), wrapWidth=15.0)
15.3087 	EXP 	window1: mouseVisible = True
15.3429 	EXP 	Created text_3 = TextStim(__class__=<class 'psychopy.visual.text.TextStim'>, alignHoriz=method-wrapper(...), alignText='center', alignVert=method-wrapper(...), anchorHoriz='center', anchorVert='center', antialias=True, autoDraw=False, autoLog=True, bold=False, color=array([1., 1., 1.]), colorSpace='rgb', contrast=1.0, depth=-1.0, draggable=False, flipHoriz=False, flipVert=False, font='Open Sans', fontFiles=[], height=0.5000000000000002, italic=False, languageStyle='LTR', name='text_3', opacity=1.0, ori=0.0, pos=array([0., 0.]), rgb=UNKNOWN, text='waiting for scanner…', units='deg', win=Window(...), wrapWidth=15.0)
15.3431 	EXP 	window1: mouseVisible = True
15.3607 	EXP 	Created image = ImageStim(__class__=<class 'psychopy.visual.image.ImageStim'>, anchor=('center', 'center'), autoLog=True, color=array([1., 1., 1.]), colorSpace='rgb', contrast=1.0, depth=0.0, draggable=False, flipHoriz=False, flipVert=False, image='default.png', interpolate=True, mask=None, maskParams=None, name='image', opacity=1.0, ori=0.0, pos=array([0., 0.]), size=array([8.4, 8.4]), texRes=128.0, units='deg', win=Window(...))
15.9269 	EXP 	window1: mouseVisible = True
15.9299 	EXP 	Created polygon = ShapeStim(__class__=<class 'psychopy.visual.shape.ShapeStim'>, anchor=('center', 'center'), autoDraw=False, autoLog=True, closeShape=True, color=method-wrapper(...), colorSpace='rgb', contrast=None, depth=-2.0, draggable=False, fillColor=array([ 1., -1., -1.]), fillColorSpace='rgb', fillRGB=array([ 1., -1., -1.]), interpolate=True, lineColor=array([-1., -1., -1.]), lineColorSpace='rgb', lineRGB=array([-1., -1., -1.]), lineWidth=3.0, name='polygon', opacity=0.5, ori=0.0, pos=array([0., 0.]), size=array([0.2, 0.2]), units='deg', vertices=ndarray(...), win=Window(...), windingRule=None)
17.0834 	EXP 	window1: mouseVisible = True
17.0864 	EXP 	Created polygon_2 = ShapeStim(__class__=<class 'psychopy.visual.shape.ShapeStim'>, anchor=('center', 'center'), autoDraw=False, autoLog=True, closeShape=True, color=method-wrapper(...), colorSpace='rgb', contrast=None, depth=-1.0, draggable=False, fillColor=array([ 1., -1., -1.]), fillColorSpace='rgb', fillRGB=array([ 1., -1., -1.]), interpolate=True, lineColor=array([-1., -1., -1.]), lineColorSpace='rgb', lineRGB=array([-1., -1., -1.]), lineWidth=3.0, name='polygon_2', opacity=0.5, ori=0.0, pos=array([0., 0.]), size=array([0.2, 0.2]), units='deg', vertices=ndarray(...), win=Window(...), windingRule=None)
17.6511 	EXP 	window1: mouseVisible = True
17.6528 	EXP 	Created text_5 = TextStim(__class__=<class 'psychopy.visual.text.TextStim'>, alignHoriz=method-wrapper(...), alignText='center', alignVert=method-wrapper(...), anchorHoriz='center', anchorVert='center', antialias=True, autoDraw=False, autoLog=True, bold=False, color=array([1., 1., 1.]), colorSpace='rgb', contrast=1.0, depth=-1.0, draggable=False, flipHoriz=False, flipVert=False, font='Open Sans', fontFiles=[], height=0.5, italic=False, languageStyle='LTR', name='text_5', opacity=1.0, ori=0.0, pos=array([0., 0.]), rgb=UNKNOWN, text='', units='deg', win=Window(...), wrapWidth=15.0)
18.2191 	EXP 	window1: mouseVisible = True
18.2223 	EXP 	Created text_4 = TextStim(__class__=<class 'psychopy.visual.text.TextStim'>, alignHoriz=method-wrapper(...), alignText='center', alignVert=method-wrapper(...), anchorHoriz='center', anchorVert='center', antialias=True, autoDraw=False, autoLog=True, bold=False, color=array([1., 1., 1.]), colorSpace='rgb', contrast=1.0, depth=-1.0, draggable=False, flipHoriz=False, flipVert=False, font='Open Sans', fontFiles=[], height=0.5000000000000002, italic=False, languageStyle='LTR', name='text_4', opacity=1.0, ori=0.0, pos=array([0., 0.]), rgb=UNKNOWN, text='waiting for scanner…', units='deg', win=Window(...), wrapWidth=15.0)
0.0007 	DATA 	Mouse:  Left button up, pos=(780,561)
0.0769 	EXP 	text_6: height = 0.5000000000000001
0.0769 	EXP 	text_6: height = 0.5000000000000002
0.0769 	EXP 	text_6: height = 0.5000000000000002
0.0769 	EXP 	text_6: text = 'Press any button to begin the practice trials.'
0.0769 	EXP 	text_6: autoDraw = True
1.9778 	EXP 	Imported practice_conditions_files/practice_participant5_.csv as conditions, 20 conditions, 3 params
1.9783 	EXP 	Created sequence: sequential, trialTypes=20, nReps=1, seed=None
1.9785 	EXP 	New trial (rep=0, index=0): OrderedDict([('current_image', 'images/5_12 copy 7.jpg'), ('trial_index', 0), ('is_blank_trial', 0)])
1.9959 	DATA 	Keypress: space
2.0003 	EXP 	text_6: autoDraw = False
2.0003 	EXP 	image_2: image = 'images/5_12 copy 7.jpg'
2.0003 	EXP 	polygon_3: autoDraw = True
3.0052 	EXP 	image_2: autoDraw = True
4.8602 	DATA 	Keypress: space
5.2744 	DATA 	Mouse: Left button down, pos=(802,580)
5.4904 	DATA 	Mouse:  Left button up, pos=(802,580)
5.9909 	EXP 	New trial (rep=0, index=1): OrderedDict([('current_image', 'images/13_40 copy 5.jpg'), ('trial_index', 1), ('is_blank_trial', 0)])
6.0053 	EXP 	image_2: autoDraw = False
6.0053 	EXP 	polygon_3: autoDraw = False
6.0053 	EXP 	image_2: autoDraw = False
6.0053 	EXP 	polygon_3: autoDraw = False
6.0053 	EXP 	polygon_4: autoDraw = False
6.0053 	EXP 	image_2: image = 'images/13_40 copy 5.jpg'
6.0053 	EXP 	polygon_3: autoDraw = True
6.7237 	DATA 	Keypress: 2
6.7247 	DATA 	Keypress: 1
6.9575 	DATA 	Keypress: 2
6.9748 	DATA 	Keypress: 1
7.0057 	EXP 	image_2: autoDraw = True
7.1900 	DATA 	Keypress: 1
7.2080 	DATA 	Keypress: 2
7.4573 	DATA 	Keypress: 2
7.6918 	DATA 	Keypress: 1
7.7596 	DATA 	Keypress: 2
7.9750 	DATA 	Keypress: 2
8.3090 	DATA 	Keypress: 1
8.6580 	DATA 	Keypress: 2
8.7252 	DATA 	Keypress: 1
8.9917 	DATA 	Keypress: 2
9.0071 	DATA 	Keypress: 1
9.4731 	DATA 	Keypress: 1
9.4903 	DATA 	Keypress: 2
9.6912 	DATA 	Keypress: 2
9.8078 	DATA 	Keypress: 1
9.9903 	EXP 	New trial (rep=0, index=2): OrderedDict([('current_image', 'images/19_40.jpg'), ('trial_index', 2), ('is_blank_trial', 0)])
10.0053 	EXP 	image_2: autoDraw = False
10.0053 	EXP 	polygon_3: autoDraw = False
10.0053 	EXP 	image_2: autoDraw = False
10.0053 	EXP 	polygon_3: autoDraw = False
10.0053 	EXP 	polygon_4: autoDraw = False
10.0053 	EXP 	image_2: image = 'images/19_40.jpg'
10.0053 	EXP 	polygon_3: autoDraw = True
10.0569 	DATA 	Keypress: 2
10.1080 	DATA 	Keypress: 1
10.3901 	DATA 	Keypress: 2
10.4248 	DATA 	Keypress: 1
10.7076 	DATA 	Keypress: 1
10.7406 	DATA 	Keypress: 2
10.9912 	DATA 	Keypress: 2
11.0048 	EXP 	image_2: autoDraw = True
11.0070 	DATA 	Keypress: 1
11.3233 	DATA 	Keypress: 1
11.3571 	DATA 	Keypress: 2
11.7236 	DATA 	Keypress: 1
11.7405 	DATA 	Keypress: 2
12.1079 	DATA 	Keypress: 1
12.4575 	DATA 	Keypress: 2
12.6235 	DATA 	Keypress: 1
12.8070 	DATA 	Keypress: 1
12.8581 	DATA 	Keypress: 2
13.1083 	DATA 	Keypress: 1
13.1253 	DATA 	Keypress: 2
13.4073 	DATA 	Keypress: 2
13.4255 	DATA 	Keypress: 1
13.7571 	DATA 	Keypress: 1
13.7752 	DATA 	Keypress: 2
13.9902 	EXP 	New trial (rep=0, index=3): OrderedDict([('current_image', 'images/6_28.jpg'), ('trial_index', 3), ('is_blank_trial', 0)])
14.0054 	EXP 	image_2: autoDraw = False
14.0054 	EXP 	polygon_3: autoDraw = False
14.0054 	EXP 	image_2: autoDraw = False
14.0054 	EXP 	polygon_3: autoDraw = False
14.0054 	EXP 	polygon_4: autoDraw = False
14.0054 	EXP 	image_2: image = 'images/6_28.jpg'
14.0054 	EXP 	polygon_3: autoDraw = True
14.0573 	DATA 	Keypress: 2
14.0583 	DATA 	Keypress: 1
14.3763 	DATA 	Keypress: 1
14.3772 	DATA 	Keypress: 2
14.6741 	DATA 	Keypress: 1
14.6900 	DATA 	Keypress: 2
14.9907 	DATA 	Keypress: 1
15.0049 	EXP 	image_2: autoDraw = True
15.0075 	DATA 	Keypress: 2
15.3253 	DATA 	Keypress: 1
15.3576 	DATA 	Keypress: 2
15.5909 	DATA 	Keypress: 2
15.8738 	DATA 	Keypress: 1
16.1078 	DATA 	Keypress: 2
16.4420 	DATA 	Keypress: 1
16.6569 	DATA 	Keypress: 2
16.9069 	DATA 	Keypress: 1
16.9241 	DATA 	Keypress: 2
17.2402 	DATA 	Keypress: 1
17.3069 	DATA 	Keypress: 2
17.7758 	DATA 	Keypress: 1
17.9241 	DATA 	Keypress: 2
17.9902 	EXP 	New trial (rep=0, index=4): OrderedDict([('current_image', 'images/19_12 copy 4.jpg'), ('trial_index', 4), ('is_blank_trial', 0)])
18.0053 	EXP 	image_2: autoDraw = False
18.0053 	EXP 	polygon_3: autoDraw = False
18.0053 	EXP 	image_2: autoDraw = False
18.0053 	EXP 	polygon_3: autoDraw = False
18.0053 	EXP 	polygon_4: autoDraw = False
18.0053 	EXP 	image_2: image = 'images/19_12 copy 4.jpg'
18.0053 	EXP 	polygon_3: autoDraw = True
18.1736 	DATA 	Keypress: 1
18.4233 	DATA 	Keypress: 2
18.9583 	DATA 	Keypress: 1
18.9595 	DATA 	Keypress: 2
19.0055 	EXP 	image_2: autoDraw = True
19.3244 	DATA 	Keypress: 1
19.3254 	DATA 	Keypress: 2
19.7750 	DATA 	Keypress: 1
19.7761 	DATA 	Keypress: 2
20.4752 	DATA 	Keypress: 2
20.8741 	DATA 	Keypress: 1
21.1402 	DATA 	Keypress: 2
21.3922 	DATA 	Keypress: 1
21.6234 	DATA 	Keypress: 2
21.9405 	DATA 	Keypress: 1
21.9902 	EXP 	New trial (rep=0, index=5): OrderedDict([('current_image', 'images/21_28 copy 5.jpg'), ('trial_index', 5), ('is_blank_trial', 0)])
22.0053 	EXP 	image_2: autoDraw = False
22.0053 	EXP 	polygon_3: autoDraw = False
22.0053 	EXP 	image_2: autoDraw = False
22.0053 	EXP 	polygon_3: autoDraw = False
22.0053 	EXP 	polygon_4: autoDraw = False
22.0053 	EXP 	image_2: image = 'images/21_28 copy 5.jpg'
22.0053 	EXP 	polygon_3: autoDraw = True
22.0073 	DATA 	Keypress: 2
22.2736 	DATA 	Keypress: 1
22.4406 	DATA 	Keypress: 2
22.8410 	DATA 	Keypress: 1
23.0055 	EXP 	image_2: autoDraw = True
23.0570 	DATA 	Keypress: 2
23.3912 	DATA 	Keypress: 2
23.4086 	DATA 	Keypress: 1
23.8235 	DATA 	Keypress: 1
23.8749 	DATA 	Keypress: 2
24.1747 	DATA 	Keypress: 1
24.6589 	DATA 	Keypress: 2
24.9086 	DATA 	Keypress: 1
25.1901 	DATA 	Keypress: 2
25.4250 	DATA 	Keypress: 1
25.7072 	DATA 	Keypress: 2
25.9902 	EXP 	New trial (rep=0, index=6): OrderedDict([('current_image', 'images/11_12 copy 7.jpg'), ('trial_index', 6), ('is_blank_trial', 0)])
26.0055 	EXP 	image_2: autoDraw = False
26.0055 	EXP 	polygon_3: autoDraw = False
26.0055 	EXP 	image_2: autoDraw = False
26.0055 	EXP 	polygon_3: autoDraw = False
26.0055 	EXP 	polygon_4: autoDraw = False
26.0055 	EXP 	image_2: image = 'images/11_12 copy 7.jpg'
26.0055 	EXP 	polygon_3: autoDraw = True
26.0912 	DATA 	Keypress: 2
26.0924 	DATA 	Keypress: 1
26.5569 	DATA 	Keypress: 1
26.5578 	DATA 	Keypress: 2
27.0051 	EXP 	image_2: autoDraw = True
27.4404 	DATA 	Keypress: 2
27.8235 	DATA 	Keypress: 1
28.1895 	DATA 	Keypress: 1
28.4248 	DATA 	Keypress: 2
28.7075 	DATA 	Keypress: 1
29.0734 	DATA 	Keypress: 2
29.1233 	DATA 	Keypress: 1
29.3919 	DATA 	Keypress: 2
29.4073 	DATA 	Keypress: 1
29.6740 	DATA 	Keypress: 1
29.9899 	EXP 	New trial (rep=0, index=7): OrderedDict([('current_image', 'images/9_28 copy 2.jpg'), ('trial_index', 7), ('is_blank_trial', 0)])
30.0050 	EXP 	image_2: autoDraw = False
30.0050 	EXP 	polygon_3: autoDraw = False
30.0050 	EXP 	image_2: autoDraw = False
30.0050 	EXP 	polygon_3: autoDraw = False
30.0050 	EXP 	polygon_4: autoDraw = False
30.0050 	EXP 	image_2: image = 'images/9_28 copy 2.jpg'
30.0050 	EXP 	polygon_3: autoDraw = True
30.0582 	DATA 	Keypress: 1
30.0909 	DATA 	Keypress: 2
30.3907 	DATA 	Keypress: 1
30.6071 	DATA 	Keypress: 2
30.9735 	DATA 	Keypress: 1
31.0053 	EXP 	image_2: autoDraw = True
31.2907 	DATA 	Keypress: 2
31.6089 	DATA 	Keypress: 1
31.8751 	DATA 	Keypress: 2
32.1421 	DATA 	Keypress: 1
32.4742 	DATA 	Keypress: 2
32.4916 	DATA 	Keypress: 1
32.7571 	DATA 	Keypress: 2
33.0902 	DATA 	Keypress: 1
33.3571 	DATA 	Keypress: 2
33.6077 	DATA 	Keypress: 2
33.9570 	DATA 	Keypress: 1
33.9890 	EXP 	New trial (rep=0, index=8): OrderedDict([('current_image', 'images/18_28 copy 6.jpg'), ('trial_index', 8), ('is_blank_trial', 0)])
33.9960 	DATA 	Keypress: 2
34.0055 	EXP 	image_2: autoDraw = False
34.0055 	EXP 	polygon_3: autoDraw = False
34.0055 	EXP 	image_2: autoDraw = False
34.0055 	EXP 	polygon_3: autoDraw = False
34.0055 	EXP 	polygon_4: autoDraw = False
34.0055 	EXP 	image_2: image = 'images/18_28 copy 6.jpg'
34.0055 	EXP 	polygon_3: autoDraw = True
34.3075 	DATA 	Keypress: 2
34.3579 	DATA 	Keypress: 1
34.6900 	DATA 	Keypress: 1
34.9734 	DATA 	Keypress: 2
35.0055 	EXP 	image_2: autoDraw = True
35.2907 	DATA 	Keypress: 1
35.2919 	DATA 	Keypress: 2
35.5743 	DATA 	Keypress: 1
35.7242 	DATA 	Keypress: 2
36.0571 	DATA 	Keypress: 1
36.0580 	DATA 	Keypress: 2
36.4402 	DATA 	Keypress: 2
36.4740 	DATA 	Keypress: 1
36.9901 	DATA 	Keypress: 2
37.3402 	DATA 	Keypress: 1
37.5749 	DATA 	Keypress: 2
37.8910 	DATA 	Keypress: 2
37.9074 	DATA 	Keypress: 1
37.9900 	EXP 	New trial (rep=0, index=9): OrderedDict([('current_image', 'images/14_12 copy.jpg'), ('trial_index', 9), ('is_blank_trial', 0)])
38.0053 	EXP 	image_2: autoDraw = False
38.0053 	EXP 	polygon_3: autoDraw = False
38.0053 	EXP 	image_2: autoDraw = False
38.0053 	EXP 	polygon_3: autoDraw = False
38.0053 	EXP 	polygon_4: autoDraw = False
38.0053 	EXP 	image_2: image = 'images/14_12 copy.jpg'
38.0053 	EXP 	polygon_3: autoDraw = True
38.1740 	DATA 	Keypress: 2
38.4573 	DATA 	Keypress: 1
38.8248 	DATA 	Keypress: 2
39.0055 	EXP 	image_2: autoDraw = True
39.1742 	DATA 	Keypress: 2
39.4913 	DATA 	Keypress: 1
39.7252 	DATA 	Keypress: 2
40.1074 	DATA 	Keypress: 1
40.1400 	DATA 	Keypress: 2
40.4418 	DATA 	Keypress: 1
40.7074 	DATA 	Keypress: 2
41.0567 	DATA 	Keypress: 1
41.1408 	DATA 	Keypress: 2
41.3404 	DATA 	Keypress: 2
41.6083 	DATA 	Keypress: 1
41.8398 	DATA 	Keypress: 2
42.0389 	EXP 	New trial (rep=0, index=10): OrderedDict([('current_image', 'images/blank.jpg'), ('trial_index', 10), ('is_blank_trial', 1)])
42.0548 	EXP 	image_2: autoDraw = False
42.0548 	EXP 	polygon_3: autoDraw = False
42.0548 	EXP 	image_2: autoDraw = False
42.0548 	EXP 	polygon_3: autoDraw = False
42.0548 	EXP 	polygon_4: autoDraw = False
42.0548 	EXP 	image_2: image = 'images/blank.jpg'
42.0548 	EXP 	image_2: autoDraw = False
42.0548 	EXP 	polygon_3: autoDraw = False
42.0548 	EXP 	polygon_4: autoDraw = True
42.1747 	DATA 	Keypress: 2
42.1890 	DATA 	Keypress: 1
42.7066 	DATA 	Keypress: 2
42.7076 	DATA 	Keypress: 1
43.0921 	DATA 	Keypress: 2
43.4082 	DATA 	Keypress: 1
43.7568 	DATA 	Keypress: 2
44.1399 	DATA 	Keypress: 1
44.1409 	DATA 	Keypress: 2
44.4911 	DATA 	Keypress: 1
44.8067 	DATA 	Keypress: 2
45.0899 	DATA 	Keypress: 1
45.3568 	DATA 	Keypress: 2
45.6564 	DATA 	Keypress: 1
45.9746 	DATA 	Keypress: 2
46.0387 	EXP 	New trial (rep=0, index=11): OrderedDict([('current_image', 'images/21_40 copy 5.jpg'), ('trial_index', 11), ('is_blank_trial', 0)])
46.0552 	EXP 	polygon_4: autoDraw = False
46.0552 	EXP 	polygon_4: autoDraw = False
46.0552 	EXP 	image_2: image = 'images/21_40 copy 5.jpg'
46.0552 	EXP 	polygon_3: autoDraw = True
46.2901 	DATA 	Keypress: 2
46.3078 	DATA 	Keypress: 1
46.6232 	DATA 	Keypress: 1
46.6778 	DATA 	Keypress: 2
46.9246 	DATA 	Keypress: 1
46.9416 	DATA 	Keypress: 2
47.0554 	EXP 	image_2: autoDraw = True
47.2755 	DATA 	Keypress: 1
47.5743 	DATA 	Keypress: 2
47.6577 	DATA 	Keypress: 1
47.8248 	DATA 	Keypress: 1
47.8259 	DATA 	Keypress: 2
48.1416 	DATA 	Keypress: 2
48.1582 	DATA 	Keypress: 1
48.5735 	DATA 	Keypress: 2
48.8737 	DATA 	Keypress: 1
48.9067 	DATA 	Keypress: 2
49.1567 	DATA 	Keypress: 2
50.0400 	EXP 	New trial (rep=0, index=12): OrderedDict([('current_image', 'images/9_12 copy 6.jpg'), ('trial_index', 12), ('is_blank_trial', 0)])
50.0552 	EXP 	image_2: autoDraw = False
50.0552 	EXP 	polygon_3: autoDraw = False
50.0552 	EXP 	image_2: autoDraw = False
50.0552 	EXP 	polygon_3: autoDraw = False
50.0552 	EXP 	polygon_4: autoDraw = False
50.0552 	EXP 	image_2: image = 'images/9_12 copy 6.jpg'
50.0552 	EXP 	polygon_3: autoDraw = True
51.0554 	EXP 	image_2: autoDraw = True
51.4737 	DATA 	Keypress: lctrl
51.4833 	DATA 	Keypress: up
52.4075 	DATA 	Mouse: Left button down, pos=(856,236)
52.5905 	DATA 	Mouse:  Left button up, pos=(856,236)
53.5071 	DATA 	Keypress: 1
53.7404 	DATA 	Keypress: 2
54.0081 	DATA 	Keypress: 1
54.0401 	EXP 	New trial (rep=0, index=13): OrderedDict([('current_image', 'images/8_40 copy 3.jpg'), ('trial_index', 13), ('is_blank_trial', 0)])
54.0553 	EXP 	image_2: autoDraw = False
54.0553 	EXP 	polygon_3: autoDraw = False
54.0553 	EXP 	image_2: autoDraw = False
54.0553 	EXP 	polygon_3: autoDraw = False
54.0553 	EXP 	polygon_4: autoDraw = False
54.0553 	EXP 	image_2: image = 'images/8_40 copy 3.jpg'
54.0553 	EXP 	polygon_3: autoDraw = True
54.3072 	DATA 	Keypress: 2
54.3579 	DATA 	Keypress: 1
54.6571 	DATA 	Keypress: 1
54.6582 	DATA 	Keypress: 2
55.0555 	EXP 	image_2: autoDraw = True
56.0744 	DATA 	Keypress: 1
56.0913 	DATA 	Keypress: 2
56.3574 	DATA 	Keypress: 2
56.3584 	DATA 	Keypress: 1
56.6734 	DATA 	Keypress: 1
56.6744 	DATA 	Keypress: 2
56.9913 	DATA 	Keypress: 1
57.0086 	DATA 	Keypress: 2
57.3233 	DATA 	Keypress: 1
57.6234 	DATA 	Keypress: 2
58.0390 	EXP 	New trial (rep=0, index=14): OrderedDict([('current_image', 'images/7_0 copy 2.jpg'), ('trial_index', 14), ('is_blank_trial', 0)])
58.0447 	DATA 	Keypress: 2
58.0551 	EXP 	image_2: autoDraw = False
58.0551 	EXP 	polygon_3: autoDraw = False
58.0551 	EXP 	image_2: autoDraw = False
58.0551 	EXP 	polygon_3: autoDraw = False
58.0551 	EXP 	polygon_4: autoDraw = False
58.0551 	EXP 	image_2: image = 'images/7_0 copy 2.jpg'
58.0551 	EXP 	polygon_3: autoDraw = True
58.0749 	DATA 	Keypress: 1
58.3402 	DATA 	Keypress: 1
58.4074 	DATA 	Keypress: 2
59.0552 	EXP 	image_2: autoDraw = True
59.0903 	DATA 	Keypress: 2
59.3567 	DATA 	Keypress: 2
59.4405 	DATA 	Keypress: 1
60.1418 	DATA 	Keypress: 2
60.1752 	DATA 	Keypress: 1
60.6068 	DATA 	Keypress: 1
60.9252 	DATA 	Keypress: 1
60.9584 	DATA 	Keypress: 2
61.3744 	DATA 	Keypress: 2
61.4418 	DATA 	Keypress: 1
61.7749 	DATA 	Keypress: 1
62.0398 	EXP 	New trial (rep=0, index=15): OrderedDict([('current_image', 'images/17_28.jpg'), ('trial_index', 15), ('is_blank_trial', 0)])
62.0554 	EXP 	image_2: autoDraw = False
62.0554 	EXP 	polygon_3: autoDraw = False
62.0554 	EXP 	image_2: autoDraw = False
62.0554 	EXP 	polygon_3: autoDraw = False
62.0554 	EXP 	polygon_4: autoDraw = False
62.0554 	EXP 	image_2: image = 'images/17_28.jpg'
62.0554 	EXP 	polygon_3: autoDraw = True
62.1575 	DATA 	Keypress: 2
63.0554 	EXP 	image_2: autoDraw = True
63.5424 	DATA 	Keypress: 1
63.6743 	DATA 	Keypress: 2
64.0752 	DATA 	Keypress: 1
64.4751 	DATA 	Keypress: 2
64.5082 	DATA 	Keypress: 1
64.8749 	DATA 	Keypress: 1
65.0746 	DATA 	Keypress: 2
65.4246 	DATA 	Keypress: 2
65.7580 	DATA 	Keypress: 1
66.0395 	EXP 	New trial (rep=0, index=16): OrderedDict([('current_image', 'images/pair03 copy 7.jpg'), ('trial_index', 16), ('is_blank_trial', 0)])
66.0551 	EXP 	image_2: autoDraw = False
66.0551 	EXP 	polygon_3: autoDraw = False
66.0551 	EXP 	image_2: autoDraw = False
66.0551 	EXP 	polygon_3: autoDraw = False
66.0551 	EXP 	polygon_4: autoDraw = False
66.0551 	EXP 	image_2: image = 'images/pair03 copy 7.jpg'
66.0551 	EXP 	polygon_3: autoDraw = True
66.1232 	DATA 	Keypress: 2
66.6908 	DATA 	Keypress: 1
66.7570 	DATA 	Keypress: 2
67.0554 	EXP 	image_2: autoDraw = True
67.1234 	DATA 	Keypress: 2
67.1420 	DATA 	Keypress: 1
67.4570 	DATA 	Keypress: 2
67.9405 	DATA 	Keypress: 1
67.9585 	DATA 	Keypress: 2
68.2736 	DATA 	Keypress: 2
68.4237 	DATA 	Keypress: 1
68.7404 	DATA 	Keypress: 2
69.1234 	DATA 	Keypress: 1
69.3571 	DATA 	Keypress: 2
69.7246 	DATA 	Keypress: 1
70.0253 	DATA 	Keypress: 2
70.0401 	EXP 	New trial (rep=0, index=17): OrderedDict([('current_image', 'images/14_40.jpg'), ('trial_index', 17), ('is_blank_trial', 0)])
70.0552 	EXP 	image_2: autoDraw = False
70.0552 	EXP 	polygon_3: autoDraw = False
70.0552 	EXP 	image_2: autoDraw = False
70.0552 	EXP 	polygon_3: autoDraw = False
70.0552 	EXP 	polygon_4: autoDraw = False
70.0552 	EXP 	image_2: image = 'images/14_40.jpg'
70.0552 	EXP 	polygon_3: autoDraw = True
70.3249 	DATA 	Keypress: 1
70.7232 	DATA 	Keypress: 1
70.7242 	DATA 	Keypress: 2
71.0553 	EXP 	image_2: autoDraw = True
71.0922 	DATA 	Keypress: 2
71.1241 	DATA 	Keypress: 1
71.5909 	DATA 	Keypress: 2
71.9081 	DATA 	Keypress: 2
71.9905 	DATA 	Keypress: 1
72.3085 	DATA 	Keypress: 1
72.3751 	DATA 	Keypress: 2
73.0753 	DATA 	Keypress: 1
73.1753 	DATA 	Keypress: 2
73.5736 	DATA 	Keypress: 2
73.5909 	DATA 	Keypress: 1
74.0396 	EXP 	New trial (rep=0, index=18): OrderedDict([('current_image', 'images/23_40 copy 3.jpg'), ('trial_index', 18), ('is_blank_trial', 0)])
74.0475 	DATA 	Keypress: 1
74.0552 	EXP 	image_2: autoDraw = False
74.0552 	EXP 	polygon_3: autoDraw = False
74.0552 	EXP 	image_2: autoDraw = False
74.0552 	EXP 	polygon_3: autoDraw = False
74.0552 	EXP 	polygon_4: autoDraw = False
74.0552 	EXP 	image_2: image = 'images/23_40 copy 3.jpg'
74.0552 	EXP 	polygon_3: autoDraw = True
74.3911 	DATA 	Keypress: 1
74.6082 	DATA 	Keypress: 2
74.9778 	DATA 	Keypress: 2
75.0554 	EXP 	image_2: autoDraw = True
75.3740 	DATA 	Keypress: 1
75.3914 	DATA 	Keypress: 2
75.8066 	DATA 	Keypress: 1
75.9735 	DATA 	Keypress: 2
76.3568 	DATA 	Keypress: 2
76.7241 	DATA 	Keypress: 2
77.0916 	DATA 	Keypress: 1
77.2416 	DATA 	Keypress: 2
77.6085 	DATA 	Keypress: 2
77.9903 	DATA 	Keypress: 2
78.0397 	EXP 	New trial (rep=0, index=19): OrderedDict([('current_image', 'images/6_28 copy 6.jpg'), ('trial_index', 19), ('is_blank_trial', 0)])
78.0548 	EXP 	image_2: autoDraw = False
78.0548 	EXP 	polygon_3: autoDraw = False
78.0548 	EXP 	image_2: autoDraw = False
78.0548 	EXP 	polygon_3: autoDraw = False
78.0548 	EXP 	polygon_4: autoDraw = False
78.0548 	EXP 	image_2: image = 'images/6_28 copy 6.jpg'
78.0548 	EXP 	polygon_3: autoDraw = True
78.3917 	DATA 	Keypress: 2
78.8077 	DATA 	Keypress: 2
79.0422 	DATA 	Keypress: 1
79.0554 	EXP 	image_2: autoDraw = True
82.0577 	EXP 	image_2: autoDraw = False
82.0577 	EXP 	polygon_3: autoDraw = False
82.0577 	EXP 	image_2: autoDraw = False
82.0577 	EXP 	polygon_3: autoDraw = False
82.0577 	EXP 	polygon_4: autoDraw = False
82.0577 	EXP 	text_7: height = 0.5000000000000001
82.0577 	EXP 	text_7: height = 0.5000000000000002
82.0577 	EXP 	text_7: height = 0.5000000000000002
82.0577 	EXP 	text_7: text = 'Good job! You finished the practice trials. Press any button to begin the experiment.'
82.0577 	EXP 	text_7: autoDraw = True
84.3417 	DATA 	Keypress: 1
84.3575 	DATA 	Keypress: 2
84.6238 	DATA 	Keypress: 1
85.4583 	DATA 	Keypress: space
85.4719 	EXP 	text_7: autoDraw = False
85.4719 	EXP 	text_3: autoDraw = True
87.3967 	EXP 	Imported conditions_files/participant5_.csv as conditions, 1152 conditions, 7 params
87.3999 	EXP 	Created sequence: sequential, trialTypes=1152, nReps=1, seed=None
87.4001 	EXP 	New trial (rep=0, index=0): OrderedDict([('current_image', 'images/18_0 copy 3.jpg'), ('is_repeat', 0), ('trial_index', 0), ('is_blank_trial', 0), ('is_new_run', 0), ('run_num', 0), ('all_blanks_list', [9, 19, 29, 39, 49, 59, 68, 69, 70, 71])])
87.4079 	DATA 	Keypress: 5
87.4326 	EXP 	text_3: autoDraw = False
87.4326 	EXP 	image: image = 'images/18_0 copy 3.jpg'
87.4326 	EXP 	polygon: autoDraw = True
88.4221 	EXP 	image: autoDraw = True
89.1569 	DATA 	Keypress: 1
89.3750 	DATA 	Keypress: 2
89.3911 	DATA 	Keypress: 1
89.8076 	DATA 	Keypress: 1
90.0242 	DATA 	Keypress: 2
90.2920 	DATA 	Keypress: 1
90.4897 	DATA 	Keypress: 2
90.7234 	DATA 	Keypress: 1
91.0576 	DATA 	Keypress: 2
91.0743 	DATA 	Keypress: 1
91.3415 	DATA 	Keypress: 2
91.4108 	EXP 	New trial (rep=0, index=1): OrderedDict([('current_image', 'images/11_28 copy 7.jpg'), ('is_repeat', 0), ('trial_index', 1), ('is_blank_trial', 0), ('is_new_run', 0), ('run_num', 0), ('all_blanks_list', [9, 19, 29, 39, 49, 59, 68, 69, 70, 71])])
91.4225 	EXP 	image: autoDraw = False
91.4225 	EXP 	polygon: autoDraw = False
91.4225 	EXP 	image: autoDraw = False
91.4225 	EXP 	polygon: autoDraw = False
91.4225 	EXP 	polygon_2: autoDraw = False
91.4225 	EXP 	text_5: text = ''
91.4225 	EXP 	text_5: autoDraw = False
91.4225 	EXP 	text_4: autoDraw = False
91.4225 	EXP 	image: image = 'images/11_28 copy 7.jpg'
91.4225 	EXP 	polygon: autoDraw = True
91.6235 	DATA 	Keypress: 1
91.8408 	DATA 	Keypress: 2
92.1237 	DATA 	Keypress: 2
92.1249 	DATA 	Keypress: 1
92.4219 	EXP 	image: autoDraw = True
92.5735 	DATA 	Keypress: 1
92.6076 	DATA 	Keypress: 2
92.9567 	DATA 	Keypress: 2
92.9901 	DATA 	Keypress: 1
93.3068 	DATA 	Keypress: 1
93.5074 	DATA 	Keypress: 2
93.7569 	DATA 	Keypress: 1
94.0252 	DATA 	Keypress: 2
94.3077 	DATA 	Keypress: 1
94.3907 	DATA 	Keypress: 2
94.7242 	DATA 	Keypress: 1
94.7252 	DATA 	Keypress: 2
95.0907 	DATA 	Keypress: 2
95.3735 	DATA 	Keypress: 1
95.4171 	EXP 	New trial (rep=0, index=2): OrderedDict([('current_image', 'images/22_28 copy 2.jpg'), ('is_repeat', 0), ('trial_index', 2), ('is_blank_trial', 0), ('is_new_run', 0), ('run_num', 0), ('all_blanks_list', [9, 19, 29, 39, 49, 59, 68, 69, 70, 71])])
95.4261 	EXP 	image: autoDraw = False
95.4261 	EXP 	polygon: autoDraw = False
95.4261 	EXP 	image: autoDraw = False
95.4261 	EXP 	polygon: autoDraw = False
95.4261 	EXP 	polygon_2: autoDraw = False
95.4261 	EXP 	text_5: height = 0.5000000000000001
95.4261 	EXP 	text_5: height = 0.5000000000000002
95.4261 	EXP 	text_5: height = 0.5000000000000002
95.4261 	EXP 	text_5: text = 'Good job! You succesfully responded to 1 out of 1 trials. Your performance score is now 0.0. Please press any button when you are ready to continue.'
95.4261 	EXP 	text_5: autoDraw = False
95.4261 	EXP 	text_4: autoDraw = False
95.4261 	EXP 	image: image = 'images/22_28 copy 2.jpg'
95.4261 	EXP 	polygon: autoDraw = True
95.6563 	DATA 	Keypress: 2
95.9402 	DATA 	Keypress: 1
95.9580 	DATA 	Keypress: 2
96.3079 	DATA 	Keypress: 2
96.3247 	DATA 	Keypress: 1
96.4220 	EXP 	image: autoDraw = True
96.6742 	DATA 	Keypress: 2
96.7249 	DATA 	Keypress: 1
96.9736 	DATA 	Keypress: 2
97.1234 	DATA 	Keypress: 1
97.4567 	DATA 	Keypress: 2
97.4576 	DATA 	Keypress: 1
97.7737 	DATA 	Keypress: 1
98.0074 	DATA 	Keypress: 2
98.2734 	DATA 	Keypress: 1
98.5573 	DATA 	Keypress: 2
98.8906 	DATA 	Keypress: 2
99.1911 	DATA 	Keypress: 1
99.4141 	EXP 	New trial (rep=0, index=3): OrderedDict([('current_image', 'images/6_28 copy 4.jpg'), ('is_repeat', 0), ('trial_index', 3), ('is_blank_trial', 0), ('is_new_run', 0), ('run_num', 0), ('all_blanks_list', [9, 19, 29, 39, 49, 59, 68, 69, 70, 71])])
99.4259 	EXP 	image: autoDraw = False
99.4259 	EXP 	polygon: autoDraw = False
99.4259 	EXP 	image: autoDraw = False
99.4259 	EXP 	polygon: autoDraw = False
99.4259 	EXP 	polygon_2: autoDraw = False
99.4259 	EXP 	text_5: height = 0.5000000000000002
99.4259 	EXP 	text_5: height = 0.5000000000000002
99.4259 	EXP 	text_5: height = 0.5000000000000002
99.4259 	EXP 	text_5: text = 'Good job! You succesfully responded to 2 out of 2 trials. Your performance score is now 100.0. Please press any button when you are ready to continue.'
99.4259 	EXP 	text_5: autoDraw = False
99.4259 	EXP 	text_4: autoDraw = False
99.4259 	EXP 	image: image = 'images/6_28 copy 4.jpg'
99.4259 	EXP 	polygon: autoDraw = True
99.5241 	DATA 	Keypress: 1
99.5396 	DATA 	Keypress: 2
99.8236 	DATA 	Keypress: 1
100.1582 	DATA 	Keypress: 2
100.4221 	EXP 	image: autoDraw = True
100.4589 	DATA 	Keypress: 1
100.5737 	DATA 	Keypress: 2
100.8908 	DATA 	Keypress: 1
101.1422 	DATA 	Keypress: 2
101.5073 	DATA 	Keypress: 2
101.7566 	DATA 	Keypress: 1
102.1431 	DATA 	Keypress: 2
102.4251 	DATA 	Keypress: 1
102.7073 	DATA 	Keypress: 2
102.7241 	DATA 	Keypress: 1
103.0257 	DATA 	Keypress: 1
103.3734 	DATA 	Keypress: 2
103.4153 	EXP 	New trial (rep=0, index=4): OrderedDict([('current_image', 'images/10_0 copy 5.jpg'), ('is_repeat', 0), ('trial_index', 4), ('is_blank_trial', 0), ('is_new_run', 0), ('run_num', 0), ('all_blanks_list', [9, 19, 29, 39, 49, 59, 68, 69, 70, 71])])
103.4262 	EXP 	image: autoDraw = False
103.4262 	EXP 	polygon: autoDraw = False
103.4262 	EXP 	image: autoDraw = False
103.4262 	EXP 	polygon: autoDraw = False
103.4262 	EXP 	polygon_2: autoDraw = False
103.4262 	EXP 	text_5: height = 0.5000000000000002
103.4262 	EXP 	text_5: height = 0.5000000000000002
103.4262 	EXP 	text_5: height = 0.5000000000000002
103.4262 	EXP 	text_5: text = 'Good job! You succesfully responded to 3 out of 3 trials. Your performance score is now 200.0. Please press any button when you are ready to continue.'
103.4262 	EXP 	text_5: autoDraw = False
103.4262 	EXP 	text_4: autoDraw = False
103.4262 	EXP 	image: image = 'images/10_0 copy 5.jpg'
103.4262 	EXP 	polygon: autoDraw = True
103.6401 	DATA 	Keypress: 1
103.9252 	DATA 	Keypress: 2
104.2417 	DATA 	Keypress: 1
104.2569 	DATA 	Keypress: 2
104.4221 	EXP 	image: autoDraw = True
104.7402 	DATA 	Keypress: 1
104.7411 	DATA 	Keypress: 2
105.5740 	DATA 	Keypress: 2
105.6905 	DATA 	Keypress: 1
106.6901 	DATA 	Keypress: 1
106.7074 	DATA 	Keypress: 2
107.1066 	DATA 	Keypress: 2
107.4152 	EXP 	New trial (rep=0, index=5): OrderedDict([('current_image', 'images/24_28 copy 6.jpg'), ('is_repeat', 0), ('trial_index', 5), ('is_blank_trial', 0), ('is_new_run', 0), ('run_num', 0), ('all_blanks_list', [9, 19, 29, 39, 49, 59, 68, 69, 70, 71])])
107.4267 	EXP 	image: autoDraw = False
107.4267 	EXP 	polygon: autoDraw = False
107.4267 	EXP 	image: autoDraw = False
107.4267 	EXP 	polygon: autoDraw = False
107.4267 	EXP 	polygon_2: autoDraw = False
107.4267 	EXP 	text_5: height = 0.5000000000000002
107.4267 	EXP 	text_5: height = 0.5000000000000002
107.4267 	EXP 	text_5: height = 0.5000000000000002
107.4267 	EXP 	text_5: text = 'Good job! You succesfully responded to 4 out of 4 trials. Your performance score is now 200.0. Please press any button when you are ready to continue.'
107.4267 	EXP 	text_5: autoDraw = False
107.4267 	EXP 	text_4: autoDraw = False
107.4267 	EXP 	image: image = 'images/24_28 copy 6.jpg'
107.4267 	EXP 	polygon: autoDraw = True
107.5246 	DATA 	Keypress: 2
107.7402 	DATA 	Keypress: 1
107.8746 	DATA 	Keypress: 2
108.3071 	DATA 	Keypress: 2
108.3580 	DATA 	Keypress: 1
108.4220 	EXP 	image: autoDraw = True
108.6242 	DATA 	Keypress: 1
108.6737 	DATA 	Keypress: 2
109.1069 	DATA 	Keypress: 2
109.1251 	DATA 	Keypress: 1
109.4420 	DATA 	Keypress: 2
109.8238 	DATA 	Keypress: 1
109.9230 	DATA 	Keypress: 2
110.1582 	DATA 	Keypress: 2
110.4416 	DATA 	Keypress: 1
110.4747 	DATA 	Keypress: 2
110.7237 	DATA 	Keypress: 1
110.7401 	DATA 	Keypress: 2
110.9901 	DATA 	Keypress: 1
110.9911 	DATA 	Keypress: 2
111.2749 	DATA 	Keypress: 1
111.4151 	EXP 	New trial (rep=0, index=6): OrderedDict([('current_image', 'images/15_0 copy 5.jpg'), ('is_repeat', 0), ('trial_index', 6), ('is_blank_trial', 0), ('is_new_run', 0), ('run_num', 0), ('all_blanks_list', [9, 19, 29, 39, 49, 59, 68, 69, 70, 71])])
111.4267 	EXP 	image: autoDraw = False
111.4267 	EXP 	polygon: autoDraw = False
111.4267 	EXP 	image: autoDraw = False
111.4267 	EXP 	polygon: autoDraw = False
111.4267 	EXP 	polygon_2: autoDraw = False
111.4267 	EXP 	text_5: height = 0.5000000000000002
111.4267 	EXP 	text_5: height = 0.5000000000000002
111.4267 	EXP 	text_5: height = 0.5000000000000002
111.4267 	EXP 	text_5: text = 'Good job! You succesfully responded to 5 out of 5 trials. Your performance score is now 200.0. Please press any button when you are ready to continue.'
111.4267 	EXP 	text_5: autoDraw = False
111.4267 	EXP 	text_4: autoDraw = False
111.4267 	EXP 	image: image = 'images/15_0 copy 5.jpg'
111.4267 	EXP 	polygon: autoDraw = True
111.4918 	DATA 	Keypress: 1
111.5232 	DATA 	Keypress: 2
111.8396 	DATA 	Keypress: 2
111.8737 	DATA 	Keypress: 1
112.4220 	EXP 	image: autoDraw = True
114.1233 	DATA 	Keypress: 1
114.1243 	DATA 	Keypress: 2
114.4732 	DATA 	Keypress: 1
114.7064 	DATA 	Keypress: 2
115.4151 	EXP 	New trial (rep=0, index=7): OrderedDict([('current_image', 'images/pair02.jpg'), ('is_repeat', 0), ('trial_index', 7), ('is_blank_trial', 0), ('is_new_run', 0), ('run_num', 0), ('all_blanks_list', [9, 19, 29, 39, 49, 59, 68, 69, 70, 71])])
115.4273 	EXP 	image: autoDraw = False
115.4273 	EXP 	polygon: autoDraw = False
115.4273 	EXP 	image: autoDraw = False
115.4273 	EXP 	polygon: autoDraw = False
115.4273 	EXP 	polygon_2: autoDraw = False
115.4273 	EXP 	text_5: height = 0.5000000000000002
115.4273 	EXP 	text_5: height = 0.5000000000000002
115.4273 	EXP 	text_5: height = 0.5000000000000002
115.4273 	EXP 	text_5: text = 'Good job! You succesfully responded to 6 out of 6 trials. Your performance score is now 300.0. Please press any button when you are ready to continue.'
115.4273 	EXP 	text_5: autoDraw = False
115.4273 	EXP 	text_4: autoDraw = False
115.4273 	EXP 	image: image = 'images/pair02.jpg'
115.4273 	EXP 	polygon: autoDraw = True
116.4221 	EXP 	image: autoDraw = True
119.4156 	EXP 	New trial (rep=0, index=8): OrderedDict([('current_image', 'images/8_0 copy 4.jpg'), ('is_repeat', 0), ('trial_index', 8), ('is_blank_trial', 0), ('is_new_run', 0), ('run_num', 0), ('all_blanks_list', [9, 19, 29, 39, 49, 59, 68, 69, 70, 71])])
119.4262 	EXP 	image: autoDraw = False
119.4262 	EXP 	polygon: autoDraw = False
119.4262 	EXP 	image: autoDraw = False
119.4262 	EXP 	polygon: autoDraw = False
119.4262 	EXP 	polygon_2: autoDraw = False
119.4262 	EXP 	text_5: height = 0.5000000000000002
119.4262 	EXP 	text_5: height = 0.5000000000000002
119.4262 	EXP 	text_5: height = 0.5000000000000002
119.4262 	EXP 	text_5: text = 'Good job! You succesfully responded to 7 out of 7 trials. Your performance score is now 300.0. Please press any button when you are ready to continue.'
119.4262 	EXP 	text_5: autoDraw = False
119.4262 	EXP 	text_4: autoDraw = False
119.4262 	EXP 	image: image = 'images/8_0 copy 4.jpg'
119.4262 	EXP 	polygon: autoDraw = True
120.4218 	EXP 	image: autoDraw = True
123.4145 	EXP 	New trial (rep=0, index=9): OrderedDict([('current_image', 'images/blank.jpg'), ('is_repeat', 0), ('trial_index', 9), ('is_blank_trial', 1), ('is_new_run', 0), ('run_num', 0), ('all_blanks_list', [9, 19, 29, 39, 49, 59, 68, 69, 70, 71])])
123.4224 	EXP 	image: autoDraw = False
123.4224 	EXP 	polygon: autoDraw = False
123.4224 	EXP 	image: autoDraw = False
123.4224 	EXP 	polygon: autoDraw = False
123.4224 	EXP 	polygon_2: autoDraw = False
123.4224 	EXP 	text_5: height = 0.5000000000000002
123.4224 	EXP 	text_5: height = 0.5000000000000002
123.4224 	EXP 	text_5: height = 0.5000000000000002
123.4224 	EXP 	text_5: text = 'Good job! You succesfully responded to 7 out of 8 trials. Your performance score is now 300.0. Please press any button when you are ready to continue.'
123.4224 	EXP 	text_5: autoDraw = False
123.4224 	EXP 	text_4: autoDraw = False
123.4224 	EXP 	image: image = 'images/blank.jpg'
123.4224 	EXP 	image: autoDraw = False
123.4224 	EXP 	polygon: autoDraw = False
123.4224 	EXP 	polygon_2: autoDraw = True
127.4151 	EXP 	New trial (rep=0, index=10): OrderedDict([('current_image', 'images/21_28.jpg'), ('is_repeat', 0), ('trial_index', 10), ('is_blank_trial', 0), ('is_new_run', 0), ('run_num', 0), ('all_blanks_list', [9, 19, 29, 39, 49, 59, 68, 69, 70, 71])])
127.4258 	EXP 	polygon_2: autoDraw = False
127.4258 	EXP 	polygon_2: autoDraw = False
127.4258 	EXP 	text_5: height = 0.5000000000000002
127.4258 	EXP 	text_5: height = 0.5000000000000002
127.4258 	EXP 	text_5: height = 0.5000000000000002
127.4258 	EXP 	text_5: text = 'Good job! You succesfully responded to 7 out of 9 trials. Your performance score is now 300.0. Please press any button when you are ready to continue.'
127.4258 	EXP 	text_5: autoDraw = False
127.4258 	EXP 	text_4: autoDraw = False
127.4258 	EXP 	image: image = 'images/21_28.jpg'
127.4258 	EXP 	polygon: autoDraw = True
128.4222 	EXP 	image: autoDraw = True
131.4064 	EXP 	New trial (rep=0, index=11): OrderedDict([('current_image', 'images/13_0 copy 5.jpg'), ('is_repeat', 0), ('trial_index', 11), ('is_blank_trial', 0), ('is_new_run', 0), ('run_num', 0), ('all_blanks_list', [9, 19, 29, 39, 49, 59, 68, 69, 70, 71])])
131.4220 	EXP 	image: autoDraw = False
131.4220 	EXP 	polygon: autoDraw = False
131.4220 	EXP 	image: autoDraw = False
131.4220 	EXP 	polygon: autoDraw = False
131.4220 	EXP 	polygon_2: autoDraw = False
131.4220 	EXP 	text_5: text = 'Good job! You succesfully responded to 7 out of 9 trials. Your performance score is now 300.0. Please press any button when you are ready to continue.'
131.4220 	EXP 	text_5: autoDraw = False
131.4220 	EXP 	text_4: autoDraw = False
131.4220 	EXP 	image: image = 'images/13_0 copy 5.jpg'
131.4220 	EXP 	polygon: autoDraw = True
132.4221 	EXP 	image: autoDraw = True
135.4141 	EXP 	New trial (rep=0, index=12): OrderedDict([('current_image', 'images/15_0 copy 7.jpg'), ('is_repeat', 0), ('trial_index', 12), ('is_blank_trial', 0), ('is_new_run', 0), ('run_num', 0), ('all_blanks_list', [9, 19, 29, 39, 49, 59, 68, 69, 70, 71])])
135.4254 	EXP 	image: autoDraw = False
135.4254 	EXP 	polygon: autoDraw = False
135.4254 	EXP 	image: autoDraw = False
135.4254 	EXP 	polygon: autoDraw = False
135.4254 	EXP 	polygon_2: autoDraw = False
135.4254 	EXP 	text_5: height = 0.5000000000000002
135.4254 	EXP 	text_5: height = 0.5000000000000002
135.4254 	EXP 	text_5: height = 0.5000000000000002
135.4254 	EXP 	text_5: text = 'Good job! You succesfully responded to 7 out of 10 trials. Your performance score is now 300.0. Please press any button when you are ready to continue.'
135.4254 	EXP 	text_5: autoDraw = False
135.4254 	EXP 	text_4: autoDraw = False
135.4254 	EXP 	image: image = 'images/15_0 copy 7.jpg'
135.4254 	EXP 	polygon: autoDraw = True
136.4219 	EXP 	image: autoDraw = True
139.4141 	EXP 	New trial (rep=0, index=13): OrderedDict([('current_image', 'images/20_40.jpg'), ('is_repeat', 0), ('trial_index', 13), ('is_blank_trial', 0), ('is_new_run', 0), ('run_num', 0), ('all_blanks_list', [9, 19, 29, 39, 49, 59, 68, 69, 70, 71])])
139.4247 	EXP 	image: autoDraw = False
139.4247 	EXP 	polygon: autoDraw = False
139.4247 	EXP 	image: autoDraw = False
139.4247 	EXP 	polygon: autoDraw = False
139.4247 	EXP 	polygon_2: autoDraw = False
139.4247 	EXP 	text_5: height = 0.5000000000000002
139.4247 	EXP 	text_5: height = 0.5000000000000002
139.4247 	EXP 	text_5: height = 0.5000000000000002
139.4247 	EXP 	text_5: text = 'Good job! You succesfully responded to 7 out of 11 trials. Your performance score is now 300.0. Please press any button when you are ready to continue.'
139.4247 	EXP 	text_5: autoDraw = False
139.4247 	EXP 	text_4: autoDraw = False
139.4247 	EXP 	image: image = 'images/20_40.jpg'
139.4247 	EXP 	polygon: autoDraw = True
140.4218 	EXP 	image: autoDraw = True
143.4139 	EXP 	New trial (rep=0, index=14): OrderedDict([('current_image', 'images/14_40 copy 4.jpg'), ('is_repeat', 0), ('trial_index', 14), ('is_blank_trial', 0), ('is_new_run', 0), ('run_num', 0), ('all_blanks_list', [9, 19, 29, 39, 49, 59, 68, 69, 70, 71])])
143.4239 	EXP 	image: autoDraw = False
143.4239 	EXP 	polygon: autoDraw = False
143.4239 	EXP 	image: autoDraw = False
143.4239 	EXP 	polygon: autoDraw = False
143.4239 	EXP 	polygon_2: autoDraw = False
143.4239 	EXP 	text_5: height = 0.5000000000000002
143.4239 	EXP 	text_5: height = 0.5000000000000002
143.4239 	EXP 	text_5: height = 0.5000000000000002
143.4239 	EXP 	text_5: text = 'Good job! You succesfully responded to 7 out of 12 trials. Your performance score is now 300.0. Please press any button when you are ready to continue.'
143.4239 	EXP 	text_5: autoDraw = False
143.4239 	EXP 	text_4: autoDraw = False
143.4239 	EXP 	image: image = 'images/14_40 copy 4.jpg'
143.4239 	EXP 	polygon: autoDraw = True
144.4218 	EXP 	image: autoDraw = True
147.4138 	EXP 	New trial (rep=0, index=15): OrderedDict([('current_image', 'images/20_28.jpg'), ('is_repeat', 0), ('trial_index', 15), ('is_blank_trial', 0), ('is_new_run', 0), ('run_num', 0), ('all_blanks_list', [9, 19, 29, 39, 49, 59, 68, 69, 70, 71])])
147.4246 	EXP 	image: autoDraw = False
147.4246 	EXP 	polygon: autoDraw = False
147.4246 	EXP 	image: autoDraw = False
147.4246 	EXP 	polygon: autoDraw = False
147.4246 	EXP 	polygon_2: autoDraw = False
147.4246 	EXP 	text_5: height = 0.5000000000000002
147.4246 	EXP 	text_5: height = 0.5000000000000002
147.4246 	EXP 	text_5: height = 0.5000000000000002
147.4246 	EXP 	text_5: text = 'Good job! You succesfully responded to 7 out of 13 trials. Your performance score is now 300.0. Please press any button when you are ready to continue.'
147.4246 	EXP 	text_5: autoDraw = False
147.4246 	EXP 	text_4: autoDraw = False
147.4246 	EXP 	image: image = 'images/20_28.jpg'
147.4246 	EXP 	polygon: autoDraw = True
148.4217 	EXP 	image: autoDraw = True
151.4116 	EXP 	New trial (rep=0, index=16): OrderedDict([('current_image', 'images/pair08.jpg'), ('is_repeat', 0), ('trial_index', 16), ('is_blank_trial', 0), ('is_new_run', 0), ('run_num', 0), ('all_blanks_list', [9, 19, 29, 39, 49, 59, 68, 69, 70, 71])])
151.4208 	EXP 	image: autoDraw = False
151.4208 	EXP 	polygon: autoDraw = False
151.4208 	EXP 	image: autoDraw = False
151.4208 	EXP 	polygon: autoDraw = False
151.4208 	EXP 	polygon_2: autoDraw = False
151.4208 	EXP 	text_5: height = 0.5000000000000002
151.4208 	EXP 	text_5: height = 0.5000000000000002
151.4208 	EXP 	text_5: height = 0.5000000000000002
151.4208 	EXP 	text_5: text = 'Good job! You succesfully responded to 7 out of 14 trials. Your performance score is now 300.0. Please press any button when you are ready to continue.'
151.4208 	EXP 	text_5: autoDraw = False
151.4208 	EXP 	text_4: autoDraw = False
151.4208 	EXP 	image: image = 'images/pair08.jpg'
151.4208 	EXP 	polygon: autoDraw = True
152.4218 	EXP 	image: autoDraw = True
155.4139 	EXP 	New trial (rep=0, index=17): OrderedDict([('current_image', 'images/24_40 copy 4.jpg'), ('is_repeat', 0), ('trial_index', 17), ('is_blank_trial', 0), ('is_new_run', 0), ('run_num', 0), ('all_blanks_list', [9, 19, 29, 39, 49, 59, 68, 69, 70, 71])])
155.4243 	EXP 	image: autoDraw = False
155.4243 	EXP 	polygon: autoDraw = False
155.4243 	EXP 	image: autoDraw = False
155.4243 	EXP 	polygon: autoDraw = False
155.4243 	EXP 	polygon_2: autoDraw = False
155.4243 	EXP 	text_5: height = 0.5000000000000002
155.4243 	EXP 	text_5: height = 0.5000000000000002
155.4243 	EXP 	text_5: height = 0.5000000000000002
155.4243 	EXP 	text_5: text = 'Good job! You succesfully responded to 7 out of 15 trials. Your performance score is now 300.0. Please press any button when you are ready to continue.'
155.4243 	EXP 	text_5: autoDraw = False
155.4243 	EXP 	text_4: autoDraw = False
155.4243 	EXP 	image: image = 'images/24_40 copy 4.jpg'
155.4243 	EXP 	polygon: autoDraw = True
156.4219 	EXP 	image: autoDraw = True
159.4141 	EXP 	New trial (rep=0, index=18): OrderedDict([('current_image', 'images/12_28 copy 6.jpg'), ('is_repeat', 0), ('trial_index', 18), ('is_blank_trial', 0), ('is_new_run', 0), ('run_num', 0), ('all_blanks_list', [9, 19, 29, 39, 49, 59, 68, 69, 70, 71])])
159.4247 	EXP 	image: autoDraw = False
159.4247 	EXP 	polygon: autoDraw = False
159.4247 	EXP 	image: autoDraw = False
159.4247 	EXP 	polygon: autoDraw = False
159.4247 	EXP 	polygon_2: autoDraw = False
159.4247 	EXP 	text_5: height = 0.5000000000000002
159.4247 	EXP 	text_5: height = 0.5000000000000002
159.4247 	EXP 	text_5: height = 0.5000000000000002
159.4247 	EXP 	text_5: text = 'Good job! You succesfully responded to 7 out of 16 trials. Your performance score is now 300.0. Please press any button when you are ready to continue.'
159.4247 	EXP 	text_5: autoDraw = False
159.4247 	EXP 	text_4: autoDraw = False
159.4247 	EXP 	image: image = 'images/12_28 copy 6.jpg'
159.4247 	EXP 	polygon: autoDraw = True
160.4217 	EXP 	image: autoDraw = True
163.4144 	EXP 	New trial (rep=0, index=19): OrderedDict([('current_image', 'images/blank.jpg'), ('is_repeat', 0), ('trial_index', 19), ('is_blank_trial', 1), ('is_new_run', 0), ('run_num', 0), ('all_blanks_list', [9, 19, 29, 39, 49, 59, 68, 69, 70, 71])])
163.4227 	EXP 	image: autoDraw = False
163.4227 	EXP 	polygon: autoDraw = False
163.4227 	EXP 	image: autoDraw = False
163.4227 	EXP 	polygon: autoDraw = False
163.4227 	EXP 	polygon_2: autoDraw = False
163.4227 	EXP 	text_5: height = 0.5000000000000002
163.4227 	EXP 	text_5: height = 0.5000000000000002
163.4227 	EXP 	text_5: height = 0.5000000000000002
163.4227 	EXP 	text_5: text = 'Good job! You succesfully responded to 7 out of 17 trials. Your performance score is now 300.0. Please press any button when you are ready to continue.'
163.4227 	EXP 	text_5: autoDraw = False
163.4227 	EXP 	text_4: autoDraw = False
163.4227 	EXP 	image: image = 'images/blank.jpg'
163.4227 	EXP 	image: autoDraw = False
163.4227 	EXP 	polygon: autoDraw = False
163.4227 	EXP 	polygon_2: autoDraw = True
167.4138 	EXP 	New trial (rep=0, index=20): OrderedDict([('current_image', 'images/6_12 copy 5.jpg'), ('is_repeat', 0), ('trial_index', 20), ('is_blank_trial', 0), ('is_new_run', 0), ('run_num', 0), ('all_blanks_list', [9, 19, 29, 39, 49, 59, 68, 69, 70, 71])])
167.4251 	EXP 	polygon_2: autoDraw = False
167.4251 	EXP 	polygon_2: autoDraw = False
167.4251 	EXP 	text_5: height = 0.5000000000000002
167.4251 	EXP 	text_5: height = 0.5000000000000002
167.4251 	EXP 	text_5: height = 0.5000000000000002
167.4251 	EXP 	text_5: text = 'Good job! You succesfully responded to 7 out of 18 trials. Your performance score is now 300.0. Please press any button when you are ready to continue.'
167.4251 	EXP 	text_5: autoDraw = False
167.4251 	EXP 	text_4: autoDraw = False
167.4251 	EXP 	image: image = 'images/6_12 copy 5.jpg'
167.4251 	EXP 	polygon: autoDraw = True
168.4218 	EXP 	image: autoDraw = True
171.4057 	EXP 	New trial (rep=0, index=21): OrderedDict([('current_image', 'images/23_0 copy.jpg'), ('is_repeat', 0), ('trial_index', 21), ('is_blank_trial', 0), ('is_new_run', 0), ('run_num', 0), ('all_blanks_list', [9, 19, 29, 39, 49, 59, 68, 69, 70, 71])])
171.4218 	EXP 	image: autoDraw = False
171.4218 	EXP 	polygon: autoDraw = False
171.4218 	EXP 	image: autoDraw = False
171.4218 	EXP 	polygon: autoDraw = False
171.4218 	EXP 	polygon_2: autoDraw = False
171.4218 	EXP 	text_5: text = 'Good job! You succesfully responded to 7 out of 18 trials. Your performance score is now 300.0. Please press any button when you are ready to continue.'
171.4218 	EXP 	text_5: autoDraw = False
171.4218 	EXP 	text_4: autoDraw = False
171.4218 	EXP 	image: image = 'images/23_0 copy.jpg'
171.4218 	EXP 	polygon: autoDraw = True
172.4218 	EXP 	image: autoDraw = True
175.4138 	EXP 	New trial (rep=0, index=22): OrderedDict([('current_image', 'images/5_40 copy.jpg'), ('is_repeat', 0), ('trial_index', 22), ('is_blank_trial', 0), ('is_new_run', 0), ('run_num', 0), ('all_blanks_list', [9, 19, 29, 39, 49, 59, 68, 69, 70, 71])])
175.4259 	EXP 	image: autoDraw = False
175.4259 	EXP 	polygon: autoDraw = False
175.4259 	EXP 	image: autoDraw = False
175.4259 	EXP 	polygon: autoDraw = False
175.4259 	EXP 	polygon_2: autoDraw = False
175.4259 	EXP 	text_5: height = 0.5000000000000002
175.4259 	EXP 	text_5: height = 0.5000000000000002
175.4259 	EXP 	text_5: height = 0.5000000000000002
175.4259 	EXP 	text_5: text = 'Good job! You succesfully responded to 7 out of 19 trials. Your performance score is now 300.0. Please press any button when you are ready to continue.'
175.4259 	EXP 	text_5: autoDraw = False
175.4259 	EXP 	text_4: autoDraw = False
175.4259 	EXP 	image: image = 'images/5_40 copy.jpg'
175.4259 	EXP 	polygon: autoDraw = True
176.4220 	EXP 	image: autoDraw = True
179.4135 	EXP 	New trial (rep=0, index=23): OrderedDict([('current_image', 'images/17_40 copy.jpg'), ('is_repeat', 0), ('trial_index', 23), ('is_blank_trial', 0), ('is_new_run', 0), ('run_num', 0), ('all_blanks_list', [9, 19, 29, 39, 49, 59, 68, 69, 70, 71])])
179.4252 	EXP 	image: autoDraw = False
179.4252 	EXP 	polygon: autoDraw = False
179.4252 	EXP 	image: autoDraw = False
179.4252 	EXP 	polygon: autoDraw = False
179.4252 	EXP 	polygon_2: autoDraw = False
179.4252 	EXP 	text_5: height = 0.5000000000000002
179.4252 	EXP 	text_5: height = 0.5000000000000002
179.4252 	EXP 	text_5: height = 0.5000000000000002
179.4252 	EXP 	text_5: text = 'Good job! You succesfully responded to 7 out of 20 trials. Your performance score is now 300.0. Please press any button when you are ready to continue.'
179.4252 	EXP 	text_5: autoDraw = False
179.4252 	EXP 	text_4: autoDraw = False
179.4252 	EXP 	image: image = 'images/17_40 copy.jpg'
179.4252 	EXP 	polygon: autoDraw = True
180.4220 	EXP 	image: autoDraw = True
183.4142 	EXP 	New trial (rep=0, index=24): OrderedDict([('current_image', 'images/pair03 copy.jpg'), ('is_repeat', 0), ('trial_index', 24), ('is_blank_trial', 0), ('is_new_run', 0), ('run_num', 0), ('all_blanks_list', [9, 19, 29, 39, 49, 59, 68, 69, 70, 71])])
183.4271 	EXP 	image: autoDraw = False
183.4271 	EXP 	polygon: autoDraw = False
183.4271 	EXP 	image: autoDraw = False
183.4271 	EXP 	polygon: autoDraw = False
183.4271 	EXP 	polygon_2: autoDraw = False
183.4271 	EXP 	text_5: height = 0.5000000000000002
183.4271 	EXP 	text_5: height = 0.5000000000000002
183.4271 	EXP 	text_5: height = 0.5000000000000002
183.4271 	EXP 	text_5: text = 'Good job! You succesfully responded to 7 out of 21 trials. Your performance score is now 300.0. Please press any button when you are ready to continue.'
183.4271 	EXP 	text_5: autoDraw = False
183.4271 	EXP 	text_4: autoDraw = False
183.4271 	EXP 	image: image = 'images/pair03 copy.jpg'
183.4271 	EXP 	polygon: autoDraw = True
184.4217 	EXP 	image: autoDraw = True
187.4138 	EXP 	New trial (rep=0, index=25): OrderedDict([('current_image', 'images/23_40 copy 4.jpg'), ('is_repeat', 0), ('trial_index', 25), ('is_blank_trial', 0), ('is_new_run', 0), ('run_num', 0), ('all_blanks_list', [9, 19, 29, 39, 49, 59, 68, 69, 70, 71])])
187.4251 	EXP 	image: autoDraw = False
187.4251 	EXP 	polygon: autoDraw = False
187.4251 	EXP 	image: autoDraw = False
187.4251 	EXP 	polygon: autoDraw = False
187.4251 	EXP 	polygon_2: autoDraw = False
187.4251 	EXP 	text_5: height = 0.5000000000000002
187.4251 	EXP 	text_5: height = 0.5000000000000002
187.4251 	EXP 	text_5: height = 0.5000000000000002
187.4251 	EXP 	text_5: text = 'Good job! You succesfully responded to 7 out of 22 trials. Your performance score is now 300.0. Please press any button when you are ready to continue.'
187.4251 	EXP 	text_5: autoDraw = False
187.4251 	EXP 	text_4: autoDraw = False
187.4251 	EXP 	image: image = 'images/23_40 copy 4.jpg'
187.4251 	EXP 	polygon: autoDraw = True
188.4217 	EXP 	image: autoDraw = True
191.4134 	EXP 	New trial (rep=0, index=26): OrderedDict([('current_image', 'images/12_0 copy 2.jpg'), ('is_repeat', 0), ('trial_index', 26), ('is_blank_trial', 0), ('is_new_run', 0), ('run_num', 0), ('all_blanks_list', [9, 19, 29, 39, 49, 59, 68, 69, 70, 71])])
191.4236 	EXP 	image: autoDraw = False
191.4236 	EXP 	polygon: autoDraw = False
191.4236 	EXP 	image: autoDraw = False
191.4236 	EXP 	polygon: autoDraw = False
191.4236 	EXP 	polygon_2: autoDraw = False
191.4236 	EXP 	text_5: height = 0.5000000000000002
191.4236 	EXP 	text_5: height = 0.5000000000000002
191.4236 	EXP 	text_5: height = 0.5000000000000002
191.4236 	EXP 	text_5: text = 'Good job! You succesfully responded to 7 out of 23 trials. Your performance score is now 300.0. Please press any button when you are ready to continue.'
191.4236 	EXP 	text_5: autoDraw = False
191.4236 	EXP 	text_4: autoDraw = False
191.4236 	EXP 	image: image = 'images/12_0 copy 2.jpg'
191.4236 	EXP 	polygon: autoDraw = True
192.4217 	EXP 	image: autoDraw = True
195.4142 	EXP 	New trial (rep=0, index=27): OrderedDict([('current_image', 'images/24_0 copy 7.jpg'), ('is_repeat', 0), ('trial_index', 27), ('is_blank_trial', 0), ('is_new_run', 0), ('run_num', 0), ('all_blanks_list', [9, 19, 29, 39, 49, 59, 68, 69, 70, 71])])
195.4267 	EXP 	image: autoDraw = False
195.4267 	EXP 	polygon: autoDraw = False
195.4267 	EXP 	image: autoDraw = False
195.4267 	EXP 	polygon: autoDraw = False
195.4267 	EXP 	polygon_2: autoDraw = False
195.4267 	EXP 	text_5: height = 0.5000000000000002
195.4267 	EXP 	text_5: height = 0.5000000000000002
195.4267 	EXP 	text_5: height = 0.5000000000000002
195.4267 	EXP 	text_5: text = 'Good job! You succesfully responded to 7 out of 24 trials. Your performance score is now 300.0. Please press any button when you are ready to continue.'
195.4267 	EXP 	text_5: autoDraw = False
195.4267 	EXP 	text_4: autoDraw = False
195.4267 	EXP 	image: image = 'images/24_0 copy 7.jpg'
195.4267 	EXP 	polygon: autoDraw = True
196.4218 	EXP 	image: autoDraw = True
199.4141 	EXP 	New trial (rep=0, index=28): OrderedDict([('current_image', 'images/11_28 copy 3.jpg'), ('is_repeat', 0), ('trial_index', 28), ('is_blank_trial', 0), ('is_new_run', 0), ('run_num', 0), ('all_blanks_list', [9, 19, 29, 39, 49, 59, 68, 69, 70, 71])])
199.4252 	EXP 	image: autoDraw = False
199.4252 	EXP 	polygon: autoDraw = False
199.4252 	EXP 	image: autoDraw = False
199.4252 	EXP 	polygon: autoDraw = False
199.4252 	EXP 	polygon_2: autoDraw = False
199.4252 	EXP 	text_5: height = 0.5000000000000002
199.4252 	EXP 	text_5: height = 0.5000000000000002
199.4252 	EXP 	text_5: height = 0.5000000000000002
199.4252 	EXP 	text_5: text = 'Good job! You succesfully responded to 7 out of 25 trials. Your performance score is now 300.0. Please press any button when you are ready to continue.'
199.4252 	EXP 	text_5: autoDraw = False
199.4252 	EXP 	text_4: autoDraw = False
199.4252 	EXP 	image: image = 'images/11_28 copy 3.jpg'
199.4252 	EXP 	polygon: autoDraw = True
200.4217 	EXP 	image: autoDraw = True
203.4138 	EXP 	New trial (rep=0, index=29): OrderedDict([('current_image', 'images/blank.jpg'), ('is_repeat', 0), ('trial_index', 29), ('is_blank_trial', 1), ('is_new_run', 0), ('run_num', 0), ('all_blanks_list', [9, 19, 29, 39, 49, 59, 68, 69, 70, 71])])
203.4225 	EXP 	image: autoDraw = False
203.4225 	EXP 	polygon: autoDraw = False
203.4225 	EXP 	image: autoDraw = False
203.4225 	EXP 	polygon: autoDraw = False
203.4225 	EXP 	polygon_2: autoDraw = False
203.4225 	EXP 	text_5: height = 0.5000000000000002
203.4225 	EXP 	text_5: height = 0.5000000000000002
203.4225 	EXP 	text_5: height = 0.5000000000000002
203.4225 	EXP 	text_5: text = 'Good job! You succesfully responded to 7 out of 26 trials. Your performance score is now 300.0. Please press any button when you are ready to continue.'
203.4225 	EXP 	text_5: autoDraw = False
203.4225 	EXP 	text_4: autoDraw = False
203.4225 	EXP 	image: image = 'images/blank.jpg'
203.4225 	EXP 	image: autoDraw = False
203.4225 	EXP 	polygon: autoDraw = False
203.4225 	EXP 	polygon_2: autoDraw = True
207.4134 	EXP 	New trial (rep=0, index=30): OrderedDict([('current_image', 'images/pair04 copy 3.jpg'), ('is_repeat', 0), ('trial_index', 30), ('is_blank_trial', 0), ('is_new_run', 0), ('run_num', 0), ('all_blanks_list', [9, 19, 29, 39, 49, 59, 68, 69, 70, 71])])
207.4248 	EXP 	polygon_2: autoDraw = False
207.4248 	EXP 	polygon_2: autoDraw = False
207.4248 	EXP 	text_5: height = 0.5000000000000002
207.4248 	EXP 	text_5: height = 0.5000000000000002
207.4248 	EXP 	text_5: height = 0.5000000000000002
207.4248 	EXP 	text_5: text = 'Good job! You succesfully responded to 7 out of 27 trials. Your performance score is now 300.0. Please press any button when you are ready to continue.'
207.4248 	EXP 	text_5: autoDraw = False
207.4248 	EXP 	text_4: autoDraw = False
207.4248 	EXP 	image: image = 'images/pair04 copy 3.jpg'
207.4248 	EXP 	polygon: autoDraw = True
208.4216 	EXP 	image: autoDraw = True
211.4064 	EXP 	New trial (rep=0, index=31): OrderedDict([('current_image', 'images/10_12 copy 3.jpg'), ('is_repeat', 0), ('trial_index', 31), ('is_blank_trial', 0), ('is_new_run', 0), ('run_num', 0), ('all_blanks_list', [9, 19, 29, 39, 49, 59, 68, 69, 70, 71])])
211.4216 	EXP 	image: autoDraw = False
211.4216 	EXP 	polygon: autoDraw = False
211.4216 	EXP 	image: autoDraw = False
211.4216 	EXP 	polygon: autoDraw = False
211.4216 	EXP 	polygon_2: autoDraw = False
211.4216 	EXP 	text_5: text = 'Good job! You succesfully responded to 7 out of 27 trials. Your performance score is now 300.0. Please press any button when you are ready to continue.'
211.4216 	EXP 	text_5: autoDraw = False
211.4216 	EXP 	text_4: autoDraw = False
211.4216 	EXP 	image: image = 'images/10_12 copy 3.jpg'
211.4216 	EXP 	polygon: autoDraw = True
212.4217 	EXP 	image: autoDraw = True
214.3060 	DATA 	Keypress: escape
214.4550 	EXP 	replicate_nsd: status = STOPPED
214.4735 	EXP 	image: autoDraw = False
214.4735 	EXP 	polygon: autoDraw = False
214.4736 	EXP 	replicate_nsd: status = STOPPED
215.0876 	EXP 	window1: mouseVisible = True
