14.7475 	EXP 	Created window1 = Window(allowGUI=True, allowStencil=False, autoLog=True, backendConf=UNKNOWN, backgroundFit=<method-wrapper '__getattribute__' of attributeSetter object at 0x7fd9c164e490>, backgroundImage=<method-wrapper '__getattribute__' of attributeSetter object at 0x7fd9c164e430>, bitsMode=UNKNOWN, blendMode='avg', bpc=(8, 8, 8), color=array([-0.0039, -0.0039, -0.0039]), colorSpace='rgb', depthBits=8, fullscr=<method-wrapper '__getattribute__' of attributeSetter object at 0x7fd9c164e2b0>, gamma=array([[2.5724],
       [2.1906],
       [2.4422]], dtype=float32), gammaErrorPolicy='raise', lms=UNKNOWN, monitor=<psychopy.monitors.calibTools.Monitor object at 0x7fd9c1763310>, multiSample=False, name='window1', numSamples=2, pos=[448.0, 280.0], screen=0, size=array([3584, 2240]), stencilBits=0, stereo=False, title='PsychoPy', units='deg', useFBO=True, useRetina=True, viewOri=0.0, viewPos=None, viewScale=None, waitBlanking=True, winType='pyglet')
14.7476 	EXP 	window1: mouseVisible = True
14.7476 	EXP 	window1: backgroundImage = ''
14.7476 	EXP 	window1: backgroundFit = 'none'
14.7490 	EXP 	window1: Attempting to measure frame rate of screen (0) ...
14.7491 	EXP 	window1: recordFrameIntervals = False
14.9138 	EXP 	window1: recordFrameIntervals = True
15.0970 	EXP 	Screen (0) actual frame rate measured at 60.07Hz
15.0970 	EXP 	window1: recordFrameIntervals = False
15.0977 	EXP 	window1: mouseVisible = False
18.7239 	EXP 	replicate_nsd: status = STARTED
19.2973 	EXP 	window1: mouseVisible = True
19.3068 	EXP 	Created text_6 = TextStim(__class__=<class 'psychopy.visual.text.TextStim'>, alignHoriz=method-wrapper(...), alignText='center', alignVert=method-wrapper(...), anchorHoriz='center', anchorVert='center', antialias=True, autoDraw=False, autoLog=True, bold=False, color=array([1., 1., 1.]), colorSpace='rgb', contrast=1.0, depth=-1.0, draggable=False, flipHoriz=False, flipVert=False, font='Open Sans', fontFiles=[], height=0.5, italic=False, languageStyle='LTR', name='text_6', opacity=1.0, ori=0.0, pos=array([0., 0.]), rgb=UNKNOWN, text='', units='deg', win=Window(...), wrapWidth=15.0)
19.3070 	EXP 	window1: mouseVisible = True
19.3355 	EXP 	Created image_2 = ImageStim(__class__=<class 'psychopy.visual.image.ImageStim'>, anchor=('center', 'center'), autoLog=True, color=array([1., 1., 1.]), colorSpace='rgb', contrast=1.0, depth=0.0, draggable=False, flipHoriz=False, flipVert=False, image='default.png', interpolate=True, mask=None, maskParams=None, name='image_2', opacity=1.0, ori=0.0, pos=array([0., 0.]), size=array([8.4, 8.4]), texRes=128.0, units='deg', win=Window(...))
19.9039 	EXP 	window1: mouseVisible = True
19.9071 	EXP 	Created polygon_3 = ShapeStim(__class__=<class 'psychopy.visual.shape.ShapeStim'>, anchor=('center', 'center'), autoDraw=False, autoLog=True, closeShape=True, color=method-wrapper(...), colorSpace='rgb', contrast=None, depth=-2.0, draggable=False, fillColor=array([ 1., -1., -1.]), fillColorSpace='rgb', fillRGB=array([ 1., -1., -1.]), interpolate=True, lineColor=array([-1., -1., -1.]), lineColorSpace='rgb', lineRGB=array([-1., -1., -1.]), lineWidth=3.0, name='polygon_3', opacity=0.5, ori=0.0, pos=array([0., 0.]), size=array([0.2, 0.2]), units='deg', vertices=ndarray(...), win=Window(...), windingRule=None)
20.4780 	EXP 	window1: mouseVisible = True
20.4809 	EXP 	Created polygon_4 = ShapeStim(__class__=<class 'psychopy.visual.shape.ShapeStim'>, anchor=('center', 'center'), autoDraw=False, autoLog=True, closeShape=True, color=method-wrapper(...), colorSpace='rgb', contrast=None, depth=0.0, draggable=False, fillColor=array([ 1., -1., -1.]), fillColorSpace='rgb', fillRGB=array([ 1., -1., -1.]), interpolate=True, lineColor=array([-1., -1., -1.]), lineColorSpace='rgb', lineRGB=array([-1., -1., -1.]), lineWidth=3.0, name='polygon_4', opacity=0.5, ori=0.0, pos=array([0., 0.]), size=array([0.2, 0.2]), units='deg', vertices=ndarray(...), win=Window(...), windingRule=None)
21.0427 	EXP 	window1: mouseVisible = True
21.0440 	EXP 	Created text_7 = TextStim(__class__=<class 'psychopy.visual.text.TextStim'>, alignHoriz=method-wrapper(...), alignText='center', alignVert=method-wrapper(...), anchorHoriz='center', anchorVert='center', antialias=True, autoDraw=False, autoLog=True, bold=False, color=array([1., 1., 1.]), colorSpace='rgb', contrast=1.0, depth=-1.0, draggable=False, flipHoriz=False, flipVert=False, font='Open Sans', fontFiles=[], height=0.5, italic=False, languageStyle='LTR', name='text_7', opacity=1.0, ori=0.0, pos=array([0., 0.]), rgb=UNKNOWN, text='', units='deg', win=Window(...), wrapWidth=15.0)
21.6128 	EXP 	window1: mouseVisible = True
21.6534 	EXP 	Created text_3 = TextStim(__class__=<class 'psychopy.visual.text.TextStim'>, alignHoriz=method-wrapper(...), alignText='center', alignVert=method-wrapper(...), anchorHoriz='center', anchorVert='center', antialias=True, autoDraw=False, autoLog=True, bold=False, color=array([1., 1., 1.]), colorSpace='rgb', contrast=1.0, depth=-1.0, draggable=False, flipHoriz=False, flipVert=False, font='Open Sans', fontFiles=[], height=0.5000000000000001, italic=False, languageStyle='LTR', name='text_3', opacity=1.0, ori=0.0, pos=array([0., 0.]), rgb=UNKNOWN, text='waiting for scanner…', units='deg', win=Window(...), wrapWidth=15.0)
21.6535 	EXP 	window1: mouseVisible = True
21.6772 	EXP 	Created image = ImageStim(__class__=<class 'psychopy.visual.image.ImageStim'>, anchor=('center', 'center'), autoLog=True, color=array([1., 1., 1.]), colorSpace='rgb', contrast=1.0, depth=0.0, draggable=False, flipHoriz=False, flipVert=False, image='default.png', interpolate=True, mask=None, maskParams=None, name='image', opacity=1.0, ori=0.0, pos=array([0., 0.]), size=array([8.4, 8.4]), texRes=128.0, units='deg', win=Window(...))
22.2460 	EXP 	window1: mouseVisible = True
22.2491 	EXP 	Created polygon = ShapeStim(__class__=<class 'psychopy.visual.shape.ShapeStim'>, anchor=('center', 'center'), autoDraw=False, autoLog=True, closeShape=True, color=method-wrapper(...), colorSpace='rgb', contrast=None, depth=-2.0, draggable=False, fillColor=array([ 1., -1., -1.]), fillColorSpace='rgb', fillRGB=array([ 1., -1., -1.]), interpolate=True, lineColor=array([-1., -1., -1.]), lineColorSpace='rgb', lineRGB=array([-1., -1., -1.]), lineWidth=3.0, name='polygon', opacity=0.5, ori=0.0, pos=array([0., 0.]), size=array([0.2, 0.2]), units='deg', vertices=ndarray(...), win=Window(...), windingRule=None)
23.3711 	EXP 	window1: mouseVisible = True
23.3740 	EXP 	Created polygon_2 = ShapeStim(__class__=<class 'psychopy.visual.shape.ShapeStim'>, anchor=('center', 'center'), autoDraw=False, autoLog=True, closeShape=True, color=method-wrapper(...), colorSpace='rgb', contrast=None, depth=-1.0, draggable=False, fillColor=array([ 1., -1., -1.]), fillColorSpace='rgb', fillRGB=array([ 1., -1., -1.]), interpolate=True, lineColor=array([-1., -1., -1.]), lineColorSpace='rgb', lineRGB=array([-1., -1., -1.]), lineWidth=3.0, name='polygon_2', opacity=0.5, ori=0.0, pos=array([0., 0.]), size=array([0.2, 0.2]), units='deg', vertices=ndarray(...), win=Window(...), windingRule=None)
23.9448 	EXP 	window1: mouseVisible = True
23.9460 	EXP 	Created text_5 = TextStim(__class__=<class 'psychopy.visual.text.TextStim'>, alignHoriz=method-wrapper(...), alignText='center', alignVert=method-wrapper(...), anchorHoriz='center', anchorVert='center', antialias=True, autoDraw=False, autoLog=True, bold=False, color=array([1., 1., 1.]), colorSpace='rgb', contrast=1.0, depth=-3.0, draggable=False, flipHoriz=False, flipVert=False, font='Open Sans', fontFiles=[], height=0.5, italic=False, languageStyle='LTR', name='text_5', opacity=1.0, ori=0.0, pos=array([0., 0.]), rgb=UNKNOWN, text='', units='deg', win=Window(...), wrapWidth=15.0)
24.5068 	EXP 	window1: mouseVisible = True
24.5100 	EXP 	Created text_4 = TextStim(__class__=<class 'psychopy.visual.text.TextStim'>, alignHoriz=method-wrapper(...), alignText='center', alignVert=method-wrapper(...), anchorHoriz='center', anchorVert='center', antialias=True, autoDraw=False, autoLog=True, bold=False, color=array([1., 1., 1.]), colorSpace='rgb', contrast=1.0, depth=-1.0, draggable=False, flipHoriz=False, flipVert=False, font='Open Sans', fontFiles=[], height=0.5000000000000001, italic=False, languageStyle='LTR', name='text_4', opacity=1.0, ori=0.0, pos=array([0., 0.]), rgb=UNKNOWN, text='waiting for scanner…', units='deg', win=Window(...), wrapWidth=15.0)
0.0472 	EXP 	text_6: height = 0.5000000000000001
0.0472 	EXP 	text_6: height = 0.5000000000000001
0.0472 	EXP 	text_6: height = 0.5000000000000001
0.0472 	EXP 	text_6: text = 'Press any button to begin the practice trials.'
0.0472 	EXP 	text_6: autoDraw = True
9.2582 	DATA 	Keypress: space
9.7811 	EXP 	Imported practice_conditions_files/practice_participant64_.csv as conditions, 20 conditions, 3 params
9.7817 	EXP 	Created sequence: sequential, trialTypes=20, nReps=1, seed=None
9.7819 	EXP 	New trial (rep=0, index=0): OrderedDict([('current_image', 'practice_images/paired_image_28_1.png'), ('trial_index', 0), ('is_blank_trial', 0)])
9.8041 	DATA 	Keypress: 2
9.8093 	EXP 	text_6: autoDraw = False
9.8093 	EXP 	image_2: image = 'practice_images/paired_image_28_1.png'
9.8093 	EXP 	polygon_3: autoDraw = True
10.8043 	EXP 	image_2: autoDraw = True
13.7897 	EXP 	New trial (rep=0, index=1): OrderedDict([('current_image', 'practice_images/paired_image_25_2.png'), ('trial_index', 1), ('is_blank_trial', 0)])
13.8041 	EXP 	image_2: autoDraw = False
13.8041 	EXP 	polygon_3: autoDraw = False
13.8041 	EXP 	image_2: autoDraw = False
13.8041 	EXP 	polygon_3: autoDraw = False
13.8041 	EXP 	polygon_4: autoDraw = False
13.8041 	EXP 	image_2: image = 'practice_images/paired_image_25_2.png'
13.8041 	EXP 	polygon_3: autoDraw = True
14.8043 	EXP 	image_2: autoDraw = True
17.7889 	EXP 	New trial (rep=0, index=2): OrderedDict([('current_image', 'practice_images/paired_image_21_2.png'), ('trial_index', 2), ('is_blank_trial', 0)])
17.8033 	EXP 	image_2: autoDraw = False
17.8033 	EXP 	polygon_3: autoDraw = False
17.8033 	EXP 	image_2: autoDraw = False
17.8033 	EXP 	polygon_3: autoDraw = False
17.8033 	EXP 	polygon_4: autoDraw = False
17.8033 	EXP 	image_2: image = 'practice_images/paired_image_21_2.png'
17.8033 	EXP 	polygon_3: autoDraw = True
18.8043 	EXP 	image_2: autoDraw = True
21.7889 	EXP 	New trial (rep=0, index=3): OrderedDict([('current_image', 'practice_images/paired_image_33_1.png'), ('trial_index', 3), ('is_blank_trial', 0)])
21.8034 	EXP 	image_2: autoDraw = False
21.8034 	EXP 	polygon_3: autoDraw = False
21.8034 	EXP 	image_2: autoDraw = False
21.8034 	EXP 	polygon_3: autoDraw = False
21.8034 	EXP 	polygon_4: autoDraw = False
21.8034 	EXP 	image_2: image = 'practice_images/paired_image_33_1.png'
21.8034 	EXP 	polygon_3: autoDraw = True
22.8042 	EXP 	image_2: autoDraw = True
25.7889 	EXP 	New trial (rep=0, index=4): OrderedDict([('current_image', 'practice_images/paired_image_22_2.png'), ('trial_index', 4), ('is_blank_trial', 0)])
25.8032 	EXP 	image_2: autoDraw = False
25.8032 	EXP 	polygon_3: autoDraw = False
25.8032 	EXP 	image_2: autoDraw = False
25.8032 	EXP 	polygon_3: autoDraw = False
25.8032 	EXP 	polygon_4: autoDraw = False
25.8032 	EXP 	image_2: image = 'practice_images/paired_image_22_2.png'
25.8032 	EXP 	polygon_3: autoDraw = True
26.8043 	EXP 	image_2: autoDraw = True
29.7889 	EXP 	New trial (rep=0, index=5): OrderedDict([('current_image', 'practice_images/paired_image_2_1.png'), ('trial_index', 5), ('is_blank_trial', 0)])
29.8033 	EXP 	image_2: autoDraw = False
29.8033 	EXP 	polygon_3: autoDraw = False
29.8033 	EXP 	image_2: autoDraw = False
29.8033 	EXP 	polygon_3: autoDraw = False
29.8033 	EXP 	polygon_4: autoDraw = False
29.8033 	EXP 	image_2: image = 'practice_images/paired_image_2_1.png'
29.8033 	EXP 	polygon_3: autoDraw = True
30.8043 	EXP 	image_2: autoDraw = True
33.7890 	EXP 	New trial (rep=0, index=6): OrderedDict([('current_image', 'practice_images/paired_image_15_2.png'), ('trial_index', 6), ('is_blank_trial', 0)])
33.8032 	EXP 	image_2: autoDraw = False
33.8032 	EXP 	polygon_3: autoDraw = False
33.8032 	EXP 	image_2: autoDraw = False
33.8032 	EXP 	polygon_3: autoDraw = False
33.8032 	EXP 	polygon_4: autoDraw = False
33.8032 	EXP 	image_2: image = 'practice_images/paired_image_15_2.png'
33.8032 	EXP 	polygon_3: autoDraw = True
34.8048 	EXP 	image_2: autoDraw = True
37.7884 	EXP 	New trial (rep=0, index=7): OrderedDict([('current_image', 'practice_images/paired_image_20_2.png'), ('trial_index', 7), ('is_blank_trial', 0)])
37.8041 	EXP 	image_2: autoDraw = False
37.8041 	EXP 	polygon_3: autoDraw = False
37.8041 	EXP 	image_2: autoDraw = False
37.8041 	EXP 	polygon_3: autoDraw = False
37.8041 	EXP 	polygon_4: autoDraw = False
37.8041 	EXP 	image_2: image = 'practice_images/paired_image_20_2.png'
37.8041 	EXP 	polygon_3: autoDraw = True
38.8048 	EXP 	image_2: autoDraw = True
41.7890 	EXP 	New trial (rep=0, index=8): OrderedDict([('current_image', 'practice_images/paired_image_27_1.png'), ('trial_index', 8), ('is_blank_trial', 0)])
41.8041 	EXP 	image_2: autoDraw = False
41.8041 	EXP 	polygon_3: autoDraw = False
41.8041 	EXP 	image_2: autoDraw = False
41.8041 	EXP 	polygon_3: autoDraw = False
41.8041 	EXP 	polygon_4: autoDraw = False
41.8041 	EXP 	image_2: image = 'practice_images/paired_image_27_1.png'
41.8041 	EXP 	polygon_3: autoDraw = True
42.8043 	EXP 	image_2: autoDraw = True
45.7883 	EXP 	New trial (rep=0, index=9): OrderedDict([('current_image', 'practice_images/paired_image_4_2.png'), ('trial_index', 9), ('is_blank_trial', 0)])
45.8041 	EXP 	image_2: autoDraw = False
45.8041 	EXP 	polygon_3: autoDraw = False
45.8041 	EXP 	image_2: autoDraw = False
45.8041 	EXP 	polygon_3: autoDraw = False
45.8041 	EXP 	polygon_4: autoDraw = False
45.8041 	EXP 	image_2: image = 'practice_images/paired_image_4_2.png'
45.8041 	EXP 	polygon_3: autoDraw = True
46.8043 	EXP 	image_2: autoDraw = True
49.7883 	EXP 	New trial (rep=0, index=10): OrderedDict([('current_image', 'blank.jpg'), ('trial_index', 10), ('is_blank_trial', 1)])
49.8042 	EXP 	image_2: autoDraw = False
49.8042 	EXP 	polygon_3: autoDraw = False
49.8042 	EXP 	image_2: autoDraw = False
49.8042 	EXP 	polygon_3: autoDraw = False
49.8042 	EXP 	polygon_4: autoDraw = False
49.8042 	EXP 	image_2: image = 'blank.jpg'
49.8042 	EXP 	image_2: autoDraw = False
49.8042 	EXP 	polygon_3: autoDraw = False
49.8042 	EXP 	polygon_4: autoDraw = True
53.8390 	EXP 	New trial (rep=0, index=11): OrderedDict([('current_image', 'practice_images/paired_image_24_1.png'), ('trial_index', 11), ('is_blank_trial', 0)])
53.8538 	EXP 	polygon_4: autoDraw = False
53.8538 	EXP 	polygon_4: autoDraw = False
53.8538 	EXP 	image_2: image = 'practice_images/paired_image_24_1.png'
53.8538 	EXP 	polygon_3: autoDraw = True
54.8549 	EXP 	image_2: autoDraw = True
57.8394 	EXP 	New trial (rep=0, index=12): OrderedDict([('current_image', 'practice_images/paired_image_19_1.png'), ('trial_index', 12), ('is_blank_trial', 0)])
57.8539 	EXP 	image_2: autoDraw = False
57.8539 	EXP 	polygon_3: autoDraw = False
57.8539 	EXP 	image_2: autoDraw = False
57.8539 	EXP 	polygon_3: autoDraw = False
57.8539 	EXP 	polygon_4: autoDraw = False
57.8539 	EXP 	image_2: image = 'practice_images/paired_image_19_1.png'
57.8539 	EXP 	polygon_3: autoDraw = True
58.8548 	EXP 	image_2: autoDraw = True
61.8382 	EXP 	New trial (rep=0, index=13): OrderedDict([('current_image', 'practice_images/paired_image_30_1.png'), ('trial_index', 13), ('is_blank_trial', 0)])
61.8542 	EXP 	image_2: autoDraw = False
61.8542 	EXP 	polygon_3: autoDraw = False
61.8542 	EXP 	image_2: autoDraw = False
61.8542 	EXP 	polygon_3: autoDraw = False
61.8542 	EXP 	polygon_4: autoDraw = False
61.8542 	EXP 	image_2: image = 'practice_images/paired_image_30_1.png'
61.8542 	EXP 	polygon_3: autoDraw = True
62.8550 	EXP 	image_2: autoDraw = True
65.8391 	EXP 	New trial (rep=0, index=14): OrderedDict([('current_image', 'practice_images/paired_image_15_1.png'), ('trial_index', 14), ('is_blank_trial', 0)])
65.8542 	EXP 	image_2: autoDraw = False
65.8542 	EXP 	polygon_3: autoDraw = False
65.8542 	EXP 	image_2: autoDraw = False
65.8542 	EXP 	polygon_3: autoDraw = False
65.8542 	EXP 	polygon_4: autoDraw = False
65.8542 	EXP 	image_2: image = 'practice_images/paired_image_15_1.png'
65.8542 	EXP 	polygon_3: autoDraw = True
66.8549 	EXP 	image_2: autoDraw = True
69.8389 	EXP 	New trial (rep=0, index=15): OrderedDict([('current_image', 'practice_images/paired_image_36_2.png'), ('trial_index', 15), ('is_blank_trial', 0)])
69.8543 	EXP 	image_2: autoDraw = False
69.8543 	EXP 	polygon_3: autoDraw = False
69.8543 	EXP 	image_2: autoDraw = False
69.8543 	EXP 	polygon_3: autoDraw = False
69.8543 	EXP 	polygon_4: autoDraw = False
69.8543 	EXP 	image_2: image = 'practice_images/paired_image_36_2.png'
69.8543 	EXP 	polygon_3: autoDraw = True
70.8549 	EXP 	image_2: autoDraw = True
73.8390 	EXP 	New trial (rep=0, index=16): OrderedDict([('current_image', 'practice_images/paired_image_36_1.png'), ('trial_index', 16), ('is_blank_trial', 0)])
73.8539 	EXP 	image_2: autoDraw = False
73.8539 	EXP 	polygon_3: autoDraw = False
73.8539 	EXP 	image_2: autoDraw = False
73.8539 	EXP 	polygon_3: autoDraw = False
73.8539 	EXP 	polygon_4: autoDraw = False
73.8539 	EXP 	image_2: image = 'practice_images/paired_image_36_1.png'
73.8539 	EXP 	polygon_3: autoDraw = True
74.8549 	EXP 	image_2: autoDraw = True
77.8393 	EXP 	New trial (rep=0, index=17): OrderedDict([('current_image', 'practice_images/paired_image_29_1.png'), ('trial_index', 17), ('is_blank_trial', 0)])
77.8539 	EXP 	image_2: autoDraw = False
77.8539 	EXP 	polygon_3: autoDraw = False
77.8539 	EXP 	image_2: autoDraw = False
77.8539 	EXP 	polygon_3: autoDraw = False
77.8539 	EXP 	polygon_4: autoDraw = False
77.8539 	EXP 	image_2: image = 'practice_images/paired_image_29_1.png'
77.8539 	EXP 	polygon_3: autoDraw = True
78.8549 	EXP 	image_2: autoDraw = True
81.8391 	EXP 	New trial (rep=0, index=18): OrderedDict([('current_image', 'practice_images/paired_image_18_1.png'), ('trial_index', 18), ('is_blank_trial', 0)])
81.8538 	EXP 	image_2: autoDraw = False
81.8538 	EXP 	polygon_3: autoDraw = False
81.8538 	EXP 	image_2: autoDraw = False
81.8538 	EXP 	polygon_3: autoDraw = False
81.8538 	EXP 	polygon_4: autoDraw = False
81.8538 	EXP 	image_2: image = 'practice_images/paired_image_18_1.png'
81.8538 	EXP 	polygon_3: autoDraw = True
82.8548 	EXP 	image_2: autoDraw = True
85.8393 	EXP 	New trial (rep=0, index=19): OrderedDict([('current_image', 'practice_images/paired_image_12_1.png'), ('trial_index', 19), ('is_blank_trial', 0)])
85.8538 	EXP 	image_2: autoDraw = False
85.8538 	EXP 	polygon_3: autoDraw = False
85.8538 	EXP 	image_2: autoDraw = False
85.8538 	EXP 	polygon_3: autoDraw = False
85.8538 	EXP 	polygon_4: autoDraw = False
85.8538 	EXP 	image_2: image = 'practice_images/paired_image_12_1.png'
85.8538 	EXP 	polygon_3: autoDraw = True
86.8549 	EXP 	image_2: autoDraw = True
89.8571 	EXP 	image_2: autoDraw = False
89.8571 	EXP 	polygon_3: autoDraw = False
89.8571 	EXP 	image_2: autoDraw = False
89.8571 	EXP 	polygon_3: autoDraw = False
89.8571 	EXP 	polygon_4: autoDraw = False
89.8571 	EXP 	text_7: height = 0.5000000000000001
89.8571 	EXP 	text_7: height = 0.5000000000000001
89.8571 	EXP 	text_7: height = 0.5000000000000001
89.8571 	EXP 	text_7: text = 'Good job! You finished the practice trials. Press any button to begin the experiment.'
89.8571 	EXP 	text_7: autoDraw = True
94.8768 	DATA 	Keypress: 2
94.8925 	EXP 	text_7: autoDraw = False
94.8925 	EXP 	text_3: autoDraw = True
97.0768 	EXP 	Imported conditions_files/participant64_.csv as conditions, 1152 conditions, 7 params
97.0802 	EXP 	Created sequence: sequential, trialTypes=1152, nReps=1, seed=None
97.0804 	EXP 	New trial (rep=0, index=0): OrderedDict([('current_image', 'images/image_110_seed_1.png'), ('is_repeat', 0), ('trial_index', 0), ('is_blank_trial', 0), ('is_new_run', 0), ('run_num', 0), ('all_blanks_list', [9, 19, 29, 39, 49, 59, 68, 69, 70, 71])])
97.0894 	EXP 	New trial (rep=0, index=1): OrderedDict([('current_image', 'images/image_4_seed_1.png'), ('is_repeat', 0), ('trial_index', 1), ('is_blank_trial', 0), ('is_new_run', 0), ('run_num', 0), ('all_blanks_list', [9, 19, 29, 39, 49, 59, 68, 69, 70, 71])])
97.0950 	EXP 	New trial (rep=0, index=2): OrderedDict([('current_image', 'images/image_631_seed_1.png'), ('is_repeat', 0), ('trial_index', 2), ('is_blank_trial', 0), ('is_new_run', 0), ('run_num', 0), ('all_blanks_list', [9, 19, 29, 39, 49, 59, 68, 69, 70, 71])])
97.0996 	EXP 	New trial (rep=0, index=3): OrderedDict([('current_image', 'images/image_508_seed_1.png'), ('is_repeat', 0), ('trial_index', 3), ('is_blank_trial', 0), ('is_new_run', 0), ('run_num', 0), ('all_blanks_list', [9, 19, 29, 39, 49, 59, 68, 69, 70, 71])])
97.1044 	EXP 	New trial (rep=0, index=4): OrderedDict([('current_image', 'images/image_680_seed_1.png'), ('is_repeat', 0), ('trial_index', 4), ('is_blank_trial', 0), ('is_new_run', 0), ('run_num', 0), ('all_blanks_list', [9, 19, 29, 39, 49, 59, 68, 69, 70, 71])])
97.1107 	EXP 	New trial (rep=0, index=5): OrderedDict([('current_image', 'images/image_167_seed_1.png'), ('is_repeat', 0), ('trial_index', 5), ('is_blank_trial', 0), ('is_new_run', 0), ('run_num', 0), ('all_blanks_list', [9, 19, 29, 39, 49, 59, 68, 69, 70, 71])])
97.1155 	EXP 	New trial (rep=0, index=6): OrderedDict([('current_image', 'images/image_102_seed_1.png'), ('is_repeat', 0), ('trial_index', 6), ('is_blank_trial', 0), ('is_new_run', 0), ('run_num', 0), ('all_blanks_list', [9, 19, 29, 39, 49, 59, 68, 69, 70, 71])])
97.1201 	EXP 	New trial (rep=0, index=7): OrderedDict([('current_image', 'images/image_12_seed_1.png'), ('is_repeat', 0), ('trial_index', 7), ('is_blank_trial', 0), ('is_new_run', 0), ('run_num', 0), ('all_blanks_list', [9, 19, 29, 39, 49, 59, 68, 69, 70, 71])])
97.1250 	EXP 	New trial (rep=0, index=8): OrderedDict([('current_image', 'images/image_382_seed_1.png'), ('is_repeat', 0), ('trial_index', 8), ('is_blank_trial', 0), ('is_new_run', 0), ('run_num', 0), ('all_blanks_list', [9, 19, 29, 39, 49, 59, 68, 69, 70, 71])])
97.1297 	EXP 	New trial (rep=0, index=9): OrderedDict([('current_image', 'blank.jpg'), ('is_repeat', 0), ('trial_index', 9), ('is_blank_trial', 1), ('is_new_run', 0), ('run_num', 0), ('all_blanks_list', [9, 19, 29, 39, 49, 59, 68, 69, 70, 71])])
97.1321 	EXP 	New trial (rep=0, index=10): OrderedDict([('current_image', 'images/image_608_seed_1.png'), ('is_repeat', 0), ('trial_index', 10), ('is_blank_trial', 0), ('is_new_run', 0), ('run_num', 0), ('all_blanks_list', [9, 19, 29, 39, 49, 59, 68, 69, 70, 71])])
97.1364 	EXP 	New trial (rep=0, index=11): OrderedDict([('current_image', 'images/image_749_seed_1.png'), ('is_repeat', 0), ('trial_index', 11), ('is_blank_trial', 0), ('is_new_run', 0), ('run_num', 0), ('all_blanks_list', [9, 19, 29, 39, 49, 59, 68, 69, 70, 71])])
97.1420 	EXP 	New trial (rep=0, index=12): OrderedDict([('current_image', 'images/image_128_seed_1.png'), ('is_repeat', 0), ('trial_index', 12), ('is_blank_trial', 0), ('is_new_run', 0), ('run_num', 0), ('all_blanks_list', [9, 19, 29, 39, 49, 59, 68, 69, 70, 71])])
97.1466 	EXP 	New trial (rep=0, index=13): OrderedDict([('current_image', 'images/image_264_seed_1.png'), ('is_repeat', 0), ('trial_index', 13), ('is_blank_trial', 0), ('is_new_run', 0), ('run_num', 0), ('all_blanks_list', [9, 19, 29, 39, 49, 59, 68, 69, 70, 71])])
97.1510 	EXP 	New trial (rep=0, index=14): OrderedDict([('current_image', 'images/image_59_seed_1.png'), ('is_repeat', 0), ('trial_index', 14), ('is_blank_trial', 0), ('is_new_run', 0), ('run_num', 0), ('all_blanks_list', [9, 19, 29, 39, 49, 59, 68, 69, 70, 71])])
97.1553 	EXP 	New trial (rep=0, index=15): OrderedDict([('current_image', 'images/image_23_seed_1.png'), ('is_repeat', 0), ('trial_index', 15), ('is_blank_trial', 0), ('is_new_run', 0), ('run_num', 0), ('all_blanks_list', [9, 19, 29, 39, 49, 59, 68, 69, 70, 71])])
97.1602 	EXP 	New trial (rep=0, index=16): OrderedDict([('current_image', 'images/image_686_seed_1.png'), ('is_repeat', 0), ('trial_index', 16), ('is_blank_trial', 0), ('is_new_run', 0), ('run_num', 0), ('all_blanks_list', [9, 19, 29, 39, 49, 59, 68, 69, 70, 71])])
97.1650 	EXP 	New trial (rep=0, index=17): OrderedDict([('current_image', 'images/image_79_seed_1.png'), ('is_repeat', 0), ('trial_index', 17), ('is_blank_trial', 0), ('is_new_run', 0), ('run_num', 0), ('all_blanks_list', [9, 19, 29, 39, 49, 59, 68, 69, 70, 71])])
97.1695 	EXP 	New trial (rep=0, index=18): OrderedDict([('current_image', 'images/image_422_seed_1.png'), ('is_repeat', 0), ('trial_index', 18), ('is_blank_trial', 0), ('is_new_run', 0), ('run_num', 0), ('all_blanks_list', [9, 19, 29, 39, 49, 59, 68, 69, 70, 71])])
97.1745 	EXP 	New trial (rep=0, index=19): OrderedDict([('current_image', 'blank.jpg'), ('is_repeat', 0), ('trial_index', 19), ('is_blank_trial', 1), ('is_new_run', 0), ('run_num', 0), ('all_blanks_list', [9, 19, 29, 39, 49, 59, 68, 69, 70, 71])])
97.1768 	EXP 	New trial (rep=0, index=20): OrderedDict([('current_image', 'images/image_191_seed_1.png'), ('is_repeat', 0), ('trial_index', 20), ('is_blank_trial', 0), ('is_new_run', 0), ('run_num', 0), ('all_blanks_list', [9, 19, 29, 39, 49, 59, 68, 69, 70, 71])])
97.1816 	EXP 	New trial (rep=0, index=21): OrderedDict([('current_image', 'images/image_519_seed_1.png'), ('is_repeat', 0), ('trial_index', 21), ('is_blank_trial', 0), ('is_new_run', 0), ('run_num', 0), ('all_blanks_list', [9, 19, 29, 39, 49, 59, 68, 69, 70, 71])])
97.1863 	EXP 	New trial (rep=0, index=22): OrderedDict([('current_image', 'images/image_728_seed_1.png'), ('is_repeat', 0), ('trial_index', 22), ('is_blank_trial', 0), ('is_new_run', 0), ('run_num', 0), ('all_blanks_list', [9, 19, 29, 39, 49, 59, 68, 69, 70, 71])])
97.1908 	EXP 	New trial (rep=0, index=23): OrderedDict([('current_image', 'images/image_306_seed_1.png'), ('is_repeat', 0), ('trial_index', 23), ('is_blank_trial', 0), ('is_new_run', 0), ('run_num', 0), ('all_blanks_list', [9, 19, 29, 39, 49, 59, 68, 69, 70, 71])])
97.1961 	EXP 	New trial (rep=0, index=24): OrderedDict([('current_image', 'images/image_689_seed_1.png'), ('is_repeat', 0), ('trial_index', 24), ('is_blank_trial', 0), ('is_new_run', 0), ('run_num', 0), ('all_blanks_list', [9, 19, 29, 39, 49, 59, 68, 69, 70, 71])])
97.2017 	EXP 	New trial (rep=0, index=25): OrderedDict([('current_image', 'images/image_3_seed_1.png'), ('is_repeat', 0), ('trial_index', 25), ('is_blank_trial', 0), ('is_new_run', 0), ('run_num', 0), ('all_blanks_list', [9, 19, 29, 39, 49, 59, 68, 69, 70, 71])])
97.2076 	EXP 	New trial (rep=0, index=26): OrderedDict([('current_image', 'images/image_486_seed_1.png'), ('is_repeat', 0), ('trial_index', 26), ('is_blank_trial', 0), ('is_new_run', 0), ('run_num', 0), ('all_blanks_list', [9, 19, 29, 39, 49, 59, 68, 69, 70, 71])])
97.2139 	EXP 	New trial (rep=0, index=27): OrderedDict([('current_image', 'images/image_358_seed_1.png'), ('is_repeat', 0), ('trial_index', 27), ('is_blank_trial', 0), ('is_new_run', 0), ('run_num', 0), ('all_blanks_list', [9, 19, 29, 39, 49, 59, 68, 69, 70, 71])])
97.2193 	EXP 	New trial (rep=0, index=28): OrderedDict([('current_image', 'images/image_293_seed_1.png'), ('is_repeat', 0), ('trial_index', 28), ('is_blank_trial', 0), ('is_new_run', 0), ('run_num', 0), ('all_blanks_list', [9, 19, 29, 39, 49, 59, 68, 69, 70, 71])])
97.2242 	EXP 	New trial (rep=0, index=29): OrderedDict([('current_image', 'blank.jpg'), ('is_repeat', 0), ('trial_index', 29), ('is_blank_trial', 1), ('is_new_run', 0), ('run_num', 0), ('all_blanks_list', [9, 19, 29, 39, 49, 59, 68, 69, 70, 71])])
97.2265 	EXP 	New trial (rep=0, index=30): OrderedDict([('current_image', 'images/image_609_seed_1.png'), ('is_repeat', 0), ('trial_index', 30), ('is_blank_trial', 0), ('is_new_run', 0), ('run_num', 0), ('all_blanks_list', [9, 19, 29, 39, 49, 59, 68, 69, 70, 71])])
97.2316 	EXP 	New trial (rep=0, index=31): OrderedDict([('current_image', 'images/image_645_seed_1.png'), ('is_repeat', 0), ('trial_index', 31), ('is_blank_trial', 0), ('is_new_run', 0), ('run_num', 0), ('all_blanks_list', [9, 19, 29, 39, 49, 59, 68, 69, 70, 71])])
97.2368 	EXP 	New trial (rep=0, index=32): OrderedDict([('current_image', 'images/image_118_seed_1.png'), ('is_repeat', 0), ('trial_index', 32), ('is_blank_trial', 0), ('is_new_run', 0), ('run_num', 0), ('all_blanks_list', [9, 19, 29, 39, 49, 59, 68, 69, 70, 71])])
97.2418 	EXP 	New trial (rep=0, index=33): OrderedDict([('current_image', 'images/image_725_seed_1.png'), ('is_repeat', 0), ('trial_index', 33), ('is_blank_trial', 0), ('is_new_run', 0), ('run_num', 0), ('all_blanks_list', [9, 19, 29, 39, 49, 59, 68, 69, 70, 71])])
97.2465 	EXP 	New trial (rep=0, index=34): OrderedDict([('current_image', 'images/image_408_seed_1.png'), ('is_repeat', 0), ('trial_index', 34), ('is_blank_trial', 0), ('is_new_run', 0), ('run_num', 0), ('all_blanks_list', [9, 19, 29, 39, 49, 59, 68, 69, 70, 71])])
97.2521 	EXP 	New trial (rep=0, index=35): OrderedDict([('current_image', 'images/image_218_seed_1.png'), ('is_repeat', 0), ('trial_index', 35), ('is_blank_trial', 0), ('is_new_run', 0), ('run_num', 0), ('all_blanks_list', [9, 19, 29, 39, 49, 59, 68, 69, 70, 71])])
97.2572 	EXP 	New trial (rep=0, index=36): OrderedDict([('current_image', 'images/image_62_seed_1.png'), ('is_repeat', 0), ('trial_index', 36), ('is_blank_trial', 0), ('is_new_run', 0), ('run_num', 0), ('all_blanks_list', [9, 19, 29, 39, 49, 59, 68, 69, 70, 71])])
97.2619 	EXP 	New trial (rep=0, index=37): OrderedDict([('current_image', 'images/image_555_seed_1.png'), ('is_repeat', 0), ('trial_index', 37), ('is_blank_trial', 0), ('is_new_run', 0), ('run_num', 0), ('all_blanks_list', [9, 19, 29, 39, 49, 59, 68, 69, 70, 71])])
97.2667 	EXP 	New trial (rep=0, index=38): OrderedDict([('current_image', 'images/image_625_seed_1.png'), ('is_repeat', 0), ('trial_index', 38), ('is_blank_trial', 0), ('is_new_run', 0), ('run_num', 0), ('all_blanks_list', [9, 19, 29, 39, 49, 59, 68, 69, 70, 71])])
97.2715 	EXP 	New trial (rep=0, index=39): OrderedDict([('current_image', 'blank.jpg'), ('is_repeat', 0), ('trial_index', 39), ('is_blank_trial', 1), ('is_new_run', 0), ('run_num', 0), ('all_blanks_list', [9, 19, 29, 39, 49, 59, 68, 69, 70, 71])])
97.2738 	EXP 	New trial (rep=0, index=40): OrderedDict([('current_image', 'images/image_223_seed_1.png'), ('is_repeat', 0), ('trial_index', 40), ('is_blank_trial', 0), ('is_new_run', 0), ('run_num', 0), ('all_blanks_list', [9, 19, 29, 39, 49, 59, 68, 69, 70, 71])])
97.2786 	EXP 	New trial (rep=0, index=41): OrderedDict([('current_image', 'images/image_338_seed_1.png'), ('is_repeat', 0), ('trial_index', 41), ('is_blank_trial', 0), ('is_new_run', 0), ('run_num', 0), ('all_blanks_list', [9, 19, 29, 39, 49, 59, 68, 69, 70, 71])])
97.2834 	EXP 	New trial (rep=0, index=42): OrderedDict([('current_image', 'images/image_628_seed_1.png'), ('is_repeat', 0), ('trial_index', 42), ('is_blank_trial', 0), ('is_new_run', 0), ('run_num', 0), ('all_blanks_list', [9, 19, 29, 39, 49, 59, 68, 69, 70, 71])])
97.2879 	EXP 	New trial (rep=0, index=43): OrderedDict([('current_image', 'images/image_165_seed_1.png'), ('is_repeat', 0), ('trial_index', 43), ('is_blank_trial', 0), ('is_new_run', 0), ('run_num', 0), ('all_blanks_list', [9, 19, 29, 39, 49, 59, 68, 69, 70, 71])])
97.2925 	EXP 	New trial (rep=0, index=44): OrderedDict([('current_image', 'images/image_247_seed_1.png'), ('is_repeat', 0), ('trial_index', 44), ('is_blank_trial', 0), ('is_new_run', 0), ('run_num', 0), ('all_blanks_list', [9, 19, 29, 39, 49, 59, 68, 69, 70, 71])])
97.2972 	EXP 	New trial (rep=0, index=45): OrderedDict([('current_image', 'images/image_517_seed_1.png'), ('is_repeat', 0), ('trial_index', 45), ('is_blank_trial', 0), ('is_new_run', 0), ('run_num', 0), ('all_blanks_list', [9, 19, 29, 39, 49, 59, 68, 69, 70, 71])])
97.3020 	EXP 	New trial (rep=0, index=46): OrderedDict([('current_image', 'images/image_498_seed_1.png'), ('is_repeat', 0), ('trial_index', 46), ('is_blank_trial', 0), ('is_new_run', 0), ('run_num', 0), ('all_blanks_list', [9, 19, 29, 39, 49, 59, 68, 69, 70, 71])])
97.3068 	EXP 	New trial (rep=0, index=47): OrderedDict([('current_image', 'images/image_557_seed_1.png'), ('is_repeat', 0), ('trial_index', 47), ('is_blank_trial', 0), ('is_new_run', 0), ('run_num', 0), ('all_blanks_list', [9, 19, 29, 39, 49, 59, 68, 69, 70, 71])])
97.3126 	EXP 	New trial (rep=0, index=48): OrderedDict([('current_image', 'images/image_607_seed_1.png'), ('is_repeat', 0), ('trial_index', 48), ('is_blank_trial', 0), ('is_new_run', 0), ('run_num', 0), ('all_blanks_list', [9, 19, 29, 39, 49, 59, 68, 69, 70, 71])])
97.3179 	EXP 	New trial (rep=0, index=49): OrderedDict([('current_image', 'blank.jpg'), ('is_repeat', 0), ('trial_index', 49), ('is_blank_trial', 1), ('is_new_run', 0), ('run_num', 0), ('all_blanks_list', [9, 19, 29, 39, 49, 59, 68, 69, 70, 71])])
97.3211 	EXP 	New trial (rep=0, index=50): OrderedDict([('current_image', 'images/image_568_seed_1.png'), ('is_repeat', 0), ('trial_index', 50), ('is_blank_trial', 0), ('is_new_run', 0), ('run_num', 0), ('all_blanks_list', [9, 19, 29, 39, 49, 59, 68, 69, 70, 71])])
97.3269 	EXP 	New trial (rep=0, index=51): OrderedDict([('current_image', 'images/image_565_seed_1.png'), ('is_repeat', 0), ('trial_index', 51), ('is_blank_trial', 0), ('is_new_run', 0), ('run_num', 0), ('all_blanks_list', [9, 19, 29, 39, 49, 59, 68, 69, 70, 71])])
97.3330 	EXP 	New trial (rep=0, index=52): OrderedDict([('current_image', 'images/image_357_seed_1.png'), ('is_repeat', 0), ('trial_index', 52), ('is_blank_trial', 0), ('is_new_run', 0), ('run_num', 0), ('all_blanks_list', [9, 19, 29, 39, 49, 59, 68, 69, 70, 71])])
97.3397 	EXP 	New trial (rep=0, index=53): OrderedDict([('current_image', 'images/image_632_seed_1.png'), ('is_repeat', 0), ('trial_index', 53), ('is_blank_trial', 0), ('is_new_run', 0), ('run_num', 0), ('all_blanks_list', [9, 19, 29, 39, 49, 59, 68, 69, 70, 71])])
97.3448 	EXP 	New trial (rep=0, index=54): OrderedDict([('current_image', 'images/image_348_seed_1.png'), ('is_repeat', 0), ('trial_index', 54), ('is_blank_trial', 0), ('is_new_run', 0), ('run_num', 0), ('all_blanks_list', [9, 19, 29, 39, 49, 59, 68, 69, 70, 71])])
97.3502 	EXP 	New trial (rep=0, index=55): OrderedDict([('current_image', 'images/image_554_seed_1.png'), ('is_repeat', 0), ('trial_index', 55), ('is_blank_trial', 0), ('is_new_run', 0), ('run_num', 0), ('all_blanks_list', [9, 19, 29, 39, 49, 59, 68, 69, 70, 71])])
97.3556 	EXP 	New trial (rep=0, index=56): OrderedDict([('current_image', 'images/image_133_seed_1.png'), ('is_repeat', 0), ('trial_index', 56), ('is_blank_trial', 0), ('is_new_run', 0), ('run_num', 0), ('all_blanks_list', [9, 19, 29, 39, 49, 59, 68, 69, 70, 71])])
97.3611 	EXP 	New trial (rep=0, index=57): OrderedDict([('current_image', 'images/image_309_seed_1.png'), ('is_repeat', 0), ('trial_index', 57), ('is_blank_trial', 0), ('is_new_run', 0), ('run_num', 0), ('all_blanks_list', [9, 19, 29, 39, 49, 59, 68, 69, 70, 71])])
97.3660 	EXP 	New trial (rep=0, index=58): OrderedDict([('current_image', 'images/image_303_seed_1.png'), ('is_repeat', 0), ('trial_index', 58), ('is_blank_trial', 0), ('is_new_run', 0), ('run_num', 0), ('all_blanks_list', [9, 19, 29, 39, 49, 59, 68, 69, 70, 71])])
97.3718 	EXP 	New trial (rep=0, index=59): OrderedDict([('current_image', 'blank.jpg'), ('is_repeat', 0), ('trial_index', 59), ('is_blank_trial', 1), ('is_new_run', 0), ('run_num', 0), ('all_blanks_list', [9, 19, 29, 39, 49, 59, 68, 69, 70, 71])])
97.3745 	EXP 	New trial (rep=0, index=60): OrderedDict([('current_image', 'images/image_437_seed_1.png'), ('is_repeat', 0), ('trial_index', 60), ('is_blank_trial', 0), ('is_new_run', 0), ('run_num', 0), ('all_blanks_list', [9, 19, 29, 39, 49, 59, 68, 69, 70, 71])])
97.3812 	EXP 	New trial (rep=0, index=61): OrderedDict([('current_image', 'images/image_168_seed_1.png'), ('is_repeat', 0), ('trial_index', 61), ('is_blank_trial', 0), ('is_new_run', 0), ('run_num', 0), ('all_blanks_list', [9, 19, 29, 39, 49, 59, 68, 69, 70, 71])])
97.3874 	EXP 	New trial (rep=0, index=62): OrderedDict([('current_image', 'images/image_122_seed_1.png'), ('is_repeat', 0), ('trial_index', 62), ('is_blank_trial', 0), ('is_new_run', 0), ('run_num', 0), ('all_blanks_list', [9, 19, 29, 39, 49, 59, 68, 69, 70, 71])])
97.3930 	EXP 	New trial (rep=0, index=63): OrderedDict([('current_image', 'images/image_537_seed_1.png'), ('is_repeat', 0), ('trial_index', 63), ('is_blank_trial', 0), ('is_new_run', 0), ('run_num', 0), ('all_blanks_list', [9, 19, 29, 39, 49, 59, 68, 69, 70, 71])])
97.3993 	EXP 	New trial (rep=0, index=64): OrderedDict([('current_image', 'images/image_270_seed_1.png'), ('is_repeat', 0), ('trial_index', 64), ('is_blank_trial', 0), ('is_new_run', 0), ('run_num', 0), ('all_blanks_list', [9, 19, 29, 39, 49, 59, 68, 69, 70, 71])])
97.4050 	EXP 	New trial (rep=0, index=65): OrderedDict([('current_image', 'images/image_566_seed_1.png'), ('is_repeat', 0), ('trial_index', 65), ('is_blank_trial', 0), ('is_new_run', 0), ('run_num', 0), ('all_blanks_list', [9, 19, 29, 39, 49, 59, 68, 69, 70, 71])])
97.4103 	EXP 	New trial (rep=0, index=66): OrderedDict([('current_image', 'images/image_79_seed_1.png'), ('is_repeat', 1), ('trial_index', 66), ('is_blank_trial', 0), ('is_new_run', 0), ('run_num', 0), ('all_blanks_list', [9, 19, 29, 39, 49, 59, 68, 69, 70, 71])])
97.4147 	EXP 	New trial (rep=0, index=67): OrderedDict([('current_image', 'images/image_329_seed_1.png'), ('is_repeat', 0), ('trial_index', 67), ('is_blank_trial', 0), ('is_new_run', 0), ('run_num', 0), ('all_blanks_list', [9, 19, 29, 39, 49, 59, 68, 69, 70, 71])])
97.4205 	EXP 	New trial (rep=0, index=68): OrderedDict([('current_image', 'blank.jpg'), ('is_repeat', 0), ('trial_index', 68), ('is_blank_trial', 1), ('is_new_run', 0), ('run_num', 0), ('all_blanks_list', [9, 19, 29, 39, 49, 59, 68, 69, 70, 71])])
97.4232 	EXP 	New trial (rep=0, index=69): OrderedDict([('current_image', 'blank.jpg'), ('is_repeat', 0), ('trial_index', 69), ('is_blank_trial', 1), ('is_new_run', 0), ('run_num', 0), ('all_blanks_list', [9, 19, 29, 39, 49, 59, 68, 69, 70, 71])])
97.4256 	EXP 	New trial (rep=0, index=70): OrderedDict([('current_image', 'blank.jpg'), ('is_repeat', 0), ('trial_index', 70), ('is_blank_trial', 1), ('is_new_run', 0), ('run_num', 0), ('all_blanks_list', [9, 19, 29, 39, 49, 59, 68, 69, 70, 71])])
97.4278 	EXP 	New trial (rep=0, index=71): OrderedDict([('current_image', 'blank.jpg'), ('is_repeat', 0), ('trial_index', 71), ('is_blank_trial', 1), ('is_new_run', 1), ('run_num', 0), ('all_blanks_list', [9, 19, 29, 39, 49, 59, 68, 69, 70, 71])])
97.9899 	EXP 	window1: mouseVisible = True
