10.9754 	EXP 	Created window1 = Window(allowGUI=True, allowStencil=False, autoLog=True, backendConf=UNKNOWN, backgroundFit=<method-wrapper '__getattribute__' of attributeSetter object at 0x7fd2d870c6a0>, backgroundImage=<method-wrapper '__getattribute__' of attributeSetter object at 0x7fd2d870c640>, bitsMode=UNKNOWN, blendMode='avg', bpc=(8, 8, 8), color=array([-0.0039, -0.0039, -0.0039]), colorSpace='rgb', depthBits=8, fullscr=<method-wrapper '__getattribute__' of attributeSetter object at 0x7fd2d870c4c0>, gamma=array([[2.5724],
       [2.1906],
       [2.4422]], dtype=float32), gammaErrorPolicy='raise', lms=UNKNOWN, monitor=<psychopy.monitors.calibTools.Monitor object at 0x7fd2db30d3d0>, multiSample=False, name='window1', numSamples=2, pos=[448.0, 280.0], screen=0, size=array([3584, 2240]), stencilBits=0, stereo=False, title='PsychoPy', units='deg', useFBO=True, useRetina=True, viewOri=0.0, viewPos=None, viewScale=None, waitBlanking=True, winType='pyglet')
10.9755 	EXP 	window1: mouseVisible = True
10.9755 	EXP 	window1: backgroundImage = ''
10.9755 	EXP 	window1: backgroundFit = 'none'
10.9770 	EXP 	window1: Attempting to measure frame rate of screen (0) ...
10.9770 	EXP 	window1: recordFrameIntervals = False
11.1413 	EXP 	window1: recordFrameIntervals = True
11.3250 	EXP 	Screen (0) actual frame rate measured at 59.92Hz
11.3250 	EXP 	window1: recordFrameIntervals = False
11.3255 	EXP 	window1: mouseVisible = False
14.6664 	EXP 	replicate_nsd: status = STARTED
15.2322 	EXP 	window1: mouseVisible = True
15.2404 	EXP 	Created text_6 = TextStim(__class__=<class 'psychopy.visual.text.TextStim'>, alignHoriz=method-wrapper(...), alignText='center', alignVert=method-wrapper(...), anchorHoriz='center', anchorVert='center', antialias=True, autoDraw=False, autoLog=True, bold=False, color=array([1., 1., 1.]), colorSpace='rgb', contrast=1.0, depth=-1.0, draggable=False, flipHoriz=False, flipVert=False, font='Open Sans', fontFiles=[], height=0.5, italic=False, languageStyle='LTR', name='text_6', opacity=1.0, ori=0.0, pos=array([0., 0.]), rgb=UNKNOWN, text='', units='deg', win=Window(...), wrapWidth=15.0)
15.2405 	EXP 	window1: mouseVisible = True
15.2677 	EXP 	Created image_2 = ImageStim(__class__=<class 'psychopy.visual.image.ImageStim'>, anchor=('center', 'center'), autoLog=True, color=array([1., 1., 1.]), colorSpace='rgb', contrast=1.0, depth=0.0, draggable=False, flipHoriz=False, flipVert=False, image='default.png', interpolate=True, mask=None, maskParams=None, name='image_2', opacity=1.0, ori=0.0, pos=array([0., 0.]), size=array([8.4, 8.4]), texRes=128.0, units='deg', win=Window(...))
15.8366 	EXP 	window1: mouseVisible = True
15.8398 	EXP 	Created polygon_3 = ShapeStim(__class__=<class 'psychopy.visual.shape.ShapeStim'>, anchor=('center', 'center'), autoDraw=False, autoLog=True, closeShape=True, color=method-wrapper(...), colorSpace='rgb', contrast=None, depth=-2.0, draggable=False, fillColor=array([ 1., -1., -1.]), fillColorSpace='rgb', fillRGB=array([ 1., -1., -1.]), interpolate=True, lineColor=array([-1., -1., -1.]), lineColorSpace='rgb', lineRGB=array([-1., -1., -1.]), lineWidth=3.0, name='polygon_3', opacity=0.5, ori=0.0, pos=array([0., 0.]), size=array([0.2, 0.2]), units='deg', vertices=ndarray(...), win=Window(...), windingRule=None)
16.4244 	EXP 	window1: mouseVisible = True
16.4274 	EXP 	Created polygon_4 = ShapeStim(__class__=<class 'psychopy.visual.shape.ShapeStim'>, anchor=('center', 'center'), autoDraw=False, autoLog=True, closeShape=True, color=method-wrapper(...), colorSpace='rgb', contrast=None, depth=0.0, draggable=False, fillColor=array([ 1., -1., -1.]), fillColorSpace='rgb', fillRGB=array([ 1., -1., -1.]), interpolate=True, lineColor=array([-1., -1., -1.]), lineColorSpace='rgb', lineRGB=array([-1., -1., -1.]), lineWidth=3.0, name='polygon_4', opacity=0.5, ori=0.0, pos=array([0., 0.]), size=array([0.2, 0.2]), units='deg', vertices=ndarray(...), win=Window(...), windingRule=None)
17.0028 	EXP 	window1: mouseVisible = True
17.0041 	EXP 	Created text_7 = TextStim(__class__=<class 'psychopy.visual.text.TextStim'>, alignHoriz=method-wrapper(...), alignText='center', alignVert=method-wrapper(...), anchorHoriz='center', anchorVert='center', antialias=True, autoDraw=False, autoLog=True, bold=False, color=array([1., 1., 1.]), colorSpace='rgb', contrast=1.0, depth=-1.0, draggable=False, flipHoriz=False, flipVert=False, font='Open Sans', fontFiles=[], height=0.5, italic=False, languageStyle='LTR', name='text_7', opacity=1.0, ori=0.0, pos=array([0., 0.]), rgb=UNKNOWN, text='', units='deg', win=Window(...), wrapWidth=15.0)
17.5646 	EXP 	window1: mouseVisible = True
17.6003 	EXP 	Created text_3 = TextStim(__class__=<class 'psychopy.visual.text.TextStim'>, alignHoriz=method-wrapper(...), alignText='center', alignVert=method-wrapper(...), anchorHoriz='center', anchorVert='center', antialias=True, autoDraw=False, autoLog=True, bold=False, color=array([1., 1., 1.]), colorSpace='rgb', contrast=1.0, depth=-1.0, draggable=False, flipHoriz=False, flipVert=False, font='Open Sans', fontFiles=[], height=0.5000000000000001, italic=False, languageStyle='LTR', name='text_3', opacity=1.0, ori=0.0, pos=array([0., 0.]), rgb=UNKNOWN, text='waiting for scanner…', units='deg', win=Window(...), wrapWidth=15.0)
17.6005 	EXP 	window1: mouseVisible = True
17.6169 	EXP 	Created image = ImageStim(__class__=<class 'psychopy.visual.image.ImageStim'>, anchor=('center', 'center'), autoLog=True, color=array([1., 1., 1.]), colorSpace='rgb', contrast=1.0, depth=0.0, draggable=False, flipHoriz=False, flipVert=False, image='default.png', interpolate=True, mask=None, maskParams=None, name='image', opacity=1.0, ori=0.0, pos=array([0., 0.]), size=array([8.4, 8.4]), texRes=128.0, units='deg', win=Window(...))
18.1893 	EXP 	window1: mouseVisible = True
18.1924 	EXP 	Created polygon = ShapeStim(__class__=<class 'psychopy.visual.shape.ShapeStim'>, anchor=('center', 'center'), autoDraw=False, autoLog=True, closeShape=True, color=method-wrapper(...), colorSpace='rgb', contrast=None, depth=-2.0, draggable=False, fillColor=array([ 1., -1., -1.]), fillColorSpace='rgb', fillRGB=array([ 1., -1., -1.]), interpolate=True, lineColor=array([-1., -1., -1.]), lineColorSpace='rgb', lineRGB=array([-1., -1., -1.]), lineWidth=3.0, name='polygon', opacity=0.5, ori=0.0, pos=array([0., 0.]), size=array([0.2, 0.2]), units='deg', vertices=ndarray(...), win=Window(...), windingRule=None)
19.3261 	EXP 	window1: mouseVisible = True
19.3289 	EXP 	Created polygon_2 = ShapeStim(__class__=<class 'psychopy.visual.shape.ShapeStim'>, anchor=('center', 'center'), autoDraw=False, autoLog=True, closeShape=True, color=method-wrapper(...), colorSpace='rgb', contrast=None, depth=-1.0, draggable=False, fillColor=array([ 1., -1., -1.]), fillColorSpace='rgb', fillRGB=array([ 1., -1., -1.]), interpolate=True, lineColor=array([-1., -1., -1.]), lineColorSpace='rgb', lineRGB=array([-1., -1., -1.]), lineWidth=3.0, name='polygon_2', opacity=0.5, ori=0.0, pos=array([0., 0.]), size=array([0.2, 0.2]), units='deg', vertices=ndarray(...), win=Window(...), windingRule=None)
19.8950 	EXP 	window1: mouseVisible = True
19.8963 	EXP 	Created text_5 = TextStim(__class__=<class 'psychopy.visual.text.TextStim'>, alignHoriz=method-wrapper(...), alignText='center', alignVert=method-wrapper(...), anchorHoriz='center', anchorVert='center', antialias=True, autoDraw=False, autoLog=True, bold=False, color=array([1., 1., 1.]), colorSpace='rgb', contrast=1.0, depth=-1.0, draggable=False, flipHoriz=False, flipVert=False, font='Open Sans', fontFiles=[], height=0.5, italic=False, languageStyle='LTR', name='text_5', opacity=1.0, ori=0.0, pos=array([0., 0.]), rgb=UNKNOWN, text='', units='deg', win=Window(...), wrapWidth=15.0)
20.4609 	EXP 	window1: mouseVisible = True
20.4641 	EXP 	Created text_4 = TextStim(__class__=<class 'psychopy.visual.text.TextStim'>, alignHoriz=method-wrapper(...), alignText='center', alignVert=method-wrapper(...), anchorHoriz='center', anchorVert='center', antialias=True, autoDraw=False, autoLog=True, bold=False, color=array([1., 1., 1.]), colorSpace='rgb', contrast=1.0, depth=-1.0, draggable=False, flipHoriz=False, flipVert=False, font='Open Sans', fontFiles=[], height=0.5000000000000001, italic=False, languageStyle='LTR', name='text_4', opacity=1.0, ori=0.0, pos=array([0., 0.]), rgb=UNKNOWN, text='waiting for scanner…', units='deg', win=Window(...), wrapWidth=15.0)
0.0012 	DATA 	Mouse: Left button down, pos=(632,746)
0.0018 	DATA 	Mouse:  Left button up, pos=(632,746)
0.0462 	EXP 	text_6: height = 0.5000000000000001
0.0462 	EXP 	text_6: height = 0.5000000000000001
0.0462 	EXP 	text_6: height = 0.5000000000000001
0.0462 	EXP 	text_6: text = 'Press any button to begin the practice trials.'
0.0462 	EXP 	text_6: autoDraw = True
1.8844 	EXP 	Imported practice_conditions_files/practice_participant75_.csv as conditions, 20 conditions, 3 params
1.8848 	EXP 	Created sequence: sequential, trialTypes=20, nReps=1, seed=None
1.8850 	EXP 	New trial (rep=0, index=0): OrderedDict([('current_image', 'practice_images/paired_image_21_2.png'), ('trial_index', 0), ('is_blank_trial', 0)])
1.9052 	DATA 	Keypress: 4
1.9114 	EXP 	text_6: autoDraw = False
1.9114 	EXP 	image_2: image = 'practice_images/paired_image_21_2.png'
1.9114 	EXP 	polygon_3: autoDraw = True
2.8952 	EXP 	image_2: autoDraw = True
5.8796 	EXP 	New trial (rep=0, index=1): OrderedDict([('current_image', 'practice_images/paired_image_28_1.png'), ('trial_index', 1), ('is_blank_trial', 0)])
5.8943 	EXP 	image_2: autoDraw = False
5.8943 	EXP 	polygon_3: autoDraw = False
5.8943 	EXP 	image_2: autoDraw = False
5.8943 	EXP 	polygon_3: autoDraw = False
5.8943 	EXP 	polygon_4: autoDraw = False
5.8943 	EXP 	image_2: image = 'practice_images/paired_image_28_1.png'
5.8943 	EXP 	polygon_3: autoDraw = True
6.8940 	EXP 	image_2: autoDraw = True
7.6122 	DATA 	Keypress: 1
7.6292 	DATA 	Keypress: 2
7.8806 	DATA 	Keypress: 2
8.0130 	DATA 	Keypress: 1
8.2139 	DATA 	Keypress: 2
8.4970 	DATA 	Keypress: 2
8.5313 	DATA 	Keypress: 1
8.7800 	DATA 	Keypress: 2
8.9653 	DATA 	Keypress: 1
9.2300 	DATA 	Keypress: 2
9.5314 	DATA 	Keypress: 1
9.6149 	DATA 	Keypress: 2
9.8140 	DATA 	Keypress: 2
9.8309 	DATA 	Keypress: 1
9.8796 	EXP 	New trial (rep=0, index=2): OrderedDict([('current_image', 'practice_images/paired_image_18_1.png'), ('trial_index', 2), ('is_blank_trial', 0)])
9.8942 	EXP 	image_2: autoDraw = False
9.8942 	EXP 	polygon_3: autoDraw = False
9.8942 	EXP 	image_2: autoDraw = False
9.8942 	EXP 	polygon_3: autoDraw = False
9.8942 	EXP 	polygon_4: autoDraw = False
9.8942 	EXP 	image_2: image = 'practice_images/paired_image_18_1.png'
9.8942 	EXP 	polygon_3: autoDraw = True
10.0644 	DATA 	Keypress: 1
10.3462 	DATA 	Keypress: 2
10.5971 	DATA 	Keypress: 1
10.6462 	DATA 	Keypress: 2
10.8951 	EXP 	image_2: autoDraw = True
10.9140 	DATA 	Keypress: 2
10.9648 	DATA 	Keypress: 1
11.2141 	DATA 	Keypress: 2
11.2486 	DATA 	Keypress: 1
11.4814 	DATA 	Keypress: 1
11.8802 	DATA 	Keypress: 2
11.9481 	DATA 	Keypress: 1
12.1627 	DATA 	Keypress: 2
12.1814 	DATA 	Keypress: 1
12.5464 	DATA 	Keypress: 2
12.5636 	DATA 	Keypress: 1
13.0652 	DATA 	Keypress: 2
13.3463 	DATA 	Keypress: 1
13.8633 	DATA 	Keypress: 2
13.8800 	EXP 	New trial (rep=0, index=3): OrderedDict([('current_image', 'practice_images/paired_image_33_1.png'), ('trial_index', 3), ('is_blank_trial', 0)])
13.8942 	EXP 	image_2: autoDraw = False
13.8942 	EXP 	polygon_3: autoDraw = False
13.8942 	EXP 	image_2: autoDraw = False
13.8942 	EXP 	polygon_3: autoDraw = False
13.8942 	EXP 	polygon_4: autoDraw = False
13.8942 	EXP 	image_2: image = 'practice_images/paired_image_33_1.png'
13.8942 	EXP 	polygon_3: autoDraw = True
14.0141 	DATA 	Keypress: 1
14.4978 	DATA 	Keypress: 1
14.5140 	DATA 	Keypress: 2
14.7812 	DATA 	Keypress: 1
14.8952 	EXP 	image_2: autoDraw = True
14.9133 	DATA 	Keypress: 2
15.1131 	DATA 	Keypress: 1
15.5804 	DATA 	Keypress: 1
15.9141 	DATA 	Keypress: 2
16.2963 	DATA 	Keypress: 1
16.3139 	DATA 	Keypress: 2
16.5633 	DATA 	Keypress: 2
17.0475 	DATA 	Keypress: 1
17.3801 	DATA 	Keypress: 2
17.8640 	DATA 	Keypress: 2
17.8797 	EXP 	New trial (rep=0, index=4): OrderedDict([('current_image', 'practice_images/paired_image_6_2.png'), ('trial_index', 4), ('is_blank_trial', 0)])
17.8942 	EXP 	image_2: autoDraw = False
17.8942 	EXP 	polygon_3: autoDraw = False
17.8942 	EXP 	image_2: autoDraw = False
17.8942 	EXP 	polygon_3: autoDraw = False
17.8942 	EXP 	polygon_4: autoDraw = False
17.8942 	EXP 	image_2: image = 'practice_images/paired_image_6_2.png'
17.8942 	EXP 	polygon_3: autoDraw = True
18.0480 	DATA 	Keypress: 1
18.3962 	DATA 	Keypress: 2
18.7468 	DATA 	Keypress: 1
18.8952 	EXP 	image_2: autoDraw = True
19.1815 	DATA 	Keypress: 2
19.3481 	DATA 	Keypress: 1
19.9483 	DATA 	Keypress: 1
20.1136 	DATA 	Keypress: 2
20.2633 	DATA 	Keypress: 1
20.4163 	DATA 	Keypress: 2
20.6468 	DATA 	Keypress: 1
20.6478 	DATA 	Keypress: 2
20.9468 	DATA 	Keypress: 2
20.9632 	DATA 	Keypress: 1
21.1974 	DATA 	Keypress: 1
21.2966 	DATA 	Keypress: 2
21.5131 	DATA 	Keypress: 1
21.6135 	DATA 	Keypress: 2
21.7799 	DATA 	Keypress: 1
21.8792 	EXP 	New trial (rep=0, index=5): OrderedDict([('current_image', 'practice_images/paired_image_2_1.png'), ('trial_index', 5), ('is_blank_trial', 0)])
21.8872 	DATA 	Keypress: 2
21.8942 	EXP 	image_2: autoDraw = False
21.8942 	EXP 	polygon_3: autoDraw = False
21.8942 	EXP 	image_2: autoDraw = False
21.8942 	EXP 	polygon_3: autoDraw = False
21.8942 	EXP 	polygon_4: autoDraw = False
21.8942 	EXP 	image_2: image = 'practice_images/paired_image_2_1.png'
21.8942 	EXP 	polygon_3: autoDraw = True
22.2484 	DATA 	Keypress: 2
22.3129 	DATA 	Keypress: 1
22.5637 	DATA 	Keypress: 1
22.5961 	DATA 	Keypress: 2
22.8947 	EXP 	image_2: autoDraw = True
22.8977 	DATA 	Keypress: 2
22.9150 	DATA 	Keypress: 1
23.1479 	DATA 	Keypress: 1
23.1654 	DATA 	Keypress: 2
23.4476 	DATA 	Keypress: 1
23.5641 	DATA 	Keypress: 2
23.7135 	DATA 	Keypress: 1
23.8302 	DATA 	Keypress: 2
23.9966 	DATA 	Keypress: 1
24.0818 	DATA 	Keypress: 2
24.2146 	DATA 	Keypress: 1
24.3468 	DATA 	Keypress: 2
24.5154 	DATA 	Keypress: 1
24.6482 	DATA 	Keypress: 2
24.8654 	DATA 	Keypress: 1
24.9471 	DATA 	Keypress: 2
25.1651 	DATA 	Keypress: 1
25.2467 	DATA 	Keypress: 2
25.4150 	DATA 	Keypress: 1
25.5302 	DATA 	Keypress: 2
25.7635 	DATA 	Keypress: 1
25.8792 	EXP 	New trial (rep=0, index=6): OrderedDict([('current_image', 'practice_images/paired_image_12_1.png'), ('trial_index', 6), ('is_blank_trial', 0)])
25.8896 	DATA 	Keypress: 2
25.8950 	EXP 	image_2: autoDraw = False
25.8950 	EXP 	polygon_3: autoDraw = False
25.8950 	EXP 	image_2: autoDraw = False
25.8950 	EXP 	polygon_3: autoDraw = False
25.8950 	EXP 	polygon_4: autoDraw = False
25.8950 	EXP 	image_2: image = 'practice_images/paired_image_12_1.png'
25.8950 	EXP 	polygon_3: autoDraw = True
26.0308 	DATA 	Keypress: 1
26.1802 	DATA 	Keypress: 2
26.3975 	DATA 	Keypress: 1
26.5137 	DATA 	Keypress: 2
26.6800 	DATA 	Keypress: 1
26.7969 	DATA 	Keypress: 2
26.8951 	EXP 	image_2: autoDraw = True
27.0147 	DATA 	Keypress: 1
27.1315 	DATA 	Keypress: 2
27.3147 	DATA 	Keypress: 1
27.4131 	DATA 	Keypress: 2
27.6798 	DATA 	Keypress: 1
27.8648 	DATA 	Keypress: 2
28.0481 	DATA 	Keypress: 1
28.1972 	DATA 	Keypress: 2
28.3481 	DATA 	Keypress: 1
28.5819 	DATA 	Keypress: 2
29.0467 	DATA 	Keypress: 1
29.1973 	DATA 	Keypress: 2
29.3467 	DATA 	Keypress: 1
29.6482 	DATA 	Keypress: 2
29.8797 	EXP 	New trial (rep=0, index=7): OrderedDict([('current_image', 'practice_images/paired_image_36_1.png'), ('trial_index', 7), ('is_blank_trial', 0)])
29.8901 	DATA 	Keypress: 2
29.8946 	EXP 	image_2: autoDraw = False
29.8946 	EXP 	polygon_3: autoDraw = False
29.8946 	EXP 	image_2: autoDraw = False
29.8946 	EXP 	polygon_3: autoDraw = False
29.8946 	EXP 	polygon_4: autoDraw = False
29.8946 	EXP 	image_2: image = 'practice_images/paired_image_36_1.png'
29.8946 	EXP 	polygon_3: autoDraw = True
30.2652 	DATA 	Keypress: 1
30.3975 	DATA 	Keypress: 2
30.6462 	DATA 	Keypress: 1
30.7462 	DATA 	Keypress: 2
30.8952 	EXP 	image_2: autoDraw = True
31.0474 	DATA 	Keypress: 1
31.1299 	DATA 	Keypress: 2
31.3802 	DATA 	Keypress: 1
31.5485 	DATA 	Keypress: 2
31.7315 	DATA 	Keypress: 1
31.8973 	DATA 	Keypress: 2
32.1139 	DATA 	Keypress: 1
32.4469 	DATA 	Keypress: 2
32.6469 	DATA 	Keypress: 1
32.8463 	DATA 	Keypress: 2
32.9972 	DATA 	Keypress: 1
33.2803 	DATA 	Keypress: 2
33.4297 	DATA 	Keypress: 1
33.6983 	DATA 	Keypress: 2
33.8808 	EXP 	New trial (rep=0, index=8): OrderedDict([('current_image', 'practice_images/paired_image_27_1.png'), ('trial_index', 8), ('is_blank_trial', 0)])
33.8873 	DATA 	Keypress: 1
33.8941 	EXP 	image_2: autoDraw = False
33.8941 	EXP 	polygon_3: autoDraw = False
33.8941 	EXP 	image_2: autoDraw = False
33.8941 	EXP 	polygon_3: autoDraw = False
33.8941 	EXP 	polygon_4: autoDraw = False
33.8941 	EXP 	image_2: image = 'practice_images/paired_image_27_1.png'
33.8941 	EXP 	polygon_3: autoDraw = True
34.1643 	DATA 	Keypress: 2
34.2792 	DATA 	Keypress: 1
34.4627 	DATA 	Keypress: 2
34.6634 	DATA 	Keypress: 1
34.8943 	EXP 	image_2: autoDraw = True
34.8966 	DATA 	Keypress: 2
34.9468 	DATA 	Keypress: 1
35.2302 	DATA 	Keypress: 2
35.4132 	DATA 	Keypress: 1
35.8482 	DATA 	Keypress: 1
36.0315 	DATA 	Keypress: 1
36.2302 	DATA 	Keypress: 1
36.4645 	DATA 	Keypress: 1
36.7151 	DATA 	Keypress: 1
36.9978 	DATA 	Keypress: 1
37.1968 	DATA 	Keypress: 1
37.4302 	DATA 	Keypress: 1
37.6800 	DATA 	Keypress: 1
37.8801 	EXP 	New trial (rep=0, index=9): OrderedDict([('current_image', 'practice_images/paired_image_4_2.png'), ('trial_index', 9), ('is_blank_trial', 0)])
37.8943 	EXP 	image_2: autoDraw = False
37.8943 	EXP 	polygon_3: autoDraw = False
37.8943 	EXP 	image_2: autoDraw = False
37.8943 	EXP 	polygon_3: autoDraw = False
37.8943 	EXP 	polygon_4: autoDraw = False
37.8943 	EXP 	image_2: image = 'practice_images/paired_image_4_2.png'
37.8943 	EXP 	polygon_3: autoDraw = True
38.0479 	DATA 	Keypress: 1
38.2971 	DATA 	Keypress: 1
38.5312 	DATA 	Keypress: 1
38.7669 	DATA 	Keypress: 1
38.8952 	EXP 	image_2: autoDraw = True
38.9465 	DATA 	Keypress: 1
41.9304 	EXP 	New trial (rep=0, index=10): OrderedDict([('current_image', 'blank.jpg'), ('trial_index', 10), ('is_blank_trial', 1)])
41.9444 	EXP 	image_2: autoDraw = False
41.9444 	EXP 	polygon_3: autoDraw = False
41.9444 	EXP 	image_2: autoDraw = False
41.9444 	EXP 	polygon_3: autoDraw = False
41.9444 	EXP 	polygon_4: autoDraw = False
41.9444 	EXP 	image_2: image = 'blank.jpg'
41.9444 	EXP 	image_2: autoDraw = False
41.9444 	EXP 	polygon_3: autoDraw = False
41.9444 	EXP 	polygon_4: autoDraw = True
45.9289 	EXP 	New trial (rep=0, index=11): OrderedDict([('current_image', 'practice_images/paired_image_30_1.png'), ('trial_index', 11), ('is_blank_trial', 0)])
45.9446 	EXP 	polygon_4: autoDraw = False
45.9446 	EXP 	polygon_4: autoDraw = False
45.9446 	EXP 	image_2: image = 'practice_images/paired_image_30_1.png'
45.9446 	EXP 	polygon_3: autoDraw = True
46.9453 	EXP 	image_2: autoDraw = True
49.9294 	EXP 	New trial (rep=0, index=12): OrderedDict([('current_image', 'practice_images/paired_image_15_1.png'), ('trial_index', 12), ('is_blank_trial', 0)])
49.9446 	EXP 	image_2: autoDraw = False
49.9446 	EXP 	polygon_3: autoDraw = False
49.9446 	EXP 	image_2: autoDraw = False
49.9446 	EXP 	polygon_3: autoDraw = False
49.9446 	EXP 	polygon_4: autoDraw = False
49.9446 	EXP 	image_2: image = 'practice_images/paired_image_15_1.png'
49.9446 	EXP 	polygon_3: autoDraw = True
50.9453 	EXP 	image_2: autoDraw = True
53.9294 	EXP 	New trial (rep=0, index=13): OrderedDict([('current_image', 'practice_images/paired_image_19_1.png'), ('trial_index', 13), ('is_blank_trial', 0)])
53.9443 	EXP 	image_2: autoDraw = False
53.9443 	EXP 	polygon_3: autoDraw = False
53.9443 	EXP 	image_2: autoDraw = False
53.9443 	EXP 	polygon_3: autoDraw = False
53.9443 	EXP 	polygon_4: autoDraw = False
53.9443 	EXP 	image_2: image = 'practice_images/paired_image_19_1.png'
53.9443 	EXP 	polygon_3: autoDraw = True
54.9452 	EXP 	image_2: autoDraw = True
57.9297 	EXP 	New trial (rep=0, index=14): OrderedDict([('current_image', 'practice_images/paired_image_24_1.png'), ('trial_index', 14), ('is_blank_trial', 0)])
57.9442 	EXP 	image_2: autoDraw = False
57.9442 	EXP 	polygon_3: autoDraw = False
57.9442 	EXP 	image_2: autoDraw = False
57.9442 	EXP 	polygon_3: autoDraw = False
57.9442 	EXP 	polygon_4: autoDraw = False
57.9442 	EXP 	image_2: image = 'practice_images/paired_image_24_1.png'
57.9442 	EXP 	polygon_3: autoDraw = True
58.9453 	EXP 	image_2: autoDraw = True
61.9294 	EXP 	New trial (rep=0, index=15): OrderedDict([('current_image', 'practice_images/paired_image_20_2.png'), ('trial_index', 15), ('is_blank_trial', 0)])
61.9443 	EXP 	image_2: autoDraw = False
61.9443 	EXP 	polygon_3: autoDraw = False
61.9443 	EXP 	image_2: autoDraw = False
61.9443 	EXP 	polygon_3: autoDraw = False
61.9443 	EXP 	polygon_4: autoDraw = False
61.9443 	EXP 	image_2: image = 'practice_images/paired_image_20_2.png'
61.9443 	EXP 	polygon_3: autoDraw = True
62.9449 	EXP 	image_2: autoDraw = True
65.9294 	EXP 	New trial (rep=0, index=16): OrderedDict([('current_image', 'practice_images/paired_image_15_2.png'), ('trial_index', 16), ('is_blank_trial', 0)])
65.9442 	EXP 	image_2: autoDraw = False
65.9442 	EXP 	polygon_3: autoDraw = False
65.9442 	EXP 	image_2: autoDraw = False
65.9442 	EXP 	polygon_3: autoDraw = False
65.9442 	EXP 	polygon_4: autoDraw = False
65.9442 	EXP 	image_2: image = 'practice_images/paired_image_15_2.png'
65.9442 	EXP 	polygon_3: autoDraw = True
66.9452 	EXP 	image_2: autoDraw = True
69.9295 	EXP 	New trial (rep=0, index=17): OrderedDict([('current_image', 'practice_images/paired_image_29_1.png'), ('trial_index', 17), ('is_blank_trial', 0)])
69.9443 	EXP 	image_2: autoDraw = False
69.9443 	EXP 	polygon_3: autoDraw = False
69.9443 	EXP 	image_2: autoDraw = False
69.9443 	EXP 	polygon_3: autoDraw = False
69.9443 	EXP 	polygon_4: autoDraw = False
69.9443 	EXP 	image_2: image = 'practice_images/paired_image_29_1.png'
69.9443 	EXP 	polygon_3: autoDraw = True
70.9453 	EXP 	image_2: autoDraw = True
73.9295 	EXP 	New trial (rep=0, index=18): OrderedDict([('current_image', 'practice_images/paired_image_22_2.png'), ('trial_index', 18), ('is_blank_trial', 0)])
73.9448 	EXP 	image_2: autoDraw = False
73.9448 	EXP 	polygon_3: autoDraw = False
73.9448 	EXP 	image_2: autoDraw = False
73.9448 	EXP 	polygon_3: autoDraw = False
73.9448 	EXP 	polygon_4: autoDraw = False
73.9448 	EXP 	image_2: image = 'practice_images/paired_image_22_2.png'
73.9448 	EXP 	polygon_3: autoDraw = True
74.9453 	EXP 	image_2: autoDraw = True
77.9297 	EXP 	New trial (rep=0, index=19): OrderedDict([('current_image', 'practice_images/paired_image_25_2.png'), ('trial_index', 19), ('is_blank_trial', 0)])
77.9441 	EXP 	image_2: autoDraw = False
77.9441 	EXP 	polygon_3: autoDraw = False
77.9441 	EXP 	image_2: autoDraw = False
77.9441 	EXP 	polygon_3: autoDraw = False
77.9441 	EXP 	polygon_4: autoDraw = False
77.9441 	EXP 	image_2: image = 'practice_images/paired_image_25_2.png'
77.9441 	EXP 	polygon_3: autoDraw = True
78.9453 	EXP 	image_2: autoDraw = True
81.9476 	EXP 	image_2: autoDraw = False
81.9476 	EXP 	polygon_3: autoDraw = False
81.9476 	EXP 	image_2: autoDraw = False
81.9476 	EXP 	polygon_3: autoDraw = False
81.9476 	EXP 	polygon_4: autoDraw = False
81.9476 	EXP 	text_7: height = 0.5000000000000001
81.9476 	EXP 	text_7: height = 0.5000000000000001
81.9476 	EXP 	text_7: height = 0.5000000000000001
81.9476 	EXP 	text_7: text = 'Good job! You finished the practice trials. Press any button to begin the experiment.'
81.9476 	EXP 	text_7: autoDraw = True
122.1180 	DATA 	Keypress: 4
122.1283 	EXP 	text_7: autoDraw = False
122.1283 	EXP 	text_3: autoDraw = True
124.6357 	EXP 	Imported conditions_files/participant75_.csv as conditions, 1152 conditions, 7 params
124.6391 	EXP 	Created sequence: sequential, trialTypes=1152, nReps=1, seed=None
124.6393 	EXP 	New trial (rep=0, index=0): OrderedDict([('current_image', 'images/image_378_seed_1.png'), ('is_repeat', 0), ('trial_index', 0), ('is_blank_trial', 0), ('is_new_run', 0), ('run_num', 0), ('all_blanks_list', [9, 19, 29, 39, 49, 59, 68, 69, 70, 71])])
124.6489 	DATA 	Keypress: equal
124.6747 	EXP 	text_3: autoDraw = False
124.6747 	EXP 	image: image = 'images/image_378_seed_1.png'
124.6747 	EXP 	polygon: autoDraw = True
125.6617 	EXP 	image: autoDraw = True
128.0801 	DATA 	Keypress: 1
128.3644 	DATA 	Keypress: 1
128.5459 	DATA 	Keypress: 1
128.6507 	EXP 	New trial (rep=0, index=1): OrderedDict([('current_image', 'images/image_554_seed_1.png'), ('is_repeat', 0), ('trial_index', 1), ('is_blank_trial', 0), ('is_new_run', 0), ('run_num', 0), ('all_blanks_list', [9, 19, 29, 39, 49, 59, 68, 69, 70, 71])])
128.6660 	EXP 	image: autoDraw = False
128.6660 	EXP 	polygon: autoDraw = False
128.6660 	EXP 	image: autoDraw = False
128.6660 	EXP 	polygon: autoDraw = False
128.6660 	EXP 	polygon_2: autoDraw = False
128.6660 	EXP 	text_5: text = ''
128.6660 	EXP 	text_5: autoDraw = False
128.6660 	EXP 	text_4: autoDraw = False
128.6660 	EXP 	image: image = 'images/image_554_seed_1.png'
128.6660 	EXP 	polygon: autoDraw = True
128.7499 	DATA 	Keypress: 1
129.0829 	DATA 	Keypress: 1
129.6615 	EXP 	image: autoDraw = True
132.6564 	EXP 	New trial (rep=0, index=2): OrderedDict([('current_image', 'images/image_335_seed_1.png'), ('is_repeat', 0), ('trial_index', 2), ('is_blank_trial', 0), ('is_new_run', 0), ('run_num', 0), ('all_blanks_list', [9, 19, 29, 39, 49, 59, 68, 69, 70, 71])])
132.6663 	EXP 	image: autoDraw = False
132.6663 	EXP 	polygon: autoDraw = False
132.6663 	EXP 	image: autoDraw = False
132.6663 	EXP 	polygon: autoDraw = False
132.6663 	EXP 	polygon_2: autoDraw = False
132.6663 	EXP 	text_5: height = 0.5000000000000001
132.6663 	EXP 	text_5: height = 0.5000000000000001
132.6663 	EXP 	text_5: height = 0.5000000000000001
132.6663 	EXP 	text_5: text = 'Good job! Your average accuracy in this run is 1.0. Please press any button when you are ready to continue to run1.'
132.6663 	EXP 	text_5: autoDraw = False
132.6663 	EXP 	text_4: autoDraw = False
132.6663 	EXP 	image: image = 'images/image_335_seed_1.png'
132.6663 	EXP 	polygon: autoDraw = True
133.6614 	EXP 	image: autoDraw = True
136.6534 	EXP 	New trial (rep=0, index=3): OrderedDict([('current_image', 'images/image_608_seed_1.png'), ('is_repeat', 0), ('trial_index', 3), ('is_blank_trial', 0), ('is_new_run', 0), ('run_num', 0), ('all_blanks_list', [9, 19, 29, 39, 49, 59, 68, 69, 70, 71])])
136.6650 	EXP 	image: autoDraw = False
136.6650 	EXP 	polygon: autoDraw = False
136.6650 	EXP 	image: autoDraw = False
136.6650 	EXP 	polygon: autoDraw = False
136.6650 	EXP 	polygon_2: autoDraw = False
136.6650 	EXP 	text_5: height = 0.5000000000000001
136.6650 	EXP 	text_5: height = 0.5000000000000001
136.6650 	EXP 	text_5: height = 0.5000000000000001
136.6650 	EXP 	text_5: text = 'Good job! Your average accuracy in this run is 0.5. Please press any button when you are ready to continue to run1.'
136.6650 	EXP 	text_5: autoDraw = False
136.6650 	EXP 	text_4: autoDraw = False
136.6650 	EXP 	image: image = 'images/image_608_seed_1.png'
136.6650 	EXP 	polygon: autoDraw = True
137.6614 	EXP 	image: autoDraw = True
140.6546 	EXP 	New trial (rep=0, index=4): OrderedDict([('current_image', 'images/image_50_seed_1.png'), ('is_repeat', 0), ('trial_index', 4), ('is_blank_trial', 0), ('is_new_run', 0), ('run_num', 0), ('all_blanks_list', [9, 19, 29, 39, 49, 59, 68, 69, 70, 71])])
140.6651 	EXP 	image: autoDraw = False
140.6651 	EXP 	polygon: autoDraw = False
140.6651 	EXP 	image: autoDraw = False
140.6651 	EXP 	polygon: autoDraw = False
140.6651 	EXP 	polygon_2: autoDraw = False
140.6651 	EXP 	text_5: height = 0.5000000000000001
140.6651 	EXP 	text_5: height = 0.5000000000000001
140.6651 	EXP 	text_5: height = 0.5000000000000001
140.6651 	EXP 	text_5: text = 'Good job! Your average accuracy in this run is 0.3333333333333333. Please press any button when you are ready to continue to run1.'
140.6651 	EXP 	text_5: autoDraw = False
140.6651 	EXP 	text_4: autoDraw = False
140.6651 	EXP 	image: image = 'images/image_50_seed_1.png'
140.6651 	EXP 	polygon: autoDraw = True
141.6615 	EXP 	image: autoDraw = True
144.6540 	EXP 	New trial (rep=0, index=5): OrderedDict([('current_image', 'images/image_639_seed_1.png'), ('is_repeat', 0), ('trial_index', 5), ('is_blank_trial', 0), ('is_new_run', 0), ('run_num', 0), ('all_blanks_list', [9, 19, 29, 39, 49, 59, 68, 69, 70, 71])])
144.6649 	EXP 	image: autoDraw = False
144.6649 	EXP 	polygon: autoDraw = False
144.6649 	EXP 	image: autoDraw = False
144.6649 	EXP 	polygon: autoDraw = False
144.6649 	EXP 	polygon_2: autoDraw = False
144.6649 	EXP 	text_5: height = 0.5000000000000001
144.6649 	EXP 	text_5: height = 0.5000000000000001
144.6649 	EXP 	text_5: height = 0.5000000000000001
144.6649 	EXP 	text_5: text = 'Good job! Your average accuracy in this run is 0.25. Please press any button when you are ready to continue to run1.'
144.6649 	EXP 	text_5: autoDraw = False
144.6649 	EXP 	text_4: autoDraw = False
144.6649 	EXP 	image: image = 'images/image_639_seed_1.png'
144.6649 	EXP 	polygon: autoDraw = True
145.6614 	EXP 	image: autoDraw = True
148.6524 	EXP 	New trial (rep=0, index=6): OrderedDict([('current_image', 'images/image_447_seed_1.png'), ('is_repeat', 0), ('trial_index', 6), ('is_blank_trial', 0), ('is_new_run', 0), ('run_num', 0), ('all_blanks_list', [9, 19, 29, 39, 49, 59, 68, 69, 70, 71])])
148.6655 	EXP 	image: autoDraw = False
148.6655 	EXP 	polygon: autoDraw = False
148.6655 	EXP 	image: autoDraw = False
148.6655 	EXP 	polygon: autoDraw = False
148.6655 	EXP 	polygon_2: autoDraw = False
148.6655 	EXP 	text_5: height = 0.5000000000000001
148.6655 	EXP 	text_5: height = 0.5000000000000001
148.6655 	EXP 	text_5: height = 0.5000000000000001
148.6655 	EXP 	text_5: text = 'Good job! Your average accuracy in this run is 0.2. Please press any button when you are ready to continue to run1.'
148.6655 	EXP 	text_5: autoDraw = False
148.6655 	EXP 	text_4: autoDraw = False
148.6655 	EXP 	image: image = 'images/image_447_seed_1.png'
148.6655 	EXP 	polygon: autoDraw = True
149.6614 	EXP 	image: autoDraw = True
152.6546 	EXP 	New trial (rep=0, index=7): OrderedDict([('current_image', 'images/image_176_seed_1.png'), ('is_repeat', 0), ('trial_index', 7), ('is_blank_trial', 0), ('is_new_run', 0), ('run_num', 0), ('all_blanks_list', [9, 19, 29, 39, 49, 59, 68, 69, 70, 71])])
152.6647 	EXP 	image: autoDraw = False
152.6647 	EXP 	polygon: autoDraw = False
152.6647 	EXP 	image: autoDraw = False
152.6647 	EXP 	polygon: autoDraw = False
152.6647 	EXP 	polygon_2: autoDraw = False
152.6647 	EXP 	text_5: height = 0.5000000000000001
152.6647 	EXP 	text_5: height = 0.5000000000000001
152.6647 	EXP 	text_5: height = 0.5000000000000001
152.6647 	EXP 	text_5: text = 'Good job! Your average accuracy in this run is 0.16666666666666666. Please press any button when you are ready to continue to run1.'
152.6647 	EXP 	text_5: autoDraw = False
152.6647 	EXP 	text_4: autoDraw = False
152.6647 	EXP 	image: image = 'images/image_176_seed_1.png'
152.6647 	EXP 	polygon: autoDraw = True
153.6614 	EXP 	image: autoDraw = True
156.6554 	EXP 	New trial (rep=0, index=8): OrderedDict([('current_image', 'images/image_329_seed_1.png'), ('is_repeat', 0), ('trial_index', 8), ('is_blank_trial', 0), ('is_new_run', 0), ('run_num', 0), ('all_blanks_list', [9, 19, 29, 39, 49, 59, 68, 69, 70, 71])])
156.6653 	EXP 	image: autoDraw = False
156.6653 	EXP 	polygon: autoDraw = False
156.6653 	EXP 	image: autoDraw = False
156.6653 	EXP 	polygon: autoDraw = False
156.6653 	EXP 	polygon_2: autoDraw = False
156.6653 	EXP 	text_5: height = 0.5000000000000001
156.6653 	EXP 	text_5: height = 0.5000000000000001
156.6653 	EXP 	text_5: height = 0.5000000000000001
156.6653 	EXP 	text_5: text = 'Good job! Your average accuracy in this run is 0.14285714285714285. Please press any button when you are ready to continue to run1.'
156.6653 	EXP 	text_5: autoDraw = False
156.6653 	EXP 	text_4: autoDraw = False
156.6653 	EXP 	image: image = 'images/image_329_seed_1.png'
156.6653 	EXP 	polygon: autoDraw = True
157.6606 	EXP 	image: autoDraw = True
160.6530 	EXP 	New trial (rep=0, index=9): OrderedDict([('current_image', 'blank.jpg'), ('is_repeat', 0), ('trial_index', 9), ('is_blank_trial', 1), ('is_new_run', 0), ('run_num', 0), ('all_blanks_list', [9, 19, 29, 39, 49, 59, 68, 69, 70, 71])])
160.6618 	EXP 	image: autoDraw = False
160.6618 	EXP 	polygon: autoDraw = False
160.6618 	EXP 	image: autoDraw = False
160.6618 	EXP 	polygon: autoDraw = False
160.6618 	EXP 	polygon_2: autoDraw = False
160.6618 	EXP 	text_5: height = 0.5000000000000001
160.6618 	EXP 	text_5: height = 0.5000000000000001
160.6618 	EXP 	text_5: height = 0.5000000000000001
160.6618 	EXP 	text_5: text = 'Good job! Your average accuracy in this run is 0.125. Please press any button when you are ready to continue to run1.'
160.6618 	EXP 	text_5: autoDraw = False
160.6618 	EXP 	text_4: autoDraw = False
160.6618 	EXP 	image: image = 'blank.jpg'
160.6618 	EXP 	image: autoDraw = False
160.6618 	EXP 	polygon: autoDraw = False
160.6618 	EXP 	polygon_2: autoDraw = True
164.6534 	EXP 	New trial (rep=0, index=10): OrderedDict([('current_image', 'images/image_681_seed_1.png'), ('is_repeat', 0), ('trial_index', 10), ('is_blank_trial', 0), ('is_new_run', 0), ('run_num', 0), ('all_blanks_list', [9, 19, 29, 39, 49, 59, 68, 69, 70, 71])])
164.6661 	EXP 	polygon_2: autoDraw = False
164.6661 	EXP 	polygon_2: autoDraw = False
164.6661 	EXP 	text_5: height = 0.5000000000000001
164.6661 	EXP 	text_5: height = 0.5000000000000001
164.6661 	EXP 	text_5: height = 0.5000000000000001
164.6661 	EXP 	text_5: text = 'Good job! Your average accuracy in this run is 0.1111111111111111. Please press any button when you are ready to continue to run1.'
164.6661 	EXP 	text_5: autoDraw = False
164.6661 	EXP 	text_4: autoDraw = False
164.6661 	EXP 	image: image = 'images/image_681_seed_1.png'
164.6661 	EXP 	polygon: autoDraw = True
165.6615 	EXP 	image: autoDraw = True
168.6457 	EXP 	New trial (rep=0, index=11): OrderedDict([('current_image', 'images/image_594_seed_1.png'), ('is_repeat', 0), ('trial_index', 11), ('is_blank_trial', 0), ('is_new_run', 0), ('run_num', 0), ('all_blanks_list', [9, 19, 29, 39, 49, 59, 68, 69, 70, 71])])
168.6603 	EXP 	image: autoDraw = False
168.6603 	EXP 	polygon: autoDraw = False
168.6603 	EXP 	image: autoDraw = False
168.6603 	EXP 	polygon: autoDraw = False
168.6603 	EXP 	polygon_2: autoDraw = False
168.6603 	EXP 	text_5: text = 'Good job! Your average accuracy in this run is 0.1111111111111111. Please press any button when you are ready to continue to run1.'
168.6603 	EXP 	text_5: autoDraw = False
168.6603 	EXP 	text_4: autoDraw = False
168.6603 	EXP 	image: image = 'images/image_594_seed_1.png'
168.6603 	EXP 	polygon: autoDraw = True
169.6609 	EXP 	image: autoDraw = True
172.6523 	EXP 	New trial (rep=0, index=12): OrderedDict([('current_image', 'images/image_627_seed_1.png'), ('is_repeat', 0), ('trial_index', 12), ('is_blank_trial', 0), ('is_new_run', 0), ('run_num', 0), ('all_blanks_list', [9, 19, 29, 39, 49, 59, 68, 69, 70, 71])])
172.6652 	EXP 	image: autoDraw = False
172.6652 	EXP 	polygon: autoDraw = False
172.6652 	EXP 	image: autoDraw = False
172.6652 	EXP 	polygon: autoDraw = False
172.6652 	EXP 	polygon_2: autoDraw = False
172.6652 	EXP 	text_5: height = 0.5000000000000001
172.6652 	EXP 	text_5: height = 0.5000000000000001
172.6652 	EXP 	text_5: height = 0.5000000000000001
172.6652 	EXP 	text_5: text = 'Good job! Your average accuracy in this run is 0.1. Please press any button when you are ready to continue to run1.'
172.6652 	EXP 	text_5: autoDraw = False
172.6652 	EXP 	text_4: autoDraw = False
172.6652 	EXP 	image: image = 'images/image_627_seed_1.png'
172.6652 	EXP 	polygon: autoDraw = True
173.6614 	EXP 	image: autoDraw = True
176.6537 	EXP 	New trial (rep=0, index=13): OrderedDict([('current_image', 'images/image_3_seed_1.png'), ('is_repeat', 0), ('trial_index', 13), ('is_blank_trial', 0), ('is_new_run', 0), ('run_num', 0), ('all_blanks_list', [9, 19, 29, 39, 49, 59, 68, 69, 70, 71])])
176.6653 	EXP 	image: autoDraw = False
176.6653 	EXP 	polygon: autoDraw = False
176.6653 	EXP 	image: autoDraw = False
176.6653 	EXP 	polygon: autoDraw = False
176.6653 	EXP 	polygon_2: autoDraw = False
176.6653 	EXP 	text_5: height = 0.5000000000000001
176.6653 	EXP 	text_5: height = 0.5000000000000001
176.6653 	EXP 	text_5: height = 0.5000000000000001
176.6653 	EXP 	text_5: text = 'Good job! Your average accuracy in this run is 0.09090909090909091. Please press any button when you are ready to continue to run1.'
176.6653 	EXP 	text_5: autoDraw = False
176.6653 	EXP 	text_4: autoDraw = False
176.6653 	EXP 	image: image = 'images/image_3_seed_1.png'
176.6653 	EXP 	polygon: autoDraw = True
177.6614 	EXP 	image: autoDraw = True
180.6532 	EXP 	New trial (rep=0, index=14): OrderedDict([('current_image', 'images/image_52_seed_1.png'), ('is_repeat', 0), ('trial_index', 14), ('is_blank_trial', 0), ('is_new_run', 0), ('run_num', 0), ('all_blanks_list', [9, 19, 29, 39, 49, 59, 68, 69, 70, 71])])
180.6649 	EXP 	image: autoDraw = False
180.6649 	EXP 	polygon: autoDraw = False
180.6649 	EXP 	image: autoDraw = False
180.6649 	EXP 	polygon: autoDraw = False
180.6649 	EXP 	polygon_2: autoDraw = False
180.6649 	EXP 	text_5: height = 0.5000000000000001
180.6649 	EXP 	text_5: height = 0.5000000000000001
180.6649 	EXP 	text_5: height = 0.5000000000000001
180.6649 	EXP 	text_5: text = 'Good job! Your average accuracy in this run is 0.08333333333333333. Please press any button when you are ready to continue to run1.'
180.6649 	EXP 	text_5: autoDraw = False
180.6649 	EXP 	text_4: autoDraw = False
180.6649 	EXP 	image: image = 'images/image_52_seed_1.png'
180.6649 	EXP 	polygon: autoDraw = True
181.6615 	EXP 	image: autoDraw = True
184.6503 	EXP 	New trial (rep=0, index=15): OrderedDict([('current_image', 'images/image_262_seed_1.png'), ('is_repeat', 0), ('trial_index', 15), ('is_blank_trial', 0), ('is_new_run', 0), ('run_num', 0), ('all_blanks_list', [9, 19, 29, 39, 49, 59, 68, 69, 70, 71])])
184.6626 	EXP 	image: autoDraw = False
184.6626 	EXP 	polygon: autoDraw = False
184.6626 	EXP 	image: autoDraw = False
184.6626 	EXP 	polygon: autoDraw = False
184.6626 	EXP 	polygon_2: autoDraw = False
184.6626 	EXP 	text_5: height = 0.5000000000000001
184.6626 	EXP 	text_5: height = 0.5000000000000001
184.6626 	EXP 	text_5: height = 0.5000000000000001
184.6626 	EXP 	text_5: text = 'Good job! Your average accuracy in this run is 0.07692307692307693. Please press any button when you are ready to continue to run1.'
184.6626 	EXP 	text_5: autoDraw = False
184.6626 	EXP 	text_4: autoDraw = False
184.6626 	EXP 	image: image = 'images/image_262_seed_1.png'
184.6626 	EXP 	polygon: autoDraw = True
185.6614 	EXP 	image: autoDraw = True
188.6547 	EXP 	New trial (rep=0, index=16): OrderedDict([('current_image', 'images/image_619_seed_1.png'), ('is_repeat', 0), ('trial_index', 16), ('is_blank_trial', 0), ('is_new_run', 0), ('run_num', 0), ('all_blanks_list', [9, 19, 29, 39, 49, 59, 68, 69, 70, 71])])
188.6652 	EXP 	image: autoDraw = False
188.6652 	EXP 	polygon: autoDraw = False
188.6652 	EXP 	image: autoDraw = False
188.6652 	EXP 	polygon: autoDraw = False
188.6652 	EXP 	polygon_2: autoDraw = False
188.6652 	EXP 	text_5: height = 0.5000000000000001
188.6652 	EXP 	text_5: height = 0.5000000000000001
188.6652 	EXP 	text_5: height = 0.5000000000000001
188.6652 	EXP 	text_5: text = 'Good job! Your average accuracy in this run is 0.07142857142857142. Please press any button when you are ready to continue to run1.'
188.6652 	EXP 	text_5: autoDraw = False
188.6652 	EXP 	text_4: autoDraw = False
188.6652 	EXP 	image: image = 'images/image_619_seed_1.png'
188.6652 	EXP 	polygon: autoDraw = True
189.6618 	EXP 	image: autoDraw = True
192.6524 	EXP 	New trial (rep=0, index=17): OrderedDict([('current_image', 'images/image_79_seed_1.png'), ('is_repeat', 0), ('trial_index', 17), ('is_blank_trial', 0), ('is_new_run', 0), ('run_num', 0), ('all_blanks_list', [9, 19, 29, 39, 49, 59, 68, 69, 70, 71])])
192.6619 	EXP 	image: autoDraw = False
192.6619 	EXP 	polygon: autoDraw = False
192.6619 	EXP 	image: autoDraw = False
192.6619 	EXP 	polygon: autoDraw = False
192.6619 	EXP 	polygon_2: autoDraw = False
192.6619 	EXP 	text_5: height = 0.5000000000000001
192.6619 	EXP 	text_5: height = 0.5000000000000001
192.6619 	EXP 	text_5: height = 0.5000000000000001
192.6619 	EXP 	text_5: text = 'Good job! Your average accuracy in this run is 0.06666666666666667. Please press any button when you are ready to continue to run1.'
192.6619 	EXP 	text_5: autoDraw = False
192.6619 	EXP 	text_4: autoDraw = False
192.6619 	EXP 	image: image = 'images/image_79_seed_1.png'
192.6619 	EXP 	polygon: autoDraw = True
193.6616 	EXP 	image: autoDraw = True
196.6526 	EXP 	New trial (rep=0, index=18): OrderedDict([('current_image', 'images/image_440_seed_1.png'), ('is_repeat', 0), ('trial_index', 18), ('is_blank_trial', 0), ('is_new_run', 0), ('run_num', 0), ('all_blanks_list', [9, 19, 29, 39, 49, 59, 68, 69, 70, 71])])
196.6644 	EXP 	image: autoDraw = False
196.6644 	EXP 	polygon: autoDraw = False
196.6644 	EXP 	image: autoDraw = False
196.6644 	EXP 	polygon: autoDraw = False
196.6644 	EXP 	polygon_2: autoDraw = False
196.6644 	EXP 	text_5: height = 0.5000000000000001
196.6644 	EXP 	text_5: height = 0.5000000000000001
196.6644 	EXP 	text_5: height = 0.5000000000000001
196.6644 	EXP 	text_5: text = 'Good job! Your average accuracy in this run is 0.0625. Please press any button when you are ready to continue to run1.'
196.6644 	EXP 	text_5: autoDraw = False
196.6644 	EXP 	text_4: autoDraw = False
196.6644 	EXP 	image: image = 'images/image_440_seed_1.png'
196.6644 	EXP 	polygon: autoDraw = True
197.6615 	EXP 	image: autoDraw = True
200.6539 	EXP 	New trial (rep=0, index=19): OrderedDict([('current_image', 'blank.jpg'), ('is_repeat', 0), ('trial_index', 19), ('is_blank_trial', 1), ('is_new_run', 0), ('run_num', 0), ('all_blanks_list', [9, 19, 29, 39, 49, 59, 68, 69, 70, 71])])
200.6625 	EXP 	image: autoDraw = False
200.6625 	EXP 	polygon: autoDraw = False
200.6625 	EXP 	image: autoDraw = False
200.6625 	EXP 	polygon: autoDraw = False
200.6625 	EXP 	polygon_2: autoDraw = False
200.6625 	EXP 	text_5: height = 0.5000000000000001
200.6625 	EXP 	text_5: height = 0.5000000000000001
200.6625 	EXP 	text_5: height = 0.5000000000000001
200.6625 	EXP 	text_5: text = 'Good job! Your average accuracy in this run is 0.058823529411764705. Please press any button when you are ready to continue to run1.'
200.6625 	EXP 	text_5: autoDraw = False
200.6625 	EXP 	text_4: autoDraw = False
200.6625 	EXP 	image: image = 'blank.jpg'
200.6625 	EXP 	image: autoDraw = False
200.6625 	EXP 	polygon: autoDraw = False
200.6625 	EXP 	polygon_2: autoDraw = True
204.6529 	EXP 	New trial (rep=0, index=20): OrderedDict([('current_image', 'images/image_127_seed_1.png'), ('is_repeat', 0), ('trial_index', 20), ('is_blank_trial', 0), ('is_new_run', 0), ('run_num', 0), ('all_blanks_list', [9, 19, 29, 39, 49, 59, 68, 69, 70, 71])])
204.6659 	EXP 	polygon_2: autoDraw = False
204.6659 	EXP 	polygon_2: autoDraw = False
204.6659 	EXP 	text_5: height = 0.5000000000000001
204.6659 	EXP 	text_5: height = 0.5000000000000001
204.6659 	EXP 	text_5: height = 0.5000000000000001
204.6659 	EXP 	text_5: text = 'Good job! Your average accuracy in this run is 0.05555555555555555. Please press any button when you are ready to continue to run1.'
204.6659 	EXP 	text_5: autoDraw = False
204.6659 	EXP 	text_4: autoDraw = False
204.6659 	EXP 	image: image = 'images/image_127_seed_1.png'
204.6659 	EXP 	polygon: autoDraw = True
205.6616 	EXP 	image: autoDraw = True
208.6458 	EXP 	New trial (rep=0, index=21): OrderedDict([('current_image', 'images/image_435_seed_1.png'), ('is_repeat', 0), ('trial_index', 21), ('is_blank_trial', 0), ('is_new_run', 0), ('run_num', 0), ('all_blanks_list', [9, 19, 29, 39, 49, 59, 68, 69, 70, 71])])
208.6613 	EXP 	image: autoDraw = False
208.6613 	EXP 	polygon: autoDraw = False
208.6613 	EXP 	image: autoDraw = False
208.6613 	EXP 	polygon: autoDraw = False
208.6613 	EXP 	polygon_2: autoDraw = False
208.6613 	EXP 	text_5: text = 'Good job! Your average accuracy in this run is 0.05555555555555555. Please press any button when you are ready to continue to run1.'
208.6613 	EXP 	text_5: autoDraw = False
208.6613 	EXP 	text_4: autoDraw = False
208.6613 	EXP 	image: image = 'images/image_435_seed_1.png'
208.6613 	EXP 	polygon: autoDraw = True
209.6613 	EXP 	image: autoDraw = True
212.6532 	EXP 	New trial (rep=0, index=22): OrderedDict([('current_image', 'images/image_510_seed_1.png'), ('is_repeat', 0), ('trial_index', 22), ('is_blank_trial', 0), ('is_new_run', 0), ('run_num', 0), ('all_blanks_list', [9, 19, 29, 39, 49, 59, 68, 69, 70, 71])])
212.6648 	EXP 	image: autoDraw = False
212.6648 	EXP 	polygon: autoDraw = False
212.6648 	EXP 	image: autoDraw = False
212.6648 	EXP 	polygon: autoDraw = False
212.6648 	EXP 	polygon_2: autoDraw = False
212.6648 	EXP 	text_5: height = 0.5000000000000001
212.6648 	EXP 	text_5: height = 0.5000000000000001
212.6648 	EXP 	text_5: height = 0.5000000000000001
212.6648 	EXP 	text_5: text = 'Good job! Your average accuracy in this run is 0.05263157894736842. Please press any button when you are ready to continue to run1.'
212.6648 	EXP 	text_5: autoDraw = False
212.6648 	EXP 	text_4: autoDraw = False
212.6648 	EXP 	image: image = 'images/image_510_seed_1.png'
212.6648 	EXP 	polygon: autoDraw = True
213.6612 	EXP 	image: autoDraw = True
216.6521 	EXP 	New trial (rep=0, index=23): OrderedDict([('current_image', 'images/image_604_seed_1.png'), ('is_repeat', 0), ('trial_index', 23), ('is_blank_trial', 0), ('is_new_run', 0), ('run_num', 0), ('all_blanks_list', [9, 19, 29, 39, 49, 59, 68, 69, 70, 71])])
216.6662 	EXP 	image: autoDraw = False
216.6662 	EXP 	polygon: autoDraw = False
216.6662 	EXP 	image: autoDraw = False
216.6662 	EXP 	polygon: autoDraw = False
216.6662 	EXP 	polygon_2: autoDraw = False
216.6662 	EXP 	text_5: height = 0.5000000000000001
216.6662 	EXP 	text_5: height = 0.5000000000000001
216.6662 	EXP 	text_5: height = 0.5000000000000001
216.6662 	EXP 	text_5: text = 'Good job! Your average accuracy in this run is 0.05. Please press any button when you are ready to continue to run1.'
216.6662 	EXP 	text_5: autoDraw = False
216.6662 	EXP 	text_4: autoDraw = False
216.6662 	EXP 	image: image = 'images/image_604_seed_1.png'
216.6662 	EXP 	polygon: autoDraw = True
217.6615 	EXP 	image: autoDraw = True
220.6534 	EXP 	New trial (rep=0, index=24): OrderedDict([('current_image', 'images/image_568_seed_1.png'), ('is_repeat', 0), ('trial_index', 24), ('is_blank_trial', 0), ('is_new_run', 0), ('run_num', 0), ('all_blanks_list', [9, 19, 29, 39, 49, 59, 68, 69, 70, 71])])
220.6659 	EXP 	image: autoDraw = False
220.6659 	EXP 	polygon: autoDraw = False
220.6659 	EXP 	image: autoDraw = False
220.6659 	EXP 	polygon: autoDraw = False
220.6659 	EXP 	polygon_2: autoDraw = False
220.6659 	EXP 	text_5: height = 0.5000000000000001
220.6659 	EXP 	text_5: height = 0.5000000000000001
220.6659 	EXP 	text_5: height = 0.5000000000000001
220.6659 	EXP 	text_5: text = 'Good job! Your average accuracy in this run is 0.047619047619047616. Please press any button when you are ready to continue to run1.'
220.6659 	EXP 	text_5: autoDraw = False
220.6659 	EXP 	text_4: autoDraw = False
220.6659 	EXP 	image: image = 'images/image_568_seed_1.png'
220.6659 	EXP 	polygon: autoDraw = True
221.6606 	EXP 	image: autoDraw = True
224.6527 	EXP 	New trial (rep=0, index=25): OrderedDict([('current_image', 'images/image_121_seed_1.png'), ('is_repeat', 0), ('trial_index', 25), ('is_blank_trial', 0), ('is_new_run', 0), ('run_num', 0), ('all_blanks_list', [9, 19, 29, 39, 49, 59, 68, 69, 70, 71])])
224.6655 	EXP 	image: autoDraw = False
224.6655 	EXP 	polygon: autoDraw = False
224.6655 	EXP 	image: autoDraw = False
224.6655 	EXP 	polygon: autoDraw = False
224.6655 	EXP 	polygon_2: autoDraw = False
224.6655 	EXP 	text_5: height = 0.5000000000000001
224.6655 	EXP 	text_5: height = 0.5000000000000001
224.6655 	EXP 	text_5: height = 0.5000000000000001
224.6655 	EXP 	text_5: text = 'Good job! Your average accuracy in this run is 0.045454545454545456. Please press any button when you are ready to continue to run1.'
224.6655 	EXP 	text_5: autoDraw = False
224.6655 	EXP 	text_4: autoDraw = False
224.6655 	EXP 	image: image = 'images/image_121_seed_1.png'
224.6655 	EXP 	polygon: autoDraw = True
225.6615 	EXP 	image: autoDraw = True
228.6534 	EXP 	New trial (rep=0, index=26): OrderedDict([('current_image', 'images/image_348_seed_1.png'), ('is_repeat', 0), ('trial_index', 26), ('is_blank_trial', 0), ('is_new_run', 0), ('run_num', 0), ('all_blanks_list', [9, 19, 29, 39, 49, 59, 68, 69, 70, 71])])
228.6659 	EXP 	image: autoDraw = False
228.6659 	EXP 	polygon: autoDraw = False
228.6659 	EXP 	image: autoDraw = False
228.6659 	EXP 	polygon: autoDraw = False
228.6659 	EXP 	polygon_2: autoDraw = False
228.6659 	EXP 	text_5: height = 0.5000000000000001
228.6659 	EXP 	text_5: height = 0.5000000000000001
228.6659 	EXP 	text_5: height = 0.5000000000000001
228.6659 	EXP 	text_5: text = 'Good job! Your average accuracy in this run is 0.043478260869565216. Please press any button when you are ready to continue to run1.'
228.6659 	EXP 	text_5: autoDraw = False
228.6659 	EXP 	text_4: autoDraw = False
228.6659 	EXP 	image: image = 'images/image_348_seed_1.png'
228.6659 	EXP 	polygon: autoDraw = True
229.6613 	EXP 	image: autoDraw = True
232.6531 	EXP 	New trial (rep=0, index=27): OrderedDict([('current_image', 'images/image_365_seed_1.png'), ('is_repeat', 0), ('trial_index', 27), ('is_blank_trial', 0), ('is_new_run', 0), ('run_num', 0), ('all_blanks_list', [9, 19, 29, 39, 49, 59, 68, 69, 70, 71])])
232.6653 	EXP 	image: autoDraw = False
232.6653 	EXP 	polygon: autoDraw = False
232.6653 	EXP 	image: autoDraw = False
232.6653 	EXP 	polygon: autoDraw = False
232.6653 	EXP 	polygon_2: autoDraw = False
232.6653 	EXP 	text_5: height = 0.5000000000000001
232.6653 	EXP 	text_5: height = 0.5000000000000001
232.6653 	EXP 	text_5: height = 0.5000000000000001
232.6653 	EXP 	text_5: text = 'Good job! Your average accuracy in this run is 0.041666666666666664. Please press any button when you are ready to continue to run1.'
232.6653 	EXP 	text_5: autoDraw = False
232.6653 	EXP 	text_4: autoDraw = False
232.6653 	EXP 	image: image = 'images/image_365_seed_1.png'
232.6653 	EXP 	polygon: autoDraw = True
233.6612 	EXP 	image: autoDraw = True
236.6526 	EXP 	New trial (rep=0, index=28): OrderedDict([('current_image', 'images/image_116_seed_1.png'), ('is_repeat', 0), ('trial_index', 28), ('is_blank_trial', 0), ('is_new_run', 0), ('run_num', 0), ('all_blanks_list', [9, 19, 29, 39, 49, 59, 68, 69, 70, 71])])
236.6646 	EXP 	image: autoDraw = False
236.6646 	EXP 	polygon: autoDraw = False
236.6646 	EXP 	image: autoDraw = False
236.6646 	EXP 	polygon: autoDraw = False
236.6646 	EXP 	polygon_2: autoDraw = False
236.6646 	EXP 	text_5: height = 0.5000000000000001
236.6646 	EXP 	text_5: height = 0.5000000000000001
236.6646 	EXP 	text_5: height = 0.5000000000000001
236.6646 	EXP 	text_5: text = 'Good job! Your average accuracy in this run is 0.04. Please press any button when you are ready to continue to run1.'
236.6646 	EXP 	text_5: autoDraw = False
236.6646 	EXP 	text_4: autoDraw = False
236.6646 	EXP 	image: image = 'images/image_116_seed_1.png'
236.6646 	EXP 	polygon: autoDraw = True
237.6613 	EXP 	image: autoDraw = True
240.6533 	EXP 	New trial (rep=0, index=29): OrderedDict([('current_image', 'blank.jpg'), ('is_repeat', 0), ('trial_index', 29), ('is_blank_trial', 1), ('is_new_run', 0), ('run_num', 0), ('all_blanks_list', [9, 19, 29, 39, 49, 59, 68, 69, 70, 71])])
240.6609 	EXP 	image: autoDraw = False
240.6609 	EXP 	polygon: autoDraw = False
240.6609 	EXP 	image: autoDraw = False
240.6609 	EXP 	polygon: autoDraw = False
240.6609 	EXP 	polygon_2: autoDraw = False
240.6609 	EXP 	text_5: height = 0.5000000000000001
240.6609 	EXP 	text_5: height = 0.5000000000000001
240.6609 	EXP 	text_5: height = 0.5000000000000001
240.6609 	EXP 	text_5: text = 'Good job! Your average accuracy in this run is 0.038461538461538464. Please press any button when you are ready to continue to run1.'
240.6609 	EXP 	text_5: autoDraw = False
240.6609 	EXP 	text_4: autoDraw = False
240.6609 	EXP 	image: image = 'blank.jpg'
240.6609 	EXP 	image: autoDraw = False
240.6609 	EXP 	polygon: autoDraw = False
240.6609 	EXP 	polygon_2: autoDraw = True
244.6496 	EXP 	New trial (rep=0, index=30): OrderedDict([('current_image', 'images/image_463_seed_1.png'), ('is_repeat', 0), ('trial_index', 30), ('is_blank_trial', 0), ('is_new_run', 0), ('run_num', 0), ('all_blanks_list', [9, 19, 29, 39, 49, 59, 68, 69, 70, 71])])
244.6602 	EXP 	polygon_2: autoDraw = False
244.6602 	EXP 	polygon_2: autoDraw = False
244.6602 	EXP 	text_5: height = 0.5000000000000001
244.6602 	EXP 	text_5: height = 0.5000000000000001
244.6602 	EXP 	text_5: height = 0.5000000000000001
244.6602 	EXP 	text_5: text = 'Good job! Your average accuracy in this run is 0.037037037037037035. Please press any button when you are ready to continue to run1.'
244.6602 	EXP 	text_5: autoDraw = False
244.6602 	EXP 	text_4: autoDraw = False
244.6602 	EXP 	image: image = 'images/image_463_seed_1.png'
244.6602 	EXP 	polygon: autoDraw = True
245.6613 	EXP 	image: autoDraw = True
248.6463 	EXP 	New trial (rep=0, index=31): OrderedDict([('current_image', 'images/image_631_seed_1.png'), ('is_repeat', 0), ('trial_index', 31), ('is_blank_trial', 0), ('is_new_run', 0), ('run_num', 0), ('all_blanks_list', [9, 19, 29, 39, 49, 59, 68, 69, 70, 71])])
248.6608 	EXP 	image: autoDraw = False
248.6608 	EXP 	polygon: autoDraw = False
248.6608 	EXP 	image: autoDraw = False
248.6608 	EXP 	polygon: autoDraw = False
248.6608 	EXP 	polygon_2: autoDraw = False
248.6608 	EXP 	text_5: text = 'Good job! Your average accuracy in this run is 0.037037037037037035. Please press any button when you are ready to continue to run1.'
248.6608 	EXP 	text_5: autoDraw = False
248.6608 	EXP 	text_4: autoDraw = False
248.6608 	EXP 	image: image = 'images/image_631_seed_1.png'
248.6608 	EXP 	polygon: autoDraw = True
249.6611 	EXP 	image: autoDraw = True
252.6526 	EXP 	New trial (rep=0, index=32): OrderedDict([('current_image', 'images/image_119_seed_1.png'), ('is_repeat', 0), ('trial_index', 32), ('is_blank_trial', 0), ('is_new_run', 0), ('run_num', 0), ('all_blanks_list', [9, 19, 29, 39, 49, 59, 68, 69, 70, 71])])
252.6650 	EXP 	image: autoDraw = False
252.6650 	EXP 	polygon: autoDraw = False
252.6650 	EXP 	image: autoDraw = False
252.6650 	EXP 	polygon: autoDraw = False
252.6650 	EXP 	polygon_2: autoDraw = False
252.6650 	EXP 	text_5: height = 0.5000000000000001
252.6650 	EXP 	text_5: height = 0.5000000000000001
252.6650 	EXP 	text_5: height = 0.5000000000000001
252.6650 	EXP 	text_5: text = 'Good job! Your average accuracy in this run is 0.03571428571428571. Please press any button when you are ready to continue to run1.'
252.6650 	EXP 	text_5: autoDraw = False
252.6650 	EXP 	text_4: autoDraw = False
252.6650 	EXP 	image: image = 'images/image_119_seed_1.png'
252.6650 	EXP 	polygon: autoDraw = True
253.6616 	EXP 	image: autoDraw = True
256.6535 	EXP 	New trial (rep=0, index=33): OrderedDict([('current_image', 'images/image_180_seed_1.png'), ('is_repeat', 0), ('trial_index', 33), ('is_blank_trial', 0), ('is_new_run', 0), ('run_num', 0), ('all_blanks_list', [9, 19, 29, 39, 49, 59, 68, 69, 70, 71])])
256.6648 	EXP 	image: autoDraw = False
256.6648 	EXP 	polygon: autoDraw = False
256.6648 	EXP 	image: autoDraw = False
256.6648 	EXP 	polygon: autoDraw = False
256.6648 	EXP 	polygon_2: autoDraw = False
256.6648 	EXP 	text_5: height = 0.5000000000000001
256.6648 	EXP 	text_5: height = 0.5000000000000001
256.6648 	EXP 	text_5: height = 0.5000000000000001
256.6648 	EXP 	text_5: text = 'Good job! Your average accuracy in this run is 0.034482758620689655. Please press any button when you are ready to continue to run1.'
256.6648 	EXP 	text_5: autoDraw = False
256.6648 	EXP 	text_4: autoDraw = False
256.6648 	EXP 	image: image = 'images/image_180_seed_1.png'
256.6648 	EXP 	polygon: autoDraw = True
257.6617 	EXP 	image: autoDraw = True
260.6535 	EXP 	New trial (rep=0, index=34): OrderedDict([('current_image', 'images/image_241_seed_1.png'), ('is_repeat', 0), ('trial_index', 34), ('is_blank_trial', 0), ('is_new_run', 0), ('run_num', 0), ('all_blanks_list', [9, 19, 29, 39, 49, 59, 68, 69, 70, 71])])
260.6671 	EXP 	image: autoDraw = False
260.6671 	EXP 	polygon: autoDraw = False
260.6671 	EXP 	image: autoDraw = False
260.6671 	EXP 	polygon: autoDraw = False
260.6671 	EXP 	polygon_2: autoDraw = False
260.6671 	EXP 	text_5: height = 0.5000000000000001
260.6671 	EXP 	text_5: height = 0.5000000000000001
260.6671 	EXP 	text_5: height = 0.5000000000000001
260.6671 	EXP 	text_5: text = 'Good job! Your average accuracy in this run is 0.03333333333333333. Please press any button when you are ready to continue to run1.'
260.6671 	EXP 	text_5: autoDraw = False
260.6671 	EXP 	text_4: autoDraw = False
260.6671 	EXP 	image: image = 'images/image_241_seed_1.png'
260.6671 	EXP 	polygon: autoDraw = True
261.6616 	EXP 	image: autoDraw = True
264.6537 	EXP 	New trial (rep=0, index=35): OrderedDict([('current_image', 'images/image_680_seed_1.png'), ('is_repeat', 0), ('trial_index', 35), ('is_blank_trial', 0), ('is_new_run', 0), ('run_num', 0), ('all_blanks_list', [9, 19, 29, 39, 49, 59, 68, 69, 70, 71])])
264.6664 	EXP 	image: autoDraw = False
264.6664 	EXP 	polygon: autoDraw = False
264.6664 	EXP 	image: autoDraw = False
264.6664 	EXP 	polygon: autoDraw = False
264.6664 	EXP 	polygon_2: autoDraw = False
264.6664 	EXP 	text_5: height = 0.5000000000000001
264.6664 	EXP 	text_5: height = 0.5000000000000001
264.6664 	EXP 	text_5: height = 0.5000000000000001
264.6664 	EXP 	text_5: text = 'Good job! Your average accuracy in this run is 0.03225806451612903. Please press any button when you are ready to continue to run1.'
264.6664 	EXP 	text_5: autoDraw = False
264.6664 	EXP 	text_4: autoDraw = False
264.6664 	EXP 	image: image = 'images/image_680_seed_1.png'
264.6664 	EXP 	polygon: autoDraw = True
265.6614 	EXP 	image: autoDraw = True
268.6526 	EXP 	New trial (rep=0, index=36): OrderedDict([('current_image', 'images/image_118_seed_1.png'), ('is_repeat', 0), ('trial_index', 36), ('is_blank_trial', 0), ('is_new_run', 0), ('run_num', 0), ('all_blanks_list', [9, 19, 29, 39, 49, 59, 68, 69, 70, 71])])
268.6656 	EXP 	image: autoDraw = False
268.6656 	EXP 	polygon: autoDraw = False
268.6656 	EXP 	image: autoDraw = False
268.6656 	EXP 	polygon: autoDraw = False
268.6656 	EXP 	polygon_2: autoDraw = False
268.6656 	EXP 	text_5: height = 0.5000000000000001
268.6656 	EXP 	text_5: height = 0.5000000000000001
268.6656 	EXP 	text_5: height = 0.5000000000000001
268.6656 	EXP 	text_5: text = 'Good job! Your average accuracy in this run is 0.03125. Please press any button when you are ready to continue to run1.'
268.6656 	EXP 	text_5: autoDraw = False
268.6656 	EXP 	text_4: autoDraw = False
268.6656 	EXP 	image: image = 'images/image_118_seed_1.png'
268.6656 	EXP 	polygon: autoDraw = True
269.6613 	EXP 	image: autoDraw = True
272.6525 	EXP 	New trial (rep=0, index=37): OrderedDict([('current_image', 'images/image_392_seed_1.png'), ('is_repeat', 0), ('trial_index', 37), ('is_blank_trial', 0), ('is_new_run', 0), ('run_num', 0), ('all_blanks_list', [9, 19, 29, 39, 49, 59, 68, 69, 70, 71])])
272.6644 	EXP 	image: autoDraw = False
272.6644 	EXP 	polygon: autoDraw = False
272.6644 	EXP 	image: autoDraw = False
272.6644 	EXP 	polygon: autoDraw = False
272.6644 	EXP 	polygon_2: autoDraw = False
272.6644 	EXP 	text_5: height = 0.5000000000000001
272.6644 	EXP 	text_5: height = 0.5000000000000001
272.6644 	EXP 	text_5: height = 0.5000000000000001
272.6644 	EXP 	text_5: text = 'Good job! Your average accuracy in this run is 0.030303030303030304. Please press any button when you are ready to continue to run1.'
272.6644 	EXP 	text_5: autoDraw = False
272.6644 	EXP 	text_4: autoDraw = False
272.6644 	EXP 	image: image = 'images/image_392_seed_1.png'
272.6644 	EXP 	polygon: autoDraw = True
273.6617 	EXP 	image: autoDraw = True
276.6533 	EXP 	New trial (rep=0, index=38): OrderedDict([('current_image', 'images/image_576_seed_1.png'), ('is_repeat', 0), ('trial_index', 38), ('is_blank_trial', 0), ('is_new_run', 0), ('run_num', 0), ('all_blanks_list', [9, 19, 29, 39, 49, 59, 68, 69, 70, 71])])
276.6648 	EXP 	image: autoDraw = False
276.6648 	EXP 	polygon: autoDraw = False
276.6648 	EXP 	image: autoDraw = False
276.6648 	EXP 	polygon: autoDraw = False
276.6648 	EXP 	polygon_2: autoDraw = False
276.6648 	EXP 	text_5: height = 0.5000000000000001
276.6648 	EXP 	text_5: height = 0.5000000000000001
276.6648 	EXP 	text_5: height = 0.5000000000000001
276.6648 	EXP 	text_5: text = 'Good job! Your average accuracy in this run is 0.029411764705882353. Please press any button when you are ready to continue to run1.'
276.6648 	EXP 	text_5: autoDraw = False
276.6648 	EXP 	text_4: autoDraw = False
276.6648 	EXP 	image: image = 'images/image_576_seed_1.png'
276.6648 	EXP 	polygon: autoDraw = True
277.6617 	EXP 	image: autoDraw = True
280.6533 	EXP 	New trial (rep=0, index=39): OrderedDict([('current_image', 'blank.jpg'), ('is_repeat', 0), ('trial_index', 39), ('is_blank_trial', 1), ('is_new_run', 0), ('run_num', 0), ('all_blanks_list', [9, 19, 29, 39, 49, 59, 68, 69, 70, 71])])
280.6615 	EXP 	image: autoDraw = False
280.6615 	EXP 	polygon: autoDraw = False
280.6615 	EXP 	image: autoDraw = False
280.6615 	EXP 	polygon: autoDraw = False
280.6615 	EXP 	polygon_2: autoDraw = False
280.6615 	EXP 	text_5: height = 0.5000000000000001
280.6615 	EXP 	text_5: height = 0.5000000000000001
280.6615 	EXP 	text_5: height = 0.5000000000000001
280.6615 	EXP 	text_5: text = 'Good job! Your average accuracy in this run is 0.02857142857142857. Please press any button when you are ready to continue to run1.'
280.6615 	EXP 	text_5: autoDraw = False
280.6615 	EXP 	text_4: autoDraw = False
280.6615 	EXP 	image: image = 'blank.jpg'
280.6615 	EXP 	image: autoDraw = False
280.6615 	EXP 	polygon: autoDraw = False
280.6615 	EXP 	polygon_2: autoDraw = True
284.6534 	EXP 	New trial (rep=0, index=40): OrderedDict([('current_image', 'images/image_412_seed_1.png'), ('is_repeat', 0), ('trial_index', 40), ('is_blank_trial', 0), ('is_new_run', 0), ('run_num', 0), ('all_blanks_list', [9, 19, 29, 39, 49, 59, 68, 69, 70, 71])])
284.6664 	EXP 	polygon_2: autoDraw = False
284.6664 	EXP 	polygon_2: autoDraw = False
284.6664 	EXP 	text_5: height = 0.5000000000000001
284.6664 	EXP 	text_5: height = 0.5000000000000001
284.6664 	EXP 	text_5: height = 0.5000000000000001
284.6664 	EXP 	text_5: text = 'Good job! Your average accuracy in this run is 0.027777777777777776. Please press any button when you are ready to continue to run1.'
284.6664 	EXP 	text_5: autoDraw = False
284.6664 	EXP 	text_4: autoDraw = False
284.6664 	EXP 	image: image = 'images/image_412_seed_1.png'
284.6664 	EXP 	polygon: autoDraw = True
285.6616 	EXP 	image: autoDraw = True
288.6464 	EXP 	New trial (rep=0, index=41): OrderedDict([('current_image', 'images/image_109_seed_1.png'), ('is_repeat', 0), ('trial_index', 41), ('is_blank_trial', 0), ('is_new_run', 0), ('run_num', 0), ('all_blanks_list', [9, 19, 29, 39, 49, 59, 68, 69, 70, 71])])
288.6610 	EXP 	image: autoDraw = False
288.6610 	EXP 	polygon: autoDraw = False
288.6610 	EXP 	image: autoDraw = False
288.6610 	EXP 	polygon: autoDraw = False
288.6610 	EXP 	polygon_2: autoDraw = False
288.6610 	EXP 	text_5: text = 'Good job! Your average accuracy in this run is 0.027777777777777776. Please press any button when you are ready to continue to run1.'
288.6610 	EXP 	text_5: autoDraw = False
288.6610 	EXP 	text_4: autoDraw = False
288.6610 	EXP 	image: image = 'images/image_109_seed_1.png'
288.6610 	EXP 	polygon: autoDraw = True
289.6616 	EXP 	image: autoDraw = True
292.6538 	EXP 	New trial (rep=0, index=42): OrderedDict([('current_image', 'images/image_345_seed_1.png'), ('is_repeat', 0), ('trial_index', 42), ('is_blank_trial', 0), ('is_new_run', 0), ('run_num', 0), ('all_blanks_list', [9, 19, 29, 39, 49, 59, 68, 69, 70, 71])])
292.6642 	EXP 	image: autoDraw = False
292.6642 	EXP 	polygon: autoDraw = False
292.6642 	EXP 	image: autoDraw = False
292.6642 	EXP 	polygon: autoDraw = False
292.6642 	EXP 	polygon_2: autoDraw = False
292.6642 	EXP 	text_5: height = 0.5000000000000001
292.6642 	EXP 	text_5: height = 0.5000000000000001
292.6642 	EXP 	text_5: height = 0.5000000000000001
292.6642 	EXP 	text_5: text = 'Good job! Your average accuracy in this run is 0.02702702702702703. Please press any button when you are ready to continue to run1.'
292.6642 	EXP 	text_5: autoDraw = False
292.6642 	EXP 	text_4: autoDraw = False
292.6642 	EXP 	image: image = 'images/image_345_seed_1.png'
292.6642 	EXP 	polygon: autoDraw = True
293.6616 	EXP 	image: autoDraw = True
296.6532 	EXP 	New trial (rep=0, index=43): OrderedDict([('current_image', 'images/image_34_seed_1.png'), ('is_repeat', 0), ('trial_index', 43), ('is_blank_trial', 0), ('is_new_run', 0), ('run_num', 0), ('all_blanks_list', [9, 19, 29, 39, 49, 59, 68, 69, 70, 71])])
296.6663 	EXP 	image: autoDraw = False
296.6663 	EXP 	polygon: autoDraw = False
296.6663 	EXP 	image: autoDraw = False
296.6663 	EXP 	polygon: autoDraw = False
296.6663 	EXP 	polygon_2: autoDraw = False
296.6663 	EXP 	text_5: height = 0.5000000000000001
296.6663 	EXP 	text_5: height = 0.5000000000000001
296.6663 	EXP 	text_5: height = 0.5000000000000001
296.6663 	EXP 	text_5: text = 'Good job! Your average accuracy in this run is 0.02631578947368421. Please press any button when you are ready to continue to run1.'
296.6663 	EXP 	text_5: autoDraw = False
296.6663 	EXP 	text_4: autoDraw = False
296.6663 	EXP 	image: image = 'images/image_34_seed_1.png'
296.6663 	EXP 	polygon: autoDraw = True
297.6613 	EXP 	image: autoDraw = True
300.6544 	EXP 	New trial (rep=0, index=44): OrderedDict([('current_image', 'images/image_697_seed_1.png'), ('is_repeat', 0), ('trial_index', 44), ('is_blank_trial', 0), ('is_new_run', 0), ('run_num', 0), ('all_blanks_list', [9, 19, 29, 39, 49, 59, 68, 69, 70, 71])])
300.6654 	EXP 	image: autoDraw = False
300.6654 	EXP 	polygon: autoDraw = False
300.6654 	EXP 	image: autoDraw = False
300.6654 	EXP 	polygon: autoDraw = False
300.6654 	EXP 	polygon_2: autoDraw = False
300.6654 	EXP 	text_5: height = 0.5000000000000001
300.6654 	EXP 	text_5: height = 0.5000000000000001
300.6654 	EXP 	text_5: height = 0.5000000000000001
300.6654 	EXP 	text_5: text = 'Good job! Your average accuracy in this run is 0.02564102564102564. Please press any button when you are ready to continue to run1.'
300.6654 	EXP 	text_5: autoDraw = False
300.6654 	EXP 	text_4: autoDraw = False
300.6654 	EXP 	image: image = 'images/image_697_seed_1.png'
300.6654 	EXP 	polygon: autoDraw = True
301.6616 	EXP 	image: autoDraw = True
304.6529 	EXP 	New trial (rep=0, index=45): OrderedDict([('current_image', 'images/image_282_seed_1.png'), ('is_repeat', 0), ('trial_index', 45), ('is_blank_trial', 0), ('is_new_run', 0), ('run_num', 0), ('all_blanks_list', [9, 19, 29, 39, 49, 59, 68, 69, 70, 71])])
304.6647 	EXP 	image: autoDraw = False
304.6647 	EXP 	polygon: autoDraw = False
304.6647 	EXP 	image: autoDraw = False
304.6647 	EXP 	polygon: autoDraw = False
304.6647 	EXP 	polygon_2: autoDraw = False
304.6647 	EXP 	text_5: height = 0.5000000000000001
304.6647 	EXP 	text_5: height = 0.5000000000000001
304.6647 	EXP 	text_5: height = 0.5000000000000001
304.6647 	EXP 	text_5: text = 'Good job! Your average accuracy in this run is 0.025. Please press any button when you are ready to continue to run1.'
304.6647 	EXP 	text_5: autoDraw = False
304.6647 	EXP 	text_4: autoDraw = False
304.6647 	EXP 	image: image = 'images/image_282_seed_1.png'
304.6647 	EXP 	polygon: autoDraw = True
305.6616 	EXP 	image: autoDraw = True
308.6519 	EXP 	New trial (rep=0, index=46): OrderedDict([('current_image', 'images/image_639_seed_1.png'), ('is_repeat', 1), ('trial_index', 46), ('is_blank_trial', 0), ('is_new_run', 0), ('run_num', 0), ('all_blanks_list', [9, 19, 29, 39, 49, 59, 68, 69, 70, 71])])
308.6606 	EXP 	image: autoDraw = False
308.6606 	EXP 	polygon: autoDraw = False
308.6606 	EXP 	image: autoDraw = False
308.6606 	EXP 	polygon: autoDraw = False
308.6606 	EXP 	polygon_2: autoDraw = False
308.6606 	EXP 	text_5: height = 0.5000000000000001
308.6606 	EXP 	text_5: height = 0.5000000000000001
308.6606 	EXP 	text_5: height = 0.5000000000000001
308.6606 	EXP 	text_5: text = 'Good job! Your average accuracy in this run is 0.024390243902439025. Please press any button when you are ready to continue to run1.'
308.6606 	EXP 	text_5: autoDraw = False
308.6606 	EXP 	text_4: autoDraw = False
308.6606 	EXP 	image: image = 'images/image_639_seed_1.png'
308.6606 	EXP 	polygon: autoDraw = True
309.6615 	EXP 	image: autoDraw = True
312.6532 	EXP 	New trial (rep=0, index=47): OrderedDict([('current_image', 'images/image_651_seed_1.png'), ('is_repeat', 0), ('trial_index', 47), ('is_blank_trial', 0), ('is_new_run', 0), ('run_num', 0), ('all_blanks_list', [9, 19, 29, 39, 49, 59, 68, 69, 70, 71])])
312.6655 	EXP 	image: autoDraw = False
312.6655 	EXP 	polygon: autoDraw = False
312.6655 	EXP 	image: autoDraw = False
312.6655 	EXP 	polygon: autoDraw = False
312.6655 	EXP 	polygon_2: autoDraw = False
312.6655 	EXP 	text_5: height = 0.5000000000000001
312.6655 	EXP 	text_5: height = 0.5000000000000001
312.6655 	EXP 	text_5: height = 0.5000000000000001
312.6655 	EXP 	text_5: text = 'Good job! Your average accuracy in this run is 0.023809523809523808. Please press any button when you are ready to continue to run1.'
312.6655 	EXP 	text_5: autoDraw = False
312.6655 	EXP 	text_4: autoDraw = False
312.6655 	EXP 	image: image = 'images/image_651_seed_1.png'
312.6655 	EXP 	polygon: autoDraw = True
313.6607 	EXP 	image: autoDraw = True
316.6537 	EXP 	New trial (rep=0, index=48): OrderedDict([('current_image', 'images/image_285_seed_1.png'), ('is_repeat', 0), ('trial_index', 48), ('is_blank_trial', 0), ('is_new_run', 0), ('run_num', 0), ('all_blanks_list', [9, 19, 29, 39, 49, 59, 68, 69, 70, 71])])
316.6653 	EXP 	image: autoDraw = False
316.6653 	EXP 	polygon: autoDraw = False
316.6653 	EXP 	image: autoDraw = False
316.6653 	EXP 	polygon: autoDraw = False
316.6653 	EXP 	polygon_2: autoDraw = False
316.6653 	EXP 	text_5: height = 0.5000000000000001
316.6653 	EXP 	text_5: height = 0.5000000000000001
316.6653 	EXP 	text_5: height = 0.5000000000000001
316.6653 	EXP 	text_5: text = 'Good job! Your average accuracy in this run is 0.023255813953488372. Please press any button when you are ready to continue to run1.'
316.6653 	EXP 	text_5: autoDraw = False
316.6653 	EXP 	text_4: autoDraw = False
316.6653 	EXP 	image: image = 'images/image_285_seed_1.png'
316.6653 	EXP 	polygon: autoDraw = True
317.6612 	EXP 	image: autoDraw = True
320.6531 	EXP 	New trial (rep=0, index=49): OrderedDict([('current_image', 'blank.jpg'), ('is_repeat', 0), ('trial_index', 49), ('is_blank_trial', 1), ('is_new_run', 0), ('run_num', 0), ('all_blanks_list', [9, 19, 29, 39, 49, 59, 68, 69, 70, 71])])
320.6609 	EXP 	image: autoDraw = False
320.6609 	EXP 	polygon: autoDraw = False
320.6609 	EXP 	image: autoDraw = False
320.6609 	EXP 	polygon: autoDraw = False
320.6609 	EXP 	polygon_2: autoDraw = False
320.6609 	EXP 	text_5: height = 0.5000000000000001
320.6609 	EXP 	text_5: height = 0.5000000000000001
320.6609 	EXP 	text_5: height = 0.5000000000000001
320.6609 	EXP 	text_5: text = 'Good job! Your average accuracy in this run is 0.022727272727272728. Please press any button when you are ready to continue to run1.'
320.6609 	EXP 	text_5: autoDraw = False
320.6609 	EXP 	text_4: autoDraw = False
320.6609 	EXP 	image: image = 'blank.jpg'
320.6609 	EXP 	image: autoDraw = False
320.6609 	EXP 	polygon: autoDraw = False
320.6609 	EXP 	polygon_2: autoDraw = True
324.6537 	EXP 	New trial (rep=0, index=50): OrderedDict([('current_image', 'images/image_373_seed_1.png'), ('is_repeat', 0), ('trial_index', 50), ('is_blank_trial', 0), ('is_new_run', 0), ('run_num', 0), ('all_blanks_list', [9, 19, 29, 39, 49, 59, 68, 69, 70, 71])])
324.6654 	EXP 	polygon_2: autoDraw = False
324.6654 	EXP 	polygon_2: autoDraw = False
324.6654 	EXP 	text_5: height = 0.5000000000000001
324.6654 	EXP 	text_5: height = 0.5000000000000001
324.6654 	EXP 	text_5: height = 0.5000000000000001
324.6654 	EXP 	text_5: text = 'Good job! Your average accuracy in this run is 0.022222222222222223. Please press any button when you are ready to continue to run1.'
324.6654 	EXP 	text_5: autoDraw = False
324.6654 	EXP 	text_4: autoDraw = False
324.6654 	EXP 	image: image = 'images/image_373_seed_1.png'
324.6654 	EXP 	polygon: autoDraw = True
325.6611 	EXP 	image: autoDraw = True
328.6466 	EXP 	New trial (rep=0, index=51): OrderedDict([('current_image', 'images/image_403_seed_1.png'), ('is_repeat', 0), ('trial_index', 51), ('is_blank_trial', 0), ('is_new_run', 0), ('run_num', 0), ('all_blanks_list', [9, 19, 29, 39, 49, 59, 68, 69, 70, 71])])
328.6603 	EXP 	image: autoDraw = False
328.6603 	EXP 	polygon: autoDraw = False
328.6603 	EXP 	image: autoDraw = False
328.6603 	EXP 	polygon: autoDraw = False
328.6603 	EXP 	polygon_2: autoDraw = False
328.6603 	EXP 	text_5: text = 'Good job! Your average accuracy in this run is 0.022222222222222223. Please press any button when you are ready to continue to run1.'
328.6603 	EXP 	text_5: autoDraw = False
328.6603 	EXP 	text_4: autoDraw = False
328.6603 	EXP 	image: image = 'images/image_403_seed_1.png'
328.6603 	EXP 	polygon: autoDraw = True
329.6614 	EXP 	image: autoDraw = True
332.6531 	EXP 	New trial (rep=0, index=52): OrderedDict([('current_image', 'images/image_384_seed_1.png'), ('is_repeat', 0), ('trial_index', 52), ('is_blank_trial', 0), ('is_new_run', 0), ('run_num', 0), ('all_blanks_list', [9, 19, 29, 39, 49, 59, 68, 69, 70, 71])])
332.6644 	EXP 	image: autoDraw = False
332.6644 	EXP 	polygon: autoDraw = False
332.6644 	EXP 	image: autoDraw = False
332.6644 	EXP 	polygon: autoDraw = False
332.6644 	EXP 	polygon_2: autoDraw = False
332.6644 	EXP 	text_5: height = 0.5000000000000001
332.6644 	EXP 	text_5: height = 0.5000000000000001
332.6644 	EXP 	text_5: height = 0.5000000000000001
332.6644 	EXP 	text_5: text = 'Good job! Your average accuracy in this run is 0.021739130434782608. Please press any button when you are ready to continue to run1.'
332.6644 	EXP 	text_5: autoDraw = False
332.6644 	EXP 	text_4: autoDraw = False
332.6644 	EXP 	image: image = 'images/image_384_seed_1.png'
332.6644 	EXP 	polygon: autoDraw = True
333.6612 	EXP 	image: autoDraw = True
336.6530 	EXP 	New trial (rep=0, index=53): OrderedDict([('current_image', 'images/image_279_seed_1.png'), ('is_repeat', 0), ('trial_index', 53), ('is_blank_trial', 0), ('is_new_run', 0), ('run_num', 0), ('all_blanks_list', [9, 19, 29, 39, 49, 59, 68, 69, 70, 71])])
336.6657 	EXP 	image: autoDraw = False
336.6657 	EXP 	polygon: autoDraw = False
336.6657 	EXP 	image: autoDraw = False
336.6657 	EXP 	polygon: autoDraw = False
336.6657 	EXP 	polygon_2: autoDraw = False
336.6657 	EXP 	text_5: height = 0.5000000000000001
336.6657 	EXP 	text_5: height = 0.5000000000000001
336.6657 	EXP 	text_5: height = 0.5000000000000001
336.6657 	EXP 	text_5: text = 'Good job! Your average accuracy in this run is 0.02127659574468085. Please press any button when you are ready to continue to run1.'
336.6657 	EXP 	text_5: autoDraw = False
336.6657 	EXP 	text_4: autoDraw = False
336.6657 	EXP 	image: image = 'images/image_279_seed_1.png'
336.6657 	EXP 	polygon: autoDraw = True
337.6610 	EXP 	image: autoDraw = True
340.6531 	EXP 	New trial (rep=0, index=54): OrderedDict([('current_image', 'images/image_209_seed_1.png'), ('is_repeat', 0), ('trial_index', 54), ('is_blank_trial', 0), ('is_new_run', 0), ('run_num', 0), ('all_blanks_list', [9, 19, 29, 39, 49, 59, 68, 69, 70, 71])])
340.6655 	EXP 	image: autoDraw = False
340.6655 	EXP 	polygon: autoDraw = False
340.6655 	EXP 	image: autoDraw = False
340.6655 	EXP 	polygon: autoDraw = False
340.6655 	EXP 	polygon_2: autoDraw = False
340.6655 	EXP 	text_5: height = 0.5000000000000001
340.6655 	EXP 	text_5: height = 0.5000000000000001
340.6655 	EXP 	text_5: height = 0.5000000000000001
340.6655 	EXP 	text_5: text = 'Good job! Your average accuracy in this run is 0.020833333333333332. Please press any button when you are ready to continue to run1.'
340.6655 	EXP 	text_5: autoDraw = False
340.6655 	EXP 	text_4: autoDraw = False
340.6655 	EXP 	image: image = 'images/image_209_seed_1.png'
340.6655 	EXP 	polygon: autoDraw = True
341.6613 	EXP 	image: autoDraw = True
344.6537 	EXP 	New trial (rep=0, index=55): OrderedDict([('current_image', 'images/image_3_seed_1.png'), ('is_repeat', 1), ('trial_index', 55), ('is_blank_trial', 0), ('is_new_run', 0), ('run_num', 0), ('all_blanks_list', [9, 19, 29, 39, 49, 59, 68, 69, 70, 71])])
344.6655 	EXP 	image: autoDraw = False
344.6655 	EXP 	polygon: autoDraw = False
344.6655 	EXP 	image: autoDraw = False
344.6655 	EXP 	polygon: autoDraw = False
344.6655 	EXP 	polygon_2: autoDraw = False
344.6655 	EXP 	text_5: height = 0.5000000000000001
344.6655 	EXP 	text_5: height = 0.5000000000000001
344.6655 	EXP 	text_5: height = 0.5000000000000001
344.6655 	EXP 	text_5: text = 'Good job! Your average accuracy in this run is 0.02040816326530612. Please press any button when you are ready to continue to run1.'
344.6655 	EXP 	text_5: autoDraw = False
344.6655 	EXP 	text_4: autoDraw = False
344.6655 	EXP 	image: image = 'images/image_3_seed_1.png'
344.6655 	EXP 	polygon: autoDraw = True
345.6611 	EXP 	image: autoDraw = True
348.6523 	EXP 	New trial (rep=0, index=56): OrderedDict([('current_image', 'images/image_248_seed_1.png'), ('is_repeat', 0), ('trial_index', 56), ('is_blank_trial', 0), ('is_new_run', 0), ('run_num', 0), ('all_blanks_list', [9, 19, 29, 39, 49, 59, 68, 69, 70, 71])])
348.6657 	EXP 	image: autoDraw = False
348.6657 	EXP 	polygon: autoDraw = False
348.6657 	EXP 	image: autoDraw = False
348.6657 	EXP 	polygon: autoDraw = False
348.6657 	EXP 	polygon_2: autoDraw = False
348.6657 	EXP 	text_5: height = 0.5000000000000001
348.6657 	EXP 	text_5: height = 0.5000000000000001
348.6657 	EXP 	text_5: height = 0.5000000000000001
348.6657 	EXP 	text_5: text = 'Good job! Your average accuracy in this run is 0.02. Please press any button when you are ready to continue to run1.'
348.6657 	EXP 	text_5: autoDraw = False
348.6657 	EXP 	text_4: autoDraw = False
348.6657 	EXP 	image: image = 'images/image_248_seed_1.png'
348.6657 	EXP 	polygon: autoDraw = True
349.6612 	EXP 	image: autoDraw = True
352.6532 	EXP 	New trial (rep=0, index=57): OrderedDict([('current_image', 'images/image_437_seed_1.png'), ('is_repeat', 0), ('trial_index', 57), ('is_blank_trial', 0), ('is_new_run', 0), ('run_num', 0), ('all_blanks_list', [9, 19, 29, 39, 49, 59, 68, 69, 70, 71])])
352.6652 	EXP 	image: autoDraw = False
352.6652 	EXP 	polygon: autoDraw = False
352.6652 	EXP 	image: autoDraw = False
352.6652 	EXP 	polygon: autoDraw = False
352.6652 	EXP 	polygon_2: autoDraw = False
352.6652 	EXP 	text_5: height = 0.5000000000000001
352.6652 	EXP 	text_5: height = 0.5000000000000001
352.6652 	EXP 	text_5: height = 0.5000000000000001
352.6652 	EXP 	text_5: text = 'Good job! Your average accuracy in this run is 0.0196078431372549. Please press any button when you are ready to continue to run1.'
352.6652 	EXP 	text_5: autoDraw = False
352.6652 	EXP 	text_4: autoDraw = False
352.6652 	EXP 	image: image = 'images/image_437_seed_1.png'
352.6652 	EXP 	polygon: autoDraw = True
353.6612 	EXP 	image: autoDraw = True
356.6539 	EXP 	New trial (rep=0, index=58): OrderedDict([('current_image', 'images/image_363_seed_1.png'), ('is_repeat', 0), ('trial_index', 58), ('is_blank_trial', 0), ('is_new_run', 0), ('run_num', 0), ('all_blanks_list', [9, 19, 29, 39, 49, 59, 68, 69, 70, 71])])
356.6661 	EXP 	image: autoDraw = False
356.6661 	EXP 	polygon: autoDraw = False
356.6661 	EXP 	image: autoDraw = False
356.6661 	EXP 	polygon: autoDraw = False
356.6661 	EXP 	polygon_2: autoDraw = False
356.6661 	EXP 	text_5: height = 0.5000000000000001
356.6661 	EXP 	text_5: height = 0.5000000000000001
356.6661 	EXP 	text_5: height = 0.5000000000000001
356.6661 	EXP 	text_5: text = 'Good job! Your average accuracy in this run is 0.019230769230769232. Please press any button when you are ready to continue to run1.'
356.6661 	EXP 	text_5: autoDraw = False
356.6661 	EXP 	text_4: autoDraw = False
356.6661 	EXP 	image: image = 'images/image_363_seed_1.png'
356.6661 	EXP 	polygon: autoDraw = True
357.6612 	EXP 	image: autoDraw = True
360.6532 	EXP 	New trial (rep=0, index=59): OrderedDict([('current_image', 'blank.jpg'), ('is_repeat', 0), ('trial_index', 59), ('is_blank_trial', 1), ('is_new_run', 0), ('run_num', 0), ('all_blanks_list', [9, 19, 29, 39, 49, 59, 68, 69, 70, 71])])
360.6609 	EXP 	image: autoDraw = False
360.6609 	EXP 	polygon: autoDraw = False
360.6609 	EXP 	image: autoDraw = False
360.6609 	EXP 	polygon: autoDraw = False
360.6609 	EXP 	polygon_2: autoDraw = False
360.6609 	EXP 	text_5: height = 0.5000000000000001
360.6609 	EXP 	text_5: height = 0.5000000000000001
360.6609 	EXP 	text_5: height = 0.5000000000000001
360.6609 	EXP 	text_5: text = 'Good job! Your average accuracy in this run is 0.018867924528301886. Please press any button when you are ready to continue to run1.'
360.6609 	EXP 	text_5: autoDraw = False
360.6609 	EXP 	text_4: autoDraw = False
360.6609 	EXP 	image: image = 'blank.jpg'
360.6609 	EXP 	image: autoDraw = False
360.6609 	EXP 	polygon: autoDraw = False
360.6609 	EXP 	polygon_2: autoDraw = True
364.6525 	EXP 	New trial (rep=0, index=60): OrderedDict([('current_image', 'images/image_561_seed_1.png'), ('is_repeat', 0), ('trial_index', 60), ('is_blank_trial', 0), ('is_new_run', 0), ('run_num', 0), ('all_blanks_list', [9, 19, 29, 39, 49, 59, 68, 69, 70, 71])])
364.6665 	EXP 	polygon_2: autoDraw = False
364.6665 	EXP 	polygon_2: autoDraw = False
364.6665 	EXP 	text_5: height = 0.5000000000000001
364.6665 	EXP 	text_5: height = 0.5000000000000001
364.6665 	EXP 	text_5: height = 0.5000000000000001
364.6665 	EXP 	text_5: text = 'Good job! Your average accuracy in this run is 0.018518518518518517. Please press any button when you are ready to continue to run1.'
364.6665 	EXP 	text_5: autoDraw = False
364.6665 	EXP 	text_4: autoDraw = False
364.6665 	EXP 	image: image = 'images/image_561_seed_1.png'
364.6665 	EXP 	polygon: autoDraw = True
365.6612 	EXP 	image: autoDraw = True
368.6460 	EXP 	New trial (rep=0, index=61): OrderedDict([('current_image', 'images/image_272_seed_1.png'), ('is_repeat', 0), ('trial_index', 61), ('is_blank_trial', 0), ('is_new_run', 0), ('run_num', 0), ('all_blanks_list', [9, 19, 29, 39, 49, 59, 68, 69, 70, 71])])
368.6604 	EXP 	image: autoDraw = False
368.6604 	EXP 	polygon: autoDraw = False
368.6604 	EXP 	image: autoDraw = False
368.6604 	EXP 	polygon: autoDraw = False
368.6604 	EXP 	polygon_2: autoDraw = False
368.6604 	EXP 	text_5: text = 'Good job! Your average accuracy in this run is 0.018518518518518517. Please press any button when you are ready to continue to run1.'
368.6604 	EXP 	text_5: autoDraw = False
368.6604 	EXP 	text_4: autoDraw = False
368.6604 	EXP 	image: image = 'images/image_272_seed_1.png'
368.6604 	EXP 	polygon: autoDraw = True
369.6612 	EXP 	image: autoDraw = True
372.6532 	EXP 	New trial (rep=0, index=62): OrderedDict([('current_image', 'images/image_422_seed_1.png'), ('is_repeat', 0), ('trial_index', 62), ('is_blank_trial', 0), ('is_new_run', 0), ('run_num', 0), ('all_blanks_list', [9, 19, 29, 39, 49, 59, 68, 69, 70, 71])])
372.6648 	EXP 	image: autoDraw = False
372.6648 	EXP 	polygon: autoDraw = False
372.6648 	EXP 	image: autoDraw = False
372.6648 	EXP 	polygon: autoDraw = False
372.6648 	EXP 	polygon_2: autoDraw = False
372.6648 	EXP 	text_5: height = 0.5000000000000001
372.6648 	EXP 	text_5: height = 0.5000000000000001
372.6648 	EXP 	text_5: height = 0.5000000000000001
372.6648 	EXP 	text_5: text = 'Good job! Your average accuracy in this run is 0.01818181818181818. Please press any button when you are ready to continue to run1.'
372.6648 	EXP 	text_5: autoDraw = False
372.6648 	EXP 	text_4: autoDraw = False
372.6648 	EXP 	image: image = 'images/image_422_seed_1.png'
372.6648 	EXP 	polygon: autoDraw = True
373.6607 	EXP 	image: autoDraw = True
376.6528 	EXP 	New trial (rep=0, index=63): OrderedDict([('current_image', 'images/image_385_seed_1.png'), ('is_repeat', 0), ('trial_index', 63), ('is_blank_trial', 0), ('is_new_run', 0), ('run_num', 0), ('all_blanks_list', [9, 19, 29, 39, 49, 59, 68, 69, 70, 71])])
376.6644 	EXP 	image: autoDraw = False
376.6644 	EXP 	polygon: autoDraw = False
376.6644 	EXP 	image: autoDraw = False
376.6644 	EXP 	polygon: autoDraw = False
376.6644 	EXP 	polygon_2: autoDraw = False
376.6644 	EXP 	text_5: height = 0.5000000000000001
376.6644 	EXP 	text_5: height = 0.5000000000000001
376.6644 	EXP 	text_5: height = 0.5000000000000001
376.6644 	EXP 	text_5: text = 'Good job! Your average accuracy in this run is 0.017857142857142856. Please press any button when you are ready to continue to run1.'
376.6644 	EXP 	text_5: autoDraw = False
376.6644 	EXP 	text_4: autoDraw = False
376.6644 	EXP 	image: image = 'images/image_385_seed_1.png'
376.6644 	EXP 	polygon: autoDraw = True
377.6611 	EXP 	image: autoDraw = True
380.6535 	EXP 	New trial (rep=0, index=64): OrderedDict([('current_image', 'images/image_480_seed_1.png'), ('is_repeat', 0), ('trial_index', 64), ('is_blank_trial', 0), ('is_new_run', 0), ('run_num', 0), ('all_blanks_list', [9, 19, 29, 39, 49, 59, 68, 69, 70, 71])])
380.6653 	EXP 	image: autoDraw = False
380.6653 	EXP 	polygon: autoDraw = False
380.6653 	EXP 	image: autoDraw = False
380.6653 	EXP 	polygon: autoDraw = False
380.6653 	EXP 	polygon_2: autoDraw = False
380.6653 	EXP 	text_5: height = 0.5000000000000001
380.6653 	EXP 	text_5: height = 0.5000000000000001
380.6653 	EXP 	text_5: height = 0.5000000000000001
380.6653 	EXP 	text_5: text = 'Good job! Your average accuracy in this run is 0.017543859649122806. Please press any button when you are ready to continue to run1.'
380.6653 	EXP 	text_5: autoDraw = False
380.6653 	EXP 	text_4: autoDraw = False
380.6653 	EXP 	image: image = 'images/image_480_seed_1.png'
380.6653 	EXP 	polygon: autoDraw = True
381.6607 	EXP 	image: autoDraw = True
384.6531 	EXP 	New trial (rep=0, index=65): OrderedDict([('current_image', 'images/image_31_seed_1.png'), ('is_repeat', 0), ('trial_index', 65), ('is_blank_trial', 0), ('is_new_run', 0), ('run_num', 0), ('all_blanks_list', [9, 19, 29, 39, 49, 59, 68, 69, 70, 71])])
384.6647 	EXP 	image: autoDraw = False
384.6647 	EXP 	polygon: autoDraw = False
384.6647 	EXP 	image: autoDraw = False
384.6647 	EXP 	polygon: autoDraw = False
384.6647 	EXP 	polygon_2: autoDraw = False
384.6647 	EXP 	text_5: height = 0.5000000000000001
384.6647 	EXP 	text_5: height = 0.5000000000000001
384.6647 	EXP 	text_5: height = 0.5000000000000001
384.6647 	EXP 	text_5: text = 'Good job! Your average accuracy in this run is 0.017241379310344827. Please press any button when you are ready to continue to run1.'
384.6647 	EXP 	text_5: autoDraw = False
384.6647 	EXP 	text_4: autoDraw = False
384.6647 	EXP 	image: image = 'images/image_31_seed_1.png'
384.6647 	EXP 	polygon: autoDraw = True
385.6606 	EXP 	image: autoDraw = True
388.6531 	EXP 	New trial (rep=0, index=66): OrderedDict([('current_image', 'images/image_451_seed_1.png'), ('is_repeat', 0), ('trial_index', 66), ('is_blank_trial', 0), ('is_new_run', 0), ('run_num', 0), ('all_blanks_list', [9, 19, 29, 39, 49, 59, 68, 69, 70, 71])])
388.6643 	EXP 	image: autoDraw = False
388.6643 	EXP 	polygon: autoDraw = False
388.6643 	EXP 	image: autoDraw = False
388.6643 	EXP 	polygon: autoDraw = False
388.6643 	EXP 	polygon_2: autoDraw = False
388.6643 	EXP 	text_5: height = 0.5000000000000001
388.6643 	EXP 	text_5: height = 0.5000000000000001
388.6643 	EXP 	text_5: height = 0.5000000000000001
388.6643 	EXP 	text_5: text = 'Good job! Your average accuracy in this run is 0.01694915254237288. Please press any button when you are ready to continue to run1.'
388.6643 	EXP 	text_5: autoDraw = False
388.6643 	EXP 	text_4: autoDraw = False
388.6643 	EXP 	image: image = 'images/image_451_seed_1.png'
388.6643 	EXP 	polygon: autoDraw = True
389.6611 	EXP 	image: autoDraw = True
392.6529 	EXP 	New trial (rep=0, index=67): OrderedDict([('current_image', 'images/image_434_seed_1.png'), ('is_repeat', 0), ('trial_index', 67), ('is_blank_trial', 0), ('is_new_run', 0), ('run_num', 0), ('all_blanks_list', [9, 19, 29, 39, 49, 59, 68, 69, 70, 71])])
392.6646 	EXP 	image: autoDraw = False
392.6646 	EXP 	polygon: autoDraw = False
392.6646 	EXP 	image: autoDraw = False
392.6646 	EXP 	polygon: autoDraw = False
392.6646 	EXP 	polygon_2: autoDraw = False
392.6646 	EXP 	text_5: height = 0.5000000000000001
392.6646 	EXP 	text_5: height = 0.5000000000000001
392.6646 	EXP 	text_5: height = 0.5000000000000001
392.6646 	EXP 	text_5: text = 'Good job! Your average accuracy in this run is 0.016666666666666666. Please press any button when you are ready to continue to run1.'
392.6646 	EXP 	text_5: autoDraw = False
392.6646 	EXP 	text_4: autoDraw = False
392.6646 	EXP 	image: image = 'images/image_434_seed_1.png'
392.6646 	EXP 	polygon: autoDraw = True
393.6611 	EXP 	image: autoDraw = True
396.6534 	EXP 	New trial (rep=0, index=68): OrderedDict([('current_image', 'blank.jpg'), ('is_repeat', 0), ('trial_index', 68), ('is_blank_trial', 1), ('is_new_run', 0), ('run_num', 0), ('all_blanks_list', [9, 19, 29, 39, 49, 59, 68, 69, 70, 71])])
396.6619 	EXP 	image: autoDraw = False
396.6619 	EXP 	polygon: autoDraw = False
396.6619 	EXP 	image: autoDraw = False
396.6619 	EXP 	polygon: autoDraw = False
396.6619 	EXP 	polygon_2: autoDraw = False
396.6619 	EXP 	text_5: height = 0.5000000000000001
396.6619 	EXP 	text_5: height = 0.5000000000000001
396.6619 	EXP 	text_5: height = 0.5000000000000001
396.6619 	EXP 	text_5: text = 'Good job! Your average accuracy in this run is 0.01639344262295082. Please press any button when you are ready to continue to run1.'
396.6619 	EXP 	text_5: autoDraw = False
396.6619 	EXP 	text_4: autoDraw = False
396.6619 	EXP 	image: image = 'blank.jpg'
396.6619 	EXP 	image: autoDraw = False
396.6619 	EXP 	polygon: autoDraw = False
396.6619 	EXP 	polygon_2: autoDraw = True
400.6526 	EXP 	New trial (rep=0, index=69): OrderedDict([('current_image', 'blank.jpg'), ('is_repeat', 0), ('trial_index', 69), ('is_blank_trial', 1), ('is_new_run', 0), ('run_num', 0), ('all_blanks_list', [9, 19, 29, 39, 49, 59, 68, 69, 70, 71])])
400.6600 	EXP 	polygon_2: autoDraw = False
400.6600 	EXP 	polygon_2: autoDraw = False
400.6600 	EXP 	text_5: height = 0.5000000000000001
400.6600 	EXP 	text_5: height = 0.5000000000000001
400.6600 	EXP 	text_5: height = 0.5000000000000001
400.6600 	EXP 	text_5: text = 'Good job! Your average accuracy in this run is 0.016129032258064516. Please press any button when you are ready to continue to run1.'
400.6600 	EXP 	text_5: autoDraw = False
400.6600 	EXP 	text_4: autoDraw = False
400.6600 	EXP 	image: image = 'blank.jpg'
400.6600 	EXP 	image: autoDraw = False
400.6600 	EXP 	polygon: autoDraw = False
400.6600 	EXP 	polygon_2: autoDraw = True
404.6456 	EXP 	New trial (rep=0, index=70): OrderedDict([('current_image', 'blank.jpg'), ('is_repeat', 0), ('trial_index', 70), ('is_blank_trial', 1), ('is_new_run', 0), ('run_num', 0), ('all_blanks_list', [9, 19, 29, 39, 49, 59, 68, 69, 70, 71])])
404.6596 	EXP 	polygon_2: autoDraw = False
404.6596 	EXP 	polygon_2: autoDraw = False
404.6596 	EXP 	text_5: text = 'Good job! Your average accuracy in this run is 0.016129032258064516. Please press any button when you are ready to continue to run1.'
404.6596 	EXP 	text_5: autoDraw = False
404.6596 	EXP 	text_4: autoDraw = False
404.6596 	EXP 	image: image = 'blank.jpg'
404.6596 	EXP 	image: autoDraw = False
404.6596 	EXP 	polygon: autoDraw = False
404.6596 	EXP 	polygon_2: autoDraw = True
408.6457 	EXP 	New trial (rep=0, index=71): OrderedDict([('current_image', 'blank.jpg'), ('is_repeat', 0), ('trial_index', 71), ('is_blank_trial', 1), ('is_new_run', 1), ('run_num', 0), ('all_blanks_list', [9, 19, 29, 39, 49, 59, 68, 69, 70, 71])])
408.6611 	EXP 	polygon_2: autoDraw = False
408.6611 	EXP 	polygon_2: autoDraw = False
408.6611 	EXP 	text_5: text = 'Good job! Your average accuracy in this run is 0.016129032258064516. Please press any button when you are ready to continue to run1.'
408.6611 	EXP 	text_5: autoDraw = False
408.6611 	EXP 	text_4: autoDraw = False
408.6611 	EXP 	image: image = 'blank.jpg'
408.6611 	EXP 	image: autoDraw = False
408.6611 	EXP 	polygon: autoDraw = False
408.6611 	EXP 	polygon_2: autoDraw = True
412.6605 	EXP 	polygon_2: autoDraw = False
412.6605 	EXP 	polygon_2: autoDraw = False
412.6605 	EXP 	text_5: text = 'Good job! Your average accuracy in this run is 0.016129032258064516. Please press any button when you are ready to continue to run1.'
412.6605 	EXP 	text_5: autoDraw = True
528.6825 	DATA 	Keypress: 4
528.6934 	EXP 	text_5: autoDraw = False
528.6934 	EXP 	text_4: autoDraw = True
530.7618 	EXP 	New trial (rep=0, index=72): OrderedDict([('current_image', 'images/image_393_seed_1.png'), ('is_repeat', 0), ('trial_index', 0), ('is_blank_trial', 0), ('is_new_run', 0), ('run_num', 1), ('all_blanks_list', [9, 19, 31, 42, 56, 68, 69, 70, 71])])
530.7704 	DATA 	Keypress: equal
530.7762 	EXP 	text_4: autoDraw = False
530.7762 	EXP 	image: image = 'images/image_393_seed_1.png'
530.7762 	EXP 	polygon: autoDraw = True
531.7774 	EXP 	image: autoDraw = True
532.6949 	DATA 	Keypress: escape
532.8273 	EXP 	replicate_nsd: status = STOPPED
532.8464 	EXP 	image: autoDraw = False
532.8464 	EXP 	polygon: autoDraw = False
532.8464 	EXP 	replicate_nsd: status = STOPPED
533.4703 	EXP 	window1: mouseVisible = True
