9.2170 	EXP 	Created window1 = Window(allowGUI=True, allowStencil=False, autoLog=True, backendConf=UNKNOWN, backgroundFit=<method-wrapper '__getattribute__' of attributeSetter object at 0x7fbf712ab3a0>, backgroundImage=<method-wrapper '__getattribute__' of attributeSetter object at 0x7fbf712ab340>, bitsMode=UNKNOWN, blendMode='avg', bpc=(8, 8, 8), color=array([-0.0039, -0.0039, -0.0039]), colorSpace='rgb', depthBits=8, fullscr=<method-wrapper '__getattribute__' of attributeSetter object at 0x7fbf712ab190>, gamma=array([[2.5724],
       [2.1906],
       [2.4422]], dtype=float32), gammaErrorPolicy='raise', lms=UNKNOWN, monitor=<psychopy.monitors.calibTools.Monitor object at 0x7fbf7138e0d0>, multiSample=False, name='window1', numSamples=2, pos=[448.0, 280.0], screen=0, size=array([3584, 2240]), stencilBits=0, stereo=False, title='PsychoPy', units='deg', useFBO=True, useRetina=True, viewOri=0.0, viewPos=None, viewScale=None, waitBlanking=True, winType='pyglet')
9.2171 	EXP 	window1: mouseVisible = True
9.2171 	EXP 	window1: backgroundImage = ''
9.2171 	EXP 	window1: backgroundFit = 'none'
9.2187 	EXP 	window1: Attempting to measure frame rate of screen (0) ...
9.2187 	EXP 	window1: recordFrameIntervals = False
9.3832 	EXP 	window1: recordFrameIntervals = True
9.3852 	DATA 	Mouse: Left button down, pos=(876,542)
9.5185 	DATA 	Mouse:  Left button up, pos=(876,542)
9.5664 	EXP 	Screen (0) actual frame rate measured at 60.14Hz
9.5665 	EXP 	window1: recordFrameIntervals = False
9.5670 	EXP 	window1: mouseVisible = False
11.9361 	EXP 	replicate_nsd: status = STARTED
12.3881 	EXP 	window1: mouseVisible = True
12.3954 	EXP 	Created text_6 = TextStim(__class__=<class 'psychopy.visual.text.TextStim'>, alignHoriz=method-wrapper(...), alignText='center', alignVert=method-wrapper(...), anchorHoriz='center', anchorVert='center', antialias=True, autoDraw=False, autoLog=True, bold=False, color=array([1., 1., 1.]), colorSpace='rgb', contrast=1.0, depth=-1.0, draggable=False, flipHoriz=False, flipVert=False, font='Open Sans', fontFiles=[], height=0.5, italic=False, languageStyle='LTR', name='text_6', opacity=1.0, ori=0.0, pos=array([0., 0.]), rgb=UNKNOWN, text='', units='deg', win=Window(...), wrapWidth=15.0)
12.3955 	EXP 	window1: mouseVisible = True
12.4163 	EXP 	Created image_2 = ImageStim(__class__=<class 'psychopy.visual.image.ImageStim'>, anchor=('center', 'center'), autoLog=True, color=array([1., 1., 1.]), colorSpace='rgb', contrast=1.0, depth=0.0, draggable=False, flipHoriz=False, flipVert=False, image='default.png', interpolate=True, mask=None, maskParams=None, name='image_2', opacity=1.0, ori=0.0, pos=array([0., 0.]), size=array([8.4, 8.4]), texRes=128.0, units='deg', win=Window(...))
12.8646 	EXP 	window1: mouseVisible = True
12.8677 	EXP 	Created polygon_3 = ShapeStim(__class__=<class 'psychopy.visual.shape.ShapeStim'>, anchor=('center', 'center'), autoDraw=False, autoLog=True, closeShape=True, color=method-wrapper(...), colorSpace='rgb', contrast=None, depth=-2.0, draggable=False, fillColor=array([ 1., -1., -1.]), fillColorSpace='rgb', fillRGB=array([ 1., -1., -1.]), interpolate=True, lineColor=array([-1., -1., -1.]), lineColorSpace='rgb', lineRGB=array([-1., -1., -1.]), lineWidth=3.0, name='polygon_3', opacity=0.5, ori=0.0, pos=array([0., 0.]), size=array([0.2, 0.2]), units='deg', vertices=ndarray(...), win=Window(...), windingRule=None)
13.3530 	EXP 	window1: mouseVisible = True
13.3562 	EXP 	Created polygon_4 = ShapeStim(__class__=<class 'psychopy.visual.shape.ShapeStim'>, anchor=('center', 'center'), autoDraw=False, autoLog=True, closeShape=True, color=method-wrapper(...), colorSpace='rgb', contrast=None, depth=0.0, draggable=False, fillColor=array([ 1., -1., -1.]), fillColorSpace='rgb', fillRGB=array([ 1., -1., -1.]), interpolate=True, lineColor=array([-1., -1., -1.]), lineColorSpace='rgb', lineRGB=array([-1., -1., -1.]), lineWidth=3.0, name='polygon_4', opacity=0.5, ori=0.0, pos=array([0., 0.]), size=array([0.2, 0.2]), units='deg', vertices=ndarray(...), win=Window(...), windingRule=None)
13.8106 	EXP 	window1: mouseVisible = True
13.8120 	EXP 	Created text_7 = TextStim(__class__=<class 'psychopy.visual.text.TextStim'>, alignHoriz=method-wrapper(...), alignText='center', alignVert=method-wrapper(...), anchorHoriz='center', anchorVert='center', antialias=True, autoDraw=False, autoLog=True, bold=False, color=array([1., 1., 1.]), colorSpace='rgb', contrast=1.0, depth=-1.0, draggable=False, flipHoriz=False, flipVert=False, font='Open Sans', fontFiles=[], height=0.5, italic=False, languageStyle='LTR', name='text_7', opacity=1.0, ori=0.0, pos=array([0., 0.]), rgb=UNKNOWN, text='', units='deg', win=Window(...), wrapWidth=15.0)
14.2864 	EXP 	window1: mouseVisible = True
14.3175 	EXP 	Created text_3 = TextStim(__class__=<class 'psychopy.visual.text.TextStim'>, alignHoriz=method-wrapper(...), alignText='center', alignVert=method-wrapper(...), anchorHoriz='center', anchorVert='center', antialias=True, autoDraw=False, autoLog=True, bold=False, color=array([1., 1., 1.]), colorSpace='rgb', contrast=1.0, depth=-1.0, draggable=False, flipHoriz=False, flipVert=False, font='Open Sans', fontFiles=[], height=0.5000000000000001, italic=False, languageStyle='LTR', name='text_3', opacity=1.0, ori=0.0, pos=array([0., 0.]), rgb=UNKNOWN, text='waiting for scanner…', units='deg', win=Window(...), wrapWidth=15.0)
14.3177 	EXP 	window1: mouseVisible = True
14.3319 	EXP 	Created image = ImageStim(__class__=<class 'psychopy.visual.image.ImageStim'>, anchor=('center', 'center'), autoLog=True, color=array([1., 1., 1.]), colorSpace='rgb', contrast=1.0, depth=0.0, draggable=False, flipHoriz=False, flipVert=False, image='default.png', interpolate=True, mask=None, maskParams=None, name='image', opacity=1.0, ori=0.0, pos=array([0., 0.]), size=array([8.4, 8.4]), texRes=128.0, units='deg', win=Window(...))
14.7952 	EXP 	window1: mouseVisible = True
14.7987 	EXP 	Created polygon = ShapeStim(__class__=<class 'psychopy.visual.shape.ShapeStim'>, anchor=('center', 'center'), autoDraw=False, autoLog=True, closeShape=True, color=method-wrapper(...), colorSpace='rgb', contrast=None, depth=-2.0, draggable=False, fillColor=array([ 1., -1., -1.]), fillColorSpace='rgb', fillRGB=array([ 1., -1., -1.]), interpolate=True, lineColor=array([-1., -1., -1.]), lineColorSpace='rgb', lineRGB=array([-1., -1., -1.]), lineWidth=3.0, name='polygon', opacity=0.5, ori=0.0, pos=array([0., 0.]), size=array([0.2, 0.2]), units='deg', vertices=ndarray(...), win=Window(...), windingRule=None)
15.7211 	EXP 	window1: mouseVisible = True
15.7241 	EXP 	Created polygon_2 = ShapeStim(__class__=<class 'psychopy.visual.shape.ShapeStim'>, anchor=('center', 'center'), autoDraw=False, autoLog=True, closeShape=True, color=method-wrapper(...), colorSpace='rgb', contrast=None, depth=-1.0, draggable=False, fillColor=array([ 1., -1., -1.]), fillColorSpace='rgb', fillRGB=array([ 1., -1., -1.]), interpolate=True, lineColor=array([-1., -1., -1.]), lineColorSpace='rgb', lineRGB=array([-1., -1., -1.]), lineWidth=3.0, name='polygon_2', opacity=0.5, ori=0.0, pos=array([0., 0.]), size=array([0.2, 0.2]), units='deg', vertices=ndarray(...), win=Window(...), windingRule=None)
16.2070 	EXP 	window1: mouseVisible = True
16.2086 	EXP 	Created text_5 = TextStim(__class__=<class 'psychopy.visual.text.TextStim'>, alignHoriz=method-wrapper(...), alignText='center', alignVert=method-wrapper(...), anchorHoriz='center', anchorVert='center', antialias=True, autoDraw=False, autoLog=True, bold=False, color=array([1., 1., 1.]), colorSpace='rgb', contrast=1.0, depth=-3.0, draggable=False, flipHoriz=False, flipVert=False, font='Open Sans', fontFiles=[], height=0.5, italic=False, languageStyle='LTR', name='text_5', opacity=1.0, ori=0.0, pos=array([0., 0.]), rgb=UNKNOWN, text='', units='deg', win=Window(...), wrapWidth=15.0)
16.6909 	EXP 	window1: mouseVisible = True
16.6943 	EXP 	Created text_4 = TextStim(__class__=<class 'psychopy.visual.text.TextStim'>, alignHoriz=method-wrapper(...), alignText='center', alignVert=method-wrapper(...), anchorHoriz='center', anchorVert='center', antialias=True, autoDraw=False, autoLog=True, bold=False, color=array([1., 1., 1.]), colorSpace='rgb', contrast=1.0, depth=-1.0, draggable=False, flipHoriz=False, flipVert=False, font='Open Sans', fontFiles=[], height=0.5000000000000001, italic=False, languageStyle='LTR', name='text_4', opacity=1.0, ori=0.0, pos=array([0., 0.]), rgb=UNKNOWN, text='waiting for scanner…', units='deg', win=Window(...), wrapWidth=15.0)
0.0029 	DATA 	Keypress: 1
0.0045 	DATA 	Keypress: 1
0.0056 	DATA 	Keypress: 1
0.0062 	DATA 	Mouse: Left button down, pos=(876,542)
0.0064 	DATA 	Mouse:  Left button up, pos=(876,542)
0.0067 	DATA 	Mouse: Left button down, pos=(876,542)
0.0069 	DATA 	Mouse:  Left button up, pos=(876,542)
0.0071 	DATA 	Mouse: Left button down, pos=(876,542)
0.0074 	DATA 	Mouse:  Left button up, pos=(876,542)
0.0488 	EXP 	text_6: height = 0.5000000000000001
0.0488 	EXP 	text_6: height = 0.5000000000000001
0.0488 	EXP 	text_6: height = 0.5000000000000001
0.0488 	EXP 	text_6: text = 'Press any button to begin the practice trials.'
0.0488 	EXP 	text_6: autoDraw = True
0.0747 	DATA 	Mouse: Left button down, pos=(876,542)
0.1737 	DATA 	Mouse:  Left button up, pos=(876,542)
1.0413 	DATA 	Keypress: space
2.4969 	EXP 	Imported practice_conditions_files/practice_participant78_.csv as conditions, 20 conditions, 3 params
2.4973 	EXP 	Created sequence: sequential, trialTypes=20, nReps=1, seed=None
2.4975 	EXP 	New trial (rep=0, index=0): OrderedDict([('current_image', 'practice_images/paired_image_25_2.png'), ('trial_index', 0), ('is_blank_trial', 0)])
2.5163 	DATA 	Keypress: 1
2.5221 	EXP 	text_6: autoDraw = False
2.5221 	EXP 	image_2: image = 'practice_images/paired_image_25_2.png'
2.5221 	EXP 	polygon_3: autoDraw = True
3.5062 	EXP 	image_2: autoDraw = True
6.4897 	EXP 	New trial (rep=0, index=1): OrderedDict([('current_image', 'practice_images/paired_image_18_1.png'), ('trial_index', 1), ('is_blank_trial', 0)])
6.5060 	EXP 	image_2: autoDraw = False
6.5060 	EXP 	polygon_3: autoDraw = False
6.5060 	EXP 	image_2: autoDraw = False
6.5060 	EXP 	polygon_3: autoDraw = False
6.5060 	EXP 	polygon_4: autoDraw = False
6.5060 	EXP 	image_2: image = 'practice_images/paired_image_18_1.png'
6.5060 	EXP 	polygon_3: autoDraw = True
7.5064 	EXP 	image_2: autoDraw = True
10.4963 	EXP 	New trial (rep=0, index=2): OrderedDict([('current_image', 'practice_images/paired_image_12_1.png'), ('trial_index', 2), ('is_blank_trial', 0)])
10.5096 	EXP 	image_2: autoDraw = False
10.5096 	EXP 	polygon_3: autoDraw = False
10.5096 	EXP 	image_2: autoDraw = False
10.5096 	EXP 	polygon_3: autoDraw = False
10.5096 	EXP 	polygon_4: autoDraw = False
10.5096 	EXP 	image_2: image = 'practice_images/paired_image_12_1.png'
10.5096 	EXP 	polygon_3: autoDraw = True
11.5067 	EXP 	image_2: autoDraw = True
13.0262 	DATA 	Keypress: 2
13.2080 	DATA 	Keypress: 1
13.4748 	DATA 	Keypress: 2
13.6086 	DATA 	Keypress: 1
14.1585 	DATA 	Keypress: 2
14.4915 	EXP 	New trial (rep=0, index=3): OrderedDict([('current_image', 'practice_images/paired_image_20_2.png'), ('trial_index', 3), ('is_blank_trial', 0)])
14.5058 	EXP 	image_2: autoDraw = False
14.5058 	EXP 	polygon_3: autoDraw = False
14.5058 	EXP 	image_2: autoDraw = False
14.5058 	EXP 	polygon_3: autoDraw = False
14.5058 	EXP 	polygon_4: autoDraw = False
14.5058 	EXP 	image_2: image = 'practice_images/paired_image_20_2.png'
14.5058 	EXP 	polygon_3: autoDraw = True
14.5425 	DATA 	Keypress: 1
14.7247 	DATA 	Keypress: 2
14.9080 	DATA 	Keypress: 1
15.1421 	DATA 	Keypress: 2
15.2747 	DATA 	Keypress: 1
15.4936 	DATA 	Keypress: 2
15.5067 	EXP 	image_2: autoDraw = True
15.6750 	DATA 	Keypress: 1
15.9267 	DATA 	Keypress: 2
16.1080 	DATA 	Keypress: 1
16.3418 	DATA 	Keypress: 2
16.7417 	DATA 	Keypress: 1
16.8587 	DATA 	Keypress: 2
17.1267 	DATA 	Keypress: 1
17.2259 	DATA 	Keypress: 2
17.3917 	DATA 	Keypress: 1
17.5917 	DATA 	Keypress: 2
17.7419 	DATA 	Keypress: 1
17.9585 	DATA 	Keypress: 2
18.0749 	DATA 	Keypress: 1
18.3090 	DATA 	Keypress: 1
18.4915 	EXP 	New trial (rep=0, index=4): OrderedDict([('current_image', 'practice_images/paired_image_19_1.png'), ('trial_index', 4), ('is_blank_trial', 0)])
18.5060 	EXP 	image_2: autoDraw = False
18.5060 	EXP 	polygon_3: autoDraw = False
18.5060 	EXP 	image_2: autoDraw = False
18.5060 	EXP 	polygon_3: autoDraw = False
18.5060 	EXP 	polygon_4: autoDraw = False
18.5060 	EXP 	image_2: image = 'practice_images/paired_image_19_1.png'
18.5060 	EXP 	polygon_3: autoDraw = True
18.5751 	DATA 	Keypress: 2
18.8416 	DATA 	Keypress: 1
19.0084 	DATA 	Keypress: 2
19.1588 	DATA 	Keypress: 1
19.3081 	DATA 	Keypress: 2
19.5066 	EXP 	image_2: autoDraw = True
19.5266 	DATA 	Keypress: 1
19.7598 	DATA 	Keypress: 2
19.7927 	DATA 	Keypress: 1
20.0757 	DATA 	Keypress: 2
20.2250 	DATA 	Keypress: 1
20.5595 	DATA 	Keypress: 1
20.6934 	DATA 	Keypress: 2
20.8916 	DATA 	Keypress: 1
21.0767 	DATA 	Keypress: 2
21.1916 	DATA 	Keypress: 1
21.4767 	DATA 	Keypress: 1
21.6601 	DATA 	Keypress: 2
21.8759 	DATA 	Keypress: 1
21.9584 	DATA 	Keypress: 2
22.1756 	DATA 	Keypress: 1
22.2416 	DATA 	Keypress: 2
22.4916 	EXP 	New trial (rep=0, index=5): OrderedDict([('current_image', 'practice_images/paired_image_4_2.png'), ('trial_index', 5), ('is_blank_trial', 0)])
22.5028 	DATA 	Keypress: 1
22.5077 	EXP 	image_2: autoDraw = False
22.5077 	EXP 	polygon_3: autoDraw = False
22.5077 	EXP 	image_2: autoDraw = False
22.5077 	EXP 	polygon_3: autoDraw = False
22.5077 	EXP 	polygon_4: autoDraw = False
22.5077 	EXP 	image_2: image = 'practice_images/paired_image_4_2.png'
22.5077 	EXP 	polygon_3: autoDraw = True
22.5259 	DATA 	Keypress: 2
22.7112 	DATA 	Keypress: 1
23.1268 	DATA 	Keypress: 2
23.4086 	DATA 	Keypress: 1
23.5067 	EXP 	image_2: autoDraw = True
23.7419 	DATA 	Keypress: 2
23.9938 	DATA 	Keypress: 1
24.1930 	DATA 	Keypress: 2
24.3924 	DATA 	Keypress: 1
24.6095 	DATA 	Keypress: 2
24.8099 	DATA 	Keypress: 1
25.0749 	DATA 	Keypress: 2
25.2419 	DATA 	Keypress: 1
25.5082 	DATA 	Keypress: 2
25.6098 	DATA 	Keypress: 1
25.8420 	DATA 	Keypress: 1
26.0431 	DATA 	Keypress: 1
26.2599 	DATA 	Keypress: 1
26.4597 	DATA 	Keypress: 1
26.4914 	EXP 	New trial (rep=0, index=6): OrderedDict([('current_image', 'practice_images/paired_image_22_2.png'), ('trial_index', 6), ('is_blank_trial', 0)])
26.5060 	EXP 	image_2: autoDraw = False
26.5060 	EXP 	polygon_3: autoDraw = False
26.5060 	EXP 	image_2: autoDraw = False
26.5060 	EXP 	polygon_3: autoDraw = False
26.5060 	EXP 	polygon_4: autoDraw = False
26.5060 	EXP 	image_2: image = 'practice_images/paired_image_22_2.png'
26.5060 	EXP 	polygon_3: autoDraw = True
26.7083 	DATA 	Keypress: 1
26.9083 	DATA 	Keypress: 1
27.1094 	DATA 	Keypress: 1
27.3251 	DATA 	Keypress: 1
27.5067 	EXP 	image_2: autoDraw = True
27.5587 	DATA 	Keypress: 1
27.7748 	DATA 	Keypress: 1
28.0251 	DATA 	Keypress: 1
28.2418 	DATA 	Keypress: 1
30.4915 	EXP 	New trial (rep=0, index=7): OrderedDict([('current_image', 'practice_images/paired_image_27_1.png'), ('trial_index', 7), ('is_blank_trial', 0)])
30.5065 	EXP 	image_2: autoDraw = False
30.5065 	EXP 	polygon_3: autoDraw = False
30.5065 	EXP 	image_2: autoDraw = False
30.5065 	EXP 	polygon_3: autoDraw = False
30.5065 	EXP 	polygon_4: autoDraw = False
30.5065 	EXP 	image_2: image = 'practice_images/paired_image_27_1.png'
30.5065 	EXP 	polygon_3: autoDraw = True
31.5068 	EXP 	image_2: autoDraw = True
34.4907 	EXP 	New trial (rep=0, index=8): OrderedDict([('current_image', 'practice_images/paired_image_36_2.png'), ('trial_index', 8), ('is_blank_trial', 0)])
34.5062 	EXP 	image_2: autoDraw = False
34.5062 	EXP 	polygon_3: autoDraw = False
34.5062 	EXP 	image_2: autoDraw = False
34.5062 	EXP 	polygon_3: autoDraw = False
34.5062 	EXP 	polygon_4: autoDraw = False
34.5062 	EXP 	image_2: image = 'practice_images/paired_image_36_2.png'
34.5062 	EXP 	polygon_3: autoDraw = True
35.5066 	EXP 	image_2: autoDraw = True
38.4912 	EXP 	New trial (rep=0, index=9): OrderedDict([('current_image', 'practice_images/paired_image_15_2.png'), ('trial_index', 9), ('is_blank_trial', 0)])
38.5094 	EXP 	image_2: autoDraw = False
38.5094 	EXP 	polygon_3: autoDraw = False
38.5094 	EXP 	image_2: autoDraw = False
38.5094 	EXP 	polygon_3: autoDraw = False
38.5094 	EXP 	polygon_4: autoDraw = False
38.5094 	EXP 	image_2: image = 'practice_images/paired_image_15_2.png'
38.5094 	EXP 	polygon_3: autoDraw = True
39.5065 	EXP 	image_2: autoDraw = True
42.5408 	EXP 	New trial (rep=0, index=10): OrderedDict([('current_image', 'blank.jpg'), ('trial_index', 10), ('is_blank_trial', 1)])
42.5567 	EXP 	image_2: autoDraw = False
42.5567 	EXP 	polygon_3: autoDraw = False
42.5567 	EXP 	image_2: autoDraw = False
42.5567 	EXP 	polygon_3: autoDraw = False
42.5567 	EXP 	polygon_4: autoDraw = False
42.5567 	EXP 	image_2: image = 'blank.jpg'
42.5567 	EXP 	image_2: autoDraw = False
42.5567 	EXP 	polygon_3: autoDraw = False
42.5567 	EXP 	polygon_4: autoDraw = True
46.5412 	EXP 	New trial (rep=0, index=11): OrderedDict([('current_image', 'practice_images/paired_image_2_1.png'), ('trial_index', 11), ('is_blank_trial', 0)])
46.5558 	EXP 	polygon_4: autoDraw = False
46.5558 	EXP 	polygon_4: autoDraw = False
46.5558 	EXP 	image_2: image = 'practice_images/paired_image_2_1.png'
46.5558 	EXP 	polygon_3: autoDraw = True
47.5565 	EXP 	image_2: autoDraw = True
50.5409 	EXP 	New trial (rep=0, index=12): OrderedDict([('current_image', 'practice_images/paired_image_21_2.png'), ('trial_index', 12), ('is_blank_trial', 0)])
50.5559 	EXP 	image_2: autoDraw = False
50.5559 	EXP 	polygon_3: autoDraw = False
50.5559 	EXP 	image_2: autoDraw = False
50.5559 	EXP 	polygon_3: autoDraw = False
50.5559 	EXP 	polygon_4: autoDraw = False
50.5559 	EXP 	image_2: image = 'practice_images/paired_image_21_2.png'
50.5559 	EXP 	polygon_3: autoDraw = True
51.5567 	EXP 	image_2: autoDraw = True
54.5412 	EXP 	New trial (rep=0, index=13): OrderedDict([('current_image', 'practice_images/paired_image_15_1.png'), ('trial_index', 13), ('is_blank_trial', 0)])
54.5556 	EXP 	image_2: autoDraw = False
54.5556 	EXP 	polygon_3: autoDraw = False
54.5556 	EXP 	image_2: autoDraw = False
54.5556 	EXP 	polygon_3: autoDraw = False
54.5556 	EXP 	polygon_4: autoDraw = False
54.5556 	EXP 	image_2: image = 'practice_images/paired_image_15_1.png'
54.5556 	EXP 	polygon_3: autoDraw = True
55.5567 	EXP 	image_2: autoDraw = True
58.5401 	EXP 	New trial (rep=0, index=14): OrderedDict([('current_image', 'practice_images/paired_image_6_2.png'), ('trial_index', 14), ('is_blank_trial', 0)])
58.5560 	EXP 	image_2: autoDraw = False
58.5560 	EXP 	polygon_3: autoDraw = False
58.5560 	EXP 	image_2: autoDraw = False
58.5560 	EXP 	polygon_3: autoDraw = False
58.5560 	EXP 	polygon_4: autoDraw = False
58.5560 	EXP 	image_2: image = 'practice_images/paired_image_6_2.png'
58.5560 	EXP 	polygon_3: autoDraw = True
59.5564 	EXP 	image_2: autoDraw = True
62.5409 	EXP 	New trial (rep=0, index=15): OrderedDict([('current_image', 'practice_images/paired_image_29_1.png'), ('trial_index', 15), ('is_blank_trial', 0)])
62.5560 	EXP 	image_2: autoDraw = False
62.5560 	EXP 	polygon_3: autoDraw = False
62.5560 	EXP 	image_2: autoDraw = False
62.5560 	EXP 	polygon_3: autoDraw = False
62.5560 	EXP 	polygon_4: autoDraw = False
62.5560 	EXP 	image_2: image = 'practice_images/paired_image_29_1.png'
62.5560 	EXP 	polygon_3: autoDraw = True
63.5565 	EXP 	image_2: autoDraw = True
66.5410 	EXP 	New trial (rep=0, index=16): OrderedDict([('current_image', 'practice_images/paired_image_24_1.png'), ('trial_index', 16), ('is_blank_trial', 0)])
66.5556 	EXP 	image_2: autoDraw = False
66.5556 	EXP 	polygon_3: autoDraw = False
66.5556 	EXP 	image_2: autoDraw = False
66.5556 	EXP 	polygon_3: autoDraw = False
66.5556 	EXP 	polygon_4: autoDraw = False
66.5556 	EXP 	image_2: image = 'practice_images/paired_image_24_1.png'
66.5556 	EXP 	polygon_3: autoDraw = True
67.5568 	EXP 	image_2: autoDraw = True
70.5408 	EXP 	New trial (rep=0, index=17): OrderedDict([('current_image', 'practice_images/paired_image_28_1.png'), ('trial_index', 17), ('is_blank_trial', 0)])
70.5562 	EXP 	image_2: autoDraw = False
70.5562 	EXP 	polygon_3: autoDraw = False
70.5562 	EXP 	image_2: autoDraw = False
70.5562 	EXP 	polygon_3: autoDraw = False
70.5562 	EXP 	polygon_4: autoDraw = False
70.5562 	EXP 	image_2: image = 'practice_images/paired_image_28_1.png'
70.5562 	EXP 	polygon_3: autoDraw = True
71.5565 	EXP 	image_2: autoDraw = True
74.5408 	EXP 	New trial (rep=0, index=18): OrderedDict([('current_image', 'practice_images/paired_image_36_1.png'), ('trial_index', 18), ('is_blank_trial', 0)])
74.5562 	EXP 	image_2: autoDraw = False
74.5562 	EXP 	polygon_3: autoDraw = False
74.5562 	EXP 	image_2: autoDraw = False
74.5562 	EXP 	polygon_3: autoDraw = False
74.5562 	EXP 	polygon_4: autoDraw = False
74.5562 	EXP 	image_2: image = 'practice_images/paired_image_36_1.png'
74.5562 	EXP 	polygon_3: autoDraw = True
75.5567 	EXP 	image_2: autoDraw = True
78.5414 	EXP 	New trial (rep=0, index=19): OrderedDict([('current_image', 'practice_images/paired_image_30_1.png'), ('trial_index', 19), ('is_blank_trial', 0)])
78.5558 	EXP 	image_2: autoDraw = False
78.5558 	EXP 	polygon_3: autoDraw = False
78.5558 	EXP 	image_2: autoDraw = False
78.5558 	EXP 	polygon_3: autoDraw = False
78.5558 	EXP 	polygon_4: autoDraw = False
78.5558 	EXP 	image_2: image = 'practice_images/paired_image_30_1.png'
78.5558 	EXP 	polygon_3: autoDraw = True
79.5565 	EXP 	image_2: autoDraw = True
82.5585 	EXP 	image_2: autoDraw = False
82.5585 	EXP 	polygon_3: autoDraw = False
82.5585 	EXP 	image_2: autoDraw = False
82.5585 	EXP 	polygon_3: autoDraw = False
82.5585 	EXP 	polygon_4: autoDraw = False
82.5585 	EXP 	text_7: height = 0.5000000000000001
82.5585 	EXP 	text_7: height = 0.5000000000000001
82.5585 	EXP 	text_7: height = 0.5000000000000001
82.5585 	EXP 	text_7: text = 'Good job! You finished the practice trials. Press any button to begin the experiment.'
82.5585 	EXP 	text_7: autoDraw = True
124.8285 	DATA 	Keypress: 1
124.8396 	EXP 	text_7: autoDraw = False
124.8396 	EXP 	text_3: autoDraw = True
135.2105 	DATA 	Keypress: 2
136.1254 	DATA 	Mouse: Left button down, pos=(961,457)
136.2592 	DATA 	Mouse:  Left button up, pos=(961,457)
136.6262 	DATA 	Keypress: 1
140.1091 	DATA 	Mouse: Left button down, pos=(961,457)
140.3259 	DATA 	Mouse:  Left button up, pos=(961,457)
140.7250 	DATA 	Keypress: 1
141.0605 	DATA 	Keypress: 2
142.6255 	DATA 	Mouse: Left button down, pos=(934,401)
142.7759 	DATA 	Mouse:  Left button up, pos=(934,401)
144.2769 	EXP 	Imported conditions_files/participant78_.csv as conditions, 1152 conditions, 7 params
144.2803 	EXP 	Created sequence: sequential, trialTypes=1152, nReps=1, seed=None
144.2805 	EXP 	New trial (rep=0, index=0): OrderedDict([('current_image', 'images/image_247_seed_1.png'), ('is_repeat', 0), ('trial_index', 0), ('is_blank_trial', 0), ('is_new_run', 0), ('run_num', 0), ('all_blanks_list', [9, 19, 29, 39, 49, 59, 68, 69, 70, 71])])
144.2905 	DATA 	Keypress: equal
144.3154 	EXP 	text_3: autoDraw = False
144.3154 	EXP 	image: image = 'images/image_247_seed_1.png'
144.3154 	EXP 	polygon: autoDraw = True
145.2898 	EXP 	image: autoDraw = True
146.1429 	DATA 	Keypress: 1
146.3415 	DATA 	Keypress: 1
146.5425 	DATA 	Keypress: 1
146.7598 	DATA 	Keypress: 1
146.9750 	DATA 	Keypress: 1
147.2087 	DATA 	Keypress: 1
147.4579 	DATA 	Keypress: 1
147.6910 	DATA 	Keypress: 1
148.0419 	DATA 	Keypress: 1
148.2579 	DATA 	Keypress: 1
148.2784 	EXP 	New trial (rep=0, index=1): OrderedDict([('current_image', 'images/image_113_seed_1.png'), ('is_repeat', 0), ('trial_index', 1), ('is_blank_trial', 0), ('is_new_run', 0), ('run_num', 0), ('all_blanks_list', [9, 19, 29, 39, 49, 59, 68, 69, 70, 71])])
148.2943 	EXP 	image: autoDraw = False
148.2943 	EXP 	polygon: autoDraw = False
148.2943 	EXP 	image: autoDraw = False
148.2943 	EXP 	polygon: autoDraw = False
148.2943 	EXP 	polygon_2: autoDraw = False
148.2943 	EXP 	text_5: text = ''
148.2943 	EXP 	text_5: autoDraw = False
148.2943 	EXP 	text_4: autoDraw = False
148.2943 	EXP 	image: image = 'images/image_113_seed_1.png'
148.2943 	EXP 	polygon: autoDraw = True
148.5253 	DATA 	Keypress: 1
148.7755 	DATA 	Keypress: 1
149.0252 	DATA 	Keypress: 1
149.2899 	EXP 	image: autoDraw = True
149.2932 	DATA 	Keypress: 1
149.5255 	DATA 	Keypress: 1
150.1585 	DATA 	Keypress: 1
150.3930 	DATA 	Keypress: 1
150.6250 	DATA 	Keypress: 1
150.9247 	DATA 	Keypress: 1
151.1255 	DATA 	Keypress: 1
151.3583 	DATA 	Keypress: 1
151.9752 	DATA 	Keypress: 1
152.1750 	DATA 	Keypress: 1
152.2764 	EXP 	New trial (rep=0, index=2): OrderedDict([('current_image', 'images/image_204_seed_1.png'), ('is_repeat', 0), ('trial_index', 2), ('is_blank_trial', 0), ('is_new_run', 0), ('run_num', 0), ('all_blanks_list', [9, 19, 29, 39, 49, 59, 68, 69, 70, 71])])
152.2931 	EXP 	image: autoDraw = False
152.2931 	EXP 	polygon: autoDraw = False
152.2931 	EXP 	image: autoDraw = False
152.2931 	EXP 	polygon: autoDraw = False
152.2931 	EXP 	polygon_2: autoDraw = False
152.2931 	EXP 	text_5: text = ''
152.2931 	EXP 	text_5: autoDraw = False
152.2931 	EXP 	text_4: autoDraw = False
152.2931 	EXP 	image: image = 'images/image_204_seed_1.png'
152.2931 	EXP 	polygon: autoDraw = True
152.3581 	DATA 	Keypress: 1
152.5922 	DATA 	Keypress: 1
152.8077 	DATA 	Keypress: 1
153.0455 	DATA 	Keypress: 1
153.2427 	DATA 	Keypress: 1
153.2898 	EXP 	image: autoDraw = True
153.4749 	DATA 	Keypress: 1
153.7099 	DATA 	Keypress: 1
153.9429 	DATA 	Keypress: 1
154.1751 	DATA 	Keypress: 1
154.3913 	DATA 	Keypress: 1
154.6082 	DATA 	Keypress: 1
154.8758 	DATA 	Keypress: 1
155.0911 	DATA 	Keypress: 1
155.3248 	DATA 	Keypress: 1
155.5597 	DATA 	Keypress: 1
155.8079 	DATA 	Keypress: 1
156.2748 	EXP 	New trial (rep=0, index=3): OrderedDict([('current_image', 'images/image_461_seed_1.png'), ('is_repeat', 0), ('trial_index', 3), ('is_blank_trial', 0), ('is_new_run', 0), ('run_num', 0), ('all_blanks_list', [9, 19, 29, 39, 49, 59, 68, 69, 70, 71])])
156.2919 	EXP 	image: autoDraw = False
156.2919 	EXP 	polygon: autoDraw = False
156.2919 	EXP 	image: autoDraw = False
156.2919 	EXP 	polygon: autoDraw = False
156.2919 	EXP 	polygon_2: autoDraw = False
156.2919 	EXP 	text_5: text = ''
156.2919 	EXP 	text_5: autoDraw = False
156.2919 	EXP 	text_4: autoDraw = False
156.2919 	EXP 	image: image = 'images/image_461_seed_1.png'
156.2919 	EXP 	polygon: autoDraw = True
157.2899 	EXP 	image: autoDraw = True
160.2744 	EXP 	New trial (rep=0, index=4): OrderedDict([('current_image', 'images/image_185_seed_1.png'), ('is_repeat', 0), ('trial_index', 4), ('is_blank_trial', 0), ('is_new_run', 0), ('run_num', 0), ('all_blanks_list', [9, 19, 29, 39, 49, 59, 68, 69, 70, 71])])
160.2897 	EXP 	image: autoDraw = False
160.2897 	EXP 	polygon: autoDraw = False
160.2897 	EXP 	image: autoDraw = False
160.2897 	EXP 	polygon: autoDraw = False
160.2897 	EXP 	polygon_2: autoDraw = False
160.2897 	EXP 	text_5: text = ''
160.2897 	EXP 	text_5: autoDraw = False
160.2897 	EXP 	text_4: autoDraw = False
160.2897 	EXP 	image: image = 'images/image_185_seed_1.png'
160.2897 	EXP 	polygon: autoDraw = True
160.5078 	DATA 	Keypress: 1
161.2899 	EXP 	image: autoDraw = True
162.6909 	DATA 	Keypress: 1
162.9593 	DATA 	Keypress: 1
164.2748 	EXP 	New trial (rep=0, index=5): OrderedDict([('current_image', 'images/image_508_seed_1.png'), ('is_repeat', 0), ('trial_index', 5), ('is_blank_trial', 0), ('is_new_run', 0), ('run_num', 0), ('all_blanks_list', [9, 19, 29, 39, 49, 59, 68, 69, 70, 71])])
164.2893 	EXP 	image: autoDraw = False
164.2893 	EXP 	polygon: autoDraw = False
164.2893 	EXP 	image: autoDraw = False
164.2893 	EXP 	polygon: autoDraw = False
164.2893 	EXP 	polygon_2: autoDraw = False
164.2893 	EXP 	text_5: text = ''
164.2893 	EXP 	text_5: autoDraw = False
164.2893 	EXP 	text_4: autoDraw = False
164.2893 	EXP 	image: image = 'images/image_508_seed_1.png'
164.2893 	EXP 	polygon: autoDraw = True
165.2893 	EXP 	image: autoDraw = True
165.2919 	DATA 	Keypress: 1
165.5421 	DATA 	Keypress: 1
165.7588 	DATA 	Keypress: 1
165.9586 	DATA 	Keypress: 1
166.2252 	DATA 	Keypress: 1
168.2745 	EXP 	New trial (rep=0, index=6): OrderedDict([('current_image', 'images/image_209_seed_1.png'), ('is_repeat', 0), ('trial_index', 6), ('is_blank_trial', 0), ('is_new_run', 0), ('run_num', 0), ('all_blanks_list', [9, 19, 29, 39, 49, 59, 68, 69, 70, 71])])
168.2891 	EXP 	image: autoDraw = False
168.2891 	EXP 	polygon: autoDraw = False
168.2891 	EXP 	image: autoDraw = False
168.2891 	EXP 	polygon: autoDraw = False
168.2891 	EXP 	polygon_2: autoDraw = False
168.2891 	EXP 	text_5: text = ''
168.2891 	EXP 	text_5: autoDraw = False
168.2891 	EXP 	text_4: autoDraw = False
168.2891 	EXP 	image: image = 'images/image_209_seed_1.png'
168.2891 	EXP 	polygon: autoDraw = True
169.2897 	EXP 	image: autoDraw = True
172.2745 	EXP 	New trial (rep=0, index=7): OrderedDict([('current_image', 'images/image_323_seed_1.png'), ('is_repeat', 0), ('trial_index', 7), ('is_blank_trial', 0), ('is_new_run', 0), ('run_num', 0), ('all_blanks_list', [9, 19, 29, 39, 49, 59, 68, 69, 70, 71])])
172.2893 	EXP 	image: autoDraw = False
172.2893 	EXP 	polygon: autoDraw = False
172.2893 	EXP 	image: autoDraw = False
172.2893 	EXP 	polygon: autoDraw = False
172.2893 	EXP 	polygon_2: autoDraw = False
172.2893 	EXP 	text_5: text = ''
172.2893 	EXP 	text_5: autoDraw = False
172.2893 	EXP 	text_4: autoDraw = False
172.2893 	EXP 	image: image = 'images/image_323_seed_1.png'
172.2893 	EXP 	polygon: autoDraw = True
173.2899 	EXP 	image: autoDraw = True
176.2750 	EXP 	New trial (rep=0, index=8): OrderedDict([('current_image', 'images/image_218_seed_1.png'), ('is_repeat', 0), ('trial_index', 8), ('is_blank_trial', 0), ('is_new_run', 0), ('run_num', 0), ('all_blanks_list', [9, 19, 29, 39, 49, 59, 68, 69, 70, 71])])
176.2889 	EXP 	image: autoDraw = False
176.2889 	EXP 	polygon: autoDraw = False
176.2889 	EXP 	image: autoDraw = False
176.2889 	EXP 	polygon: autoDraw = False
176.2889 	EXP 	polygon_2: autoDraw = False
176.2889 	EXP 	text_5: text = ''
176.2889 	EXP 	text_5: autoDraw = False
176.2889 	EXP 	text_4: autoDraw = False
176.2889 	EXP 	image: image = 'images/image_218_seed_1.png'
176.2889 	EXP 	polygon: autoDraw = True
177.2899 	EXP 	image: autoDraw = True
179.1088 	DATA 	Keypress: 1
179.4248 	DATA 	Keypress: 1
179.8751 	DATA 	Keypress: 1
180.1953 	DATA 	Keypress: 1
180.2740 	EXP 	New trial (rep=0, index=9): OrderedDict([('current_image', 'blank.jpg'), ('is_repeat', 0), ('trial_index', 9), ('is_blank_trial', 1), ('is_new_run', 0), ('run_num', 0), ('all_blanks_list', [9, 19, 29, 39, 49, 59, 68, 69, 70, 71])])
180.2895 	EXP 	image: autoDraw = False
180.2895 	EXP 	polygon: autoDraw = False
180.2895 	EXP 	image: autoDraw = False
180.2895 	EXP 	polygon: autoDraw = False
180.2895 	EXP 	polygon_2: autoDraw = False
180.2895 	EXP 	text_5: text = ''
180.2895 	EXP 	text_5: autoDraw = False
180.2895 	EXP 	text_4: autoDraw = False
180.2895 	EXP 	image: image = 'blank.jpg'
180.2895 	EXP 	image: autoDraw = False
180.2895 	EXP 	polygon: autoDraw = False
180.2895 	EXP 	polygon_2: autoDraw = True
180.6257 	DATA 	Keypress: 1
181.0409 	DATA 	Keypress: 1
181.4249 	DATA 	Keypress: 1
181.8419 	DATA 	Keypress: 1
182.2756 	DATA 	Keypress: 1
182.8912 	DATA 	Keypress: 1
183.4588 	DATA 	Keypress: backspace
183.5244 	DATA 	Keypress: 1
184.1246 	DATA 	Keypress: 1
184.2756 	EXP 	New trial (rep=0, index=10): OrderedDict([('current_image', 'images/image_710_seed_1.png'), ('is_repeat', 0), ('trial_index', 10), ('is_blank_trial', 0), ('is_new_run', 0), ('run_num', 0), ('all_blanks_list', [9, 19, 29, 39, 49, 59, 68, 69, 70, 71])])
184.2900 	EXP 	polygon_2: autoDraw = False
184.2900 	EXP 	polygon_2: autoDraw = False
184.2900 	EXP 	text_5: text = ''
184.2900 	EXP 	text_5: autoDraw = False
184.2900 	EXP 	text_4: autoDraw = False
184.2900 	EXP 	image: image = 'images/image_710_seed_1.png'
184.2900 	EXP 	polygon: autoDraw = True
184.4754 	DATA 	Keypress: 1
184.7749 	DATA 	Keypress: 1
185.1414 	DATA 	Keypress: 1
185.2898 	EXP 	image: autoDraw = True
185.4748 	DATA 	Keypress: 1
185.7915 	DATA 	Keypress: 1
186.2427 	DATA 	Keypress: 1
186.7931 	DATA 	Keypress: 1
187.3099 	DATA 	Keypress: 1
187.7086 	DATA 	Keypress: 1
187.8422 	DATA 	Keypress: backspace
188.2589 	DATA 	Keypress: 1
188.2750 	EXP 	New trial (rep=0, index=11): OrderedDict([('current_image', 'images/image_187_seed_1.png'), ('is_repeat', 0), ('trial_index', 11), ('is_blank_trial', 0), ('is_new_run', 0), ('run_num', 0), ('all_blanks_list', [9, 19, 29, 39, 49, 59, 68, 69, 70, 71])])
188.2891 	EXP 	image: autoDraw = False
188.2891 	EXP 	polygon: autoDraw = False
188.2891 	EXP 	image: autoDraw = False
188.2891 	EXP 	polygon: autoDraw = False
188.2891 	EXP 	polygon_2: autoDraw = False
188.2891 	EXP 	text_5: text = ''
188.2891 	EXP 	text_5: autoDraw = False
188.2891 	EXP 	text_4: autoDraw = False
188.2891 	EXP 	image: image = 'images/image_187_seed_1.png'
188.2891 	EXP 	polygon: autoDraw = True
188.6756 	DATA 	Keypress: 1
188.9938 	DATA 	Keypress: 1
189.2894 	EXP 	image: autoDraw = True
189.2926 	DATA 	Keypress: 1
189.6083 	DATA 	Keypress: 1
189.9759 	DATA 	Keypress: 1
190.4752 	DATA 	Keypress: 1
191.0420 	DATA 	Keypress: 1
191.4419 	DATA 	Keypress: 1
191.8580 	DATA 	Keypress: 1
192.1258 	DATA 	Keypress: 1
192.2751 	EXP 	New trial (rep=0, index=12): OrderedDict([('current_image', 'images/image_677_seed_1.png'), ('is_repeat', 0), ('trial_index', 12), ('is_blank_trial', 0), ('is_new_run', 0), ('run_num', 0), ('all_blanks_list', [9, 19, 29, 39, 49, 59, 68, 69, 70, 71])])
192.2896 	EXP 	image: autoDraw = False
192.2896 	EXP 	polygon: autoDraw = False
192.2896 	EXP 	image: autoDraw = False
192.2896 	EXP 	polygon: autoDraw = False
192.2896 	EXP 	polygon_2: autoDraw = False
192.2896 	EXP 	text_5: text = ''
192.2896 	EXP 	text_5: autoDraw = False
192.2896 	EXP 	text_4: autoDraw = False
192.2896 	EXP 	image: image = 'images/image_677_seed_1.png'
192.2896 	EXP 	polygon: autoDraw = True
192.4417 	DATA 	Keypress: 1
193.2899 	EXP 	image: autoDraw = True
196.2749 	EXP 	New trial (rep=0, index=13): OrderedDict([('current_image', 'images/image_390_seed_1.png'), ('is_repeat', 0), ('trial_index', 13), ('is_blank_trial', 0), ('is_new_run', 0), ('run_num', 0), ('all_blanks_list', [9, 19, 29, 39, 49, 59, 68, 69, 70, 71])])
196.2891 	EXP 	image: autoDraw = False
196.2891 	EXP 	polygon: autoDraw = False
196.2891 	EXP 	image: autoDraw = False
196.2891 	EXP 	polygon: autoDraw = False
196.2891 	EXP 	polygon_2: autoDraw = False
196.2891 	EXP 	text_5: text = ''
196.2891 	EXP 	text_5: autoDraw = False
196.2891 	EXP 	text_4: autoDraw = False
196.2891 	EXP 	image: image = 'images/image_390_seed_1.png'
196.2891 	EXP 	polygon: autoDraw = True
197.2899 	EXP 	image: autoDraw = True
200.2744 	EXP 	New trial (rep=0, index=14): OrderedDict([('current_image', 'images/image_711_seed_1.png'), ('is_repeat', 0), ('trial_index', 14), ('is_blank_trial', 0), ('is_new_run', 0), ('run_num', 0), ('all_blanks_list', [9, 19, 29, 39, 49, 59, 68, 69, 70, 71])])
200.2893 	EXP 	image: autoDraw = False
200.2893 	EXP 	polygon: autoDraw = False
200.2893 	EXP 	image: autoDraw = False
200.2893 	EXP 	polygon: autoDraw = False
200.2893 	EXP 	polygon_2: autoDraw = False
200.2893 	EXP 	text_5: text = ''
200.2893 	EXP 	text_5: autoDraw = False
200.2893 	EXP 	text_4: autoDraw = False
200.2893 	EXP 	image: image = 'images/image_711_seed_1.png'
200.2893 	EXP 	polygon: autoDraw = True
201.2896 	EXP 	image: autoDraw = True
204.2744 	EXP 	New trial (rep=0, index=15): OrderedDict([('current_image', 'images/image_247_seed_1.png'), ('is_repeat', 1), ('trial_index', 15), ('is_blank_trial', 0), ('is_new_run', 0), ('run_num', 0), ('all_blanks_list', [9, 19, 29, 39, 49, 59, 68, 69, 70, 71])])
204.2896 	EXP 	image: autoDraw = False
204.2896 	EXP 	polygon: autoDraw = False
204.2896 	EXP 	image: autoDraw = False
204.2896 	EXP 	polygon: autoDraw = False
204.2896 	EXP 	polygon_2: autoDraw = False
204.2896 	EXP 	text_5: text = ''
204.2896 	EXP 	text_5: autoDraw = False
204.2896 	EXP 	text_4: autoDraw = False
204.2896 	EXP 	image: image = 'images/image_247_seed_1.png'
204.2896 	EXP 	polygon: autoDraw = True
205.2895 	EXP 	image: autoDraw = True
208.2743 	EXP 	New trial (rep=0, index=16): OrderedDict([('current_image', 'images/image_528_seed_1.png'), ('is_repeat', 0), ('trial_index', 16), ('is_blank_trial', 0), ('is_new_run', 0), ('run_num', 0), ('all_blanks_list', [9, 19, 29, 39, 49, 59, 68, 69, 70, 71])])
208.2896 	EXP 	image: autoDraw = False
208.2896 	EXP 	polygon: autoDraw = False
208.2896 	EXP 	image: autoDraw = False
208.2896 	EXP 	polygon: autoDraw = False
208.2896 	EXP 	polygon_2: autoDraw = False
208.2896 	EXP 	text_5: text = ''
208.2896 	EXP 	text_5: autoDraw = False
208.2896 	EXP 	text_4: autoDraw = False
208.2896 	EXP 	image: image = 'images/image_528_seed_1.png'
208.2896 	EXP 	polygon: autoDraw = True
209.2893 	EXP 	image: autoDraw = True
212.2740 	EXP 	New trial (rep=0, index=17): OrderedDict([('current_image', 'images/image_414_seed_1.png'), ('is_repeat', 0), ('trial_index', 17), ('is_blank_trial', 0), ('is_new_run', 0), ('run_num', 0), ('all_blanks_list', [9, 19, 29, 39, 49, 59, 68, 69, 70, 71])])
212.2893 	EXP 	image: autoDraw = False
212.2893 	EXP 	polygon: autoDraw = False
212.2893 	EXP 	image: autoDraw = False
212.2893 	EXP 	polygon: autoDraw = False
212.2893 	EXP 	polygon_2: autoDraw = False
212.2893 	EXP 	text_5: text = ''
212.2893 	EXP 	text_5: autoDraw = False
212.2893 	EXP 	text_4: autoDraw = False
212.2893 	EXP 	image: image = 'images/image_414_seed_1.png'
212.2893 	EXP 	polygon: autoDraw = True
213.2900 	EXP 	image: autoDraw = True
216.2744 	EXP 	New trial (rep=0, index=18): OrderedDict([('current_image', 'images/image_91_seed_1.png'), ('is_repeat', 0), ('trial_index', 18), ('is_blank_trial', 0), ('is_new_run', 0), ('run_num', 0), ('all_blanks_list', [9, 19, 29, 39, 49, 59, 68, 69, 70, 71])])
216.2898 	EXP 	image: autoDraw = False
216.2898 	EXP 	polygon: autoDraw = False
216.2898 	EXP 	image: autoDraw = False
216.2898 	EXP 	polygon: autoDraw = False
216.2898 	EXP 	polygon_2: autoDraw = False
216.2898 	EXP 	text_5: text = ''
216.2898 	EXP 	text_5: autoDraw = False
216.2898 	EXP 	text_4: autoDraw = False
216.2898 	EXP 	image: image = 'images/image_91_seed_1.png'
216.2898 	EXP 	polygon: autoDraw = True
217.2899 	EXP 	image: autoDraw = True
220.2741 	EXP 	New trial (rep=0, index=19): OrderedDict([('current_image', 'blank.jpg'), ('is_repeat', 0), ('trial_index', 19), ('is_blank_trial', 1), ('is_new_run', 0), ('run_num', 0), ('all_blanks_list', [9, 19, 29, 39, 49, 59, 68, 69, 70, 71])])
220.2900 	EXP 	image: autoDraw = False
220.2900 	EXP 	polygon: autoDraw = False
220.2900 	EXP 	image: autoDraw = False
220.2900 	EXP 	polygon: autoDraw = False
220.2900 	EXP 	polygon_2: autoDraw = False
220.2900 	EXP 	text_5: text = ''
220.2900 	EXP 	text_5: autoDraw = False
220.2900 	EXP 	text_4: autoDraw = False
220.2900 	EXP 	image: image = 'blank.jpg'
220.2900 	EXP 	image: autoDraw = False
220.2900 	EXP 	polygon: autoDraw = False
220.2900 	EXP 	polygon_2: autoDraw = True
224.2740 	EXP 	New trial (rep=0, index=20): OrderedDict([('current_image', 'images/image_684_seed_1.png'), ('is_repeat', 0), ('trial_index', 20), ('is_blank_trial', 0), ('is_new_run', 0), ('run_num', 0), ('all_blanks_list', [9, 19, 29, 39, 49, 59, 68, 69, 70, 71])])
224.2896 	EXP 	polygon_2: autoDraw = False
224.2896 	EXP 	polygon_2: autoDraw = False
224.2896 	EXP 	text_5: text = ''
224.2896 	EXP 	text_5: autoDraw = False
224.2896 	EXP 	text_4: autoDraw = False
224.2896 	EXP 	image: image = 'images/image_684_seed_1.png'
224.2896 	EXP 	polygon: autoDraw = True
225.2899 	EXP 	image: autoDraw = True
227.0265 	DATA 	Keypress: 1
227.2092 	DATA 	Keypress: 1
227.3745 	DATA 	Keypress: 1
228.2752 	EXP 	New trial (rep=0, index=21): OrderedDict([('current_image', 'images/image_736_seed_1.png'), ('is_repeat', 0), ('trial_index', 21), ('is_blank_trial', 0), ('is_new_run', 0), ('run_num', 0), ('all_blanks_list', [9, 19, 29, 39, 49, 59, 68, 69, 70, 71])])
228.2888 	EXP 	image: autoDraw = False
228.2888 	EXP 	polygon: autoDraw = False
228.2888 	EXP 	image: autoDraw = False
228.2888 	EXP 	polygon: autoDraw = False
228.2888 	EXP 	polygon_2: autoDraw = False
228.2888 	EXP 	text_5: text = ''
228.2888 	EXP 	text_5: autoDraw = False
228.2888 	EXP 	text_4: autoDraw = False
228.2888 	EXP 	image: image = 'images/image_736_seed_1.png'
228.2888 	EXP 	polygon: autoDraw = True
229.2899 	EXP 	image: autoDraw = True
232.2743 	EXP 	New trial (rep=0, index=22): OrderedDict([('current_image', 'images/image_76_seed_1.png'), ('is_repeat', 0), ('trial_index', 22), ('is_blank_trial', 0), ('is_new_run', 0), ('run_num', 0), ('all_blanks_list', [9, 19, 29, 39, 49, 59, 68, 69, 70, 71])])
232.2894 	EXP 	image: autoDraw = False
232.2894 	EXP 	polygon: autoDraw = False
232.2894 	EXP 	image: autoDraw = False
232.2894 	EXP 	polygon: autoDraw = False
232.2894 	EXP 	polygon_2: autoDraw = False
232.2894 	EXP 	text_5: text = ''
232.2894 	EXP 	text_5: autoDraw = False
232.2894 	EXP 	text_4: autoDraw = False
232.2894 	EXP 	image: image = 'images/image_76_seed_1.png'
232.2894 	EXP 	polygon: autoDraw = True
233.2900 	EXP 	image: autoDraw = True
236.2738 	EXP 	New trial (rep=0, index=23): OrderedDict([('current_image', 'images/image_427_seed_1.png'), ('is_repeat', 0), ('trial_index', 23), ('is_blank_trial', 0), ('is_new_run', 0), ('run_num', 0), ('all_blanks_list', [9, 19, 29, 39, 49, 59, 68, 69, 70, 71])])
236.2894 	EXP 	image: autoDraw = False
236.2894 	EXP 	polygon: autoDraw = False
236.2894 	EXP 	image: autoDraw = False
236.2894 	EXP 	polygon: autoDraw = False
236.2894 	EXP 	polygon_2: autoDraw = False
236.2894 	EXP 	text_5: text = ''
236.2894 	EXP 	text_5: autoDraw = False
236.2894 	EXP 	text_4: autoDraw = False
236.2894 	EXP 	image: image = 'images/image_427_seed_1.png'
236.2894 	EXP 	polygon: autoDraw = True
237.2897 	EXP 	image: autoDraw = True
240.2731 	EXP 	New trial (rep=0, index=24): OrderedDict([('current_image', 'images/image_394_seed_1.png'), ('is_repeat', 0), ('trial_index', 24), ('is_blank_trial', 0), ('is_new_run', 0), ('run_num', 0), ('all_blanks_list', [9, 19, 29, 39, 49, 59, 68, 69, 70, 71])])
240.2894 	EXP 	image: autoDraw = False
240.2894 	EXP 	polygon: autoDraw = False
240.2894 	EXP 	image: autoDraw = False
240.2894 	EXP 	polygon: autoDraw = False
240.2894 	EXP 	polygon_2: autoDraw = False
240.2894 	EXP 	text_5: text = ''
240.2894 	EXP 	text_5: autoDraw = False
240.2894 	EXP 	text_4: autoDraw = False
240.2894 	EXP 	image: image = 'images/image_394_seed_1.png'
240.2894 	EXP 	polygon: autoDraw = True
241.2897 	EXP 	image: autoDraw = True
244.2734 	EXP 	New trial (rep=0, index=25): OrderedDict([('current_image', 'images/image_138_seed_1.png'), ('is_repeat', 0), ('trial_index', 25), ('is_blank_trial', 0), ('is_new_run', 0), ('run_num', 0), ('all_blanks_list', [9, 19, 29, 39, 49, 59, 68, 69, 70, 71])])
244.2889 	EXP 	image: autoDraw = False
244.2889 	EXP 	polygon: autoDraw = False
244.2889 	EXP 	image: autoDraw = False
244.2889 	EXP 	polygon: autoDraw = False
244.2889 	EXP 	polygon_2: autoDraw = False
244.2889 	EXP 	text_5: text = ''
244.2889 	EXP 	text_5: autoDraw = False
244.2889 	EXP 	text_4: autoDraw = False
244.2889 	EXP 	image: image = 'images/image_138_seed_1.png'
244.2889 	EXP 	polygon: autoDraw = True
245.2890 	EXP 	image: autoDraw = True
248.2730 	EXP 	New trial (rep=0, index=26): OrderedDict([('current_image', 'images/image_251_seed_1.png'), ('is_repeat', 0), ('trial_index', 26), ('is_blank_trial', 0), ('is_new_run', 0), ('run_num', 0), ('all_blanks_list', [9, 19, 29, 39, 49, 59, 68, 69, 70, 71])])
248.2888 	EXP 	image: autoDraw = False
248.2888 	EXP 	polygon: autoDraw = False
248.2888 	EXP 	image: autoDraw = False
248.2888 	EXP 	polygon: autoDraw = False
248.2888 	EXP 	polygon_2: autoDraw = False
248.2888 	EXP 	text_5: text = ''
248.2888 	EXP 	text_5: autoDraw = False
248.2888 	EXP 	text_4: autoDraw = False
248.2888 	EXP 	image: image = 'images/image_251_seed_1.png'
248.2888 	EXP 	polygon: autoDraw = True
249.2898 	EXP 	image: autoDraw = True
252.2743 	EXP 	New trial (rep=0, index=27): OrderedDict([('current_image', 'images/image_313_seed_1.png'), ('is_repeat', 0), ('trial_index', 27), ('is_blank_trial', 0), ('is_new_run', 0), ('run_num', 0), ('all_blanks_list', [9, 19, 29, 39, 49, 59, 68, 69, 70, 71])])
252.2892 	EXP 	image: autoDraw = False
252.2892 	EXP 	polygon: autoDraw = False
252.2892 	EXP 	image: autoDraw = False
252.2892 	EXP 	polygon: autoDraw = False
252.2892 	EXP 	polygon_2: autoDraw = False
252.2892 	EXP 	text_5: text = ''
252.2892 	EXP 	text_5: autoDraw = False
252.2892 	EXP 	text_4: autoDraw = False
252.2892 	EXP 	image: image = 'images/image_313_seed_1.png'
252.2892 	EXP 	polygon: autoDraw = True
253.2898 	EXP 	image: autoDraw = True
256.2743 	EXP 	New trial (rep=0, index=28): OrderedDict([('current_image', 'images/image_369_seed_1.png'), ('is_repeat', 0), ('trial_index', 28), ('is_blank_trial', 0), ('is_new_run', 0), ('run_num', 0), ('all_blanks_list', [9, 19, 29, 39, 49, 59, 68, 69, 70, 71])])
256.2888 	EXP 	image: autoDraw = False
256.2888 	EXP 	polygon: autoDraw = False
256.2888 	EXP 	image: autoDraw = False
256.2888 	EXP 	polygon: autoDraw = False
256.2888 	EXP 	polygon_2: autoDraw = False
256.2888 	EXP 	text_5: text = ''
256.2888 	EXP 	text_5: autoDraw = False
256.2888 	EXP 	text_4: autoDraw = False
256.2888 	EXP 	image: image = 'images/image_369_seed_1.png'
256.2888 	EXP 	polygon: autoDraw = True
257.2890 	EXP 	image: autoDraw = True
260.2735 	EXP 	New trial (rep=0, index=29): OrderedDict([('current_image', 'blank.jpg'), ('is_repeat', 0), ('trial_index', 29), ('is_blank_trial', 1), ('is_new_run', 0), ('run_num', 0), ('all_blanks_list', [9, 19, 29, 39, 49, 59, 68, 69, 70, 71])])
260.2889 	EXP 	image: autoDraw = False
260.2889 	EXP 	polygon: autoDraw = False
260.2889 	EXP 	image: autoDraw = False
260.2889 	EXP 	polygon: autoDraw = False
260.2889 	EXP 	polygon_2: autoDraw = False
260.2889 	EXP 	text_5: text = ''
260.2889 	EXP 	text_5: autoDraw = False
260.2889 	EXP 	text_4: autoDraw = False
260.2889 	EXP 	image: image = 'blank.jpg'
260.2889 	EXP 	image: autoDraw = False
260.2889 	EXP 	polygon: autoDraw = False
260.2889 	EXP 	polygon_2: autoDraw = True
264.2739 	EXP 	New trial (rep=0, index=30): OrderedDict([('current_image', 'images/image_684_seed_1.png'), ('is_repeat', 1), ('trial_index', 30), ('is_blank_trial', 0), ('is_new_run', 0), ('run_num', 0), ('all_blanks_list', [9, 19, 29, 39, 49, 59, 68, 69, 70, 71])])
264.2889 	EXP 	polygon_2: autoDraw = False
264.2889 	EXP 	polygon_2: autoDraw = False
264.2889 	EXP 	text_5: text = ''
264.2889 	EXP 	text_5: autoDraw = False
264.2889 	EXP 	text_4: autoDraw = False
264.2889 	EXP 	image: image = 'images/image_684_seed_1.png'
264.2889 	EXP 	polygon: autoDraw = True
265.2888 	EXP 	image: autoDraw = True
268.2743 	EXP 	New trial (rep=0, index=31): OrderedDict([('current_image', 'images/image_712_seed_1.png'), ('is_repeat', 0), ('trial_index', 31), ('is_blank_trial', 0), ('is_new_run', 0), ('run_num', 0), ('all_blanks_list', [9, 19, 29, 39, 49, 59, 68, 69, 70, 71])])
268.2893 	EXP 	image: autoDraw = False
268.2893 	EXP 	polygon: autoDraw = False
268.2893 	EXP 	image: autoDraw = False
268.2893 	EXP 	polygon: autoDraw = False
268.2893 	EXP 	polygon_2: autoDraw = False
268.2893 	EXP 	text_5: text = ''
268.2893 	EXP 	text_5: autoDraw = False
268.2893 	EXP 	text_4: autoDraw = False
268.2893 	EXP 	image: image = 'images/image_712_seed_1.png'
268.2893 	EXP 	polygon: autoDraw = True
269.2894 	EXP 	image: autoDraw = True
272.2757 	EXP 	New trial (rep=0, index=32): OrderedDict([('current_image', 'images/image_560_seed_1.png'), ('is_repeat', 0), ('trial_index', 32), ('is_blank_trial', 0), ('is_new_run', 0), ('run_num', 0), ('all_blanks_list', [9, 19, 29, 39, 49, 59, 68, 69, 70, 71])])
272.2890 	EXP 	image: autoDraw = False
272.2890 	EXP 	polygon: autoDraw = False
272.2890 	EXP 	image: autoDraw = False
272.2890 	EXP 	polygon: autoDraw = False
272.2890 	EXP 	polygon_2: autoDraw = False
272.2890 	EXP 	text_5: text = ''
272.2890 	EXP 	text_5: autoDraw = False
272.2890 	EXP 	text_4: autoDraw = False
272.2890 	EXP 	image: image = 'images/image_560_seed_1.png'
272.2890 	EXP 	polygon: autoDraw = True
273.2899 	EXP 	image: autoDraw = True
276.2743 	EXP 	New trial (rep=0, index=33): OrderedDict([('current_image', 'images/image_710_seed_1.png'), ('is_repeat', 1), ('trial_index', 33), ('is_blank_trial', 0), ('is_new_run', 0), ('run_num', 0), ('all_blanks_list', [9, 19, 29, 39, 49, 59, 68, 69, 70, 71])])
276.2888 	EXP 	image: autoDraw = False
276.2888 	EXP 	polygon: autoDraw = False
276.2888 	EXP 	image: autoDraw = False
276.2888 	EXP 	polygon: autoDraw = False
276.2888 	EXP 	polygon_2: autoDraw = False
276.2888 	EXP 	text_5: text = ''
276.2888 	EXP 	text_5: autoDraw = False
276.2888 	EXP 	text_4: autoDraw = False
276.2888 	EXP 	image: image = 'images/image_710_seed_1.png'
276.2888 	EXP 	polygon: autoDraw = True
277.2899 	EXP 	image: autoDraw = True
280.2741 	EXP 	New trial (rep=0, index=34): OrderedDict([('current_image', 'images/image_253_seed_1.png'), ('is_repeat', 0), ('trial_index', 34), ('is_blank_trial', 0), ('is_new_run', 0), ('run_num', 0), ('all_blanks_list', [9, 19, 29, 39, 49, 59, 68, 69, 70, 71])])
280.2890 	EXP 	image: autoDraw = False
280.2890 	EXP 	polygon: autoDraw = False
280.2890 	EXP 	image: autoDraw = False
280.2890 	EXP 	polygon: autoDraw = False
280.2890 	EXP 	polygon_2: autoDraw = False
280.2890 	EXP 	text_5: text = ''
280.2890 	EXP 	text_5: autoDraw = False
280.2890 	EXP 	text_4: autoDraw = False
280.2890 	EXP 	image: image = 'images/image_253_seed_1.png'
280.2890 	EXP 	polygon: autoDraw = True
281.2894 	EXP 	image: autoDraw = True
284.2743 	EXP 	New trial (rep=0, index=35): OrderedDict([('current_image', 'images/image_382_seed_1.png'), ('is_repeat', 0), ('trial_index', 35), ('is_blank_trial', 0), ('is_new_run', 0), ('run_num', 0), ('all_blanks_list', [9, 19, 29, 39, 49, 59, 68, 69, 70, 71])])
284.2888 	EXP 	image: autoDraw = False
284.2888 	EXP 	polygon: autoDraw = False
284.2888 	EXP 	image: autoDraw = False
284.2888 	EXP 	polygon: autoDraw = False
284.2888 	EXP 	polygon_2: autoDraw = False
284.2888 	EXP 	text_5: text = ''
284.2888 	EXP 	text_5: autoDraw = False
284.2888 	EXP 	text_4: autoDraw = False
284.2888 	EXP 	image: image = 'images/image_382_seed_1.png'
284.2888 	EXP 	polygon: autoDraw = True
285.2896 	EXP 	image: autoDraw = True
288.2727 	EXP 	New trial (rep=0, index=36): OrderedDict([('current_image', 'images/image_4_seed_1.png'), ('is_repeat', 0), ('trial_index', 36), ('is_blank_trial', 0), ('is_new_run', 0), ('run_num', 0), ('all_blanks_list', [9, 19, 29, 39, 49, 59, 68, 69, 70, 71])])
288.2886 	EXP 	image: autoDraw = False
288.2886 	EXP 	polygon: autoDraw = False
288.2886 	EXP 	image: autoDraw = False
288.2886 	EXP 	polygon: autoDraw = False
288.2886 	EXP 	polygon_2: autoDraw = False
288.2886 	EXP 	text_5: text = ''
288.2886 	EXP 	text_5: autoDraw = False
288.2886 	EXP 	text_4: autoDraw = False
288.2886 	EXP 	image: image = 'images/image_4_seed_1.png'
288.2886 	EXP 	polygon: autoDraw = True
289.2899 	EXP 	image: autoDraw = True
292.2740 	EXP 	New trial (rep=0, index=37): OrderedDict([('current_image', 'images/image_428_seed_1.png'), ('is_repeat', 0), ('trial_index', 37), ('is_blank_trial', 0), ('is_new_run', 0), ('run_num', 0), ('all_blanks_list', [9, 19, 29, 39, 49, 59, 68, 69, 70, 71])])
292.2890 	EXP 	image: autoDraw = False
292.2890 	EXP 	polygon: autoDraw = False
292.2890 	EXP 	image: autoDraw = False
292.2890 	EXP 	polygon: autoDraw = False
292.2890 	EXP 	polygon_2: autoDraw = False
292.2890 	EXP 	text_5: text = ''
292.2890 	EXP 	text_5: autoDraw = False
292.2890 	EXP 	text_4: autoDraw = False
292.2890 	EXP 	image: image = 'images/image_428_seed_1.png'
292.2890 	EXP 	polygon: autoDraw = True
293.2895 	EXP 	image: autoDraw = True
296.2743 	EXP 	New trial (rep=0, index=38): OrderedDict([('current_image', 'images/image_707_seed_1.png'), ('is_repeat', 0), ('trial_index', 38), ('is_blank_trial', 0), ('is_new_run', 0), ('run_num', 0), ('all_blanks_list', [9, 19, 29, 39, 49, 59, 68, 69, 70, 71])])
296.2889 	EXP 	image: autoDraw = False
296.2889 	EXP 	polygon: autoDraw = False
296.2889 	EXP 	image: autoDraw = False
296.2889 	EXP 	polygon: autoDraw = False
296.2889 	EXP 	polygon_2: autoDraw = False
296.2889 	EXP 	text_5: text = ''
296.2889 	EXP 	text_5: autoDraw = False
296.2889 	EXP 	text_4: autoDraw = False
296.2889 	EXP 	image: image = 'images/image_707_seed_1.png'
296.2889 	EXP 	polygon: autoDraw = True
297.2899 	EXP 	image: autoDraw = True
300.2742 	EXP 	New trial (rep=0, index=39): OrderedDict([('current_image', 'blank.jpg'), ('is_repeat', 0), ('trial_index', 39), ('is_blank_trial', 1), ('is_new_run', 0), ('run_num', 0), ('all_blanks_list', [9, 19, 29, 39, 49, 59, 68, 69, 70, 71])])
300.2895 	EXP 	image: autoDraw = False
300.2895 	EXP 	polygon: autoDraw = False
300.2895 	EXP 	image: autoDraw = False
300.2895 	EXP 	polygon: autoDraw = False
300.2895 	EXP 	polygon_2: autoDraw = False
300.2895 	EXP 	text_5: text = ''
300.2895 	EXP 	text_5: autoDraw = False
300.2895 	EXP 	text_4: autoDraw = False
300.2895 	EXP 	image: image = 'blank.jpg'
300.2895 	EXP 	image: autoDraw = False
300.2895 	EXP 	polygon: autoDraw = False
300.2895 	EXP 	polygon_2: autoDraw = True
304.2737 	EXP 	New trial (rep=0, index=40): OrderedDict([('current_image', 'images/image_498_seed_1.png'), ('is_repeat', 0), ('trial_index', 40), ('is_blank_trial', 0), ('is_new_run', 0), ('run_num', 0), ('all_blanks_list', [9, 19, 29, 39, 49, 59, 68, 69, 70, 71])])
304.2890 	EXP 	polygon_2: autoDraw = False
304.2890 	EXP 	polygon_2: autoDraw = False
304.2890 	EXP 	text_5: text = ''
304.2890 	EXP 	text_5: autoDraw = False
304.2890 	EXP 	text_4: autoDraw = False
304.2890 	EXP 	image: image = 'images/image_498_seed_1.png'
304.2890 	EXP 	polygon: autoDraw = True
305.2896 	EXP 	image: autoDraw = True
308.2741 	EXP 	New trial (rep=0, index=41): OrderedDict([('current_image', 'images/image_748_seed_1.png'), ('is_repeat', 0), ('trial_index', 41), ('is_blank_trial', 0), ('is_new_run', 0), ('run_num', 0), ('all_blanks_list', [9, 19, 29, 39, 49, 59, 68, 69, 70, 71])])
308.2888 	EXP 	image: autoDraw = False
308.2888 	EXP 	polygon: autoDraw = False
308.2888 	EXP 	image: autoDraw = False
308.2888 	EXP 	polygon: autoDraw = False
308.2888 	EXP 	polygon_2: autoDraw = False
308.2888 	EXP 	text_5: text = ''
308.2888 	EXP 	text_5: autoDraw = False
308.2888 	EXP 	text_4: autoDraw = False
308.2888 	EXP 	image: image = 'images/image_748_seed_1.png'
308.2888 	EXP 	polygon: autoDraw = True
309.2899 	EXP 	image: autoDraw = True
312.2744 	EXP 	New trial (rep=0, index=42): OrderedDict([('current_image', 'images/image_440_seed_1.png'), ('is_repeat', 0), ('trial_index', 42), ('is_blank_trial', 0), ('is_new_run', 0), ('run_num', 0), ('all_blanks_list', [9, 19, 29, 39, 49, 59, 68, 69, 70, 71])])
312.2889 	EXP 	image: autoDraw = False
312.2889 	EXP 	polygon: autoDraw = False
312.2889 	EXP 	image: autoDraw = False
312.2889 	EXP 	polygon: autoDraw = False
312.2889 	EXP 	polygon_2: autoDraw = False
312.2889 	EXP 	text_5: text = ''
312.2889 	EXP 	text_5: autoDraw = False
312.2889 	EXP 	text_4: autoDraw = False
312.2889 	EXP 	image: image = 'images/image_440_seed_1.png'
312.2889 	EXP 	polygon: autoDraw = True
313.2895 	EXP 	image: autoDraw = True
316.2743 	EXP 	New trial (rep=0, index=43): OrderedDict([('current_image', 'images/image_396_seed_1.png'), ('is_repeat', 0), ('trial_index', 43), ('is_blank_trial', 0), ('is_new_run', 0), ('run_num', 0), ('all_blanks_list', [9, 19, 29, 39, 49, 59, 68, 69, 70, 71])])
316.2888 	EXP 	image: autoDraw = False
316.2888 	EXP 	polygon: autoDraw = False
316.2888 	EXP 	image: autoDraw = False
316.2888 	EXP 	polygon: autoDraw = False
316.2888 	EXP 	polygon_2: autoDraw = False
316.2888 	EXP 	text_5: text = ''
316.2888 	EXP 	text_5: autoDraw = False
316.2888 	EXP 	text_4: autoDraw = False
316.2888 	EXP 	image: image = 'images/image_396_seed_1.png'
316.2888 	EXP 	polygon: autoDraw = True
317.2886 	EXP 	image: autoDraw = True
320.2729 	EXP 	New trial (rep=0, index=44): OrderedDict([('current_image', 'images/image_534_seed_1.png'), ('is_repeat', 0), ('trial_index', 44), ('is_blank_trial', 0), ('is_new_run', 0), ('run_num', 0), ('all_blanks_list', [9, 19, 29, 39, 49, 59, 68, 69, 70, 71])])
320.2891 	EXP 	image: autoDraw = False
320.2891 	EXP 	polygon: autoDraw = False
320.2891 	EXP 	image: autoDraw = False
320.2891 	EXP 	polygon: autoDraw = False
320.2891 	EXP 	polygon_2: autoDraw = False
320.2891 	EXP 	text_5: text = ''
320.2891 	EXP 	text_5: autoDraw = False
320.2891 	EXP 	text_4: autoDraw = False
320.2891 	EXP 	image: image = 'images/image_534_seed_1.png'
320.2891 	EXP 	polygon: autoDraw = True
321.2896 	EXP 	image: autoDraw = True
324.2740 	EXP 	New trial (rep=0, index=45): OrderedDict([('current_image', 'images/image_663_seed_1.png'), ('is_repeat', 0), ('trial_index', 45), ('is_blank_trial', 0), ('is_new_run', 0), ('run_num', 0), ('all_blanks_list', [9, 19, 29, 39, 49, 59, 68, 69, 70, 71])])
324.2887 	EXP 	image: autoDraw = False
324.2887 	EXP 	polygon: autoDraw = False
324.2887 	EXP 	image: autoDraw = False
324.2887 	EXP 	polygon: autoDraw = False
324.2887 	EXP 	polygon_2: autoDraw = False
324.2887 	EXP 	text_5: text = ''
324.2887 	EXP 	text_5: autoDraw = False
324.2887 	EXP 	text_4: autoDraw = False
324.2887 	EXP 	image: image = 'images/image_663_seed_1.png'
324.2887 	EXP 	polygon: autoDraw = True
325.2898 	EXP 	image: autoDraw = True
328.2736 	EXP 	New trial (rep=0, index=46): OrderedDict([('current_image', 'images/image_547_seed_1.png'), ('is_repeat', 0), ('trial_index', 46), ('is_blank_trial', 0), ('is_new_run', 0), ('run_num', 0), ('all_blanks_list', [9, 19, 29, 39, 49, 59, 68, 69, 70, 71])])
328.2894 	EXP 	image: autoDraw = False
328.2894 	EXP 	polygon: autoDraw = False
328.2894 	EXP 	image: autoDraw = False
328.2894 	EXP 	polygon: autoDraw = False
328.2894 	EXP 	polygon_2: autoDraw = False
328.2894 	EXP 	text_5: text = ''
328.2894 	EXP 	text_5: autoDraw = False
328.2894 	EXP 	text_4: autoDraw = False
328.2894 	EXP 	image: image = 'images/image_547_seed_1.png'
328.2894 	EXP 	polygon: autoDraw = True
329.2894 	EXP 	image: autoDraw = True
332.2739 	EXP 	New trial (rep=0, index=47): OrderedDict([('current_image', 'images/image_125_seed_1.png'), ('is_repeat', 0), ('trial_index', 47), ('is_blank_trial', 0), ('is_new_run', 0), ('run_num', 0), ('all_blanks_list', [9, 19, 29, 39, 49, 59, 68, 69, 70, 71])])
332.2893 	EXP 	image: autoDraw = False
332.2893 	EXP 	polygon: autoDraw = False
332.2893 	EXP 	image: autoDraw = False
332.2893 	EXP 	polygon: autoDraw = False
332.2893 	EXP 	polygon_2: autoDraw = False
332.2893 	EXP 	text_5: text = ''
332.2893 	EXP 	text_5: autoDraw = False
332.2893 	EXP 	text_4: autoDraw = False
332.2893 	EXP 	image: image = 'images/image_125_seed_1.png'
332.2893 	EXP 	polygon: autoDraw = True
333.2885 	EXP 	image: autoDraw = True
336.2743 	EXP 	New trial (rep=0, index=48): OrderedDict([('current_image', 'images/image_478_seed_1.png'), ('is_repeat', 0), ('trial_index', 48), ('is_blank_trial', 0), ('is_new_run', 0), ('run_num', 0), ('all_blanks_list', [9, 19, 29, 39, 49, 59, 68, 69, 70, 71])])
336.2893 	EXP 	image: autoDraw = False
336.2893 	EXP 	polygon: autoDraw = False
336.2893 	EXP 	image: autoDraw = False
336.2893 	EXP 	polygon: autoDraw = False
336.2893 	EXP 	polygon_2: autoDraw = False
336.2893 	EXP 	text_5: text = ''
336.2893 	EXP 	text_5: autoDraw = False
336.2893 	EXP 	text_4: autoDraw = False
336.2893 	EXP 	image: image = 'images/image_478_seed_1.png'
336.2893 	EXP 	polygon: autoDraw = True
337.2895 	EXP 	image: autoDraw = True
340.2740 	EXP 	New trial (rep=0, index=49): OrderedDict([('current_image', 'blank.jpg'), ('is_repeat', 0), ('trial_index', 49), ('is_blank_trial', 1), ('is_new_run', 0), ('run_num', 0), ('all_blanks_list', [9, 19, 29, 39, 49, 59, 68, 69, 70, 71])])
340.2895 	EXP 	image: autoDraw = False
340.2895 	EXP 	polygon: autoDraw = False
340.2895 	EXP 	image: autoDraw = False
340.2895 	EXP 	polygon: autoDraw = False
340.2895 	EXP 	polygon_2: autoDraw = False
340.2895 	EXP 	text_5: text = ''
340.2895 	EXP 	text_5: autoDraw = False
340.2895 	EXP 	text_4: autoDraw = False
340.2895 	EXP 	image: image = 'blank.jpg'
340.2895 	EXP 	image: autoDraw = False
340.2895 	EXP 	polygon: autoDraw = False
340.2895 	EXP 	polygon_2: autoDraw = True
344.2734 	EXP 	New trial (rep=0, index=50): OrderedDict([('current_image', 'images/image_18_seed_1.png'), ('is_repeat', 0), ('trial_index', 50), ('is_blank_trial', 0), ('is_new_run', 0), ('run_num', 0), ('all_blanks_list', [9, 19, 29, 39, 49, 59, 68, 69, 70, 71])])
344.2886 	EXP 	polygon_2: autoDraw = False
344.2886 	EXP 	polygon_2: autoDraw = False
344.2886 	EXP 	text_5: text = ''
344.2886 	EXP 	text_5: autoDraw = False
344.2886 	EXP 	text_4: autoDraw = False
344.2886 	EXP 	image: image = 'images/image_18_seed_1.png'
344.2886 	EXP 	polygon: autoDraw = True
345.2895 	EXP 	image: autoDraw = True
348.2743 	EXP 	New trial (rep=0, index=51): OrderedDict([('current_image', 'images/image_431_seed_1.png'), ('is_repeat', 0), ('trial_index', 51), ('is_blank_trial', 0), ('is_new_run', 0), ('run_num', 0), ('all_blanks_list', [9, 19, 29, 39, 49, 59, 68, 69, 70, 71])])
348.2886 	EXP 	image: autoDraw = False
348.2886 	EXP 	polygon: autoDraw = False
348.2886 	EXP 	image: autoDraw = False
348.2886 	EXP 	polygon: autoDraw = False
348.2886 	EXP 	polygon_2: autoDraw = False
348.2886 	EXP 	text_5: text = ''
348.2886 	EXP 	text_5: autoDraw = False
348.2886 	EXP 	text_4: autoDraw = False
348.2886 	EXP 	image: image = 'images/image_431_seed_1.png'
348.2886 	EXP 	polygon: autoDraw = True
349.2895 	EXP 	image: autoDraw = True
352.2740 	EXP 	New trial (rep=0, index=52): OrderedDict([('current_image', 'images/image_261_seed_1.png'), ('is_repeat', 0), ('trial_index', 52), ('is_blank_trial', 0), ('is_new_run', 0), ('run_num', 0), ('all_blanks_list', [9, 19, 29, 39, 49, 59, 68, 69, 70, 71])])
352.2892 	EXP 	image: autoDraw = False
352.2892 	EXP 	polygon: autoDraw = False
352.2892 	EXP 	image: autoDraw = False
352.2892 	EXP 	polygon: autoDraw = False
352.2892 	EXP 	polygon_2: autoDraw = False
352.2892 	EXP 	text_5: text = ''
352.2892 	EXP 	text_5: autoDraw = False
352.2892 	EXP 	text_4: autoDraw = False
352.2892 	EXP 	image: image = 'images/image_261_seed_1.png'
352.2892 	EXP 	polygon: autoDraw = True
353.2895 	EXP 	image: autoDraw = True
356.2739 	EXP 	New trial (rep=0, index=53): OrderedDict([('current_image', 'images/image_8_seed_1.png'), ('is_repeat', 0), ('trial_index', 53), ('is_blank_trial', 0), ('is_new_run', 0), ('run_num', 0), ('all_blanks_list', [9, 19, 29, 39, 49, 59, 68, 69, 70, 71])])
356.2893 	EXP 	image: autoDraw = False
356.2893 	EXP 	polygon: autoDraw = False
356.2893 	EXP 	image: autoDraw = False
356.2893 	EXP 	polygon: autoDraw = False
356.2893 	EXP 	polygon_2: autoDraw = False
356.2893 	EXP 	text_5: text = ''
356.2893 	EXP 	text_5: autoDraw = False
356.2893 	EXP 	text_4: autoDraw = False
356.2893 	EXP 	image: image = 'images/image_8_seed_1.png'
356.2893 	EXP 	polygon: autoDraw = True
357.2895 	EXP 	image: autoDraw = True
360.2738 	EXP 	New trial (rep=0, index=54): OrderedDict([('current_image', 'images/image_242_seed_1.png'), ('is_repeat', 0), ('trial_index', 54), ('is_blank_trial', 0), ('is_new_run', 0), ('run_num', 0), ('all_blanks_list', [9, 19, 29, 39, 49, 59, 68, 69, 70, 71])])
360.2887 	EXP 	image: autoDraw = False
360.2887 	EXP 	polygon: autoDraw = False
360.2887 	EXP 	image: autoDraw = False
360.2887 	EXP 	polygon: autoDraw = False
360.2887 	EXP 	polygon_2: autoDraw = False
360.2887 	EXP 	text_5: text = ''
360.2887 	EXP 	text_5: autoDraw = False
360.2887 	EXP 	text_4: autoDraw = False
360.2887 	EXP 	image: image = 'images/image_242_seed_1.png'
360.2887 	EXP 	polygon: autoDraw = True
361.2910 	EXP 	image: autoDraw = True
364.2739 	EXP 	New trial (rep=0, index=55): OrderedDict([('current_image', 'images/image_544_seed_1.png'), ('is_repeat', 0), ('trial_index', 55), ('is_blank_trial', 0), ('is_new_run', 0), ('run_num', 0), ('all_blanks_list', [9, 19, 29, 39, 49, 59, 68, 69, 70, 71])])
364.2892 	EXP 	image: autoDraw = False
364.2892 	EXP 	polygon: autoDraw = False
364.2892 	EXP 	image: autoDraw = False
364.2892 	EXP 	polygon: autoDraw = False
364.2892 	EXP 	polygon_2: autoDraw = False
364.2892 	EXP 	text_5: text = ''
364.2892 	EXP 	text_5: autoDraw = False
364.2892 	EXP 	text_4: autoDraw = False
364.2892 	EXP 	image: image = 'images/image_544_seed_1.png'
364.2892 	EXP 	polygon: autoDraw = True
365.2895 	EXP 	image: autoDraw = True
368.2740 	EXP 	New trial (rep=0, index=56): OrderedDict([('current_image', 'images/image_699_seed_1.png'), ('is_repeat', 0), ('trial_index', 56), ('is_blank_trial', 0), ('is_new_run', 0), ('run_num', 0), ('all_blanks_list', [9, 19, 29, 39, 49, 59, 68, 69, 70, 71])])
368.2886 	EXP 	image: autoDraw = False
368.2886 	EXP 	polygon: autoDraw = False
368.2886 	EXP 	image: autoDraw = False
368.2886 	EXP 	polygon: autoDraw = False
368.2886 	EXP 	polygon_2: autoDraw = False
368.2886 	EXP 	text_5: text = ''
368.2886 	EXP 	text_5: autoDraw = False
368.2886 	EXP 	text_4: autoDraw = False
368.2886 	EXP 	image: image = 'images/image_699_seed_1.png'
368.2886 	EXP 	polygon: autoDraw = True
369.2895 	EXP 	image: autoDraw = True
372.2743 	EXP 	New trial (rep=0, index=57): OrderedDict([('current_image', 'images/image_650_seed_1.png'), ('is_repeat', 0), ('trial_index', 57), ('is_blank_trial', 0), ('is_new_run', 0), ('run_num', 0), ('all_blanks_list', [9, 19, 29, 39, 49, 59, 68, 69, 70, 71])])
372.2887 	EXP 	image: autoDraw = False
372.2887 	EXP 	polygon: autoDraw = False
372.2887 	EXP 	image: autoDraw = False
372.2887 	EXP 	polygon: autoDraw = False
372.2887 	EXP 	polygon_2: autoDraw = False
372.2887 	EXP 	text_5: text = ''
372.2887 	EXP 	text_5: autoDraw = False
372.2887 	EXP 	text_4: autoDraw = False
372.2887 	EXP 	image: image = 'images/image_650_seed_1.png'
372.2887 	EXP 	polygon: autoDraw = True
373.2894 	EXP 	image: autoDraw = True
376.2739 	EXP 	New trial (rep=0, index=58): OrderedDict([('current_image', 'images/image_741_seed_1.png'), ('is_repeat', 0), ('trial_index', 58), ('is_blank_trial', 0), ('is_new_run', 0), ('run_num', 0), ('all_blanks_list', [9, 19, 29, 39, 49, 59, 68, 69, 70, 71])])
376.2892 	EXP 	image: autoDraw = False
376.2892 	EXP 	polygon: autoDraw = False
376.2892 	EXP 	image: autoDraw = False
376.2892 	EXP 	polygon: autoDraw = False
376.2892 	EXP 	polygon_2: autoDraw = False
376.2892 	EXP 	text_5: text = ''
376.2892 	EXP 	text_5: autoDraw = False
376.2892 	EXP 	text_4: autoDraw = False
376.2892 	EXP 	image: image = 'images/image_741_seed_1.png'
376.2892 	EXP 	polygon: autoDraw = True
377.2885 	EXP 	image: autoDraw = True
380.2728 	EXP 	New trial (rep=0, index=59): OrderedDict([('current_image', 'blank.jpg'), ('is_repeat', 0), ('trial_index', 59), ('is_blank_trial', 1), ('is_new_run', 0), ('run_num', 0), ('all_blanks_list', [9, 19, 29, 39, 49, 59, 68, 69, 70, 71])])
380.2888 	EXP 	image: autoDraw = False
380.2888 	EXP 	polygon: autoDraw = False
380.2888 	EXP 	image: autoDraw = False
380.2888 	EXP 	polygon: autoDraw = False
380.2888 	EXP 	polygon_2: autoDraw = False
380.2888 	EXP 	text_5: text = ''
380.2888 	EXP 	text_5: autoDraw = False
380.2888 	EXP 	text_4: autoDraw = False
380.2888 	EXP 	image: image = 'blank.jpg'
380.2888 	EXP 	image: autoDraw = False
380.2888 	EXP 	polygon: autoDraw = False
380.2888 	EXP 	polygon_2: autoDraw = True
384.2735 	EXP 	New trial (rep=0, index=60): OrderedDict([('current_image', 'images/image_683_seed_1.png'), ('is_repeat', 0), ('trial_index', 60), ('is_blank_trial', 0), ('is_new_run', 0), ('run_num', 0), ('all_blanks_list', [9, 19, 29, 39, 49, 59, 68, 69, 70, 71])])
384.2889 	EXP 	polygon_2: autoDraw = False
384.2889 	EXP 	polygon_2: autoDraw = False
384.2889 	EXP 	text_5: text = ''
384.2889 	EXP 	text_5: autoDraw = False
384.2889 	EXP 	text_4: autoDraw = False
384.2889 	EXP 	image: image = 'images/image_683_seed_1.png'
384.2889 	EXP 	polygon: autoDraw = True
385.2894 	EXP 	image: autoDraw = True
388.2739 	EXP 	New trial (rep=0, index=61): OrderedDict([('current_image', 'images/image_124_seed_1.png'), ('is_repeat', 0), ('trial_index', 61), ('is_blank_trial', 0), ('is_new_run', 0), ('run_num', 0), ('all_blanks_list', [9, 19, 29, 39, 49, 59, 68, 69, 70, 71])])
388.2891 	EXP 	image: autoDraw = False
388.2891 	EXP 	polygon: autoDraw = False
388.2891 	EXP 	image: autoDraw = False
388.2891 	EXP 	polygon: autoDraw = False
388.2891 	EXP 	polygon_2: autoDraw = False
388.2891 	EXP 	text_5: text = ''
388.2891 	EXP 	text_5: autoDraw = False
388.2891 	EXP 	text_4: autoDraw = False
388.2891 	EXP 	image: image = 'images/image_124_seed_1.png'
388.2891 	EXP 	polygon: autoDraw = True
389.2895 	EXP 	image: autoDraw = True
392.2739 	EXP 	New trial (rep=0, index=62): OrderedDict([('current_image', 'images/image_340_seed_1.png'), ('is_repeat', 0), ('trial_index', 62), ('is_blank_trial', 0), ('is_new_run', 0), ('run_num', 0), ('all_blanks_list', [9, 19, 29, 39, 49, 59, 68, 69, 70, 71])])
392.2886 	EXP 	image: autoDraw = False
392.2886 	EXP 	polygon: autoDraw = False
392.2886 	EXP 	image: autoDraw = False
392.2886 	EXP 	polygon: autoDraw = False
392.2886 	EXP 	polygon_2: autoDraw = False
392.2886 	EXP 	text_5: text = ''
392.2886 	EXP 	text_5: autoDraw = False
392.2886 	EXP 	text_4: autoDraw = False
392.2886 	EXP 	image: image = 'images/image_340_seed_1.png'
392.2886 	EXP 	polygon: autoDraw = True
393.2895 	EXP 	image: autoDraw = True
396.2739 	EXP 	New trial (rep=0, index=63): OrderedDict([('current_image', 'images/image_571_seed_1.png'), ('is_repeat', 0), ('trial_index', 63), ('is_blank_trial', 0), ('is_new_run', 0), ('run_num', 0), ('all_blanks_list', [9, 19, 29, 39, 49, 59, 68, 69, 70, 71])])
396.2886 	EXP 	image: autoDraw = False
396.2886 	EXP 	polygon: autoDraw = False
396.2886 	EXP 	image: autoDraw = False
396.2886 	EXP 	polygon: autoDraw = False
396.2886 	EXP 	polygon_2: autoDraw = False
396.2886 	EXP 	text_5: text = ''
396.2886 	EXP 	text_5: autoDraw = False
396.2886 	EXP 	text_4: autoDraw = False
396.2886 	EXP 	image: image = 'images/image_571_seed_1.png'
396.2886 	EXP 	polygon: autoDraw = True
397.2896 	EXP 	image: autoDraw = True
400.2741 	EXP 	New trial (rep=0, index=64): OrderedDict([('current_image', 'images/image_642_seed_1.png'), ('is_repeat', 0), ('trial_index', 64), ('is_blank_trial', 0), ('is_new_run', 0), ('run_num', 0), ('all_blanks_list', [9, 19, 29, 39, 49, 59, 68, 69, 70, 71])])
400.2886 	EXP 	image: autoDraw = False
400.2886 	EXP 	polygon: autoDraw = False
400.2886 	EXP 	image: autoDraw = False
400.2886 	EXP 	polygon: autoDraw = False
400.2886 	EXP 	polygon_2: autoDraw = False
400.2886 	EXP 	text_5: text = ''
400.2886 	EXP 	text_5: autoDraw = False
400.2886 	EXP 	text_4: autoDraw = False
400.2886 	EXP 	image: image = 'images/image_642_seed_1.png'
400.2886 	EXP 	polygon: autoDraw = True
401.2895 	EXP 	image: autoDraw = True
404.2739 	EXP 	New trial (rep=0, index=65): OrderedDict([('current_image', 'images/image_438_seed_1.png'), ('is_repeat', 0), ('trial_index', 65), ('is_blank_trial', 0), ('is_new_run', 0), ('run_num', 0), ('all_blanks_list', [9, 19, 29, 39, 49, 59, 68, 69, 70, 71])])
404.2886 	EXP 	image: autoDraw = False
404.2886 	EXP 	polygon: autoDraw = False
404.2886 	EXP 	image: autoDraw = False
404.2886 	EXP 	polygon: autoDraw = False
404.2886 	EXP 	polygon_2: autoDraw = False
404.2886 	EXP 	text_5: text = ''
404.2886 	EXP 	text_5: autoDraw = False
404.2886 	EXP 	text_4: autoDraw = False
404.2886 	EXP 	image: image = 'images/image_438_seed_1.png'
404.2886 	EXP 	polygon: autoDraw = True
405.2892 	EXP 	image: autoDraw = True
408.2738 	EXP 	New trial (rep=0, index=66): OrderedDict([('current_image', 'images/image_150_seed_1.png'), ('is_repeat', 0), ('trial_index', 66), ('is_blank_trial', 0), ('is_new_run', 0), ('run_num', 0), ('all_blanks_list', [9, 19, 29, 39, 49, 59, 68, 69, 70, 71])])
408.2890 	EXP 	image: autoDraw = False
408.2890 	EXP 	polygon: autoDraw = False
408.2890 	EXP 	image: autoDraw = False
408.2890 	EXP 	polygon: autoDraw = False
408.2890 	EXP 	polygon_2: autoDraw = False
408.2890 	EXP 	text_5: text = ''
408.2890 	EXP 	text_5: autoDraw = False
408.2890 	EXP 	text_4: autoDraw = False
408.2890 	EXP 	image: image = 'images/image_150_seed_1.png'
408.2890 	EXP 	polygon: autoDraw = True
409.2895 	EXP 	image: autoDraw = True
412.2739 	EXP 	New trial (rep=0, index=67): OrderedDict([('current_image', 'images/image_329_seed_1.png'), ('is_repeat', 0), ('trial_index', 67), ('is_blank_trial', 0), ('is_new_run', 0), ('run_num', 0), ('all_blanks_list', [9, 19, 29, 39, 49, 59, 68, 69, 70, 71])])
412.2893 	EXP 	image: autoDraw = False
412.2893 	EXP 	polygon: autoDraw = False
412.2893 	EXP 	image: autoDraw = False
412.2893 	EXP 	polygon: autoDraw = False
412.2893 	EXP 	polygon_2: autoDraw = False
412.2893 	EXP 	text_5: text = ''
412.2893 	EXP 	text_5: autoDraw = False
412.2893 	EXP 	text_4: autoDraw = False
412.2893 	EXP 	image: image = 'images/image_329_seed_1.png'
412.2893 	EXP 	polygon: autoDraw = True
413.2895 	EXP 	image: autoDraw = True
416.2725 	EXP 	New trial (rep=0, index=68): OrderedDict([('current_image', 'blank.jpg'), ('is_repeat', 0), ('trial_index', 68), ('is_blank_trial', 1), ('is_new_run', 0), ('run_num', 0), ('all_blanks_list', [9, 19, 29, 39, 49, 59, 68, 69, 70, 71])])
416.2887 	EXP 	image: autoDraw = False
416.2887 	EXP 	polygon: autoDraw = False
416.2887 	EXP 	image: autoDraw = False
416.2887 	EXP 	polygon: autoDraw = False
416.2887 	EXP 	polygon_2: autoDraw = False
416.2887 	EXP 	text_5: text = ''
416.2887 	EXP 	text_5: autoDraw = False
416.2887 	EXP 	text_4: autoDraw = False
416.2887 	EXP 	image: image = 'blank.jpg'
416.2887 	EXP 	image: autoDraw = False
416.2887 	EXP 	polygon: autoDraw = False
416.2887 	EXP 	polygon_2: autoDraw = True
420.2735 	EXP 	New trial (rep=0, index=69): OrderedDict([('current_image', 'blank.jpg'), ('is_repeat', 0), ('trial_index', 69), ('is_blank_trial', 1), ('is_new_run', 0), ('run_num', 0), ('all_blanks_list', [9, 19, 29, 39, 49, 59, 68, 69, 70, 71])])
420.2891 	EXP 	polygon_2: autoDraw = False
420.2891 	EXP 	polygon_2: autoDraw = False
420.2891 	EXP 	text_5: text = ''
420.2891 	EXP 	text_5: autoDraw = False
420.2891 	EXP 	text_4: autoDraw = False
420.2891 	EXP 	image: image = 'blank.jpg'
420.2891 	EXP 	image: autoDraw = False
420.2891 	EXP 	polygon: autoDraw = False
420.2891 	EXP 	polygon_2: autoDraw = True
424.2736 	EXP 	New trial (rep=0, index=70): OrderedDict([('current_image', 'blank.jpg'), ('is_repeat', 0), ('trial_index', 70), ('is_blank_trial', 1), ('is_new_run', 0), ('run_num', 0), ('all_blanks_list', [9, 19, 29, 39, 49, 59, 68, 69, 70, 71])])
424.2891 	EXP 	polygon_2: autoDraw = False
424.2891 	EXP 	polygon_2: autoDraw = False
424.2891 	EXP 	text_5: text = ''
424.2891 	EXP 	text_5: autoDraw = False
424.2891 	EXP 	text_4: autoDraw = False
424.2891 	EXP 	image: image = 'blank.jpg'
424.2891 	EXP 	image: autoDraw = False
424.2891 	EXP 	polygon: autoDraw = False
424.2891 	EXP 	polygon_2: autoDraw = True
428.2735 	EXP 	New trial (rep=0, index=71): OrderedDict([('current_image', 'blank.jpg'), ('is_repeat', 0), ('trial_index', 71), ('is_blank_trial', 1), ('is_new_run', 1), ('run_num', 0), ('all_blanks_list', [9, 19, 29, 39, 49, 59, 68, 69, 70, 71])])
428.2892 	EXP 	polygon_2: autoDraw = False
428.2892 	EXP 	polygon_2: autoDraw = False
428.2892 	EXP 	text_5: text = ''
428.2892 	EXP 	text_5: autoDraw = False
428.2892 	EXP 	text_4: autoDraw = False
428.2892 	EXP 	image: image = 'blank.jpg'
428.2892 	EXP 	image: autoDraw = False
428.2892 	EXP 	polygon: autoDraw = False
428.2892 	EXP 	polygon_2: autoDraw = True
432.2918 	EXP 	polygon_2: autoDraw = False
432.2918 	EXP 	polygon_2: autoDraw = False
432.2918 	EXP 	text_5: height = 0.5000000000000001
432.2918 	EXP 	text_5: height = 0.5000000000000001
432.2918 	EXP 	text_5: height = 0.5000000000000001
432.2918 	EXP 	text_5: text = 'Good job! Your average accuracy in this run is 0.14516129032258066. Please press any button when you are ready to continue to run 2.'
432.2918 	EXP 	text_5: autoDraw = True
451.6418 	DATA 	Keypress: 1
451.6555 	EXP 	text_5: autoDraw = False
451.6555 	EXP 	text_4: autoDraw = True
453.4572 	EXP 	New trial (rep=0, index=72): OrderedDict([('current_image', 'images/image_170_seed_1.png'), ('is_repeat', 0), ('trial_index', 0), ('is_blank_trial', 0), ('is_new_run', 0), ('run_num', 1), ('all_blanks_list', [9, 19, 31, 42, 56, 68, 69, 70, 71])])
453.4653 	DATA 	Keypress: equal
453.4720 	EXP 	text_4: autoDraw = False
453.4720 	EXP 	image: image = 'images/image_170_seed_1.png'
453.4720 	EXP 	polygon: autoDraw = True
454.4725 	EXP 	image: autoDraw = True
454.9090 	DATA 	Keypress: escape
455.0062 	EXP 	replicate_nsd: status = STOPPED
455.0225 	EXP 	image: autoDraw = False
455.0225 	EXP 	polygon: autoDraw = False
455.0226 	EXP 	replicate_nsd: status = STOPPED
455.6497 	EXP 	window1: mouseVisible = True
