7.6440 	EXP 	Created window1 = Window(allowGUI=True, allowStencil=False, autoLog=True, backendConf=UNKNOWN, backgroundFit=<method-wrapper '__getattribute__' of attributeSetter object at 0x7fb55cd072e0>, backgroundImage=<method-wrapper '__getattribute__' of attributeSetter object at 0x7fb55cd07280>, bitsMode=UNKNOWN, blendMode='avg', bpc=(8, 8, 8), color=array([-0.0039, -0.0039, -0.0039]), colorSpace='rgb', depthBits=8, fullscr=<method-wrapper '__getattribute__' of attributeSetter object at 0x7fb55cd070d0>, gamma=None, gammaErrorPolicy='raise', lms=UNKNOWN, monitor=<psychopy.monitors.calibTools.Monitor object at 0x7fb55ce61160>, multiSample=False, name='window1', numSamples=2, pos=(448, 280), screen=0, size=array([3584, 2240]), stencilBits=0, stereo=False, title='PsychoPy', units='deg', useFBO=True, useRetina=True, viewOri=0.0, viewPos=None, viewScale=None, waitBlanking=True, winType='pyglet')
7.6442 	EXP 	window1: mouseVisible = True
7.6443 	EXP 	window1: backgroundImage = ''
7.6443 	EXP 	window1: backgroundFit = 'none'
7.6470 	EXP 	window1: Attempting to measure frame rate of screen (0) ...
7.6470 	EXP 	window1: recordFrameIntervals = False
7.8092 	EXP 	window1: recordFrameIntervals = True
7.9934 	EXP 	Screen (0) actual frame rate measured at 60.12Hz
7.9935 	EXP 	window1: recordFrameIntervals = False
7.9936 	EXP 	window1: mouseVisible = True
11.4545 	EXP 	replicate_nsd: status = STARTED
12.0325 	EXP 	window1: mouseVisible = True
12.0598 	EXP 	Created text_3 = TextStim(__class__=<class 'psychopy.visual.text.TextStim'>, alignHoriz=method-wrapper(...), alignText='center', alignVert=method-wrapper(...), anchorHoriz='center', anchorVert='center', antialias=True, autoDraw=False, autoLog=True, bold=False, color=array([1., 1., 1.]), colorSpace='rgb', contrast=1.0, depth=-1.0, draggable=False, flipHoriz=False, flipVert=False, font='Open Sans', fontFiles=[], height=0.5000000000000002, italic=False, languageStyle='LTR', name='text_3', opacity=1.0, ori=0.0, pos=array([0., 0.]), rgb=UNKNOWN, text='waiting for scanner…', units='deg', win=Window(...), wrapWidth=15.0)
12.0599 	EXP 	window1: mouseVisible = True
12.0796 	EXP 	Created image = ImageStim(__class__=<class 'psychopy.visual.image.ImageStim'>, anchor=('center', 'center'), autoLog=True, color=array([1., 1., 1.]), colorSpace='rgb', contrast=1.0, depth=0.0, draggable=False, flipHoriz=False, flipVert=False, image='default.png', interpolate=True, mask=None, maskParams=None, name='image', opacity=1.0, ori=0.0, pos=array([0., 0.]), size=array([8.4, 8.4]), texRes=128.0, units='deg', win=Window(...))
12.6519 	EXP 	window1: mouseVisible = True
12.6549 	EXP 	Created polygon = ShapeStim(__class__=<class 'psychopy.visual.shape.ShapeStim'>, anchor=('center', 'center'), autoDraw=False, autoLog=True, closeShape=True, color=method-wrapper(...), colorSpace='rgb', contrast=None, depth=-2.0, draggable=False, fillColor=array([ 1., -1., -1.]), fillColorSpace='rgb', fillRGB=array([ 1., -1., -1.]), interpolate=True, lineColor=array([-1., -1., -1.]), lineColorSpace='rgb', lineRGB=array([-1., -1., -1.]), lineWidth=3.0, name='polygon', opacity=0.5, ori=0.0, pos=array([0., 0.]), size=array([0.2, 0.2]), units='deg', vertices=ndarray(...), win=Window(...), windingRule=None)
13.2276 	EXP 	window1: mouseVisible = True
13.2305 	EXP 	Created polygon_2 = ShapeStim(__class__=<class 'psychopy.visual.shape.ShapeStim'>, anchor=('center', 'center'), autoDraw=False, autoLog=True, closeShape=True, color=method-wrapper(...), colorSpace='rgb', contrast=None, depth=-1.0, draggable=False, fillColor=array([ 1., -1., -1.]), fillColorSpace='rgb', fillRGB=array([ 1., -1., -1.]), interpolate=True, lineColor=array([-1., -1., -1.]), lineColorSpace='rgb', lineRGB=array([-1., -1., -1.]), lineWidth=3.0, name='polygon_2', opacity=0.5, ori=0.0, pos=array([0., 0.]), size=array([0.2, 0.2]), units='deg', vertices=ndarray(...), win=Window(...), windingRule=None)
13.8028 	EXP 	window1: mouseVisible = True
13.8132 	EXP 	Created text_5 = TextStim(__class__=<class 'psychopy.visual.text.TextStim'>, alignHoriz=method-wrapper(...), alignText='center', alignVert=method-wrapper(...), anchorHoriz='center', anchorVert='center', antialias=True, autoDraw=False, autoLog=True, bold=False, color=array([1., 1., 1.]), colorSpace='rgb', contrast=1.0, depth=-1.0, draggable=False, flipHoriz=False, flipVert=False, font='Open Sans', fontFiles=[], height=0.5000000000000002, italic=False, languageStyle='LTR', name='text_5', opacity=1.0, ori=0.0, pos=array([0., 0.]), rgb=UNKNOWN, text=str(...), units='deg', win=Window(...), wrapWidth=15.0)
14.3835 	EXP 	window1: mouseVisible = True
14.3866 	EXP 	Created text_4 = TextStim(__class__=<class 'psychopy.visual.text.TextStim'>, alignHoriz=method-wrapper(...), alignText='center', alignVert=method-wrapper(...), anchorHoriz='center', anchorVert='center', antialias=True, autoDraw=False, autoLog=True, bold=False, color=array([1., 1., 1.]), colorSpace='rgb', contrast=1.0, depth=-1.0, draggable=False, flipHoriz=False, flipVert=False, font='Open Sans', fontFiles=[], height=0.5000000000000002, italic=False, languageStyle='LTR', name='text_4', opacity=1.0, ori=0.0, pos=array([0., 0.]), rgb=UNKNOWN, text='waiting for scanner…', units='deg', win=Window(...), wrapWidth=15.0)
0.0476 	EXP 	text_3: autoDraw = True
0.7761 	DATA 	Mouse: Left button down, pos=(797,612)
0.9100 	DATA 	Mouse:  Left button up, pos=(797,612)
1.3983 	EXP 	Imported conditions_files/participant7_.csv as conditions, 1152 conditions, 7 params
1.4025 	EXP 	Created sequence: sequential, trialTypes=1152, nReps=1, seed=None
1.4027 	EXP 	New trial (rep=0, index=0): OrderedDict([('current_image', 'images/7_0 copy 7.jpg'), ('is_repeat', 0), ('trial_index', 0), ('is_blank_trial', 0), ('is_new_run', 0), ('run_num', 0), ('all_blanks_list', [9, 19, 29, 39, 49, 59, 68, 69, 70, 71])])
1.4304 	DATA 	Keypress: 5
1.4528 	EXP 	text_3: autoDraw = False
1.4528 	EXP 	image: image = 'images/7_0 copy 7.jpg'
1.4528 	EXP 	polygon: autoDraw = True
2.4384 	EXP 	image: autoDraw = True
5.4329 	EXP 	New trial (rep=0, index=1): OrderedDict([('current_image', 'images/7_28 copy 5.jpg'), ('is_repeat', 0), ('trial_index', 1), ('is_blank_trial', 0), ('is_new_run', 0), ('run_num', 0), ('all_blanks_list', [9, 19, 29, 39, 49, 59, 68, 69, 70, 71])])
5.4426 	EXP 	image: autoDraw = False
5.4426 	EXP 	polygon: autoDraw = False
5.4426 	EXP 	image: autoDraw = False
5.4426 	EXP 	polygon: autoDraw = False
5.4426 	EXP 	polygon_2: autoDraw = False
5.4426 	EXP 	text_5: autoDraw = False
5.4426 	EXP 	text_4: autoDraw = False
5.4426 	EXP 	image: image = 'images/7_28 copy 5.jpg'
5.4426 	EXP 	polygon: autoDraw = True
6.4401 	EXP 	image: autoDraw = True
9.4249 	EXP 	New trial (rep=0, index=2): OrderedDict([('current_image', 'images/14_28 copy 6.jpg'), ('is_repeat', 0), ('trial_index', 2), ('is_blank_trial', 0), ('is_new_run', 0), ('run_num', 0), ('all_blanks_list', [9, 19, 29, 39, 49, 59, 68, 69, 70, 71])])
9.4395 	EXP 	image: autoDraw = False
9.4395 	EXP 	polygon: autoDraw = False
9.4395 	EXP 	image: autoDraw = False
9.4395 	EXP 	polygon: autoDraw = False
9.4395 	EXP 	polygon_2: autoDraw = False
9.4395 	EXP 	text_5: autoDraw = False
9.4395 	EXP 	text_4: autoDraw = False
9.4395 	EXP 	image: image = 'images/14_28 copy 6.jpg'
9.4395 	EXP 	polygon: autoDraw = True
10.4391 	EXP 	image: autoDraw = True
11.2075 	DATA 	Keypress: lctrl
13.4250 	EXP 	New trial (rep=0, index=3): OrderedDict([('current_image', 'images/7_0 copy 6.jpg'), ('is_repeat', 0), ('trial_index', 3), ('is_blank_trial', 0), ('is_new_run', 0), ('run_num', 0), ('all_blanks_list', [9, 19, 29, 39, 49, 59, 68, 69, 70, 71])])
13.4402 	EXP 	image: autoDraw = False
13.4402 	EXP 	polygon: autoDraw = False
13.4402 	EXP 	image: autoDraw = False
13.4402 	EXP 	polygon: autoDraw = False
13.4402 	EXP 	polygon_2: autoDraw = False
13.4402 	EXP 	text_5: autoDraw = False
13.4402 	EXP 	text_4: autoDraw = False
13.4402 	EXP 	image: image = 'images/7_0 copy 6.jpg'
13.4402 	EXP 	polygon: autoDraw = True
14.4407 	EXP 	image: autoDraw = True
17.4249 	EXP 	New trial (rep=0, index=4): OrderedDict([('current_image', 'images/7_12 copy 4.jpg'), ('is_repeat', 0), ('trial_index', 4), ('is_blank_trial', 0), ('is_new_run', 0), ('run_num', 0), ('all_blanks_list', [9, 19, 29, 39, 49, 59, 68, 69, 70, 71])])
17.4410 	EXP 	image: autoDraw = False
17.4410 	EXP 	polygon: autoDraw = False
17.4410 	EXP 	image: autoDraw = False
17.4410 	EXP 	polygon: autoDraw = False
17.4410 	EXP 	polygon_2: autoDraw = False
17.4410 	EXP 	text_5: autoDraw = False
17.4410 	EXP 	text_4: autoDraw = False
17.4410 	EXP 	image: image = 'images/7_12 copy 4.jpg'
17.4410 	EXP 	polygon: autoDraw = True
18.4403 	EXP 	image: autoDraw = True
21.4245 	EXP 	New trial (rep=0, index=5): OrderedDict([('current_image', 'images/pair06 copy 4.jpg'), ('is_repeat', 0), ('trial_index', 5), ('is_blank_trial', 0), ('is_new_run', 0), ('run_num', 0), ('all_blanks_list', [9, 19, 29, 39, 49, 59, 68, 69, 70, 71])])
21.4432 	EXP 	image: autoDraw = False
21.4432 	EXP 	polygon: autoDraw = False
21.4432 	EXP 	image: autoDraw = False
21.4432 	EXP 	polygon: autoDraw = False
21.4432 	EXP 	polygon_2: autoDraw = False
21.4432 	EXP 	text_5: autoDraw = False
21.4432 	EXP 	text_4: autoDraw = False
21.4432 	EXP 	image: image = 'images/pair06 copy 4.jpg'
21.4432 	EXP 	polygon: autoDraw = True
22.4398 	EXP 	image: autoDraw = True
25.4239 	EXP 	New trial (rep=0, index=6): OrderedDict([('current_image', 'images/6_28 copy 5.jpg'), ('is_repeat', 0), ('trial_index', 6), ('is_blank_trial', 0), ('is_new_run', 0), ('run_num', 0), ('all_blanks_list', [9, 19, 29, 39, 49, 59, 68, 69, 70, 71])])
25.4399 	EXP 	image: autoDraw = False
25.4399 	EXP 	polygon: autoDraw = False
25.4399 	EXP 	image: autoDraw = False
25.4399 	EXP 	polygon: autoDraw = False
25.4399 	EXP 	polygon_2: autoDraw = False
25.4399 	EXP 	text_5: autoDraw = False
25.4399 	EXP 	text_4: autoDraw = False
25.4399 	EXP 	image: image = 'images/6_28 copy 5.jpg'
25.4399 	EXP 	polygon: autoDraw = True
26.4402 	EXP 	image: autoDraw = True
29.4746 	EXP 	New trial (rep=0, index=7): OrderedDict([('current_image', 'images/11_28 copy 6.jpg'), ('is_repeat', 0), ('trial_index', 7), ('is_blank_trial', 0), ('is_new_run', 0), ('run_num', 0), ('all_blanks_list', [9, 19, 29, 39, 49, 59, 68, 69, 70, 71])])
29.4897 	EXP 	image: autoDraw = False
29.4897 	EXP 	polygon: autoDraw = False
29.4897 	EXP 	image: autoDraw = False
29.4897 	EXP 	polygon: autoDraw = False
29.4897 	EXP 	polygon_2: autoDraw = False
29.4897 	EXP 	text_5: autoDraw = False
29.4897 	EXP 	text_4: autoDraw = False
29.4897 	EXP 	image: image = 'images/11_28 copy 6.jpg'
29.4897 	EXP 	polygon: autoDraw = True
30.4901 	EXP 	image: autoDraw = True
33.4745 	EXP 	New trial (rep=0, index=8): OrderedDict([('current_image', 'images/8_12 copy 6.jpg'), ('is_repeat', 0), ('trial_index', 8), ('is_blank_trial', 0), ('is_new_run', 0), ('run_num', 0), ('all_blanks_list', [9, 19, 29, 39, 49, 59, 68, 69, 70, 71])])
33.4895 	EXP 	image: autoDraw = False
33.4895 	EXP 	polygon: autoDraw = False
33.4895 	EXP 	image: autoDraw = False
33.4895 	EXP 	polygon: autoDraw = False
33.4895 	EXP 	polygon_2: autoDraw = False
33.4895 	EXP 	text_5: autoDraw = False
33.4895 	EXP 	text_4: autoDraw = False
33.4895 	EXP 	image: image = 'images/8_12 copy 6.jpg'
33.4895 	EXP 	polygon: autoDraw = True
34.4900 	EXP 	image: autoDraw = True
37.4746 	EXP 	New trial (rep=0, index=9): OrderedDict([('current_image', 'blank.jpg'), ('is_repeat', 0), ('trial_index', 9), ('is_blank_trial', 1), ('is_new_run', 0), ('run_num', 0), ('all_blanks_list', [9, 19, 29, 39, 49, 59, 68, 69, 70, 71])])
37.4752 	ERROR 	Couldn't find image blank.jpg; check path? (tried: /Users/rosskempner/Desktop/Documents/Research/compmem/real_time_mindEye2/psychopy_task/blank.jpg)
37.4842 	EXP 	window1: mouseVisible = True
