8.9077 	EXP 	Created window1 = Window(allowGUI=True, allowStencil=False, autoLog=True, backendConf=UNKNOWN, backgroundFit=<method-wrapper '__getattribute__' of attributeSetter object at 0x7fc498c37130>, backgroundImage=<method-wrapper '__getattribute__' of attributeSetter object at 0x7fc498c370d0>, bitsMode=UNKNOWN, blendMode='avg', bpc=(8, 8, 8), color=array([0, 0, 0]), colorSpace='rgb', depthBits=8, fullscr=<method-wrapper '__getattribute__' of attributeSetter object at 0x7fc498bd7fa0>, gamma=None, gammaErrorPolicy='raise', lms=UNKNOWN, monitor=<psychopy.monitors.calibTools.Monitor object at 0x7fc498cf8e80>, multiSample=False, name='window1', numSamples=2, pos=[448.0, 280.0], screen=0, size=array([3584, 2240]), stencilBits=0, stereo=False, title='PsychoPy', units='deg', useFBO=True, useRetina=True, viewOri=0.0, viewPos=None, viewScale=None, waitBlanking=True, winType='pyglet')
8.9078 	EXP 	window1: mouseVisible = True
8.9078 	EXP 	window1: backgroundImage = ''
8.9078 	EXP 	window1: backgroundFit = 'none'
8.9094 	EXP 	window1: Attempting to measure frame rate of screen (0) ...
8.9094 	EXP 	window1: recordFrameIntervals = False
9.0741 	EXP 	window1: recordFrameIntervals = True
9.1931 	DATA 	Mouse: Left button down, pos=(767,759)
9.2574 	EXP 	Screen (0) actual frame rate measured at 60.11Hz
9.2574 	EXP 	window1: recordFrameIntervals = False
9.2582 	EXP 	window1: mouseVisible = False
12.6042 	EXP 	replicate_nsd: status = STARTED
13.1802 	EXP 	window1: mouseVisible = True
13.2741 	EXP 	Created text_3 = TextStim(__class__=<class 'psychopy.visual.text.TextStim'>, alignHoriz=method-wrapper(...), alignText='center', alignVert=method-wrapper(...), anchorHoriz='center', anchorVert='center', antialias=True, autoDraw=False, autoLog=True, bold=False, color=array([1., 1., 1.]), colorSpace='rgb', contrast=1.0, depth=-1.0, draggable=False, flipHoriz=False, flipVert=False, font='Open Sans', fontFiles=[], height=10.0, italic=False, languageStyle='LTR', name='text_3', opacity=1.0, ori=0.0, pos=array([0., 0.]), rgb=UNKNOWN, text='waiting for scanner…', units='deg', win=Window(...), wrapWidth=15.0)
13.2743 	EXP 	window1: mouseVisible = True
13.2856 	EXP 	Created text = TextStim(__class__=<class 'psychopy.visual.text.TextStim'>, alignHoriz=method-wrapper(...), alignText='center', alignVert=method-wrapper(...), anchorHoriz='center', anchorVert='center', antialias=True, autoDraw=False, autoLog=True, bold=False, color=array([1., 1., 1.]), colorSpace='rgb', contrast=1.0, depth=0.0, draggable=False, flipHoriz=False, flipVert=False, font='Open Sans', fontFiles=[], height=10.0, italic=False, languageStyle='LTR', name='text', opacity=1.0, ori=0.0, pos=array([0., 0.]), rgb=UNKNOWN, text='put instructions here. press spacebar.', units='deg', win=Window(...), wrapWidth=15.0)
13.8652 	EXP 	window1: mouseVisible = True
13.8916 	EXP 	Created image = ImageStim(__class__=<class 'psychopy.visual.image.ImageStim'>, anchor=('center', 'center'), autoLog=True, color=array([1., 1., 1.]), colorSpace='rgb', contrast=1.0, depth=0.0, draggable=False, flipHoriz=False, flipVert=False, image='default.png', interpolate=True, mask=None, maskParams=None, name='image', opacity=1.0, ori=0.0, pos=array([0., 0.]), size=array([8.4, 8.4]), texRes=128.0, units='deg', win=Window(...))
14.4747 	EXP 	window1: mouseVisible = True
14.4779 	EXP 	Created polygon = ShapeStim(__class__=<class 'psychopy.visual.shape.ShapeStim'>, anchor=('center', 'center'), autoDraw=False, autoLog=True, closeShape=True, color=method-wrapper(...), colorSpace='rgb', contrast=None, depth=-3.0, draggable=False, fillColor=array([ 1., -1., -1.]), fillColorSpace='rgb', fillRGB=array([ 1., -1., -1.]), interpolate=True, lineColor=array([-1., -1., -1.]), lineColorSpace='rgb', lineRGB=array([-1., -1., -1.]), lineWidth=3.0, name='polygon', opacity=0.3, ori=0.0, pos=array([0., 0.]), size=array([0.2, 0.2]), units='deg', vertices=ndarray(...), win=Window(...), windingRule=None)
15.0505 	EXP 	window1: mouseVisible = True
15.0540 	EXP 	Created polygon_2 = ShapeStim(__class__=<class 'psychopy.visual.shape.ShapeStim'>, anchor=('center', 'center'), autoDraw=False, autoLog=True, closeShape=True, color=method-wrapper(...), colorSpace='rgb', contrast=None, depth=-1.0, draggable=False, fillColor=array([ 1., -1., -1.]), fillColorSpace='rgb', fillRGB=array([ 1., -1., -1.]), interpolate=True, lineColor=array([-1., -1., -1.]), lineColorSpace='rgb', lineRGB=array([-1., -1., -1.]), lineWidth=3.0, name='polygon_2', opacity=0.3, ori=0.0, pos=array([0., 0.]), size=array([0.2, 0.2]), units='deg', vertices=ndarray(...), win=Window(...), windingRule=None)
15.0541 	EXP 	window1: mouseVisible = True
15.0614 	EXP 	Created text_2 = TextStim(__class__=<class 'psychopy.visual.text.TextStim'>, alignHoriz=method-wrapper(...), alignText='center', alignVert=method-wrapper(...), anchorHoriz='center', anchorVert='center', antialias=True, autoDraw=False, autoLog=True, bold=False, color=array([1., 1., 1.]), colorSpace='rgb', contrast=1.0, depth=-2.0, draggable=False, flipHoriz=False, flipVert=False, font='Open Sans', fontFiles=[], height=0.05, italic=False, languageStyle='LTR', name='text_2', opacity=1.0, ori=0.0, pos=array([0., 0.]), rgb=UNKNOWN, text='end of run. take a break.', units='deg', win=Window(...), wrapWidth=15.0)
0.0006 	DATA 	Mouse:  Left button up, pos=(767,759)
0.0405 	EXP 	text_3: autoDraw = True
0.9996 	DATA 	Mouse: Left button down, pos=(1015,523)
1.1495 	DATA 	Mouse:  Left button up, pos=(1015,523)
1.3506 	DATA 	Keypress: space
3.0659 	DATA 	Keypress: 5
3.0800 	EXP 	text_3: autoDraw = False
3.0800 	EXP 	text: autoDraw = True
3.8538 	EXP 	Imported conditions_files/participant8_.csv as conditions, 900 conditions, 6 params
3.8572 	EXP 	Created sequence: sequential, trialTypes=900, nReps=1, seed=None
3.8573 	EXP 	New trial (rep=0, index=0): OrderedDict([('current_image', 'images/blank.jpg'), ('is_repeat', 0), ('trial_index', 0), ('is_blank_trial', 1), ('is_new_run', 0), ('run_num', 0)])
3.8807 	DATA 	Keypress: space
3.9070 	EXP 	text: autoDraw = False
3.9070 	EXP 	image: image = 'images/blank.jpg'
3.9070 	EXP 	image: autoDraw = False
3.9070 	EXP 	polygon: autoDraw = False
3.9070 	EXP 	polygon_2: autoDraw = True
7.8485 	EXP 	New trial (rep=0, index=1): OrderedDict([('current_image', 'images/blank.jpg'), ('is_repeat', 0), ('trial_index', 1), ('is_blank_trial', 1), ('is_new_run', 0), ('run_num', 0)])
7.8637 	EXP 	polygon_2: autoDraw = False
7.8637 	EXP 	text_2: autoDraw = False
7.8637 	EXP 	image: image = 'images/blank.jpg'
7.8637 	EXP 	image: autoDraw = False
7.8637 	EXP 	polygon: autoDraw = False
7.8637 	EXP 	polygon_2: autoDraw = True
11.8478 	EXP 	New trial (rep=0, index=2): OrderedDict([('current_image', 'images/blank.jpg'), ('is_repeat', 0), ('trial_index', 2), ('is_blank_trial', 1), ('is_new_run', 0), ('run_num', 0)])
11.8637 	EXP 	polygon_2: autoDraw = False
11.8637 	EXP 	polygon_2: autoDraw = False
11.8637 	EXP 	text_2: autoDraw = False
11.8637 	EXP 	image: image = 'images/blank.jpg'
11.8637 	EXP 	image: autoDraw = False
11.8637 	EXP 	polygon: autoDraw = False
11.8637 	EXP 	polygon_2: autoDraw = True
15.8476 	EXP 	New trial (rep=0, index=3): OrderedDict([('current_image', 'images/18_0 copy.jpg'), ('is_repeat', 0), ('trial_index', 3), ('is_blank_trial', 0), ('is_new_run', 0), ('run_num', 0)])
15.8631 	EXP 	polygon_2: autoDraw = False
15.8631 	EXP 	polygon_2: autoDraw = False
15.8631 	EXP 	text_2: autoDraw = False
15.8631 	EXP 	image: image = 'images/18_0 copy.jpg'
15.8631 	EXP 	polygon: autoDraw = True
16.8632 	EXP 	image: autoDraw = True
19.8478 	EXP 	New trial (rep=0, index=4): OrderedDict([('current_image', 'images/24_0 copy 5.jpg'), ('is_repeat', 0), ('trial_index', 4), ('is_blank_trial', 0), ('is_new_run', 0), ('run_num', 0)])
19.8639 	EXP 	image: autoDraw = False
19.8639 	EXP 	polygon: autoDraw = False
19.8639 	EXP 	image: autoDraw = False
19.8639 	EXP 	polygon: autoDraw = False
19.8639 	EXP 	polygon_2: autoDraw = False
19.8639 	EXP 	text_2: autoDraw = False
19.8639 	EXP 	image: image = 'images/24_0 copy 5.jpg'
19.8639 	EXP 	polygon: autoDraw = True
20.8637 	EXP 	image: autoDraw = True
23.8473 	EXP 	New trial (rep=0, index=5): OrderedDict([('current_image', 'images/14_28 copy 6.jpg'), ('is_repeat', 0), ('trial_index', 5), ('is_blank_trial', 0), ('is_new_run', 0), ('run_num', 0)])
23.8633 	EXP 	image: autoDraw = False
23.8633 	EXP 	polygon: autoDraw = False
23.8633 	EXP 	image: autoDraw = False
23.8633 	EXP 	polygon: autoDraw = False
23.8633 	EXP 	polygon_2: autoDraw = False
23.8633 	EXP 	text_2: autoDraw = False
23.8633 	EXP 	image: image = 'images/14_28 copy 6.jpg'
23.8633 	EXP 	polygon: autoDraw = True
24.8634 	EXP 	image: autoDraw = True
27.8480 	EXP 	New trial (rep=0, index=6): OrderedDict([('current_image', 'images/21_28.jpg'), ('is_repeat', 0), ('trial_index', 6), ('is_blank_trial', 0), ('is_new_run', 0), ('run_num', 0)])
27.8633 	EXP 	image: autoDraw = False
27.8633 	EXP 	polygon: autoDraw = False
27.8633 	EXP 	image: autoDraw = False
27.8633 	EXP 	polygon: autoDraw = False
27.8633 	EXP 	polygon_2: autoDraw = False
27.8633 	EXP 	text_2: autoDraw = False
27.8633 	EXP 	image: image = 'images/21_28.jpg'
27.8633 	EXP 	polygon: autoDraw = True
28.8639 	EXP 	image: autoDraw = True
31.8477 	EXP 	New trial (rep=0, index=7): OrderedDict([('current_image', 'images/16_12.jpg'), ('is_repeat', 0), ('trial_index', 7), ('is_blank_trial', 0), ('is_new_run', 0), ('run_num', 0)])
31.8639 	EXP 	image: autoDraw = False
31.8639 	EXP 	polygon: autoDraw = False
31.8639 	EXP 	image: autoDraw = False
31.8639 	EXP 	polygon: autoDraw = False
31.8639 	EXP 	polygon_2: autoDraw = False
31.8639 	EXP 	text_2: autoDraw = False
31.8639 	EXP 	image: image = 'images/16_12.jpg'
31.8639 	EXP 	polygon: autoDraw = True
32.8628 	EXP 	image: autoDraw = True
35.8480 	EXP 	New trial (rep=0, index=8): OrderedDict([('current_image', 'images/5_40 copy 5.jpg'), ('is_repeat', 0), ('trial_index', 8), ('is_blank_trial', 0), ('is_new_run', 0), ('run_num', 0)])
35.8633 	EXP 	image: autoDraw = False
35.8633 	EXP 	polygon: autoDraw = False
35.8633 	EXP 	image: autoDraw = False
35.8633 	EXP 	polygon: autoDraw = False
35.8633 	EXP 	polygon_2: autoDraw = False
35.8633 	EXP 	text_2: autoDraw = False
35.8633 	EXP 	image: image = 'images/5_40 copy 5.jpg'
35.8633 	EXP 	polygon: autoDraw = True
36.8635 	EXP 	image: autoDraw = True
39.9158 	EXP 	New trial (rep=0, index=9): OrderedDict([('current_image', 'images/20_40 copy.jpg'), ('is_repeat', 0), ('trial_index', 9), ('is_blank_trial', 0), ('is_new_run', 0), ('run_num', 0)])
39.9296 	EXP 	image: autoDraw = False
39.9296 	EXP 	polygon: autoDraw = False
39.9296 	EXP 	image: autoDraw = False
39.9296 	EXP 	polygon: autoDraw = False
39.9296 	EXP 	polygon_2: autoDraw = False
39.9296 	EXP 	text_2: autoDraw = False
39.9296 	EXP 	image: image = 'images/20_40 copy.jpg'
39.9296 	EXP 	polygon: autoDraw = True
40.9302 	EXP 	image: autoDraw = True
43.9147 	EXP 	New trial (rep=0, index=10): OrderedDict([('current_image', 'images/blank.jpg'), ('is_repeat', 0), ('trial_index', 10), ('is_blank_trial', 1), ('is_new_run', 0), ('run_num', 0)])
43.9303 	EXP 	image: autoDraw = False
43.9303 	EXP 	polygon: autoDraw = False
43.9303 	EXP 	image: autoDraw = False
43.9303 	EXP 	polygon: autoDraw = False
43.9303 	EXP 	polygon_2: autoDraw = False
43.9303 	EXP 	text_2: autoDraw = False
43.9303 	EXP 	image: image = 'images/blank.jpg'
43.9303 	EXP 	image: autoDraw = False
43.9303 	EXP 	polygon: autoDraw = False
43.9303 	EXP 	polygon_2: autoDraw = True
47.9147 	EXP 	New trial (rep=0, index=11): OrderedDict([('current_image', 'images/15_40 copy 5.jpg'), ('is_repeat', 0), ('trial_index', 11), ('is_blank_trial', 0), ('is_new_run', 0), ('run_num', 0)])
47.9301 	EXP 	polygon_2: autoDraw = False
47.9301 	EXP 	polygon_2: autoDraw = False
47.9301 	EXP 	text_2: autoDraw = False
47.9301 	EXP 	image: image = 'images/15_40 copy 5.jpg'
47.9301 	EXP 	polygon: autoDraw = True
48.9302 	EXP 	image: autoDraw = True
51.9148 	EXP 	New trial (rep=0, index=12): OrderedDict([('current_image', 'images/14_28 copy 3.jpg'), ('is_repeat', 0), ('trial_index', 12), ('is_blank_trial', 0), ('is_new_run', 0), ('run_num', 0)])
51.9301 	EXP 	image: autoDraw = False
51.9301 	EXP 	polygon: autoDraw = False
51.9301 	EXP 	image: autoDraw = False
51.9301 	EXP 	polygon: autoDraw = False
51.9301 	EXP 	polygon_2: autoDraw = False
51.9301 	EXP 	text_2: autoDraw = False
51.9301 	EXP 	image: image = 'images/14_28 copy 3.jpg'
51.9301 	EXP 	polygon: autoDraw = True
52.9303 	EXP 	image: autoDraw = True
55.9147 	EXP 	New trial (rep=0, index=13): OrderedDict([('current_image', 'images/12_0 copy 2.jpg'), ('is_repeat', 0), ('trial_index', 13), ('is_blank_trial', 0), ('is_new_run', 0), ('run_num', 0)])
55.9300 	EXP 	image: autoDraw = False
55.9300 	EXP 	polygon: autoDraw = False
55.9300 	EXP 	image: autoDraw = False
55.9300 	EXP 	polygon: autoDraw = False
55.9300 	EXP 	polygon_2: autoDraw = False
55.9300 	EXP 	text_2: autoDraw = False
55.9300 	EXP 	image: image = 'images/12_0 copy 2.jpg'
55.9300 	EXP 	polygon: autoDraw = True
56.9303 	EXP 	image: autoDraw = True
59.9144 	EXP 	New trial (rep=0, index=14): OrderedDict([('current_image', 'images/pair04 copy.jpg'), ('is_repeat', 0), ('trial_index', 14), ('is_blank_trial', 0), ('is_new_run', 0), ('run_num', 0)])
59.9312 	EXP 	image: autoDraw = False
59.9312 	EXP 	polygon: autoDraw = False
59.9312 	EXP 	image: autoDraw = False
59.9312 	EXP 	polygon: autoDraw = False
59.9312 	EXP 	polygon_2: autoDraw = False
59.9312 	EXP 	text_2: autoDraw = False
59.9312 	EXP 	image: image = 'images/pair04 copy.jpg'
59.9312 	EXP 	polygon: autoDraw = True
60.9303 	EXP 	image: autoDraw = True
63.9144 	EXP 	New trial (rep=0, index=15): OrderedDict([('current_image', 'images/9_40 copy.jpg'), ('is_repeat', 0), ('trial_index', 15), ('is_blank_trial', 0), ('is_new_run', 0), ('run_num', 0)])
63.9302 	EXP 	image: autoDraw = False
63.9302 	EXP 	polygon: autoDraw = False
63.9302 	EXP 	image: autoDraw = False
63.9302 	EXP 	polygon: autoDraw = False
63.9302 	EXP 	polygon_2: autoDraw = False
63.9302 	EXP 	text_2: autoDraw = False
63.9302 	EXP 	image: image = 'images/9_40 copy.jpg'
63.9302 	EXP 	polygon: autoDraw = True
64.9306 	EXP 	image: autoDraw = True
67.9147 	EXP 	New trial (rep=0, index=16): OrderedDict([('current_image', 'images/5_0 copy 3.jpg'), ('is_repeat', 0), ('trial_index', 16), ('is_blank_trial', 0), ('is_new_run', 0), ('run_num', 0)])
67.9300 	EXP 	image: autoDraw = False
67.9300 	EXP 	polygon: autoDraw = False
67.9300 	EXP 	image: autoDraw = False
67.9300 	EXP 	polygon: autoDraw = False
67.9300 	EXP 	polygon_2: autoDraw = False
67.9300 	EXP 	text_2: autoDraw = False
67.9300 	EXP 	image: image = 'images/5_0 copy 3.jpg'
67.9300 	EXP 	polygon: autoDraw = True
68.9303 	EXP 	image: autoDraw = True
71.9148 	EXP 	New trial (rep=0, index=17): OrderedDict([('current_image', 'images/9_0 copy 7.jpg'), ('is_repeat', 0), ('trial_index', 17), ('is_blank_trial', 0), ('is_new_run', 0), ('run_num', 0)])
71.9300 	EXP 	image: autoDraw = False
71.9300 	EXP 	polygon: autoDraw = False
71.9300 	EXP 	image: autoDraw = False
71.9300 	EXP 	polygon: autoDraw = False
71.9300 	EXP 	polygon_2: autoDraw = False
71.9300 	EXP 	text_2: autoDraw = False
71.9300 	EXP 	image: image = 'images/9_0 copy 7.jpg'
71.9300 	EXP 	polygon: autoDraw = True
72.9302 	EXP 	image: autoDraw = True
75.9144 	EXP 	New trial (rep=0, index=18): OrderedDict([('current_image', 'images/10_0 copy.jpg'), ('is_repeat', 0), ('trial_index', 18), ('is_blank_trial', 0), ('is_new_run', 0), ('run_num', 0)])
75.9300 	EXP 	image: autoDraw = False
75.9300 	EXP 	polygon: autoDraw = False
75.9300 	EXP 	image: autoDraw = False
75.9300 	EXP 	polygon: autoDraw = False
75.9300 	EXP 	polygon_2: autoDraw = False
75.9300 	EXP 	text_2: autoDraw = False
75.9300 	EXP 	image: image = 'images/10_0 copy.jpg'
75.9300 	EXP 	polygon: autoDraw = True
76.9302 	EXP 	image: autoDraw = True
79.1335 	DATA 	Keypress: escape
79.2302 	EXP 	replicate_nsd: status = STOPPED
79.2490 	EXP 	image: autoDraw = False
79.2490 	EXP 	polygon: autoDraw = False
79.2491 	EXP 	replicate_nsd: status = STOPPED
79.8359 	EXP 	window1: mouseVisible = True
